@timestamp,@message
1593392936877,"SIM_TRACE_LOG:0,1,3.0500,0.6833,0.0303,-10.00,1.33,6,28.7277,False,True,0.7922,0,17.67,1593392936.2712965,in_progress"
1593392936877,"SIM_TRACE_LOG:0,2,3.0505,0.6840,0.1107,-10.00,1.33,6,14.9164,False,True,0.7952,0,17.67,1593392936.3251605,in_progress"
1593392936877,"SIM_TRACE_LOG:0,3,3.0520,0.6851,0.4606,-20.00,1.33,3,10.3783,False,True,0.8039,0,17.67,1593392936.3879607,in_progress"
1593392936877,"SIM_TRACE_LOG:0,4,3.0558,0.6874,1.1232,-10.00,1.33,6,8.2195,False,True,0.8251,0,17.67,1593392936.4551125,in_progress"
1593392936877,"SIM_TRACE_LOG:0,5,3.0645,0.6918,2.5516,-10.00,1.33,6,7.1201,False,True,0.8743,0,17.67,1593392936.5209908,in_progress"
1593392936877,"SIM_TRACE_LOG:0,6,3.0765,0.6966,4.1576,-10.00,1.33,6,6.4976,False,True,0.9424,0,17.67,1593392936.5899825,in_progress"
1593392936877,"SIM_TRACE_LOG:0,7,3.0985,0.7052,6.7414,-20.00,1.33,3,6.3345,False,True,1.0669,0,17.67,1593392936.6565354,in_progress"
1593392936877,"SIM_TRACE_LOG:0,8,3.1236,0.7145,9.0519,0.00,1.33,9,6.2878,False,True,1.2086,1,17.67,1593392936.725056,in_progress"
1593392936877,"SIM_TRACE_LOG:0,9,3.1681,0.7310,12.2543,0.00,1.33,9,6.6813,False,True,1.4609,1,17.67,1593392936.792646,in_progress"
1593392936877,"SIM_TRACE_LOG:0,10,3.2126,0.7484,14.8488,-10.00,1.33,6,6.9930,False,True,1.7123,1,17.67,1593392936.856203,in_progress"
1593392937907,"SIM_TRACE_LOG:0,11,3.2689,0.7718,17.5724,-20.00,1.33,3,7.4621,False,True,2.0309,1,17.67,1593392936.92377,in_progress"
1593392937907,"SIM_TRACE_LOG:0,12,3.3326,0.7995,19.8679,-20.00,1.33,3,7.9750,False,True,2.3914,1,17.67,1593392936.9930441,in_progress"
1593392937907,"SIM_TRACE_LOG:0,13,3.4043,0.8326,21.9642,-30.00,1.33,0,8.5318,False,True,2.7975,2,17.67,1593392937.060015,in_progress"
1593392937907,"SIM_TRACE_LOG:0,14,3.4886,0.8733,23.8058,-30.00,1.33,0,9.1870,False,True,3.2748,2,17.67,1593392937.1266332,in_progress"
1593392937907,"SIM_TRACE_LOG:0,15,3.5818,0.9191,24.9913,-30.00,1.33,0,-43.3554,False,False,3.8019,3,17.67,1593392937.1954303,in_progress"
1593392937907,"SIM_TRACE_LOG:0,16,3.6639,0.9588,25.3570,-30.00,1.33,0,-45.6662,False,False,4.2666,3,17.67,1593392937.2573774,in_progress"
1593392937907,"SIM_TRACE_LOG:0,17,3.7450,0.9976,25.4009,-30.00,1.33,0,-47.6470,False,False,4.7257,3,17.67,1593392937.3286982,in_progress"
1593392937907,"SIM_TRACE_LOG:0,18,3.8239,1.0345,25.2052,0.00,1.33,9,-49.2887,False,False,5.1725,3,17.67,1593392937.3948753,in_progress"
1593392937907,"SIM_TRACE_LOG:0,19,3.9085,1.0716,24.4168,0.00,1.33,9,-51.0490,False,False,5.6510,3,17.67,1593392937.4583757,in_progress"
1593392937907,"SIM_TRACE_LOG:0,20,3.9957,1.1087,23.7002,0.00,1.33,9,-52.7670,True,False,6.1448,4,17.67,1593392937.527174,off_track"
1593392938945,"SIM_TRACE_LOG:1,1,3.9336,0.6835,0.0069,10.00,4.00,14,28.7309,False,True,0.7923,4,17.67,1593392938.1924927,in_progress"
1593392938945,"SIM_TRACE_LOG:1,2,3.9409,0.6835,0.1407,-10.00,1.33,6,15.5852,False,True,0.8334,4,17.67,1593392938.259251,in_progress"
1593392938945,"SIM_TRACE_LOG:1,3,3.9597,0.6834,0.1753,-10.00,1.33,6,11.9680,False,True,0.9401,4,17.67,1593392938.330736,in_progress"
1593392938945,"SIM_TRACE_LOG:1,4,4.0025,0.6828,-0.0753,-10.00,1.33,6,11.3425,False,True,1.1820,4,17.67,1593392938.3936636,in_progress"
1593392938945,"SIM_TRACE_LOG:1,5,4.0340,0.6821,-0.2967,-10.00,1.33,6,10.5218,False,True,1.3603,4,17.67,1593392938.458864,in_progress"
1593392938945,"SIM_TRACE_LOG:1,6,4.1067,0.6803,-0.7480,-10.00,1.33,6,11.3372,False,True,1.7721,4,17.67,1593392938.529196,in_progress"
1593392938945,"SIM_TRACE_LOG:1,7,4.1753,0.6774,-1.3468,-10.00,1.33,6,11.7997,False,True,2.1599,4,17.67,1593392938.5945442,in_progress"
1593392938945,"SIM_TRACE_LOG:1,8,4.2731,0.6716,-2.3981,-10.00,1.33,6,12.8708,False,True,2.7133,4,17.67,1593392938.6584358,in_progress"
1593392938945,"SIM_TRACE_LOG:1,9,4.3600,0.6644,-3.4706,10.00,1.33,12,13.4638,False,True,3.2050,5,17.67,1593392938.7314565,in_progress"
1593392938945,"SIM_TRACE_LOG:1,10,4.4591,0.6554,-4.3136,10.00,1.33,12,14.1813,False,True,3.7661,5,17.67,1593392938.793074,in_progress"
1593392938945,"SIM_TRACE_LOG:1,11,4.5346,0.6484,-4.7033,10.00,1.33,12,14.3416,False,True,4.1931,6,17.67,1593392938.860993,in_progress"
1593392938945,"SIM_TRACE_LOG:1,12,4.6449,0.6381,-5.0558,10.00,1.33,12,15.0503,False,True,4.8172,6,17.67,1593392938.9342158,in_progress"
1593392940012,"SIM_TRACE_LOG:1,13,4.7481,0.6279,-5.3329,10.00,1.33,12,15.5426,False,True,5.4015,6,17.67,1593392938.9967651,in_progress"
1593392940012,"SIM_TRACE_LOG:1,14,4.8374,0.6189,-5.5016,10.00,1.33,12,15.7670,False,True,5.9068,6,17.67,1593392939.059759,in_progress"
1593392940012,"SIM_TRACE_LOG:1,15,4.9198,0.6108,-5.5136,10.00,1.33,12,15.8695,False,True,6.3726,6,17.67,1593392939.1310678,in_progress"
1593392940012,"SIM_TRACE_LOG:1,16,5.0021,0.6036,-5.2873,0.00,1.33,9,15.9589,False,True,6.8384,7,17.67,1593392939.196935,in_progress"
1593392940012,"SIM_TRACE_LOG:1,17,5.0913,0.5957,-5.1462,0.00,1.33,9,16.1190,False,True,7.3435,7,17.67,1593392939.2640023,in_progress"
1593392940012,"SIM_TRACE_LOG:1,18,5.1917,0.5870,-5.0294,0.00,1.33,9,16.3839,False,True,7.9117,7,17.67,1593392939.3320267,in_progress"
1593392940012,"SIM_TRACE_LOG:1,19,5.2796,0.5793,-4.9866,10.00,1.33,12,16.4902,False,True,8.4090,7,17.67,1593392939.398552,in_progress"
1593392940012,"SIM_TRACE_LOG:1,20,5.3620,0.5734,-4.6229,10.00,1.33,12,16.5319,False,True,8.8754,7,17.67,1593392939.4625812,in_progress"
1593392940012,"SIM_TRACE_LOG:1,21,5.4626,0.5683,-3.7875,10.00,1.33,12,16.7408,False,True,9.4445,8,17.67,1593392939.5311267,in_progress"
1593392940012,"SIM_TRACE_LOG:1,22,5.5659,0.5657,-2.6744,10.00,1.33,12,16.9554,False,True,10.0291,8,17.67,1593392939.597559,in_progress"
1593392940012,"SIM_TRACE_LOG:1,23,5.6636,0.5659,-1.4289,10.00,1.33,12,17.1030,False,True,10.5819,9,17.67,1593392939.6632001,in_progress"
1593392940012,"SIM_TRACE_LOG:1,24,5.7487,0.5685,-0.1933,10.00,1.33,12,17.1342,False,True,11.0635,9,17.67,1593392939.7317586,in_progress"
1593392940012,"SIM_TRACE_LOG:1,25,5.8432,0.5740,1.3819,0.00,1.33,9,17.2241,False,True,11.5887,9,17.67,1593392939.8026617,in_progress"
1593392940012,"SIM_TRACE_LOG:1,26,5.9407,0.5800,2.4087,0.00,1.33,9,17.3430,False,True,12.1405,9,17.67,1593392939.8677037,in_progress"
1593392940012,"SIM_TRACE_LOG:1,27,6.0369,0.5861,2.9954,10.00,1.33,12,17.4447,False,True,12.6859,10,17.67,1593392939.9358552,in_progress"
1593392940012,"SIM_TRACE_LOG:1,28,6.1370,0.5958,4.2650,10.00,1.33,12,17.5658,False,True,13.2527,10,17.67,1593392940.0013304,in_progress"
1593392942729,"SIM_TRACE_LOG:1,29,6.2116,0.6053,5.5098,10.00,1.33,12,17.5052,False,True,13.6757,10,17.67,1593392940.068945,in_progress"
1593392942729,"SIM_TRACE_LOG:1,30,6.2899,0.6173,6.8899,10.00,1.33,12,17.4730,False,True,14.1197,10,17.67,1593392940.1335511,in_progress"
1593392942729,"SIM_TRACE_LOG:1,31,6.3962,0.6370,8.8992,10.00,4.00,14,17.5824,False,True,14.6873,11,17.67,1593392940.2011147,in_progress"
1593392942729,"SIM_TRACE_LOG:1,32,6.4861,0.6573,10.8069,30.00,1.33,18,17.6147,False,True,15.1906,11,17.67,1593392940.268695,in_progress"
1593392942729,"SIM_TRACE_LOG:1,33,6.5961,0.6926,14.6392,30.00,1.33,18,17.7295,False,True,15.7735,12,17.67,1593392940.3336015,in_progress"
1593392942729,"SIM_TRACE_LOG:1,34,6.6702,0.7236,18.2073,20.00,1.33,15,17.7055,False,True,16.2282,13,17.67,1593392940.4021833,in_progress"
1593392942729,"SIM_TRACE_LOG:1,35,6.7434,0.7601,21.9097,20.00,1.33,15,17.6400,False,True,16.6400,13,17.67,1593392940.471222,in_progress"
1593392942729,"SIM_TRACE_LOG:1,36,6.8514,0.8256,27.5833,20.00,1.33,15,17.8725,False,True,17.3546,14,17.67,1593392940.5353065,in_progress"
1593392942729,"SIM_TRACE_LOG:1,37,6.9094,0.8678,30.9624,20.00,1.33,15,17.7656,False,True,17.7237,14,17.67,1593392940.602476,in_progress"
1593392942729,"SIM_TRACE_LOG:1,38,6.9906,0.9366,35.9014,20.00,1.33,15,17.8788,False,True,18.3255,15,17.67,1593392940.6694565,in_progress"
1593392942729,"SIM_TRACE_LOG:1,39,7.0594,1.0061,40.5300,20.00,1.33,15,17.8775,False,True,18.8063,15,17.67,1593392940.7351654,in_progress"
1593392942729,"SIM_TRACE_LOG:1,40,7.1259,1.0858,45.5362,20.00,1.33,15,17.9686,False,True,19.3927,16,17.67,1593392940.8046162,in_progress"
1593392942729,"SIM_TRACE_LOG:1,41,7.1731,1.1529,49.5817,20.00,1.33,15,17.9110,False,True,19.8101,16,17.67,1593392940.8699362,in_progress"
1593392942729,"SIM_TRACE_LOG:1,42,7.2110,1.2156,53.2545,20.00,1.33,15,17.8535,False,True,20.2242,17,17.67,1593392940.9386168,in_progress"
1593392942729,"SIM_TRACE_LOG:1,43,7.2641,1.3226,59.3205,20.00,1.33,15,17.9210,False,True,20.7887,17,17.67,1593392941.007596,in_progress"
1593392942729,"SIM_TRACE_LOG:1,44,7.3045,1.4315,65.2877,20.00,1.33,15,18.0548,False,True,21.4404,17,17.67,1593392941.073875,in_progress"
1593392942729,"SIM_TRACE_LOG:1,45,7.3252,1.5074,69.3816,20.00,1.33,15,18.0217,False,True,21.8850,18,17.67,1593392941.1390526,in_progress"
1593392942729,"SIM_TRACE_LOG:1,46,7.3401,1.5828,73.3853,20.00,1.33,15,17.9828,False,True,22.3203,18,17.67,1593392941.2048738,in_progress"
1593392942729,"SIM_TRACE_LOG:1,47,7.3512,1.6744,78.1867,10.00,1.33,12,18.0080,False,True,22.8393,18,17.67,1593392941.272331,in_progress"
1593392942729,"SIM_TRACE_LOG:1,48,7.3537,1.7933,84.4660,10.00,1.33,12,18.0260,False,True,23.3499,18,17.67,1593392941.340282,in_progress"
1593392942729,"SIM_TRACE_LOG:1,49,7.3476,1.8826,88.9902,20.00,2.67,16,18.0039,False,True,23.8055,20,17.67,1593392941.404606,in_progress"
1593392942729,"SIM_TRACE_LOG:1,50,7.3324,1.9863,94.1457,20.00,1.33,15,18.0344,False,True,24.3349,20,17.67,1593392941.4731014,in_progress"
1593392942729,"SIM_TRACE_LOG:1,51,7.3066,2.0809,100.8421,20.00,2.67,16,18.0798,False,True,24.8876,20,17.67,1593392941.54119,in_progress"
1593392942729,"SIM_TRACE_LOG:1,52,7.2642,2.1838,107.5103,20.00,1.33,15,18.1747,False,True,25.5167,21,17.67,1593392941.6103327,in_progress"
1593392942729,"SIM_TRACE_LOG:1,53,7.2120,2.2766,115.7209,20.00,1.33,15,18.2435,False,True,26.1115,21,17.67,1593392941.6744528,in_progress"
1593392942729,"SIM_TRACE_LOG:1,54,7.1675,2.3379,120.5386,10.00,1.33,12,18.1458,False,True,26.4535,21,17.67,1593392941.740815,in_progress"
1593392942729,"SIM_TRACE_LOG:1,55,7.0944,2.4200,126.7701,30.00,1.33,18,18.1918,False,True,27.0157,22,17.67,1593392941.8080895,in_progress"
1593392942729,"SIM_TRACE_LOG:1,56,7.0229,2.4856,132.1261,10.00,4.00,14,18.1798,False,True,27.4877,22,17.67,1593392941.874506,in_progress"
1593392942729,"SIM_TRACE_LOG:1,57,6.9528,2.5391,137.2314,10.00,4.00,14,18.1849,False,True,27.9868,22,17.67,1593392941.9419472,in_progress"
1593392942729,"SIM_TRACE_LOG:1,58,6.8510,2.5984,145.0776,10.00,1.33,12,18.2864,False,True,28.6461,23,17.67,1593392942.0189621,in_progress"
1593392942730,"SIM_TRACE_LOG:1,59,6.6765,2.6664,160.8165,10.00,1.33,12,18.6023,False,True,29.6724,23,17.67,1593392942.0916116,in_progress"
1593392942730,"SIM_TRACE_LOG:1,60,6.6146,2.6816,166.2932,20.00,1.33,15,18.5168,False,True,30.0288,24,17.67,1593392942.1640427,in_progress"
1593392942730,"SIM_TRACE_LOG:1,61,6.5385,2.6932,171.8430,0.00,1.33,9,18.4723,False,True,30.4517,24,17.67,1593392942.2233434,in_progress"
1593392942730,"SIM_TRACE_LOG:1,62,6.4237,2.6936,177.2364,-10.00,1.33,6,18.5852,False,True,31.1510,24,17.67,1593392942.301559,in_progress"
1593392942730,"SIM_TRACE_LOG:1,63,6.3467,2.6881,-179.9029,-10.00,1.33,6,18.5452,False,True,31.5813,24,17.67,1593392942.3932126,in_progress"
1593392942730,"SIM_TRACE_LOG:1,64,6.2348,2.6804,-177.8043,0.00,1.33,9,18.6131,False,True,32.2068,25,17.67,1593392942.4420717,in_progress"
1593392942730,"SIM_TRACE_LOG:1,65,6.1430,2.6723,-176.5711,0.00,1.33,9,18.6177,False,True,32.7185,25,17.67,1593392942.529805,in_progress"
1593392942730,"SIM_TRACE_LOG:1,66,6.0682,2.6644,-175.5083,0.00,1.33,9,18.6080,False,True,33.2037,25,17.67,1593392942.5834763,in_progress"
1593392942730,"SIM_TRACE_LOG:1,67,5.9488,2.6504,-174.2243,-10.00,2.67,7,18.6985,False,True,33.8799,26,17.67,1593392942.6482706,in_progress"
1593392942730,"SIM_TRACE_LOG:1,68,5.8180,2.6356,-173.8185,-10.00,2.67,7,18.8195,False,True,34.6208,27,17.67,1593392942.718733,in_progress"
1593392943790,"SIM_TRACE_LOG:1,69,5.7199,2.6263,-174.2238,-30.00,1.33,0,18.8431,False,True,35.1764,27,17.67,1593392942.7748613,in_progress"
1593392943790,"SIM_TRACE_LOG:1,70,5.6316,2.6229,-175.3617,-30.00,1.33,0,18.8381,False,True,35.6763,28,17.67,1593392942.8454158,in_progress"
1593392943790,"SIM_TRACE_LOG:1,71,5.5183,2.6255,-178.9140,-10.00,2.67,7,18.9028,False,True,36.3172,28,17.67,1593392942.910976,in_progress"
1593392943790,"SIM_TRACE_LOG:1,72,5.4483,2.6321,178.4809,0.00,1.33,9,18.8465,False,True,36.7128,28,17.67,1593392942.9773688,in_progress"
1593392943790,"SIM_TRACE_LOG:1,73,5.3060,2.6513,173.4975,0.00,1.33,9,18.9878,False,True,37.5173,29,17.67,1593392943.047434,in_progress"
1593392943790,"SIM_TRACE_LOG:1,74,5.2428,2.6624,171.9033,0.00,1.33,9,18.9136,False,True,37.8744,29,17.67,1593392943.111735,in_progress"
1593392943790,"SIM_TRACE_LOG:1,75,5.1336,2.6837,170.2381,0.00,1.33,9,18.9625,False,True,38.4910,29,17.67,1593392943.178751,in_progress"
1593392943790,"SIM_TRACE_LOG:1,76,5.0338,2.7049,169.1068,-10.00,1.33,6,18.9703,False,True,39.0213,30,17.67,1593392943.2451398,in_progress"
1593392943790,"SIM_TRACE_LOG:1,77,4.9351,2.7295,167.4074,0.00,1.33,9,18.9866,False,True,39.5705,32,17.67,1593392943.3099208,in_progress"
1593392943790,"SIM_TRACE_LOG:1,78,4.8365,2.7557,166.2620,-20.00,1.33,3,18.9974,False,True,40.1084,32,17.67,1593392943.3772557,in_progress"
1593392943790,"SIM_TRACE_LOG:1,79,4.7699,2.7758,165.0503,-30.00,1.33,0,18.9438,False,True,40.5018,32,17.67,1593392943.444424,in_progress"
1593392943790,"SIM_TRACE_LOG:1,80,4.6749,2.8117,161.9796,-30.00,1.33,0,18.9707,False,True,41.0759,33,17.67,1593392943.5079145,in_progress"
1593392943790,"SIM_TRACE_LOG:1,81,4.6000,2.8487,158.1985,-30.00,1.33,0,18.9510,False,True,41.5437,33,17.67,1593392943.572603,in_progress"
1593392943790,"SIM_TRACE_LOG:1,82,4.5179,2.9004,152.8531,-30.00,1.33,0,18.9395,False,True,42.0296,33,17.67,1593392943.6430469,in_progress"
1593392943790,"SIM_TRACE_LOG:1,83,4.4445,2.9600,146.8282,-20.00,1.33,3,18.9487,False,True,42.5640,33,17.67,1593392943.7084002,in_progress"
1593392943790,"SIM_TRACE_LOG:1,84,4.3916,3.0113,142.2852,0.00,1.33,9,18.9086,False,True,42.9807,33,17.67,1593392943.7758744,in_progress"
1593392944922,"SIM_TRACE_LOG:1,85,4.3312,3.0769,137.7151,0.00,1.33,9,18.9048,False,True,43.4831,34,17.67,1593392943.8447614,in_progress"
1593392944922,"SIM_TRACE_LOG:1,86,4.2732,3.1449,134.2556,-10.00,1.33,6,18.9003,False,True,43.9837,34,17.67,1593392943.908186,in_progress"
1593392944922,"SIM_TRACE_LOG:1,87,4.2178,3.2184,130.7323,-10.00,1.33,6,18.9024,False,True,44.5002,34,17.67,1593392943.9764714,in_progress"
1593392944922,"SIM_TRACE_LOG:1,88,4.1587,3.3091,126.4814,10.00,1.33,12,18.9411,False,True,45.1091,35,17.67,1593392944.0440814,in_progress"
1593392944922,"SIM_TRACE_LOG:1,89,4.1155,3.3792,124.3678,10.00,1.33,12,18.9212,False,True,45.5710,35,17.67,1593392944.1069326,in_progress"
1593392944922,"SIM_TRACE_LOG:1,90,4.0779,3.4395,123.4170,10.00,1.33,12,18.8772,False,True,45.9700,35,17.67,1593392944.177527,in_progress"
1593392944922,"SIM_TRACE_LOG:1,91,4.0178,3.5355,122.6763,10.00,1.33,12,18.9253,False,True,46.6057,36,17.67,1593392944.2441216,in_progress"
1593392944922,"SIM_TRACE_LOG:1,92,3.9663,3.6172,122.4788,10.00,1.33,12,18.9368,False,True,47.1483,36,17.67,1593392944.3113477,in_progress"
1593392944922,"SIM_TRACE_LOG:1,93,3.9328,3.6706,122.3189,0.00,1.33,9,18.8772,False,True,47.5023,37,17.67,1593392944.3749003,in_progress"
1593392944922,"SIM_TRACE_LOG:1,94,3.8693,3.7712,122.2898,10.00,1.33,12,18.9359,False,True,48.1706,37,17.67,1593392944.4438877,in_progress"
1593392944922,"SIM_TRACE_LOG:1,95,3.8222,3.8442,122.5458,10.00,2.67,13,18.9270,False,True,48.6591,37,17.67,1593392944.5094604,in_progress"
1593392944922,"SIM_TRACE_LOG:1,96,3.7736,3.9159,123.3194,10.00,1.33,12,18.9184,False,True,49.1475,38,17.67,1593392944.5754316,in_progress"
1593392944922,"SIM_TRACE_LOG:1,97,3.7012,4.0149,124.9594,10.00,2.67,13,18.9838,False,True,49.8407,38,17.67,1593392944.64449,in_progress"
1593392944922,"SIM_TRACE_LOG:1,98,3.6380,4.0940,126.9245,10.00,1.33,12,19.0049,False,True,50.4136,39,17.67,1593392944.7119708,in_progress"
1593392944922,"SIM_TRACE_LOG:1,99,3.5694,4.1727,129.1793,30.00,1.33,18,19.0189,False,True,50.9677,39,17.67,1593392944.7798107,in_progress"
1593392944922,"SIM_TRACE_LOG:1,100,3.4999,4.2423,132.2260,10.00,4.00,14,19.0333,False,True,51.5236,39,17.67,1593392944.8501232,in_progress"
1593392944922,"SIM_TRACE_LOG:1,101,3.4310,4.3027,135.4932,10.00,4.00,14,19.0335,False,True,52.0394,40,17.67,1593392944.9122975,in_progress"
1593392945954,"SIM_TRACE_LOG:1,102,3.3383,4.3708,140.3749,20.00,1.33,15,19.0759,False,True,52.6785,40,17.67,1593392944.9780548,in_progress"
1593392945954,"SIM_TRACE_LOG:1,103,3.2499,4.4239,145.4311,30.00,1.33,18,19.0630,False,True,53.1569,41,17.67,1593392945.0455112,in_progress"
1593392945954,"SIM_TRACE_LOG:1,104,3.1392,4.4752,152.8490,20.00,1.33,15,19.1129,False,True,53.8213,42,17.67,1593392945.1134312,in_progress"
1593392945954,"SIM_TRACE_LOG:1,105,3.0490,4.5044,157.6029,30.00,1.33,18,19.1041,False,True,54.3123,42,17.67,1593392945.1791737,in_progress"
1593392945954,"SIM_TRACE_LOG:1,106,2.9492,4.5271,162.6450,10.00,1.33,12,19.1065,False,True,54.8367,43,17.67,1593392945.2512114,in_progress"
1593392945954,"SIM_TRACE_LOG:1,107,2.8445,4.5408,167.9900,10.00,1.33,12,19.1326,False,True,55.4341,44,17.67,1593392945.3175974,in_progress"
1593392945954,"SIM_TRACE_LOG:1,108,2.7596,4.5443,172.4027,10.00,1.33,12,19.1192,False,True,55.9106,45,17.67,1593392945.3813214,in_progress"
1593392945954,"SIM_TRACE_LOG:1,109,2.6817,4.5414,176.5777,10.00,1.33,12,19.0945,False,True,56.3514,45,17.67,1593392945.4470124,in_progress"
1593392945954,"SIM_TRACE_LOG:1,110,2.5870,4.5309,-178.5582,-10.00,1.33,6,19.1007,False,True,56.8878,46,17.67,1593392945.5154512,in_progress"
1593392945954,"SIM_TRACE_LOG:1,111,2.4821,4.5140,-174.4391,-10.00,1.33,6,19.1241,False,True,57.4794,46,17.67,1593392945.583111,in_progress"
1593392945954,"SIM_TRACE_LOG:1,112,2.3752,4.4952,-172.0799,0.00,1.33,9,19.1523,False,True,58.0873,46,17.67,1593392945.6487021,in_progress"
1593392945954,"SIM_TRACE_LOG:1,113,2.2851,4.4766,-170.2850,0.00,1.33,9,19.1504,False,True,58.5998,47,17.67,1593392945.7138689,in_progress"
1593392945954,"SIM_TRACE_LOG:1,114,2.2051,4.4586,-169.0318,0.00,1.33,9,19.1310,False,True,59.0553,47,17.67,1593392945.7827826,in_progress"
1593392945954,"SIM_TRACE_LOG:1,115,2.1130,4.4367,-167.8769,0.00,1.33,9,19.1330,False,True,59.5798,48,17.67,1593392945.8506515,in_progress"
1593392945954,"SIM_TRACE_LOG:1,116,2.0294,4.4159,-167.0442,0.00,1.33,9,19.1204,False,True,60.0561,48,17.67,1593392945.9199054,in_progress"
1593392947185,"SIM_TRACE_LOG:1,117,1.9201,4.3876,-166.2164,0.00,1.33,9,19.1519,False,True,60.6791,48,17.67,1593392945.982929,in_progress"
1593392947185,"SIM_TRACE_LOG:1,118,1.8423,4.3671,-165.8075,0.00,1.33,9,19.1295,False,True,61.1222,49,17.67,1593392946.0491593,in_progress"
1593392947185,"SIM_TRACE_LOG:1,119,1.7415,4.3400,-165.3812,0.00,1.33,9,19.1741,False,True,61.7919,49,17.67,1593392946.1183176,in_progress"
1593392947185,"SIM_TRACE_LOG:1,120,1.6475,4.3142,-165.0725,0.00,1.33,9,19.1824,False,True,62.3398,49,17.67,1593392946.1838198,in_progress"
1593392947185,"SIM_TRACE_LOG:1,121,1.5661,4.2917,-164.8470,0.00,1.33,9,19.1696,False,True,62.8149,49,17.67,1593392946.2507858,in_progress"
1593392947185,"SIM_TRACE_LOG:1,122,1.4641,4.2631,-164.6456,30.00,1.33,18,19.1913,False,True,63.4095,50,17.67,1593392946.3174284,in_progress"
1593392947185,"SIM_TRACE_LOG:1,123,1.3756,4.2348,-163.5113,10.00,4.00,14,19.1911,False,True,63.9289,50,17.67,1593392946.3840332,in_progress"
1593392947185,"SIM_TRACE_LOG:1,124,1.2928,4.2055,-162.0907,30.00,1.33,18,19.1822,False,True,64.4170,50,17.67,1593392946.4492404,in_progress"
1593392947185,"SIM_TRACE_LOG:1,125,1.1898,4.1593,-158.4476,30.00,1.33,18,19.4655,False,True,65.9481,51,17.67,1593392946.5168667,in_progress"
1593392947185,"SIM_TRACE_LOG:1,126,1.1160,4.1181,-154.9676,20.00,1.33,15,19.4392,False,True,66.3812,51,17.67,1593392946.5829265,in_progress"
1593392947185,"SIM_TRACE_LOG:1,127,1.0363,4.0658,-151.0247,20.00,1.33,15,19.4328,False,True,66.8849,51,17.67,1593392946.6539354,in_progress"
1593392947185,"SIM_TRACE_LOG:1,128,0.9522,4.0004,-146.4466,20.00,1.33,15,19.4469,False,True,67.4630,52,17.67,1593392946.719441,in_progress"
1593392947185,"SIM_TRACE_LOG:1,129,0.8943,3.9480,-142.9098,20.00,1.33,15,19.4211,False,True,67.8950,52,17.67,1593392946.78605,in_progress"
1593392947185,"SIM_TRACE_LOG:1,130,0.8307,3.8808,-138.4440,20.00,1.33,15,19.4190,False,True,68.4134,52,17.67,1593392946.8563309,in_progress"
1593392947185,"SIM_TRACE_LOG:1,131,0.7597,3.7897,-132.5053,20.00,2.67,16,19.4826,False,True,69.1776,52,17.67,1593392946.918695,in_progress"
1593392947185,"SIM_TRACE_LOG:1,132,0.7111,3.7127,-127.4149,20.00,4.00,17,19.4636,False,True,69.6340,52,17.67,1593392946.984233,in_progress"
1593392947185,"SIM_TRACE_LOG:1,133,0.6648,3.6193,-121.1509,20.00,2.67,16,19.4691,False,True,70.1825,53,17.67,1593392947.0585911,in_progress"
1593392947185,"SIM_TRACE_LOG:1,134,0.6154,3.4704,-110.8629,20.00,2.67,16,19.5161,False,True,70.8903,53,17.67,1593392947.1197097,in_progress"
1593392948215,"SIM_TRACE_LOG:1,135,0.5906,3.3472,-102.4902,20.00,2.67,16,19.5484,False,True,71.5440,53,17.67,1593392947.1851563,in_progress"
1593392948215,"SIM_TRACE_LOG:1,136,0.5760,3.1857,-91.6926,30.00,1.33,18,19.6381,False,True,72.4224,53,17.67,1593392947.255128,in_progress"
1593392948215,"SIM_TRACE_LOG:1,137,0.5748,3.0381,-80.6038,0.00,1.33,9,19.7106,False,True,73.2387,54,17.67,1593392947.3187568,in_progress"
1593392948215,"SIM_TRACE_LOG:1,138,0.5797,2.9293,-72.3067,10.00,1.33,12,-92.6470,False,False,73.8473,54,17.67,1593392947.3872917,in_progress"
1593392948215,"SIM_TRACE_LOG:1,139,0.5933,2.8041,-63.9420,0.00,1.33,9,-92.8663,False,False,74.5567,54,17.67,1593392947.4541128,in_progress"
1593392948215,"SIM_TRACE_LOG:1,140,0.6081,2.7296,-60.5747,10.00,1.33,12,-92.7333,False,False,74.9866,54,17.67,1593392947.5240333,in_progress"
1593392948215,"SIM_TRACE_LOG:1,141,0.6486,2.6062,-57.9736,0.00,1.33,9,-92.9747,False,False,75.7168,55,17.67,1593392947.5929277,in_progress"
1593392948215,"SIM_TRACE_LOG:1,142,0.6858,2.5316,-57.6882,0.00,1.33,9,-92.8748,False,False,76.1727,56,17.67,1593392947.6598961,in_progress"
1593392948215,"SIM_TRACE_LOG:1,143,0.7469,2.4395,-56.8345,-30.00,4.00,2,19.7858,False,True,76.7534,56,17.67,1593392947.7271147,in_progress"
1593392948215,"SIM_TRACE_LOG:1,144,0.7991,2.3710,-54.8847,-10.00,1.33,6,19.7621,False,True,77.1926,57,17.67,1593392947.7976177,in_progress"
1593392948215,"SIM_TRACE_LOG:1,145,0.8683,2.2838,-52.7373,0.00,1.33,9,19.7686,False,True,77.7556,57,17.67,1593392947.8624108,in_progress"
1593392948215,"SIM_TRACE_LOG:1,146,0.9371,2.2026,-51.0867,-30.00,1.33,0,19.7667,False,True,78.2841,58,17.67,1593392947.929328,in_progress"
1593392948215,"SIM_TRACE_LOG:1,147,0.9744,2.1582,-50.7058,-30.00,1.33,0,19.7079,False,True,78.5733,58,17.67,1593392947.9934201,in_progress"
1593392948215,"SIM_TRACE_LOG:1,148,1.0493,2.0614,-51.6217,-20.00,1.33,3,19.7287,False,True,79.1955,58,17.67,1593392948.064734,in_progress"
1593392948215,"SIM_TRACE_LOG:1,149,1.1069,1.9794,-53.2818,-20.00,1.33,3,19.7252,False,True,79.7159,59,17.67,1593392948.1258495,in_progress"
1593392948215,"SIM_TRACE_LOG:1,150,1.1458,1.9188,-54.9083,-10.00,1.33,6,19.6892,False,True,80.0967,59,17.67,1593392948.1962452,in_progress"
1593392949296,"SIM_TRACE_LOG:1,151,1.2026,1.8237,-57.2662,-10.00,1.33,6,19.7027,False,True,80.6886,59,17.67,1593392948.2607038,in_progress"
1593392949296,"SIM_TRACE_LOG:1,152,1.2477,1.7416,-59.1981,10.00,1.33,12,19.6963,False,True,81.1953,60,17.67,1593392948.3256748,in_progress"
1593392949296,"SIM_TRACE_LOG:1,153,1.2936,1.6553,-60.6112,10.00,1.33,12,19.7064,False,True,81.7735,60,17.67,1593392948.3949788,in_progress"
1593392949296,"SIM_TRACE_LOG:1,154,1.3358,1.5768,-61.2102,10.00,1.33,12,19.6960,False,True,82.2625,60,17.67,1593392948.4597585,in_progress"
1593392949296,"SIM_TRACE_LOG:1,155,1.3732,1.5072,-61.4532,10.00,2.67,13,-92.3668,False,False,82.6963,60,17.67,1593392948.529084,in_progress"
1593392949296,"SIM_TRACE_LOG:1,156,1.4317,1.4009,-61.1676,0.00,1.33,9,-92.5133,False,False,83.3604,61,17.67,1593392948.5946615,in_progress"
1593392949296,"SIM_TRACE_LOG:1,157,1.4801,1.3143,-60.5426,0.00,1.33,9,-92.5223,False,False,83.9028,61,17.67,1593392948.6627448,in_progress"
1593392949296,"SIM_TRACE_LOG:1,158,1.5315,1.2240,-60.4331,10.00,4.00,14,-92.9888,False,False,84.8585,62,17.67,1593392948.729695,in_progress"
1593392949296,"SIM_TRACE_LOG:1,159,1.5825,1.1379,-59.8417,20.00,1.33,15,-93.5023,False,False,85.8621,65,17.67,1593392948.793936,in_progress"
1593392949296,"SIM_TRACE_LOG:1,160,1.6285,1.0714,-57.8086,20.00,2.67,16,-94.4636,False,False,87.2810,67,17.67,1593392948.860779,in_progress"
1593392949296,"SIM_TRACE_LOG:1,161,1.7055,0.9747,-53.7996,20.00,1.33,15,-94.4752,False,False,87.8372,67,17.67,1593392948.9258611,in_progress"
1593392949296,"SIM_TRACE_LOG:1,162,1.7654,0.9120,-49.7689,20.00,1.33,15,20.0670,False,True,88.2530,67,17.67,1593392948.9941554,in_progress"
1593392949296,"SIM_TRACE_LOG:1,163,1.8487,0.8404,-44.5951,20.00,1.33,15,20.0694,False,True,88.8087,68,17.67,1593392949.0604513,in_progress"