@timestamp,@message
1592088211067,"SIM_TRACE_LOG:0,1,3.0502,0.6833,0.0361,-30.00,1.00,2,0.8010,False,True,0.7932,0,17.67,1592088210.4615943,in_progress"
1592088211067,"SIM_TRACE_LOG:0,2,3.0578,0.6829,-0.1336,30.00,0.33,6,0.6410,False,True,0.8366,0,17.67,1592088210.5161119,in_progress"
1592088211067,"SIM_TRACE_LOG:0,3,3.0730,0.6825,-0.3059,30.00,0.67,7,0.6410,False,True,0.9226,0,17.67,1592088210.5826719,in_progress"
1592088211067,"SIM_TRACE_LOG:0,4,3.0990,0.6827,-0.1803,30.00,1.00,8,0.8010,False,True,1.0695,0,17.67,1592088210.651291,in_progress"
1592088211067,"SIM_TRACE_LOG:0,5,3.1343,0.6845,0.5184,0.00,0.33,3,0.8010,False,True,1.2695,1,17.67,1592088210.7187088,in_progress"
1592088211067,"SIM_TRACE_LOG:0,6,3.1737,0.6873,1.4760,0.00,0.67,4,0.8010,False,True,1.4923,1,17.67,1592088210.784676,in_progress"
1592088211067,"SIM_TRACE_LOG:0,7,3.2132,0.6908,2.3419,0.00,1.00,5,1.0010,False,True,1.7157,1,17.67,1592088210.8508525,in_progress"
1592088211067,"SIM_TRACE_LOG:0,8,3.2654,0.6954,3.1985,0.00,0.33,3,0.8010,False,True,2.0110,1,17.67,1592088210.9147139,in_progress"
1592088211067,"SIM_TRACE_LOG:0,9,3.3148,0.7000,3.8275,-30.00,0.33,0,0.6410,False,True,2.2905,1,17.67,1592088210.9830658,in_progress"
1592088211067,"SIM_TRACE_LOG:0,10,3.3665,0.7043,4.0814,0.00,0.67,4,0.8010,False,True,2.5835,1,17.67,1592088211.0517726,in_progress"
1592088212106,"SIM_TRACE_LOG:0,11,3.4155,0.7073,3.9263,-30.00,0.33,0,0.6410,False,True,2.8604,2,17.67,1592088211.117449,in_progress"
1592088212106,"SIM_TRACE_LOG:0,12,3.4610,0.7083,3.2602,0.00,1.00,5,1.0010,False,True,3.1178,2,17.67,1592088211.1936603,in_progress"
1592088212106,"SIM_TRACE_LOG:0,13,3.5138,0.7083,2.2845,-30.00,0.33,0,0.6410,False,True,3.4169,2,17.67,1592088211.2544134,in_progress"
1592088212106,"SIM_TRACE_LOG:0,14,3.5586,0.7067,1.1374,0.00,0.33,3,0.8010,False,True,3.6704,3,17.67,1592088211.3216171,in_progress"
1592088212106,"SIM_TRACE_LOG:0,15,3.6114,0.7035,-0.3635,0.00,1.00,5,1.0010,False,True,3.9693,3,17.67,1592088211.3867812,in_progress"
1592088212106,"SIM_TRACE_LOG:0,16,3.6558,0.7000,-1.4746,0.00,0.33,3,0.8010,False,True,4.2206,3,17.67,1592088211.4528146,in_progress"
1592088212106,"SIM_TRACE_LOG:0,17,3.7154,0.6948,-2.7283,-30.00,1.00,2,0.8010,False,True,4.5574,3,17.67,1592088211.5198715,in_progress"
1592088212106,"SIM_TRACE_LOG:0,18,3.7724,0.6868,-4.5788,-30.00,1.00,2,0.8010,False,True,4.8801,3,17.67,1592088211.5866492,in_progress"
1592088212106,"SIM_TRACE_LOG:0,19,3.8393,0.6727,-7.4326,30.00,1.00,8,0.8010,False,True,5.2588,3,17.67,1592088211.6559162,in_progress"
1592088212106,"SIM_TRACE_LOG:0,20,3.9078,0.6555,-10.0107,0.00,0.67,4,0.8010,False,True,5.6464,3,17.67,1592088211.7204459,in_progress"
1592088212106,"SIM_TRACE_LOG:0,21,3.9719,0.6385,-11.8141,30.00,0.67,7,0.6410,False,True,6.0087,4,17.67,1592088211.7842257,in_progress"
1592088212106,"SIM_TRACE_LOG:0,22,4.0219,0.6259,-12.6543,0.00,0.67,4,0.8010,False,True,6.2919,4,17.67,1592088211.855561,in_progress"
1592088212106,"SIM_TRACE_LOG:0,23,4.0729,0.6126,-13.2518,-30.00,0.33,0,0.6410,False,True,6.5807,4,17.67,1592088211.922772,in_progress"
1592088212106,"SIM_TRACE_LOG:0,24,4.1202,0.5985,-14.1558,30.00,0.33,6,0.6410,False,True,6.8481,4,17.67,1592088211.988871,in_progress"
1592088212106,"SIM_TRACE_LOG:0,25,4.1537,0.5878,-14.9683,0.00,0.67,4,0.8010,False,True,7.0374,4,17.67,1592088212.0555522,in_progress"
1592088213147,"SIM_TRACE_LOG:0,26,4.1824,0.5787,-15.4785,30.00,0.33,6,0.6410,False,True,7.2002,4,17.67,1592088212.1235478,in_progress"
1592088213147,"SIM_TRACE_LOG:0,27,4.2183,0.5686,-15.6176,30.00,0.33,6,0.6410,False,True,7.4032,4,17.67,1592088212.187505,in_progress"
1592088213147,"SIM_TRACE_LOG:0,28,4.2362,0.5644,-15.3440,30.00,0.67,7,0.6410,False,True,7.5044,4,17.67,1592088212.257042,in_progress"
1592088213147,"SIM_TRACE_LOG:0,29,4.2737,0.5578,-14.0321,30.00,0.67,7,0.6410,False,True,7.7169,4,17.67,1592088212.321952,in_progress"
1592088213147,"SIM_TRACE_LOG:0,30,4.3178,0.5531,-12.0621,30.00,0.33,6,0.6410,False,True,7.9662,4,17.67,1592088212.3877552,in_progress"
1592088213147,"SIM_TRACE_LOG:0,31,4.3556,0.5516,-9.9226,30.00,0.67,7,0.6410,False,True,8.1798,5,17.67,1592088212.461517,in_progress"
1592088213147,"SIM_TRACE_LOG:0,32,4.4041,0.5531,-6.5043,0.00,0.67,4,0.8010,False,True,8.4548,5,17.67,1592088212.520952,in_progress"
1592088213147,"SIM_TRACE_LOG:0,33,4.4435,0.5558,-3.9653,-30.00,0.33,0,0.6410,False,True,8.6774,5,17.67,1592088212.5880759,in_progress"
1592088213147,"SIM_TRACE_LOG:0,34,4.4862,0.5577,-2.2024,30.00,0.33,6,0.6410,False,True,8.9190,5,17.67,1592088212.6572008,in_progress"
1592088213147,"SIM_TRACE_LOG:0,35,4.5280,0.5604,-0.6970,30.00,0.33,6,0.6410,False,True,9.1558,6,17.67,1592088212.7237737,in_progress"
1592088213147,"SIM_TRACE_LOG:0,36,4.5559,0.5639,0.5205,0.00,0.67,4,0.8010,False,True,9.3138,6,17.67,1592088212.787955,in_progress"
1592088213147,"SIM_TRACE_LOG:0,37,4.5794,0.5673,1.6761,0.00,0.33,3,0.8010,False,True,9.4466,6,17.67,1592088212.8594575,in_progress"
1592088213147,"SIM_TRACE_LOG:0,38,4.6187,0.5730,3.3090,-30.00,0.67,1,0.6410,False,True,9.6690,6,17.67,1592088212.9214058,in_progress"
1592088213147,"SIM_TRACE_LOG:0,39,4.6467,0.5765,4.0266,0.00,0.33,3,0.8010,False,True,9.8277,6,17.67,1592088212.9897203,in_progress"
1592088213147,"SIM_TRACE_LOG:0,40,4.6865,0.5813,4.7393,-30.00,1.00,2,0.8010,False,True,10.0527,6,17.67,1592088213.058382,in_progress"
1592088213147,"SIM_TRACE_LOG:0,41,4.7438,0.5873,5.0818,0.00,0.67,4,0.8010,False,True,10.3767,6,17.67,1592088213.1237795,in_progress"
1592088214188,"SIM_TRACE_LOG:0,42,4.7973,0.5910,4.7376,0.00,0.67,4,0.8010,False,True,10.6795,6,17.67,1592088213.1907742,in_progress"
1592088214188,"SIM_TRACE_LOG:0,43,4.8523,0.5938,4.4152,0.00,0.67,4,0.8010,False,True,10.9911,6,17.67,1592088213.2618194,in_progress"
1592088214188,"SIM_TRACE_LOG:0,44,4.8967,0.5965,4.2425,30.00,0.67,7,0.6410,False,True,11.2423,6,17.67,1592088213.3241394,in_progress"
1592088214188,"SIM_TRACE_LOG:0,45,4.9415,0.6004,4.4438,0.00,0.67,4,0.8010,False,True,11.4958,7,17.67,1592088213.3923829,in_progress"
1592088214188,"SIM_TRACE_LOG:0,46,4.9897,0.6053,4.8499,0.00,0.67,4,0.8010,False,True,11.7683,7,17.67,1592088213.4625254,in_progress"
1592088214188,"SIM_TRACE_LOG:0,47,5.0420,0.6105,5.0888,0.00,0.67,4,0.8010,False,True,12.0642,7,17.67,1592088213.524794,in_progress"
1592088214188,"SIM_TRACE_LOG:0,48,5.0846,0.6149,5.3230,30.00,1.00,8,0.8010,False,True,12.3052,7,17.67,1592088213.5944858,in_progress"
1592088214188,"SIM_TRACE_LOG:0,49,5.1465,0.6247,6.7100,-30.00,0.67,1,0.6410,False,True,12.6557,7,17.67,1592088213.6617308,in_progress"
1592088214188,"SIM_TRACE_LOG:0,50,5.2079,0.6345,7.5538,-30.00,1.00,2,0.8010,False,True,13.0034,7,17.67,1592088213.7287002,in_progress"
1592088214188,"SIM_TRACE_LOG:0,51,5.2620,0.6408,7.2038,0.00,0.67,4,0.8010,False,True,13.3093,7,17.67,1592088213.7913737,in_progress"
1592088214188,"SIM_TRACE_LOG:0,52,5.3223,0.6465,6.5118,0.00,1.00,5,1.0010,False,True,13.6509,7,17.67,1592088213.861194,in_progress"
1592088214188,"SIM_TRACE_LOG:0,53,5.3849,0.6520,5.9971,-30.00,1.00,2,0.8010,False,True,14.0046,8,17.67,1592088213.9273005,in_progress"
1592088214188,"SIM_TRACE_LOG:0,54,5.4479,0.6552,4.8648,0.00,1.00,5,1.0010,False,True,14.3611,8,17.67,1592088213.9932618,in_progress"
1592088214188,"SIM_TRACE_LOG:0,55,5.5210,0.6570,3.4857,-30.00,0.33,0,0.6410,False,True,14.7751,8,17.67,1592088214.06425,in_progress"
1592088214188,"SIM_TRACE_LOG:0,56,5.5952,0.6552,1.2961,0.00,0.67,4,0.8010,False,True,15.1952,8,17.67,1592088214.1242342,in_progress"
1592088215233,"SIM_TRACE_LOG:0,57,5.6396,0.6515,-0.3898,0.00,1.00,5,1.0010,False,True,15.4463,9,17.67,1592088214.1916192,in_progress"
1592088215233,"SIM_TRACE_LOG:0,58,5.6923,0.6470,-1.8450,0.00,0.33,3,0.8010,False,True,15.7442,9,17.67,1592088214.2610548,in_progress"
1592088215233,"SIM_TRACE_LOG:0,59,5.7489,0.6411,-3.3021,30.00,0.33,6,0.6410,False,True,16.0648,9,17.67,1592088214.3316915,in_progress"
1592088215233,"SIM_TRACE_LOG:0,60,5.7980,0.6369,-3.7857,0.00,0.67,4,0.8010,False,True,16.3385,9,17.67,1592088214.3960042,in_progress"
1592088215233,"SIM_TRACE_LOG:0,61,5.8417,0.6339,-3.8205,0.00,0.33,3,0.8010,False,True,16.5851,9,17.67,1592088214.4624374,in_progress"
1592088215233,"SIM_TRACE_LOG:0,62,5.8840,0.6311,-3.8150,30.00,0.33,6,0.6410,False,True,16.8246,9,17.67,1592088214.527779,in_progress"
1592088215233,"SIM_TRACE_LOG:0,63,5.9158,0.6300,-3.4619,30.00,0.33,6,0.6410,False,True,17.0040,9,17.67,1592088214.5946405,in_progress"
1592088215233,"SIM_TRACE_LOG:0,64,5.9552,0.6305,-2.4197,30.00,0.33,6,0.6410,False,True,17.2271,9,17.67,1592088214.6642456,in_progress"
1592088215233,"SIM_TRACE_LOG:0,65,5.9843,0.6324,-1.3779,-30.00,0.33,0,0.6410,False,True,17.3919,9,17.67,1592088214.7349062,in_progress"
1592088215233,"SIM_TRACE_LOG:0,66,6.0099,0.6342,-0.6377,30.00,0.33,6,0.6410,False,True,17.5372,9,17.67,1592088214.794943,in_progress"
1592088215233,"SIM_TRACE_LOG:0,67,6.0263,0.6353,-0.1303,30.00,1.00,8,0.8010,False,True,17.6301,9,17.67,1592088214.863946,in_progress"
1592088215233,"SIM_TRACE_LOG:0,68,6.0587,0.6391,1.3088,30.00,0.33,6,0.6410,False,True,17.8138,10,17.67,1592088214.9306996,in_progress"
1592088215233,"SIM_TRACE_LOG:0,69,6.1006,0.6470,3.8654,-30.00,0.67,1,0.6410,False,True,18.0515,10,17.67,1592088214.9999745,in_progress"
1592088215233,"SIM_TRACE_LOG:0,70,6.1544,0.6583,6.3946,30.00,0.67,7,0.6410,False,True,18.3568,10,17.67,1592088215.0624723,in_progress"
1592088215233,"SIM_TRACE_LOG:0,71,6.1926,0.6675,7.7878,0.00,0.67,4,0.8010,False,True,18.5737,10,17.67,1592088215.1307757,in_progress"
1592088215233,"SIM_TRACE_LOG:0,72,6.2433,0.6801,9.6809,0.00,1.00,5,1.0010,False,True,18.8615,10,17.67,1592088215.1986327,in_progress"
1592088216277,"SIM_TRACE_LOG:0,73,6.2884,0.6924,11.2952,0.00,0.67,4,0.8010,False,True,19.1178,10,17.67,1592088215.2647722,in_progress"
1592088216277,"SIM_TRACE_LOG:0,74,6.3423,0.7079,12.8613,30.00,0.33,6,0.6410,False,True,19.4316,10,17.67,1592088215.3321629,in_progress"
1592088216277,"SIM_TRACE_LOG:0,75,6.3911,0.7251,15.0513,30.00,0.67,7,0.6410,False,True,19.7172,11,17.67,1592088215.4006803,in_progress"
1592088216277,"SIM_TRACE_LOG:0,76,6.4348,0.7444,17.6115,-30.00,0.33,0,0.6410,False,True,19.9751,11,17.67,1592088215.465992,in_progress"
1592088216277,"SIM_TRACE_LOG:0,77,6.4688,0.7602,19.3903,0.00,0.33,3,0.8010,False,True,20.1890,11,17.67,1592088215.5310996,in_progress"
1592088216277,"SIM_TRACE_LOG:0,78,6.4997,0.7748,20.6779,0.00,0.67,4,0.8010,False,True,20.4464,12,17.67,1592088215.5990155,in_progress"
1592088216277,"SIM_TRACE_LOG:0,79,6.5396,0.7938,21.9803,-30.00,0.33,0,0.6410,False,True,20.6962,12,17.67,1592088215.6645584,in_progress"
1592088216277,"SIM_TRACE_LOG:0,80,6.5739,0.8096,22.6918,-30.00,0.33,0,0.6410,False,True,20.9096,12,17.67,1592088215.7310128,in_progress"
1592088216277,"SIM_TRACE_LOG:0,81,6.6149,0.8265,22.5665,0.00,0.67,4,0.8010,False,True,21.1607,13,17.67,1592088215.7981582,in_progress"
1592088216277,"SIM_TRACE_LOG:0,82,6.6553,0.8418,22.1064,0.00,1.00,5,1.0010,False,True,21.4050,13,17.67,1592088215.864158,in_progress"
1592088216277,"SIM_TRACE_LOG:0,83,6.7049,0.8612,21.8621,30.00,0.33,6,0.6410,False,True,21.7576,13,17.67,1592088215.9321318,in_progress"
1592088216277,"SIM_TRACE_LOG:0,84,6.7531,0.8812,21.9835,30.00,0.33,6,0.6410,False,True,22.0487,14,17.67,1592088216.0001106,in_progress"
1592088216277,"SIM_TRACE_LOG:0,85,6.7901,0.8993,23.0368,30.00,0.67,7,0.6410,False,True,22.2804,14,17.67,1592088216.0672574,in_progress"
1592088216277,"SIM_TRACE_LOG:0,86,6.8351,0.9250,25.1375,0.00,1.00,5,1.0010,False,True,22.5977,14,17.67,1592088216.1309142,in_progress"
1592088216277,"SIM_TRACE_LOG:0,87,6.8713,0.9472,26.8306,30.00,0.33,6,0.6410,False,True,22.8363,14,17.67,1592088216.1981082,in_progress"
1592088216277,"SIM_TRACE_LOG:0,88,6.9169,0.9790,28.8891,-30.00,1.00,2,0.8010,False,True,23.1502,15,17.67,1592088216.2667124,in_progress"
1592088217319,"SIM_TRACE_LOG:0,89,6.9555,1.0067,30.7519,0.00,0.67,4,0.8010,False,True,23.4187,15,17.67,1592088216.335089,in_progress"
1592088217319,"SIM_TRACE_LOG:0,90,7.0071,1.0427,32.2545,0.00,0.33,3,0.8010,False,True,23.7939,15,17.67,1592088216.40612,in_progress"
1592088217319,"SIM_TRACE_LOG:0,91,7.0422,1.0690,33.5378,30.00,0.33,6,0.6410,False,True,24.0325,15,17.67,1592088216.4668186,in_progress"
1592088217319,"SIM_TRACE_LOG:0,92,7.0682,1.0903,34.7460,0.00,0.67,4,0.8010,False,True,24.2170,16,17.67,1592088216.5313067,in_progress"
1592088217319,"SIM_TRACE_LOG:0,93,7.0970,1.1142,35.9303,30.00,0.33,6,0.6410,False,True,24.4232,16,17.67,1592088216.5983713,in_progress"
1592088217319,"SIM_TRACE_LOG:0,94,7.1304,1.1449,37.6433,30.00,0.33,6,0.6410,False,True,24.6755,16,17.67,1592088216.6701262,in_progress"
1592088217319,"SIM_TRACE_LOG:0,95,7.1574,1.1741,40.0386,30.00,0.33,6,0.6410,False,True,24.8721,16,17.67,1592088216.7374165,in_progress"
1592088217319,"SIM_TRACE_LOG:0,96,7.1789,1.2003,42.2854,30.00,0.33,6,0.6410,False,True,25.0606,17,17.67,1592088216.8004186,in_progress"
1592088217319,"SIM_TRACE_LOG:0,97,7.1936,1.2201,44.0785,30.00,0.67,7,0.6410,False,True,25.1989,17,17.67,1592088216.870632,in_progress"
1592088217319,"SIM_TRACE_LOG:0,98,7.2079,1.2425,46.3151,30.00,0.67,7,0.6410,False,True,25.3384,17,17.67,1592088216.9366612,in_progress"
1592088217319,"SIM_TRACE_LOG:0,99,7.2300,1.2835,50.6488,30.00,0.67,7,0.6410,False,True,25.5298,17,17.67,1592088217.005791,in_progress"
1592088217319,"SIM_TRACE_LOG:0,100,7.2470,1.3225,54.5319,30.00,0.33,6,0.6410,False,True,25.7665,17,17.67,1592088217.0709565,in_progress"
1592088217319,"SIM_TRACE_LOG:0,101,7.2612,1.3663,58.7665,30.00,0.33,6,0.6410,False,True,26.0260,17,17.67,1592088217.1375782,in_progress"
1592088217319,"SIM_TRACE_LOG:0,102,7.2675,1.3903,61.4014,30.00,1.00,8,0.8010,False,True,26.1665,17,17.67,1592088217.2044153,in_progress"
1592088217319,"SIM_TRACE_LOG:0,103,7.2735,1.4213,64.8788,30.00,0.33,6,0.6410,False,True,26.3449,17,17.67,1592088217.268822,in_progress"
1592088218352,"SIM_TRACE_LOG:0,104,7.2776,1.4542,68.8197,0.00,1.00,5,1.0010,False,True,26.5319,17,17.67,1592088217.335152,in_progress"
1592088218352,"SIM_TRACE_LOG:0,105,7.2802,1.4871,72.2815,-30.00,0.33,0,0.6410,False,True,26.7163,17,17.67,1592088217.4046211,in_progress"
1592088218352,"SIM_TRACE_LOG:0,106,7.2836,1.5250,75.5621,30.00,0.67,7,0.6410,False,True,26.9299,18,17.67,1592088217.4711912,in_progress"
1592088218352,"SIM_TRACE_LOG:0,107,7.2856,1.5667,78.5440,30.00,0.67,7,0.6410,False,True,27.1623,18,17.67,1592088217.5377412,in_progress"
1592088218352,"SIM_TRACE_LOG:0,108,7.2847,1.6098,81.8340,30.00,1.00,8,0.8010,False,True,27.3990,18,17.67,1592088217.6012201,in_progress"
1592088218352,"SIM_TRACE_LOG:0,109,7.2805,1.6505,85.4208,0.00,0.67,4,0.8010,False,True,27.6181,18,17.67,1592088217.6740117,in_progress"
1592088218352,"SIM_TRACE_LOG:0,110,7.2709,1.7092,90.3102,-30.00,0.33,0,0.6410,False,True,27.9298,18,17.67,1592088217.7357035,in_progress"
1592088218352,"SIM_TRACE_LOG:0,111,7.2640,1.7523,93.1849,-30.00,0.33,0,0.6410,False,True,28.1592,18,17.67,1592088217.802835,in_progress"
1592088218352,"SIM_TRACE_LOG:0,112,7.2592,1.7920,94.0073,30.00,0.33,6,0.6410,False,True,28.4174,19,17.67,1592088217.870892,in_progress"
1592088218352,"SIM_TRACE_LOG:0,113,7.2555,1.8198,94.2541,0.00,0.67,4,0.8010,False,True,28.5757,19,17.67,1592088217.9361353,in_progress"
1592088218352,"SIM_TRACE_LOG:0,114,7.2514,1.8460,95.0774,0.00,0.33,3,0.8010,False,True,28.7260,20,17.67,1592088218.0083606,in_progress"
1592088218352,"SIM_TRACE_LOG:0,115,7.2456,1.8887,95.3531,30.00,0.67,7,0.6410,False,True,28.9860,20,17.67,1592088218.068655,in_progress"
1592088218352,"SIM_TRACE_LOG:0,116,7.2396,1.9193,96.4936,30.00,0.33,6,0.6410,False,True,29.1599,20,17.67,1592088218.1373184,in_progress"
1592088218352,"SIM_TRACE_LOG:0,117,7.2296,1.9576,98.5393,-30.00,0.67,1,0.6410,False,True,29.3827,20,17.67,1592088218.2027307,in_progress"
1592088218352,"SIM_TRACE_LOG:0,118,7.2207,1.9940,99.7711,30.00,0.33,6,0.6410,False,True,29.5936,20,17.67,1592088218.2698705,in_progress"
1592088218352,"SIM_TRACE_LOG:0,119,7.2087,2.0348,101.5624,30.00,0.67,7,0.6410,False,True,29.8335,20,17.67,1592088218.3348594,in_progress"
1592088219395,"SIM_TRACE_LOG:0,120,7.1962,2.0700,103.4376,30.00,1.00,8,0.8010,False,True,30.0453,20,17.67,1592088218.405101,in_progress"
1592088219395,"SIM_TRACE_LOG:0,121,7.1711,2.1258,107.3240,30.00,0.67,7,0.6410,False,True,30.3908,21,17.67,1592088218.4742427,in_progress"
1592088219395,"SIM_TRACE_LOG:0,122,7.1421,2.1764,111.6147,30.00,1.00,8,0.8010,False,True,30.7159,21,17.67,1592088218.539264,in_progress"
1592088219395,"SIM_TRACE_LOG:0,123,7.1134,2.2169,115.7232,30.00,0.33,6,0.6410,False,True,30.9872,21,17.67,1592088218.6069138,in_progress"
1592088219395,"SIM_TRACE_LOG:0,124,7.0726,2.2635,121.3674,30.00,1.00,8,0.8010,False,True,31.3144,21,17.67,1592088218.6696959,in_progress"
1592088219395,"SIM_TRACE_LOG:0,125,7.0387,2.2948,125.8459,0.00,1.00,5,1.0010,False,True,31.6543,21,17.67,1592088218.7366095,in_progress"
1592088219395,"SIM_TRACE_LOG:0,126,6.9878,2.3358,131.5550,30.00,1.00,8,0.8010,False,True,32.0148,22,17.67,1592088218.808466,in_progress"
1592088219395,"SIM_TRACE_LOG:0,127,6.9316,2.3731,137.1762,-30.00,0.67,1,0.6410,False,True,32.4922,22,17.67,1592088218.8726916,in_progress"
1592088219395,"SIM_TRACE_LOG:0,128,6.8914,2.3964,140.8993,30.00,0.67,7,0.6410,False,True,32.7521,22,17.67,1592088218.9396107,in_progress"
1592088219395,"SIM_TRACE_LOG:0,129,6.8263,2.4311,145.5818,0.00,1.00,5,1.0010,False,True,33.1629,22,17.67,1592088219.0072815,in_progress"
1592088219395,"SIM_TRACE_LOG:0,130,6.7707,2.4556,149.3629,30.00,0.33,6,0.6410,False,True,33.4947,23,17.67,1592088219.0737548,in_progress"
1592088219395,"SIM_TRACE_LOG:0,131,6.7143,2.4745,154.3971,-30.00,1.00,2,0.8010,False,True,33.8109,23,17.67,1592088219.138327,in_progress"
1592088219395,"SIM_TRACE_LOG:0,132,6.6685,2.4874,157.3515,0.00,0.33,3,0.8010,False,True,34.0583,23,17.67,1592088219.2065203,in_progress"
1592088219395,"SIM_TRACE_LOG:0,133,6.5987,2.5047,161.7896,0.00,0.67,4,0.8010,False,True,34.7272,23,17.67,1592088219.2722764,in_progress"
1592088219395,"SIM_TRACE_LOG:0,134,6.5507,2.5144,164.5230,-30.00,0.33,0,0.6410,False,True,34.9995,24,17.67,1592088219.341049,in_progress"
1592088220429,"SIM_TRACE_LOG:0,135,6.5145,2.5227,165.1077,-30.00,0.33,0,0.6410,False,True,35.2069,24,17.67,1592088219.4112778,in_progress"
1592088220429,"SIM_TRACE_LOG:0,136,6.4764,2.5321,165.4281,-30.00,0.33,0,0.6410,False,True,35.7613,24,17.67,1592088219.4755387,in_progress"
1592088220429,"SIM_TRACE_LOG:0,137,6.4531,2.5388,165.4835,30.00,0.33,6,0.6410,False,True,35.8963,24,17.67,1592088219.5426924,in_progress"
1592088220429,"SIM_TRACE_LOG:0,138,6.4254,2.5474,164.9113,0.00,0.33,3,0.8010,False,True,36.0570,24,17.67,1592088219.6090744,in_progress"
1592088220429,"SIM_TRACE_LOG:0,139,6.4032,2.5542,164.6317,30.00,1.00,8,0.8010,False,True,36.1862,24,17.67,1592088219.676335,in_progress"
1592088220429,"SIM_TRACE_LOG:0,140,6.3753,2.5612,164.9151,-30.00,1.00,2,0.8010,False,True,36.3473,24,17.67,1592088219.7443914,in_progress"
1592088220429,"SIM_TRACE_LOG:0,141,6.3229,2.5740,165.3314,0.00,0.33,3,0.8010,False,True,36.6494,24,17.67,1592088219.812316,in_progress"
1592088220429,"SIM_TRACE_LOG:0,142,6.2804,2.5856,164.5483,0.00,1.00,5,1.0010,False,True,36.8957,25,17.67,1592088219.8799765,in_progress"
1592088220429,"SIM_TRACE_LOG:0,143,6.2224,2.6018,164.2306,-30.00,0.33,0,0.6410,False,True,37.2312,25,17.67,1592088219.945273,in_progress"
1592088220429,"SIM_TRACE_LOG:0,144,6.1859,2.6139,163.5116,0.00,1.00,5,1.0010,False,True,37.4436,25,17.67,1592088220.0126133,in_progress"
1592088220429,"SIM_TRACE_LOG:0,145,6.1192,2.6379,162.0795,30.00,0.33,6,0.6410,False,True,37.8329,25,17.67,1592088220.0795662,in_progress"
1592088220429,"SIM_TRACE_LOG:0,146,6.0639,2.6562,160.8426,0.00,0.67,4,0.8010,False,True,38.2284,25,17.67,1592088220.1429384,in_progress"
1592088220429,"SIM_TRACE_LOG:0,147,6.0213,2.6701,160.2637,0.00,0.67,4,0.8010,False,True,38.4687,25,17.67,1592088220.2111497,in_progress"
1592088220429,"SIM_TRACE_LOG:0,148,5.9756,2.6861,160.3743,0.00,0.67,4,0.8010,False,True,38.7267,26,17.67,1592088220.278396,in_progress"
1592088220429,"SIM_TRACE_LOG:0,149,5.9316,2.7017,160.3916,30.00,0.33,6,0.6410,False,True,38.9748,26,17.67,1592088220.342962,in_progress"
1592088220429,"SIM_TRACE_LOG:0,150,5.8928,2.7137,160.9954,0.00,0.67,4,0.8010,False,True,39.1935,26,17.67,1592088220.410142,in_progress"
1592088221472,"SIM_TRACE_LOG:0,151,5.8483,2.7274,161.5441,30.00,0.33,6,0.6410,False,True,39.4450,26,17.67,1592088220.4787984,in_progress"
1592088221472,"SIM_TRACE_LOG:0,152,5.8039,2.7376,163.1596,-30.00,0.33,0,0.6410,False,True,39.6957,27,17.67,1592088220.5443368,in_progress"
1592088221472,"SIM_TRACE_LOG:0,153,5.7723,2.7445,164.0782,30.00,0.67,7,0.6410,False,True,39.8742,27,17.67,1592088220.6154523,in_progress"
1592088221472,"SIM_TRACE_LOG:0,154,5.7266,2.7544,165.1404,0.00,1.00,5,1.0010,False,True,40.1321,27,17.67,1592088220.682157,in_progress"
1592088221472,"SIM_TRACE_LOG:0,155,5.6790,2.7633,166.4093,-30.00,1.00,2,0.8010,False,True,40.4013,28,17.67,1592088220.7483122,in_progress"
1592088221472,"SIM_TRACE_LOG:0,156,5.6108,2.7777,167.0070,0.00,1.00,5,1.0010,False,True,40.7863,28,17.67,1592088220.8141122,in_progress"
1592088221472,"SIM_TRACE_LOG:0,157,5.5457,2.7926,167.0426,0.00,0.67,4,0.8010,False,True,41.1542,28,17.67,1592088220.88016,in_progress"
1592088221472,"SIM_TRACE_LOG:0,158,5.4841,2.8062,167.2092,30.00,0.33,6,0.6410,False,True,41.5021,28,17.67,1592088220.9464464,in_progress"
1592088221472,"SIM_TRACE_LOG:0,159,5.4282,2.8170,167.8384,30.00,0.67,7,0.6410,False,True,41.8175,29,17.67,1592088221.01702,in_progress"
1592088221472,"SIM_TRACE_LOG:0,160,5.3808,2.8224,169.4473,-30.00,0.33,0,0.6410,False,True,42.0859,29,17.67,1592088221.0846155,in_progress"
1592088221472,"SIM_TRACE_LOG:0,161,5.3362,2.8283,170.2444,0.00,1.00,5,1.0010,False,True,42.3376,29,17.67,1592088221.1497452,in_progress"
1592088221472,"SIM_TRACE_LOG:0,162,5.2909,2.8340,170.9300,30.00,0.67,7,0.6410,False,True,42.5937,29,17.67,1592088221.2213538,in_progress"
1592088221472,"SIM_TRACE_LOG:0,163,5.2346,2.8387,172.3445,-30.00,1.00,2,0.8010,False,True,42.9121,29,17.67,1592088221.2816582,in_progress"
1592088221472,"SIM_TRACE_LOG:0,164,5.1938,2.8411,173.4148,0.00,0.67,4,0.8010,False,True,43.1429,29,17.67,1592088221.3508399,in_progress"
1592088221472,"SIM_TRACE_LOG:0,165,5.1232,2.8460,174.5704,-30.00,0.33,0,0.6410,False,True,43.5425,30,17.67,1592088221.4161973,in_progress"
1592088222506,"SIM_TRACE_LOG:0,166,5.0772,2.8499,175.1440,-30.00,1.00,2,0.8010,False,True,43.8025,30,17.67,1592088221.4848495,in_progress"
1592088222506,"SIM_TRACE_LOG:0,167,5.0286,2.8565,174.2973,0.00,0.67,4,0.8010,False,True,44.1277,31,17.67,1592088221.5502307,in_progress"
1592088222506,"SIM_TRACE_LOG:0,168,4.9823,2.8643,173.0567,-30.00,0.67,1,0.6410,False,True,44.4014,31,17.67,1592088221.6141105,in_progress"
1592088222506,"SIM_TRACE_LOG:0,169,4.9347,2.8741,171.6859,-30.00,0.67,1,0.6410,False,True,44.7852,32,17.67,1592088221.6849897,in_progress"
1592088222506,"SIM_TRACE_LOG:0,170,4.8860,2.8875,169.7320,30.00,0.33,6,0.6410,False,True,45.0705,32,17.67,1592088221.7492833,in_progress"
1592088222506,"SIM_TRACE_LOG:0,171,4.8461,2.8996,167.9800,-30.00,0.33,0,0.6410,False,True,45.3065,32,17.67,1592088221.8190157,in_progress"
1592088222506,"SIM_TRACE_LOG:0,172,4.8087,2.9106,166.9361,-30.00,0.67,1,0.6410,False,True,45.5272,32,17.67,1592088221.879178,in_progress"
1592088222506,"SIM_TRACE_LOG:0,173,4.7775,2.9220,165.4510,-30.00,0.33,0,0.6410,False,True,45.7151,33,17.67,1592088221.948539,in_progress"
1592088222506,"SIM_TRACE_LOG:0,174,4.7349,2.9413,162.1567,0.00,0.33,3,0.8010,False,True,45.9780,33,17.67,1592088222.016946,in_progress"
1592088222506,"SIM_TRACE_LOG:0,175,4.7080,2.9540,160.7678,30.00,1.00,8,0.8010,False,True,46.1450,33,17.67,1592088222.0840096,in_progress"
1592088222506,"SIM_TRACE_LOG:0,176,4.6725,2.9704,159.4648,-30.00,0.67,1,0.6410,False,True,46.3646,33,17.67,1592088222.146118,in_progress"
1592088222506,"SIM_TRACE_LOG:0,177,4.6296,2.9895,158.4432,0.00,0.67,4,0.8010,False,True,46.6286,33,17.67,1592088222.214836,in_progress"
1592088222506,"SIM_TRACE_LOG:0,178,4.5865,3.0110,157.0287,-30.00,1.00,2,0.8010,False,True,47.1544,33,17.67,1592088222.282096,in_progress"
1592088222506,"SIM_TRACE_LOG:0,179,4.5397,3.0369,155.0811,-30.00,0.33,0,0.6410,False,True,47.4501,33,17.67,1592088222.3488512,in_progress"
1592088222506,"SIM_TRACE_LOG:0,180,4.4984,3.0639,152.0051,-30.00,0.33,0,0.6410,False,True,47.7263,33,17.67,1592088222.4158592,in_progress"
1592088222506,"SIM_TRACE_LOG:0,181,4.4609,3.0929,149.0805,-30.00,1.00,2,0.8010,False,True,47.9942,34,17.67,1592088222.483282,in_progress"
1592088223552,"SIM_TRACE_LOG:0,182,4.4305,3.1209,146.0778,-30.00,0.67,1,0.6410,False,True,48.2276,34,17.67,1592088222.5554013,in_progress"
1592088223552,"SIM_TRACE_LOG:0,183,4.3884,3.1674,141.0405,-30.00,0.67,1,0.6410,False,True,48.5804,34,17.67,1592088222.6214445,in_progress"
1592088223552,"SIM_TRACE_LOG:0,184,4.3620,3.2032,137.1021,-30.00,1.00,2,0.8010,False,True,48.8271,34,17.67,1592088222.6849189,in_progress"
1592088223552,"SIM_TRACE_LOG:0,185,4.3365,3.2457,132.3570,30.00,1.00,8,0.8010,False,True,49.1954,34,17.67,1592088222.7500985,in_progress"
1592088223552,"SIM_TRACE_LOG:0,186,4.3029,3.3085,126.6943,0.00,0.67,4,0.8010,False,True,49.5909,34,17.67,1592088222.8171854,in_progress"
1592088223552,"SIM_TRACE_LOG:0,187,4.2754,3.3660,122.5831,0.00,0.67,4,0.8010,False,True,49.9414,35,17.67,1592088222.8864942,in_progress"
1592088223552,"SIM_TRACE_LOG:0,188,4.2565,3.4097,119.9349,30.00,0.67,7,0.6410,False,True,50.2005,35,17.67,1592088222.9506023,in_progress"
1592088223552,"SIM_TRACE_LOG:0,189,4.2341,3.4623,117.6357,30.00,0.33,6,0.6410,False,True,50.5114,35,17.67,1592088223.016373,in_progress"
1592088223552,"SIM_TRACE_LOG:0,190,4.2167,3.4971,117.4561,30.00,0.33,6,0.6410,False,True,50.7264,35,17.67,1592088223.0854728,in_progress"
1592088223552,"SIM_TRACE_LOG:0,191,4.1989,3.5287,117.9517,30.00,1.00,8,0.8010,False,True,50.9284,35,17.67,1592088223.1496456,in_progress"
1592088223552,"SIM_TRACE_LOG:0,192,4.1802,3.5592,118.7626,30.00,1.00,8,0.8010,False,True,51.1295,36,17.67,1592088223.2180774,in_progress"
1592088223552,"SIM_TRACE_LOG:0,193,4.1470,3.6053,121.1180,0.00,0.33,3,0.8010,False,True,51.4498,36,17.67,1592088223.285274,in_progress"
1592088223552,"SIM_TRACE_LOG:0,194,4.1147,3.6465,124.2264,30.00,0.33,6,0.6410,False,True,51.7464,36,17.67,1592088223.3523076,in_progress"
1592088223552,"SIM_TRACE_LOG:0,195,4.0869,3.6771,126.8969,30.00,0.33,6,0.6410,False,True,51.9801,36,17.67,1592088223.4292066,in_progress"
1592088223552,"SIM_TRACE_LOG:0,196,4.0555,3.7065,129.3242,-30.00,0.33,0,0.6410,False,True,52.2214,36,17.67,1592088223.4984374,in_progress"
1592088224587,"SIM_TRACE_LOG:0,197,4.0420,3.7194,130.1854,30.00,0.33,6,0.6410,False,True,52.3260,36,17.67,1592088223.559021,in_progress"
1592088224587,"SIM_TRACE_LOG:0,198,4.0231,3.7368,131.3888,0.00,0.33,3,0.8010,False,True,52.4700,37,17.67,1592088223.626644,in_progress"
1592088224587,"SIM_TRACE_LOG:0,199,4.0018,3.7555,132.7186,0.00,0.67,4,0.8010,False,True,52.6281,37,17.67,1592088223.6926038,in_progress"
1592088224587,"SIM_TRACE_LOG:0,200,3.9803,3.7748,133.7530,0.00,1.00,5,1.0010,False,True,52.7892,37,17.67,1592088223.7627904,in_progress"
1592088224587,"SIM_TRACE_LOG:0,201,3.9452,3.8050,135.3211,0.00,0.33,3,0.8010,False,True,53.0474,37,17.67,1592088223.8317802,in_progress"
1592088224587,"SIM_TRACE_LOG:0,202,3.9156,3.8301,136.4712,0.00,0.33,3,0.8010,False,True,53.2633,37,17.67,1592088223.8941596,in_progress"
1592088224587,"SIM_TRACE_LOG:0,203,3.8859,3.8537,137.7209,0.00,0.33,3,0.8010,False,True,53.4730,37,17.67,1592088223.9593787,in_progress"
1592088224587,"SIM_TRACE_LOG:0,204,3.8623,3.8721,138.5451,0.00,0.33,3,0.8010,False,True,53.6380,37,17.67,1592088224.0271301,in_progress"
1592088224587,"SIM_TRACE_LOG:0,205,3.8394,3.8909,138.7586,0.00,0.33,3,0.8010,False,True,53.8026,37,17.67,1592088224.099515,in_progress"
1592088224587,"SIM_TRACE_LOG:0,206,3.8188,3.9078,138.9877,0.00,0.33,3,0.8010,False,True,53.9504,38,17.67,1592088224.1574476,in_progress"
1592088224587,"SIM_TRACE_LOG:0,207,3.8040,3.9193,139.4155,0.00,0.33,3,0.8010,False,True,54.0537,38,17.67,1592088224.2252672,in_progress"
1592088224587,"SIM_TRACE_LOG:0,208,3.7829,3.9357,139.8779,0.00,0.33,3,0.8010,False,True,54.2014,38,17.67,1592088224.2980797,in_progress"
1592088224587,"SIM_TRACE_LOG:0,209,3.7623,3.9528,139.9358,0.00,0.33,3,0.8010,False,True,54.3498,38,17.67,1592088224.3582082,in_progress"
1592088224587,"SIM_TRACE_LOG:0,210,3.7438,3.9679,140.0516,0.00,1.00,5,1.0010,False,True,54.4822,38,17.67,1592088224.4246473,in_progress"
1592088224587,"SIM_TRACE_LOG:0,211,3.7248,3.9830,140.2365,0.00,0.67,4,0.8010,False,True,54.6164,38,17.67,1592088224.4923027,in_progress"
1592088224587,"SIM_TRACE_LOG:0,212,3.6849,4.0148,140.6080,0.00,1.00,5,1.0010,False,True,54.8983,39,17.67,1592088224.5582333,in_progress"
1592088225641,"SIM_TRACE_LOG:0,213,3.6506,4.0422,140.8316,0.00,0.33,3,0.8010,False,True,55.1413,39,17.67,1592088224.63013,in_progress"
1592088225641,"SIM_TRACE_LOG:0,214,3.6037,4.0785,141.6604,30.00,1.00,8,0.8010,False,True,55.4681,39,17.67,1592088224.6960065,in_progress"
1592088225641,"SIM_TRACE_LOG:0,215,3.5574,4.1112,142.8466,0.00,0.67,4,0.8010,False,True,55.7578,39,17.67,1592088224.7641826,in_progress"
1592088225641,"SIM_TRACE_LOG:0,216,3.5077,4.1433,144.9171,0.00,1.00,5,1.0010,False,True,56.0825,39,17.67,1592088224.8285666,in_progress"
1592088225641,"SIM_TRACE_LOG:0,217,3.4544,4.1762,146.1668,0.00,0.33,3,0.8010,False,True,56.4237,39,17.67,1592088224.8949523,in_progress"
1592088225641,"SIM_TRACE_LOG:0,218,3.3974,4.2094,147.6088,0.00,0.33,3,0.8010,False,True,56.7807,40,17.67,1592088224.9627528,in_progress"
1592088225641,"SIM_TRACE_LOG:0,219,3.3591,4.2321,148.0506,0.00,0.33,3,0.8010,False,True,57.0218,40,17.67,1592088225.0290923,in_progress"
1592088225641,"SIM_TRACE_LOG:0,220,3.3239,4.2533,148.2790,30.00,0.33,6,0.6410,False,True,57.2448,40,17.67,1592088225.0964668,in_progress"
1592088225641,"SIM_TRACE_LOG:0,221,3.2952,4.2684,149.1396,0.00,0.33,3,0.8010,False,True,57.4180,40,17.67,1592088225.1643474,in_progress"
1592088225641,"SIM_TRACE_LOG:0,222,3.2673,4.2820,150.1729,0.00,1.00,5,1.0010,False,True,57.5816,40,17.67,1592088225.2292838,in_progress"
1592088225641,"SIM_TRACE_LOG:0,223,3.2423,4.2944,150.8133,0.00,0.33,3,0.8010,False,True,57.8077,40,17.67,1592088225.294416,in_progress"
1592088225641,"SIM_TRACE_LOG:0,224,3.2087,4.3102,151.8496,0.00,1.00,5,1.0010,False,True,58.0166,40,17.67,1592088225.3624246,in_progress"
1592088225641,"SIM_TRACE_LOG:0,225,3.1781,4.3247,152.4471,0.00,0.67,4,0.8010,False,True,58.2068,41,17.67,1592088225.428685,in_progress"
1592088225641,"SIM_TRACE_LOG:0,226,3.1288,4.3475,153.2805,30.00,0.67,7,0.6410,False,True,58.5377,41,17.67,1592088225.4949083,in_progress"
1592088225641,"SIM_TRACE_LOG:0,227,3.0914,4.3632,154.2670,0.00,1.00,5,1.0010,False,True,58.7660,42,17.67,1592088225.566195,in_progress"
1592088225641,"SIM_TRACE_LOG:0,228,3.0289,4.3874,156.0692,-30.00,0.67,1,0.6410,False,True,59.2038,42,17.67,1592088225.63131,in_progress"
1592088226763,"SIM_TRACE_LOG:0,229,2.9758,4.4087,156.8283,0.00,0.33,3,0.8010,False,True,59.5270,43,17.67,1592088225.6993318,in_progress"
1592088226763,"SIM_TRACE_LOG:0,230,2.9296,4.4285,156.4439,0.00,1.00,5,1.0010,False,True,59.8875,43,17.67,1592088225.7668896,in_progress"
1592088226763,"SIM_TRACE_LOG:0,231,2.8816,4.4487,156.6793,0.00,0.33,3,0.8010,False,True,60.1696,43,17.67,1592088225.8319702,in_progress"
1592088226763,"SIM_TRACE_LOG:0,232,2.8346,4.4693,156.1296,0.00,1.00,5,1.0010,False,True,60.4465,44,17.67,1592088225.8972037,in_progress"
1592088226763,"SIM_TRACE_LOG:0,233,2.7763,4.4950,155.9942,30.00,0.33,6,0.6410,False,True,60.8169,45,17.67,1592088225.9655082,in_progress"
1592088226763,"SIM_TRACE_LOG:0,234,2.7221,4.5171,155.5351,30.00,0.33,6,0.6410,False,True,61.1233,45,17.67,1592088226.0347362,in_progress"
1592088226763,"SIM_TRACE_LOG:0,235,2.6751,4.5343,155.2756,30.00,0.33,6,0.6410,False,True,61.3892,45,17.67,1592088226.102092,in_progress"
1592088226763,"SIM_TRACE_LOG:0,236,2.6394,4.5452,157.1246,30.00,0.33,6,0.6410,False,True,61.5906,46,17.67,1592088226.164928,in_progress"
1592088226763,"SIM_TRACE_LOG:0,237,2.6036,4.5539,159.2575,30.00,0.67,7,0.6410,False,True,61.7934,46,17.67,1592088226.2328815,in_progress"
1592088226763,"SIM_TRACE_LOG:0,238,2.5692,4.5598,161.6719,30.00,0.33,6,0.6410,False,True,61.9879,46,17.67,1592088226.299723,in_progress"
1592088226763,"SIM_TRACE_LOG:0,239,2.5300,4.5634,165.0576,0.00,0.33,3,0.8010,False,True,62.2098,46,17.67,1592088226.3679428,in_progress"
1592088226763,"SIM_TRACE_LOG:0,240,2.4944,4.5654,167.6580,30.00,0.33,6,0.6410,False,True,62.4012,46,17.67,1592088226.4342492,in_progress"
1592088226763,"SIM_TRACE_LOG:0,241,2.4636,4.5660,169.8075,0.00,0.67,4,0.8010,False,True,62.5752,46,17.67,1592088226.4991343,in_progress"
1592088226763,"SIM_TRACE_LOG:0,242,2.4357,4.5655,171.8276,-30.00,0.67,1,0.6410,False,True,62.7334,46,17.67,1592088226.5667076,in_progress"
1592088226763,"SIM_TRACE_LOG:0,243,2.3906,4.5664,173.7612,30.00,0.33,6,0.6410,False,True,62.9883,46,17.67,1592088226.6351612,in_progress"
1592088226763,"SIM_TRACE_LOG:0,244,2.3504,4.5664,175.2898,0.00,0.33,3,0.8010,False,True,63.2157,47,17.67,1592088226.7031755,in_progress"
1592088227809,"SIM_TRACE_LOG:0,245,2.3165,4.5651,177.6347,30.00,0.33,6,0.6410,False,True,63.4075,47,17.67,1592088226.7660859,in_progress"
1592088227809,"SIM_TRACE_LOG:0,246,2.2874,4.5625,179.1758,-30.00,0.67,1,0.6410,False,True,63.5725,47,17.67,1592088226.8385565,in_progress"
1592088227809,"SIM_TRACE_LOG:0,247,2.2523,4.5592,-179.4567,0.00,0.33,3,0.8010,False,True,63.7715,47,17.67,1592088226.8985033,in_progress"
1592088227809,"SIM_TRACE_LOG:0,248,2.2198,4.5555,-177.8956,0.00,0.33,3,0.8010,False,True,63.9561,47,17.67,1592088226.967541,in_progress"
1592088227809,"SIM_TRACE_LOG:0,249,2.1943,4.5525,-177.1011,0.00,0.33,3,0.8010,False,True,64.1008,47,17.67,1592088227.0343418,in_progress"
1592088227809,"SIM_TRACE_LOG:0,250,2.1660,4.5498,-176.6842,30.00,0.33,6,0.6410,False,True,64.2615,47,17.67,1592088227.102619,in_progress"
1592088227809,"SIM_TRACE_LOG:0,251,2.1403,4.5462,-175.8681,-30.00,0.67,1,0.6410,False,True,64.4073,47,17.67,1592088227.1676993,in_progress"
1592088227809,"SIM_TRACE_LOG:0,252,2.1107,4.5416,-174.9758,0.00,0.33,3,0.8010,False,True,64.5759,48,17.67,1592088227.233399,in_progress"
1592088227809,"SIM_TRACE_LOG:0,253,2.0832,4.5382,-174.7171,0.00,0.33,3,0.8010,False,True,64.7315,48,17.67,1592088227.302146,in_progress"
1592088227809,"SIM_TRACE_LOG:0,254,2.0570,4.5347,-174.2973,-30.00,1.00,2,0.8010,False,True,64.8804,48,17.67,1592088227.3679361,in_progress"
1592088227809,"SIM_TRACE_LOG:0,255,2.0239,4.5311,-174.1372,-30.00,1.00,2,0.8010,False,True,65.0685,48,17.67,1592088227.4389915,in_progress"
1592088227809,"SIM_TRACE_LOG:0,256,1.9718,4.5285,-175.1189,0.00,0.67,4,0.8010,False,True,65.3636,48,17.67,1592088227.4985492,in_progress"
1592088227809,"SIM_TRACE_LOG:0,257,1.9215,4.5278,-176.5852,30.00,1.00,8,0.8010,False,True,65.6479,48,17.67,1592088227.571311,in_progress"
1592088227809,"SIM_TRACE_LOG:0,258,1.8632,4.5252,-176.8391,30.00,0.33,6,0.6410,False,True,65.9780,49,17.67,1592088227.6382935,in_progress"
1592088227809,"SIM_TRACE_LOG:0,259,1.8197,4.5203,-175.8751,30.00,0.33,6,0.6410,False,True,66.2249,49,17.67,1592088227.7056954,in_progress"
1592088227809,"SIM_TRACE_LOG:0,260,1.7729,4.5118,-174.0508,30.00,1.00,8,0.8010,False,True,66.4910,49,17.67,1592088227.773781,in_progress"
1592088228983,"SIM_TRACE_LOG:0,261,1.7280,4.5004,-171.6486,0.00,0.67,4,0.8010,False,True,66.7299,49,17.67,1592088227.843131,in_progress"
1592088228983,"SIM_TRACE_LOG:0,262,1.6802,4.4865,-169.4586,0.00,1.00,5,1.0010,False,True,67.0093,49,17.67,1592088227.907199,in_progress"
1592088228983,"SIM_TRACE_LOG:0,263,1.6329,4.4721,-167.5681,30.00,0.33,6,0.6410,False,True,67.2859,49,17.67,1592088227.9733293,in_progress"
1592088228983,"SIM_TRACE_LOG:0,264,1.5856,4.4542,-165.4111,30.00,0.33,6,0.6410,False,True,67.5659,49,17.67,1592088228.0371811,in_progress"
1592088228983,"SIM_TRACE_LOG:0,265,1.5523,4.4391,-163.9782,30.00,1.00,8,0.8010,False,True,67.7650,49,17.67,1592088228.106927,in_progress"
1592088228983,"SIM_TRACE_LOG:0,266,1.5089,4.4165,-160.6385,-30.00,0.33,0,0.6410,False,True,68.0271,49,17.67,1592088228.1707184,in_progress"
1592088228983,"SIM_TRACE_LOG:0,267,1.4728,4.3962,-158.0058,30.00,0.67,7,0.6410,False,True,68.2468,49,17.67,1592088228.2381415,in_progress"
1592088228983,"SIM_TRACE_LOG:0,268,1.4350,4.3738,-155.6621,0.00,0.33,3,0.8010,False,True,68.4775,50,17.67,1592088228.3075438,in_progress"
1592088228983,"SIM_TRACE_LOG:0,269,1.3926,4.3464,-153.0988,30.00,0.33,6,0.6410,False,True,68.7383,50,17.67,1592088228.372652,in_progress"
1592088228983,"SIM_TRACE_LOG:0,270,1.3731,4.3324,-152.1093,30.00,0.33,6,0.6410,False,True,68.8591,50,17.67,1592088228.443767,in_progress"
1592088228983,"SIM_TRACE_LOG:0,271,1.3455,4.3100,-149.7247,-30.00,0.33,0,0.6410,False,True,69.0330,50,17.67,1592088228.5073314,in_progress"
1592088228983,"SIM_TRACE_LOG:0,272,1.3268,4.2948,-148.3281,0.00,0.33,3,0.8010,False,True,69.1507,50,17.67,1592088228.5752687,in_progress"
1592088228983,"SIM_TRACE_LOG:0,273,1.3078,4.2800,-147.3290,-30.00,0.33,0,0.6410,False,True,69.2696,50,17.67,1592088228.6391222,in_progress"
1592088228983,"SIM_TRACE_LOG:0,274,1.2911,4.2680,-146.9195,0.00,0.33,3,0.8010,False,True,69.3731,50,17.67,1592088228.7090752,in_progress"
1592088228983,"SIM_TRACE_LOG:0,275,1.2708,4.2528,-146.3530,0.00,0.33,3,0.8010,False,True,69.4997,50,17.67,1592088228.774407,in_progress"
1592088228983,"SIM_TRACE_LOG:0,276,1.2523,4.2388,-145.8260,-30.00,0.33,0,0.6410,False,True,69.6149,50,17.67,1592088228.842478,in_progress"
1592088228983,"SIM_TRACE_LOG:0,277,1.2287,4.2232,-145.9511,-30.00,0.33,0,0.6410,False,True,70.1583,51,17.67,1592088228.9080734,in_progress"
1592088228983,"SIM_TRACE_LOG:0,278,1.2102,4.2123,-146.4635,30.00,0.67,7,0.6410,False,True,70.6370,51,17.67,1592088228.973289,in_progress"
1592088230024,"SIM_TRACE_LOG:0,279,1.1834,4.1957,-146.8579,30.00,0.33,6,0.6410,False,True,70.8019,51,17.67,1592088229.0420058,in_progress"
1592088230024,"SIM_TRACE_LOG:0,280,1.1574,4.1783,-146.7687,0.00,0.33,3,0.8010,False,True,70.9675,51,17.67,1592088229.1103292,in_progress"
1592088230024,"SIM_TRACE_LOG:0,281,1.1311,4.1606,-146.6060,0.00,0.67,4,0.8010,False,True,71.1359,51,17.67,1592088229.1732285,in_progress"
1592088230024,"SIM_TRACE_LOG:0,282,1.1049,4.1423,-146.3359,0.00,0.67,4,0.8010,False,True,71.3064,51,17.67,1592088229.2409167,in_progress"
1592088230024,"SIM_TRACE_LOG:0,283,1.0690,4.1179,-146.1911,30.00,0.67,7,0.6410,False,True,71.5375,51,17.67,1592088229.3103743,in_progress"
1592088230024,"SIM_TRACE_LOG:0,284,1.0302,4.0893,-145.4614,0.00,0.67,4,0.8010,False,True,71.7968,51,17.67,1592088229.377453,in_progress"
1592088230024,"SIM_TRACE_LOG:0,285,0.9940,4.0617,-144.6680,30.00,0.33,6,0.6410,False,True,72.0431,51,17.67,1592088229.4431968,in_progress"
1592088230024,"SIM_TRACE_LOG:0,286,0.9571,4.0301,-143.0219,0.00,1.00,5,1.0010,False,True,72.3101,52,17.67,1592088229.5096703,in_progress"
1592088230024,"SIM_TRACE_LOG:0,287,0.9249,4.0009,-141.6053,-30.00,0.33,0,0.6410,False,True,72.5507,52,17.67,1592088229.5737164,in_progress"
1592088230024,"SIM_TRACE_LOG:0,288,0.8916,3.9717,-140.3072,30.00,1.00,8,0.8010,False,True,72.7947,52,17.67,1592088229.6459134,in_progress"
1592088230024,"SIM_TRACE_LOG:0,289,0.8501,3.9336,-139.2765,30.00,0.67,7,0.6410,False,True,73.1072,52,17.67,1592088229.7074168,in_progress"
1592088230024,"SIM_TRACE_LOG:0,290,0.8163,3.8971,-137.2246,30.00,0.67,7,0.6410,False,True,73.3862,52,17.67,1592088229.7738688,in_progress"
1592088230024,"SIM_TRACE_LOG:0,291,0.7875,3.8622,-135.2327,30.00,0.67,7,0.6410,False,True,73.6416,52,17.67,1592088229.8426213,in_progress"
1592088230024,"SIM_TRACE_LOG:0,292,0.7591,3.8221,-132.2716,30.00,0.33,6,0.6410,False,True,73.9195,52,17.67,1592088229.9101324,in_progress"
1592088230024,"SIM_TRACE_LOG:0,293,0.7352,3.7822,-129.1206,30.00,0.33,6,0.6410,False,True,74.2314,52,17.67,1592088229.9745543,in_progress"
1592088231065,"SIM_TRACE_LOG:0,294,0.7188,3.7493,-126.3111,30.00,0.33,6,0.6410,False,True,74.4241,52,17.67,1592088230.0441258,in_progress"
1592088231065,"SIM_TRACE_LOG:0,295,0.7073,3.7214,-123.5296,30.00,0.33,6,0.6410,False,True,74.5868,52,17.67,1592088230.1146057,in_progress"
1592088231065,"SIM_TRACE_LOG:0,296,0.6990,3.6968,-121.0908,30.00,0.33,6,0.6410,False,True,74.7295,52,17.67,1592088230.1765914,in_progress"
1592088231065,"SIM_TRACE_LOG:0,297,0.6939,3.6797,-119.3883,30.00,0.67,7,0.6410,False,True,74.8285,52,17.67,1592088230.2462928,in_progress"
1592088231065,"SIM_TRACE_LOG:0,298,0.6870,3.6503,-116.3288,30.00,0.67,7,0.6410,False,True,74.9973,53,17.67,1592088230.309252,in_progress"
1592088231065,"SIM_TRACE_LOG:0,299,0.6814,3.6167,-112.7350,30.00,0.67,7,0.6410,False,True,75.1892,53,17.67,1592088230.3812761,in_progress"
1592088231065,"SIM_TRACE_LOG:0,300,0.6767,3.5672,-107.6013,30.00,0.67,7,0.6410,False,True,75.4706,53,17.67,1592088230.4463787,in_progress"
1592088231065,"SIM_TRACE_LOG:0,301,0.6775,3.5282,-103.9288,-30.00,0.33,0,0.6410,False,True,75.6684,53,17.67,1592088230.514649,in_progress"
1592088231065,"SIM_TRACE_LOG:0,302,0.6784,3.4867,-100.3643,0.00,0.67,4,0.8010,False,True,75.8718,53,17.67,1592088230.5781078,in_progress"
1592088231065,"SIM_TRACE_LOG:0,303,0.6798,3.4410,-97.0326,-30.00,0.33,0,0.6410,False,True,76.1267,53,17.67,1592088230.6447775,in_progress"
1592088231065,"SIM_TRACE_LOG:0,304,0.6806,3.3985,-94.9221,30.00,0.33,6,0.6410,False,True,76.3635,53,17.67,1592088230.7121055,in_progress"
1592088231065,"SIM_TRACE_LOG:0,305,0.6807,3.3584,-93.6837,0.00,0.67,4,0.8010,False,True,76.5854,53,17.67,1592088230.7812152,in_progress"
1592088231065,"SIM_TRACE_LOG:0,306,0.6825,3.3215,-92.2231,-30.00,0.33,0,0.6410,False,True,76.7920,53,17.67,1592088230.8503885,in_progress"
1592088231065,"SIM_TRACE_LOG:0,307,0.6841,3.2704,-90.9620,0.00,0.33,3,0.8010,False,True,77.0771,53,17.67,1592088230.9127617,in_progress"
1592088231065,"SIM_TRACE_LOG:0,308,0.6844,3.2344,-90.6477,-30.00,0.33,0,0.6410,False,True,77.2768,53,17.67,1592088230.9802604,in_progress"
1592088231065,"SIM_TRACE_LOG:0,309,0.6847,3.1971,-90.1158,0.00,0.33,3,0.8010,False,True,77.4839,53,17.67,1592088231.0501437,in_progress"
1592088232101,"SIM_TRACE_LOG:0,310,0.6846,3.1733,-90.1204,0.00,0.33,3,0.8010,False,True,77.6160,53,17.67,1592088231.1137614,in_progress"
1592088232101,"SIM_TRACE_LOG:0,311,0.6840,3.1503,-90.3173,0.00,0.33,3,0.8010,False,True,77.7425,53,17.67,1592088231.1797085,in_progress"
1592088232101,"SIM_TRACE_LOG:0,312,0.6835,3.1263,-90.4274,30.00,0.67,7,0.6410,False,True,77.8750,53,17.67,1592088231.2511861,in_progress"
1592088232101,"SIM_TRACE_LOG:0,313,0.6842,3.0941,-90.1068,30.00,0.67,7,0.6410,False,True,78.0543,54,17.67,1592088231.3135016,in_progress"
1592088232101,"SIM_TRACE_LOG:0,314,0.6877,3.0492,-88.8059,0.00,0.33,3,0.8010,False,True,78.3068,54,17.67,1592088231.380166,in_progress"
1592088232101,"SIM_TRACE_LOG:0,315,0.6908,3.0179,-87.2698,0.00,1.00,5,1.0010,False,True,78.4839,54,17.67,1592088231.4481616,in_progress"
1592088232101,"SIM_TRACE_LOG:0,316,0.6953,2.9802,-86.1938,0.00,0.67,4,0.8010,False,True,78.6979,54,17.67,1592088231.5157511,in_progress"
1592088232101,"SIM_TRACE_LOG:0,317,0.7022,2.9295,-85.0300,0.00,0.33,3,0.8010,False,True,78.9867,54,17.67,1592088231.5818634,in_progress"
1592088232101,"SIM_TRACE_LOG:0,318,0.7072,2.8908,-84.4611,-30.00,0.33,0,0.6410,False,True,79.2073,54,17.67,1592088231.6483464,in_progress"
1592088232101,"SIM_TRACE_LOG:0,319,0.7112,2.8545,-84.2544,-30.00,0.33,0,0.6410,False,True,79.4130,54,17.67,1592088231.7169166,in_progress"
1592088232101,"SIM_TRACE_LOG:0,320,0.7135,2.8221,-84.5472,-30.00,0.33,0,0.6410,False,True,79.5950,54,17.67,1592088231.7814927,in_progress"
1592088232101,"SIM_TRACE_LOG:0,321,0.7141,2.7958,-85.1938,0.00,0.33,3,0.8010,False,True,79.7414,54,17.67,1592088231.8511345,in_progress"
1592088232101,"SIM_TRACE_LOG:0,322,0.7138,2.7715,-86.1011,30.00,0.67,7,0.6410,False,True,79.8758,54,17.67,1592088231.9141889,in_progress"
1592088232101,"SIM_TRACE_LOG:0,323,0.7151,2.7426,-86.3752,-30.00,1.00,2,0.8010,False,True,80.0374,54,17.67,1592088231.979403,in_progress"
1592088232101,"SIM_TRACE_LOG:0,324,0.7158,2.7054,-86.9642,-30.00,0.33,0,0.6410,False,True,80.2445,54,17.67,1592088232.0485344,in_progress"
1592088233137,"SIM_TRACE_LOG:0,325,0.7148,2.6572,-87.8971,30.00,0.33,6,0.6410,False,True,80.5102,55,17.67,1592088232.1170468,in_progress"
1592088233137,"SIM_TRACE_LOG:0,326,0.7140,2.6220,-88.6901,0.00,0.33,3,0.8010,False,True,80.7042,55,17.67,1592088232.185603,in_progress"
1592088233137,"SIM_TRACE_LOG:0,327,0.7130,2.5958,-89.2732,0.00,0.33,3,0.8010,False,True,80.8482,55,17.67,1592088232.2525887,in_progress"
1592088233137,"SIM_TRACE_LOG:0,328,0.7125,2.5735,-89.5751,30.00,1.00,8,0.8010,False,True,80.9715,55,17.67,1592088232.3177018,in_progress"
1592088233137,"SIM_TRACE_LOG:0,329,0.7131,2.5406,-89.4359,30.00,0.67,7,0.6410,False,True,81.1542,56,17.67,1592088232.3829668,in_progress"
1592088233137,"SIM_TRACE_LOG:0,330,0.7159,2.4990,-88.5872,30.00,1.00,8,0.8010,False,True,81.3880,56,17.67,1592088232.458615,in_progress"
1592088233137,"SIM_TRACE_LOG:0,331,0.7258,2.4305,-85.8429,30.00,1.00,8,0.8010,False,True,81.7790,56,17.67,1592088232.5157683,in_progress"
1592088233137,"SIM_TRACE_LOG:0,332,0.7388,2.3754,-82.8099,30.00,0.33,6,0.6410,False,True,82.0990,57,17.67,1592088232.5823126,in_progress"
1592088233137,"SIM_TRACE_LOG:0,333,0.7561,2.3210,-79.2823,-30.00,0.67,1,0.6410,False,True,82.4205,57,17.67,1592088232.651532,in_progress"
1592088233137,"SIM_TRACE_LOG:0,334,0.7737,2.2718,-76.0256,-30.00,0.67,1,0.6410,False,True,82.7133,57,17.67,1592088232.7212276,in_progress"
1592088233137,"SIM_TRACE_LOG:0,335,0.7890,2.2251,-74.8468,30.00,0.33,6,0.6410,False,True,82.9898,57,17.67,1592088232.784153,in_progress"
1592088233137,"SIM_TRACE_LOG:0,336,0.8012,2.1905,-73.7433,30.00,0.33,6,0.6410,False,True,83.1952,57,17.67,1592088232.8535466,in_progress"
1592088233137,"SIM_TRACE_LOG:0,337,0.8162,2.1558,-72.0129,0.00,0.67,4,0.8010,False,True,83.4050,58,17.67,1592088232.918513,in_progress"
1592088233137,"SIM_TRACE_LOG:0,338,0.8269,2.1308,-71.0365,30.00,0.33,6,0.6410,False,True,83.5554,58,17.67,1592088232.985099,in_progress"
1592088233137,"SIM_TRACE_LOG:0,339,0.8431,2.0987,-68.8225,0.00,1.00,5,1.0010,False,True,83.7525,58,17.67,1592088233.0508564,in_progress"
1592088233137,"SIM_TRACE_LOG:0,340,0.8608,2.0662,-67.0220,-30.00,1.00,2,0.8010,False,True,83.9524,58,17.67,1592088233.119699,in_progress"
1592088234181,"SIM_TRACE_LOG:0,341,0.8802,2.0289,-65.8238,-30.00,0.33,0,0.6410,False,True,84.1816,58,17.67,1592088233.1885874,in_progress"
1592088234181,"SIM_TRACE_LOG:0,342,0.9077,1.9701,-65.4694,-30.00,0.33,0,0.6410,False,True,84.5387,58,17.67,1592088233.2521527,in_progress"
1592088234181,"SIM_TRACE_LOG:0,343,0.9195,1.9418,-65.4624,-30.00,0.33,0,0.6410,False,True,84.7095,59,17.67,1592088233.3200662,in_progress"
1592088234181,"SIM_TRACE_LOG:0,344,0.9316,1.9099,-66.0681,30.00,0.33,6,0.6410,False,True,84.8999,59,17.67,1592088233.3872986,in_progress"
1592088234181,"SIM_TRACE_LOG:0,345,0.9395,1.8879,-66.7192,0.00,0.33,3,0.8010,False,True,85.0310,59,17.67,1592088233.4580772,in_progress"
1592088234181,"SIM_TRACE_LOG:0,346,0.9488,1.8640,-67.0182,30.00,1.00,8,0.8010,False,True,85.1739,59,17.67,1592088233.5214136,in_progress"
1592088234181,"SIM_TRACE_LOG:0,347,0.9609,1.8357,-66.9709,0.00,0.33,3,0.8010,False,True,85.3450,59,17.67,1592088233.5868435,in_progress"
1592088234181,"SIM_TRACE_LOG:0,348,0.9768,1.8014,-66.3923,-30.00,1.00,2,0.8010,False,True,85.5532,59,17.67,1592088233.651284,in_progress"
1592088234181,"SIM_TRACE_LOG:0,349,0.9901,1.7693,-66.6720,0.00,0.33,3,0.8010,False,True,85.7462,60,17.67,1592088233.7198424,in_progress"
1592088234181,"SIM_TRACE_LOG:0,350,1.0072,1.7245,-67.5126,30.00,1.00,8,0.8010,False,True,86.0142,60,17.67,1592088233.7903285,in_progress"
1592088234181,"SIM_TRACE_LOG:0,351,1.0240,1.6853,-67.3068,0.00,0.33,3,0.8010,False,True,86.2508,60,17.67,1592088233.8565936,in_progress"
1592088234181,"SIM_TRACE_LOG:0,352,1.0486,1.6321,-66.3723,0.00,0.33,3,0.8010,False,True,86.5608,60,17.67,1592088233.919423,in_progress"
1592088234181,"SIM_TRACE_LOG:0,353,1.0649,1.5989,-65.6959,0.00,0.33,3,0.8010,False,True,86.7656,60,17.67,1592088233.9905648,in_progress"
1592088234181,"SIM_TRACE_LOG:0,354,1.0822,1.5637,-65.2445,0.00,0.33,3,0.8010,False,True,86.9827,60,17.67,1592088234.0609765,in_progress"
1592088234181,"SIM_TRACE_LOG:0,355,1.0950,1.5357,-65.3152,-30.00,0.33,0,0.6410,False,True,87.1544,60,17.67,1592088234.1224418,in_progress"
1592088235241,"SIM_TRACE_LOG:0,356,1.1024,1.5189,-65.3961,-30.00,0.67,1,0.6410,False,True,87.2564,60,17.67,1592088234.1909344,in_progress"
1592088235241,"SIM_TRACE_LOG:0,357,1.1135,1.4910,-65.9992,-30.00,0.33,0,0.6410,False,True,87.4247,60,17.67,1592088234.2577455,in_progress"
1592088235241,"SIM_TRACE_LOG:0,358,1.1233,1.4580,-67.6926,-30.00,0.67,1,0.6410,False,True,87.6196,60,17.67,1592088234.325934,in_progress"
1592088235241,"SIM_TRACE_LOG:0,359,1.1322,1.4197,-69.9449,0.00,0.67,4,0.8010,False,True,87.8419,60,17.67,1592088234.3903916,in_progress"
1592088235241,"SIM_TRACE_LOG:0,360,1.1401,1.3800,-72.1942,-30.00,0.67,1,0.6410,False,True,88.0705,61,17.67,1592088234.4566386,in_progress"
1592088235241,"SIM_TRACE_LOG:0,361,1.1456,1.3423,-74.3777,30.00,0.33,6,0.6410,False,True,88.2852,61,17.67,1592088234.526436,in_progress"
1592088235241,"SIM_TRACE_LOG:0,362,1.1517,1.2963,-76.8011,30.00,0.67,7,0.6410,False,True,88.5459,61,17.67,1592088234.588705,in_progress"
1592088235241,"SIM_TRACE_LOG:0,363,1.1565,1.2676,-77.4742,0.00,1.00,5,1.0010,False,True,88.7099,61,17.67,1592088234.6581683,in_progress"
1592088235241,"SIM_TRACE_LOG:0,364,1.1667,1.2104,-78.3071,30.00,0.67,7,0.6410,False,True,89.0378,61,17.67,1592088234.7246437,in_progress"
1592088235241,"SIM_TRACE_LOG:0,365,1.1773,1.1615,-78.1308,30.00,0.67,7,0.6410,False,True,89.3210,61,17.67,1592088234.7907603,in_progress"
1592088235241,"SIM_TRACE_LOG:0,366,1.1890,1.1176,-77.3000,30.00,0.67,7,0.6410,False,True,89.5435,62,17.67,1592088234.8594003,in_progress"
1592088235241,"SIM_TRACE_LOG:0,367,1.2041,1.0713,-75.7067,30.00,0.67,7,0.6410,False,True,89.7929,62,17.67,1592088234.9235485,in_progress"
1592088235241,"SIM_TRACE_LOG:0,368,1.2211,1.0285,-73.7060,30.00,0.33,6,0.6410,False,True,90.0528,63,17.67,1592088234.990994,in_progress"
1592088235241,"SIM_TRACE_LOG:0,369,1.2354,0.9980,-71.7748,0.00,0.33,3,0.8010,False,True,90.2274,63,17.67,1592088235.0588024,in_progress"
1592088235241,"SIM_TRACE_LOG:0,370,1.2550,0.9610,-69.0603,30.00,0.33,6,0.6410,False,True,90.3897,64,17.67,1592088235.1272788,in_progress"
1592088235241,"SIM_TRACE_LOG:0,371,1.2687,0.9374,-67.4711,30.00,1.00,8,0.8010,False,True,90.5412,64,17.67,1592088235.1925585,in_progress"
1592088236414,"SIM_TRACE_LOG:0,372,1.2837,0.9152,-65.4890,30.00,1.00,8,0.8010,False,True,90.6916,64,17.67,1592088235.2613733,in_progress"
1592088236414,"SIM_TRACE_LOG:0,373,1.3135,0.8782,-61.3309,30.00,1.00,8,0.8010,False,True,90.9603,65,17.67,1592088235.3296056,in_progress"
1592088236414,"SIM_TRACE_LOG:0,374,1.3528,0.8373,-56.2569,30.00,1.00,8,0.8010,False,True,91.2517,65,17.67,1592088235.3950624,in_progress"
1592088236414,"SIM_TRACE_LOG:0,375,1.3973,0.7994,-50.8784,0.00,0.33,3,0.8010,False,True,91.5818,66,17.67,1592088235.4631944,in_progress"
1592088236414,"SIM_TRACE_LOG:0,376,1.4516,0.7615,-44.9944,30.00,0.33,6,0.6410,False,True,91.8455,67,17.67,1592088235.5290852,in_progress"
1592088236414,"SIM_TRACE_LOG:0,377,1.4935,0.7369,-40.6464,30.00,0.67,7,0.6410,False,True,92.0038,67,17.67,1592088235.5929785,in_progress"
1592088236414,"SIM_TRACE_LOG:0,378,1.5383,0.7168,-36.2106,30.00,0.67,7,0.6410,False,True,92.2776,67,17.67,1592088235.6578023,in_progress"
1592088236414,"SIM_TRACE_LOG:0,379,1.5757,0.7038,-33.1119,30.00,0.33,6,0.6410,False,True,92.5003,67,17.67,1592088235.7274833,in_progress"
1592088236414,"SIM_TRACE_LOG:0,380,1.6115,0.6931,-28.9372,30.00,0.33,6,0.6410,False,True,92.7119,67,17.67,1592088235.7953432,in_progress"
1592088236414,"SIM_TRACE_LOG:0,381,1.6356,0.6882,-26.3870,30.00,1.00,8,0.8010,False,True,92.8506,67,17.67,1592088235.862341,in_progress"
1592088236414,"SIM_TRACE_LOG:0,382,1.6612,0.6843,-23.4765,30.00,0.33,6,0.6410,False,True,92.9964,67,17.67,1592088235.9276392,in_progress"
1592088236414,"SIM_TRACE_LOG:0,383,1.6900,0.6815,-20.2014,30.00,0.67,7,0.6410,False,True,93.1584,67,17.67,1592088235.9931254,in_progress"
1592088236414,"SIM_TRACE_LOG:0,384,1.7212,0.6812,-16.3245,0.00,0.67,4,0.8010,False,True,93.3302,67,17.67,1592088236.0663502,in_progress"
1592088236414,"SIM_TRACE_LOG:0,385,1.7593,0.6811,-12.4758,-30.00,0.33,0,0.6410,False,True,93.5394,68,17.67,1592088236.1284149,in_progress"
1592088236414,"SIM_TRACE_LOG:0,386,1.8013,0.6812,-9.2507,0.00,0.67,4,0.8010,False,True,93.7697,68,17.67,1592088236.199415,in_progress"
1592088236414,"SIM_TRACE_LOG:0,387,1.8385,0.6816,-6.9616,30.00,1.00,8,0.8010,False,True,93.9732,68,17.67,1592088236.2628193,in_progress"
1592088236414,"SIM_TRACE_LOG:0,388,1.8857,0.6855,-3.6393,0.00,1.00,5,1.0010,False,True,94.2269,68,17.67,1592088236.3287134,in_progress"
1592088236414,"SIM_TRACE_LOG:0,389,1.9595,0.6952,0.9685,0.00,0.33,3,0.8010,False,True,94.6181,68,17.67,1592088236.3965797,in_progress"
1592088237479,"SIM_TRACE_LOG:0,390,2.0106,0.7037,4.1154,0.00,1.00,5,1.0010,False,True,94.8868,68,17.67,1592088236.46456,in_progress"
1592088237479,"SIM_TRACE_LOG:0,391,2.0754,0.7182,7.6814,0.00,0.67,4,0.8010,False,True,95.2773,68,17.67,1592088236.5305,in_progress"
1592088237479,"SIM_TRACE_LOG:0,392,2.1379,0.7349,10.6468,-30.00,0.33,0,0.6410,False,True,95.6309,68,17.67,1592088236.5968554,in_progress"
1592088237479,"SIM_TRACE_LOG:0,393,2.1883,0.7481,12.3909,-30.00,1.00,2,0.8010,False,True,95.9160,68,17.67,1592088236.6631753,in_progress"
1592088237479,"SIM_TRACE_LOG:0,394,2.2425,0.7602,12.4169,-30.00,0.33,0,0.6410,False,True,96.2230,68,17.67,1592088236.7340903,in_progress"
1592088237479,"SIM_TRACE_LOG:0,395,2.2927,0.7680,11.1943,30.00,0.67,7,0.6410,False,True,96.5070,68,17.67,1592088236.7972715,in_progress"
1592088237479,"SIM_TRACE_LOG:0,396,2.3385,0.7749,10.4571,-30.00,1.00,2,0.8010,False,True,96.7664,68,17.67,1592088236.8732953,in_progress"
1592088237479,"SIM_TRACE_LOG:0,397,2.3952,0.7830,9.6544,-30.00,1.00,2,0.8010,False,True,97.0869,69,17.67,1592088236.93596,in_progress"
1592088237479,"SIM_TRACE_LOG:0,398,2.4533,0.7873,7.7473,30.00,0.33,6,0.6410,False,True,97.4159,69,17.67,1592088237.0006294,in_progress"
1592088237479,"SIM_TRACE_LOG:0,399,2.5204,0.7905,5.6153,0.00,0.67,4,0.8010,False,True,97.7956,69,17.67,1592088237.0684853,in_progress"
1592088237479,"SIM_TRACE_LOG:0,400,2.5656,0.7932,5.0167,0.00,0.67,4,0.8010,False,True,98.0514,69,17.67,1592088237.1337233,in_progress"
1592088237479,"SIM_TRACE_LOG:0,401,2.6140,0.7955,4.3642,30.00,0.67,7,0.6410,False,True,98.3250,69,17.67,1592088237.2023158,in_progress"
1592088237479,"SIM_TRACE_LOG:0,402,2.6651,0.7991,4.2859,-30.00,0.33,0,0.6410,False,True,98.6142,69,17.67,1592088237.265761,in_progress"
1592088237479,"SIM_TRACE_LOG:0,403,2.6989,0.8014,4.1579,-30.00,1.00,2,0.8010,False,True,98.8059,69,17.67,1592088237.3335845,in_progress"
1592088237479,"SIM_TRACE_LOG:0,404,2.7420,0.8020,3.2687,0.00,0.67,4,0.8010,False,True,99.0493,69,17.67,1592088237.4027185,in_progress"
1592088237479,"SIM_TRACE_LOG:0,405,2.7861,0.8017,2.2656,30.00,0.33,6,0.6410,False,True,99.2993,69,17.67,1592088237.46762,in_progress"
1592088238532,"SIM_TRACE_LOG:0,406,2.8375,0.8032,2.1844,-30.00,0.33,0,0.6410,False,True,99.5902,70,17.67,1592088237.535484,in_progress"
1592088238532,"SIM_TRACE_LOG:0,407,2.8715,0.8046,2.2998,0.00,0.67,4,0.8010,False,True,99.7822,70,17.67,1592088237.60076,in_progress"
1592088238532,"SIM_TRACE_LOG:0,408,2.9092,0.8049,2.0226,0.00,0.67,4,0.8010,False,True,99.9956,70,17.67,1592088237.6705806,in_progress"
1592088238532,"SIM_TRACE_LOG:0,409,2.9612,0.8065,1.8590,30.00,0.33,6,102.3443,True,True,100.0000,0,17.67,1592088237.7343085,lap_complete"
1592088238532,"SIM_TRACE_LOG:1,1,3.9336,0.6836,0.0258,-30.00,0.33,0,0.6410,False,True,0.7923,4,17.67,1592088238.4005857,in_progress"
1592088238532,"SIM_TRACE_LOG:1,2,3.9361,0.6840,0.2016,0.00,0.33,3,0.8010,False,True,0.8064,4,17.67,1592088238.4709625,in_progress"
1592088239571,"SIM_TRACE_LOG:1,3,3.9498,0.6860,0.9771,-30.00,0.33,0,0.6410,False,True,0.8838,4,17.67,1592088238.5367036,in_progress"
1592088239571,"SIM_TRACE_LOG:1,4,3.9695,0.6881,1.6482,0.00,0.33,3,0.8010,False,True,0.9957,4,17.67,1592088238.6017232,in_progress"
1592088239571,"SIM_TRACE_LOG:1,5,3.9912,0.6904,2.2203,0.00,0.33,3,0.8010,False,True,1.1184,4,17.67,1592088238.6736624,in_progress"
1592088239571,"SIM_TRACE_LOG:1,6,4.0188,0.6934,2.9524,0.00,0.33,3,0.8010,False,True,1.2744,4,17.67,1592088238.7390099,in_progress"
1592088239571,"SIM_TRACE_LOG:1,7,4.0427,0.6963,3.5776,0.00,0.33,3,0.8010,False,True,1.4095,4,17.67,1592088238.8030775,in_progress"
1592088239571,"SIM_TRACE_LOG:1,8,4.0678,0.6991,4.0306,0.00,0.33,3,0.8010,False,True,1.5517,4,17.67,1592088238.8697145,in_progress"
1592088239571,"SIM_TRACE_LOG:1,9,4.0858,0.7010,4.2699,0.00,0.67,4,0.8010,False,True,1.6537,4,17.67,1592088238.9372585,in_progress"
1592088239571,"SIM_TRACE_LOG:1,10,4.1180,0.7047,4.7466,0.00,0.67,4,0.8010,False,True,1.8360,4,17.67,1592088239.0038013,in_progress"
1592088239571,"SIM_TRACE_LOG:1,11,4.1637,0.7101,5.3155,-30.00,1.00,2,0.8010,False,True,2.0943,4,17.67,1592088239.0727515,in_progress"
1592088239571,"SIM_TRACE_LOG:1,12,4.2143,0.7141,5.0415,0.00,0.67,4,0.8010,False,True,2.3806,4,17.67,1592088239.1391923,in_progress"
1592088239571,"SIM_TRACE_LOG:1,13,4.2680,0.7171,4.3124,-30.00,1.00,2,0.8010,False,True,2.6846,4,17.67,1592088239.2049315,in_progress"
1592088239571,"SIM_TRACE_LOG:1,14,4.3360,0.7175,2.8400,-30.00,1.00,2,0.8010,False,True,3.0697,4,17.67,1592088239.2710938,in_progress"
1592088239571,"SIM_TRACE_LOG:1,15,4.4079,0.7126,0.1250,0.00,0.33,3,0.8010,False,True,3.4764,5,17.67,1592088239.3380537,in_progress"
1592088239571,"SIM_TRACE_LOG:1,16,4.4651,0.7069,-2.5996,30.00,1.00,8,0.8010,False,True,3.8000,5,17.67,1592088239.4031544,in_progress"
1592088239571,"SIM_TRACE_LOG:1,17,4.5269,0.6998,-4.0420,0.00,0.67,4,0.8010,False,True,4.1496,6,17.67,1592088239.470946,in_progress"
1592088239571,"SIM_TRACE_LOG:1,18,4.5965,0.6923,-4.8863,0.00,0.67,4,0.8010,False,True,4.5438,6,17.67,1592088239.5386426,in_progress"
1592088240629,"SIM_TRACE_LOG:1,19,4.6536,0.6866,-5.1602,30.00,0.33,6,0.6410,False,True,4.8669,6,17.67,1592088239.6037035,in_progress"
1592088240629,"SIM_TRACE_LOG:1,20,4.6992,0.6825,-5.2291,0.00,0.67,4,0.8010,False,True,5.1246,6,17.67,1592088239.6718822,in_progress"
1592088240629,"SIM_TRACE_LOG:1,21,4.7440,0.6795,-4.8933,30.00,0.33,6,0.6410,False,True,5.3780,6,17.67,1592088239.7404656,in_progress"
1592088240629,"SIM_TRACE_LOG:1,22,4.7894,0.6777,-4.2182,0.00,0.67,4,0.8010,False,True,5.6351,6,17.67,1592088239.805818,in_progress"
1592088240629,"SIM_TRACE_LOG:1,23,4.8282,0.6769,-3.4333,0.00,0.67,4,0.8010,False,True,5.8547,6,17.67,1592088239.8757527,in_progress"
1592088240629,"SIM_TRACE_LOG:1,24,4.8802,0.6765,-2.5299,-30.00,0.67,1,0.6410,False,True,6.1488,6,17.67,1592088239.9390743,in_progress"
1592088240629,"SIM_TRACE_LOG:1,25,4.9199,0.6751,-2.3860,0.00,0.67,4,0.8010,False,True,6.3738,6,17.67,1592088240.0065703,in_progress"
1592088240629,"SIM_TRACE_LOG:1,26,4.9767,0.6729,-2.3336,0.00,0.67,4,0.8010,False,True,6.6947,7,17.67,1592088240.0702264,in_progress"
1592088240629,"SIM_TRACE_LOG:1,27,5.0194,0.6708,-2.4664,0.00,0.67,4,0.8010,False,True,6.9365,7,17.67,1592088240.1395485,in_progress"
1592088240629,"SIM_TRACE_LOG:1,28,5.0647,0.6692,-2.3453,30.00,0.67,7,0.6410,False,True,7.1932,7,17.67,1592088240.2038152,in_progress"
1592088240629,"SIM_TRACE_LOG:1,29,5.1010,0.6683,-2.1499,0.00,0.67,4,0.8010,False,True,7.3982,7,17.67,1592088240.2728035,in_progress"
1592088240629,"SIM_TRACE_LOG:1,30,5.1646,0.6688,-1.2032,0.00,0.67,4,0.8010,False,True,7.7585,7,17.67,1592088240.338492,in_progress"
1592088240629,"SIM_TRACE_LOG:1,31,5.2030,0.6686,-0.9684,0.00,0.67,4,0.8010,False,True,7.9757,7,17.67,1592088240.4061165,in_progress"
1592088240629,"SIM_TRACE_LOG:1,32,5.2609,0.6696,-0.3156,0.00,0.67,4,0.8010,False,True,8.3030,7,17.67,1592088240.4730623,in_progress"
1592088240629,"SIM_TRACE_LOG:1,33,5.3059,0.6698,-0.1643,30.00,1.00,8,0.8010,False,True,8.5576,7,17.67,1592088240.5407534,in_progress"
1592088240629,"SIM_TRACE_LOG:1,34,5.3606,0.6730,0.9888,30.00,0.33,6,0.6410,False,True,8.8676,7,17.67,1592088240.6041076,in_progress"
1592088241726,"SIM_TRACE_LOG:1,35,5.4214,0.6806,3.2551,30.00,0.67,7,0.6410,False,True,9.2113,8,17.67,1592088240.6734145,in_progress"
1592088241726,"SIM_TRACE_LOG:1,36,5.4664,0.6900,5.6893,-30.00,0.33,0,0.6410,False,True,9.4664,8,17.67,1592088240.7390583,in_progress"
1592088241726,"SIM_TRACE_LOG:1,37,5.5119,0.7006,7.6924,-30.00,0.67,1,0.6410,False,True,9.7237,8,17.67,1592088240.805436,in_progress"
1592088241726,"SIM_TRACE_LOG:1,38,5.5579,0.7097,8.6710,0.00,0.67,4,0.8010,False,True,9.9841,8,17.67,1592088240.8759918,in_progress"
1592088241726,"SIM_TRACE_LOG:1,39,5.6056,0.7183,9.1417,-30.00,1.00,2,0.8010,False,True,10.2536,9,17.67,1592088240.9392176,in_progress"
1592088241726,"SIM_TRACE_LOG:1,40,5.6529,0.7261,9.1628,0.00,0.67,4,0.8010,False,True,10.5217,9,17.67,1592088241.0066957,in_progress"
1592088241726,"SIM_TRACE_LOG:1,41,5.7092,0.7338,8.6748,-30.00,1.00,2,0.8010,False,True,10.8400,9,17.67,1592088241.0760136,in_progress"
1592088241726,"SIM_TRACE_LOG:1,42,5.7732,0.7391,7.1970,-30.00,0.33,0,0.6410,False,True,11.2023,9,17.67,1592088241.1396148,in_progress"
1592088241726,"SIM_TRACE_LOG:1,43,5.8262,0.7402,5.2671,30.00,0.33,6,0.6410,False,True,11.5069,9,17.67,1592088241.207082,in_progress"
1592088241726,"SIM_TRACE_LOG:1,44,5.8705,0.7409,4.0451,0.00,0.33,3,0.8010,False,True,11.7576,9,17.67,1592088241.2764869,in_progress"
1592088241726,"SIM_TRACE_LOG:1,45,5.9075,0.7415,3.3342,-30.00,1.00,2,0.8010,False,True,11.9673,9,17.67,1592088241.3389702,in_progress"
1592088241726,"SIM_TRACE_LOG:1,46,5.9386,0.7405,2.2903,30.00,0.33,6,0.6410,False,True,12.1430,9,17.67,1592088241.4070687,in_progress"
1592088241726,"SIM_TRACE_LOG:1,47,5.9677,0.7395,1.1917,30.00,0.67,7,0.6410,False,True,12.3074,9,17.67,1592088241.478791,in_progress"
1592088241726,"SIM_TRACE_LOG:1,48,6.0003,0.7396,1.0255,30.00,0.33,6,0.6410,False,True,12.4919,9,17.67,1592088241.54524,in_progress"
1592088241726,"SIM_TRACE_LOG:1,49,6.0326,0.7418,1.6249,30.00,0.33,6,0.6410,False,True,12.6753,9,17.67,1592088241.6095796,in_progress"
1592088241726,"SIM_TRACE_LOG:1,50,6.0574,0.7445,2.3782,0.00,0.33,3,0.8010,False,True,12.8156,10,17.67,1592088241.6835043,in_progress"
1592088242782,"SIM_TRACE_LOG:1,51,6.0792,0.7470,2.9913,0.00,1.00,5,1.0010,False,True,12.9390,10,17.67,1592088241.745116,in_progress"
1592088242782,"SIM_TRACE_LOG:1,52,6.0941,0.7488,3.3716,0.00,1.00,5,1.0010,False,True,13.0237,10,17.67,1592088241.8089023,in_progress"
1592088242782,"SIM_TRACE_LOG:1,53,6.1436,0.7550,4.5094,0.00,0.33,3,0.8010,False,True,13.3041,10,17.67,1592088241.8747,in_progress"
1592088242782,"SIM_TRACE_LOG:1,54,6.1885,0.7610,5.4234,-30.00,1.00,2,0.8010,False,True,13.5586,10,17.67,1592088241.9439728,in_progress"
1592088242782,"SIM_TRACE_LOG:1,55,6.2196,0.7642,5.5136,-30.00,0.33,0,0.6410,False,True,13.7352,10,17.67,1592088242.0178506,in_progress"
1592088242782,"SIM_TRACE_LOG:1,56,6.2763,0.7669,4.4395,0.00,0.67,4,0.8010,False,True,14.0563,10,17.67,1592088242.0875652,in_progress"
1592088242782,"SIM_TRACE_LOG:1,57,6.3213,0.7679,3.6095,-30.00,0.33,0,0.6410,False,True,14.3532,10,17.67,1592088242.159834,in_progress"
1592088242782,"SIM_TRACE_LOG:1,58,6.3615,0.7669,2.6035,0.00,0.33,3,0.8010,False,True,14.5782,10,17.67,1592088242.226908,in_progress"
1592088242782,"SIM_TRACE_LOG:1,59,6.3761,0.7664,2.1344,30.00,0.33,6,0.6410,False,True,14.6600,11,17.67,1592088242.3020198,in_progress"
1592088242782,"SIM_TRACE_LOG:1,60,6.4193,0.7664,1.5888,30.00,0.33,6,0.6410,False,True,14.9029,11,17.67,1592088242.3587906,in_progress"
1592088242782,"SIM_TRACE_LOG:1,61,6.4371,0.7678,1.9428,30.00,0.33,6,0.6410,False,True,15.0036,11,17.67,1592088242.438409,in_progress"
1592088242782,"SIM_TRACE_LOG:1,62,6.4584,0.7700,2.4544,30.00,0.33,6,0.6410,False,True,15.1398,11,17.67,1592088242.501223,in_progress"
1592088242782,"SIM_TRACE_LOG:1,63,6.4844,0.7738,3.3628,30.00,0.33,6,0.6410,False,True,15.2890,12,17.67,1592088242.558738,in_progress"
1592088242782,"SIM_TRACE_LOG:1,64,6.5006,0.7769,4.1647,30.00,1.00,8,0.8010,False,True,15.4555,12,17.67,1592088242.6352036,in_progress"
1592088242782,"SIM_TRACE_LOG:1,65,6.5372,0.7859,6.4597,30.00,0.33,6,0.6410,False,True,15.6666,12,17.67,1592088242.7013333,in_progress"
1592088242782,"SIM_TRACE_LOG:1,66,6.5683,0.7954,8.6523,30.00,0.67,7,0.6410,False,True,15.8498,12,17.67,1592088242.771524,in_progress"
1592088243840,"SIM_TRACE_LOG:1,67,6.6253,0.8174,12.8295,30.00,0.67,7,0.6410,False,True,16.1953,13,17.67,1592088242.8267362,in_progress"
1592088243840,"SIM_TRACE_LOG:1,68,6.6478,0.8293,14.2369,30.00,0.33,6,0.6410,False,True,16.3385,13,17.67,1592088242.9006767,in_progress"
1592088243840,"SIM_TRACE_LOG:1,69,6.6889,0.8520,18.1238,30.00,1.00,8,0.8010,False,True,16.6529,13,17.67,1592088242.966677,in_progress"
1592088243840,"SIM_TRACE_LOG:1,70,6.7275,0.8787,22.8298,30.00,0.33,6,0.6410,False,True,16.9180,13,17.67,1592088243.0290015,in_progress"
1592088243840,"SIM_TRACE_LOG:1,71,6.7596,0.9052,27.2561,30.00,1.00,8,0.8010,False,True,17.1519,14,17.67,1592088243.0988019,in_progress"
1592088243840,"SIM_TRACE_LOG:1,72,6.7970,0.9436,33.1588,-30.00,1.00,2,0.8010,False,True,17.4955,14,17.67,1592088243.1609402,in_progress"
1592088243840,"SIM_TRACE_LOG:1,73,6.8337,0.9860,38.4205,30.00,0.67,7,0.6410,False,True,17.8076,14,17.67,1592088243.2298632,in_progress"
1592088243840,"SIM_TRACE_LOG:1,74,6.8794,1.0453,44.2913,30.00,0.67,7,0.6410,False,True,18.2193,15,17.67,1592088243.2930999,in_progress"
1592088243840,"SIM_TRACE_LOG:1,75,6.9019,1.0835,48.4477,0.00,0.33,3,0.8010,False,True,18.4539,15,17.67,1592088243.3606467,in_progress"
1592088243840,"SIM_TRACE_LOG:1,76,6.9246,1.1269,52.6589,0.00,0.33,3,0.8010,False,True,18.8944,15,17.67,1592088243.4252746,in_progress"
1592088243840,"SIM_TRACE_LOG:1,77,6.9416,1.1629,55.6625,30.00,0.67,7,0.6410,False,True,19.1150,15,17.67,1592088243.4872022,in_progress"
1592088243840,"SIM_TRACE_LOG:1,78,6.9546,1.1958,58.5099,-30.00,0.67,1,0.6410,False,True,19.3080,16,17.67,1592088243.5588827,in_progress"
1592088243840,"SIM_TRACE_LOG:1,79,6.9714,1.2406,61.6763,30.00,0.67,7,0.6410,False,True,19.5678,16,17.67,1592088243.6222327,in_progress"
1592088243840,"SIM_TRACE_LOG:1,80,6.9872,1.2853,64.1494,0.00,1.00,5,1.0010,False,True,19.9608,16,17.67,1592088243.694688,in_progress"
1592088243840,"SIM_TRACE_LOG:1,81,7.0040,1.3404,67.1941,30.00,0.33,6,0.6410,False,True,20.5587,17,17.67,1592088243.759602,in_progress"
1592088243840,"SIM_TRACE_LOG:1,82,7.0151,1.3865,69.9818,30.00,0.67,7,0.6410,False,True,20.8275,17,17.67,1592088243.8264718,in_progress"
1592088244881,"SIM_TRACE_LOG:1,83,7.0228,1.4361,73.1951,-30.00,0.33,0,0.6410,False,True,21.1108,17,17.67,1592088243.8974009,in_progress"
1592088244881,"SIM_TRACE_LOG:1,84,7.0279,1.4767,75.6705,-30.00,0.33,0,0.6410,False,True,21.3410,17,17.67,1592088243.965176,in_progress"
1592088244881,"SIM_TRACE_LOG:1,85,7.0320,1.5028,76.5806,-30.00,0.33,0,0.6410,False,True,21.4899,17,17.67,1592088244.028588,in_progress"
1592088244881,"SIM_TRACE_LOG:1,86,7.0385,1.5354,77.0058,0.00,1.00,5,1.0010,False,True,21.6780,17,17.67,1592088244.0974,in_progress"
1592088244881,"SIM_TRACE_LOG:1,87,7.0446,1.5625,77.0836,-30.00,1.00,2,0.8010,False,True,21.8352,18,17.67,1592088244.1607988,in_progress"
1592088244881,"SIM_TRACE_LOG:1,88,7.0564,1.6119,76.9199,30.00,0.33,6,0.6410,False,True,22.1226,18,17.67,1592088244.234795,in_progress"
1592088244881,"SIM_TRACE_LOG:1,89,7.0720,1.6711,76.3389,30.00,0.67,7,0.6410,False,True,22.4690,18,17.67,1592088244.2937226,in_progress"
1592088244881,"SIM_TRACE_LOG:1,90,7.0823,1.7190,76.8178,0.00,0.67,4,0.8010,False,True,22.7462,18,17.67,1592088244.3633356,in_progress"
1592088244881,"SIM_TRACE_LOG:1,91,7.0914,1.7645,77.2825,0.00,0.67,4,0.8010,False,True,23.0085,18,17.67,1592088244.4351366,in_progress"
1592088244881,"SIM_TRACE_LOG:1,92,7.1012,1.8142,77.7488,-30.00,1.00,2,0.8010,False,True,23.6671,20,17.67,1592088244.4957023,in_progress"
1592088244881,"SIM_TRACE_LOG:1,93,7.1126,1.8652,77.6085,0.00,1.00,5,1.0010,False,True,24.1202,20,17.67,1592088244.5658727,in_progress"
1592088244881,"SIM_TRACE_LOG:1,94,7.1288,1.9321,77.1546,30.00,0.67,7,0.6410,False,True,24.4441,20,17.67,1592088244.6268942,in_progress"
1592088244881,"SIM_TRACE_LOG:1,95,7.1423,1.9957,77.5075,30.00,0.67,7,0.6410,False,True,24.7558,20,17.67,1592088244.695629,in_progress"
1592088244881,"SIM_TRACE_LOG:1,96,7.1510,2.0526,78.8287,30.00,0.67,7,0.6410,False,True,25.0407,20,17.67,1592088244.7602775,in_progress"
1592088244881,"SIM_TRACE_LOG:1,97,7.1549,2.0965,80.4650,30.00,0.33,6,0.6410,False,True,25.2662,21,17.67,1592088244.8334692,in_progress"
1592088245922,"SIM_TRACE_LOG:1,98,7.1560,2.1405,82.6902,0.00,0.67,4,0.8010,False,True,25.4978,21,17.67,1592088244.897766,in_progress"
1592088245922,"SIM_TRACE_LOG:1,99,7.1553,2.1738,84.5189,30.00,1.00,8,0.8010,False,True,25.6764,21,17.67,1592088244.9647455,in_progress"
1592088245922,"SIM_TRACE_LOG:1,100,7.1515,2.2249,87.5494,0.00,0.33,3,0.8010,False,True,25.9549,21,17.67,1592088245.0291774,in_progress"
1592088245922,"SIM_TRACE_LOG:1,101,7.1444,2.2802,91.0315,0.00,0.33,3,0.8010,False,True,26.2625,21,17.67,1592088245.09627,in_progress"
1592088245922,"SIM_TRACE_LOG:1,102,7.1366,2.3291,93.4438,30.00,0.33,6,0.6410,False,True,26.4643,21,17.67,1592088245.1608021,in_progress"
1592088245922,"SIM_TRACE_LOG:1,103,7.1296,2.3622,95.2319,30.00,1.00,8,0.8010,False,True,26.6356,21,17.67,1592088245.2316356,in_progress"
1592088245922,"SIM_TRACE_LOG:1,104,7.1177,2.4021,98.2009,-30.00,0.67,1,0.6410,False,True,26.8546,21,17.67,1592088245.3002915,in_progress"
1592088245922,"SIM_TRACE_LOG:1,105,7.1062,2.4392,100.3655,30.00,1.00,8,0.8010,False,True,27.0595,22,17.67,1592088245.3661642,in_progress"
1592088245922,"SIM_TRACE_LOG:1,106,7.0880,2.4919,103.2496,30.00,1.00,8,0.8010,False,True,27.3021,22,17.67,1592088245.431431,in_progress"
1592088245922,"SIM_TRACE_LOG:1,107,7.0595,2.5551,107.6126,30.00,1.00,8,0.8010,False,True,27.5724,22,17.67,1592088245.4993794,in_progress"
1592088245922,"SIM_TRACE_LOG:1,108,7.0300,2.6071,111.7973,0.00,0.33,3,0.8010,False,True,27.8868,22,17.67,1592088245.5626388,in_progress"
1592088245922,"SIM_TRACE_LOG:1,109,7.0025,2.6492,115.1700,30.00,1.00,8,0.8010,False,True,28.1569,22,17.67,1592088245.6314466,in_progress"
1592088245922,"SIM_TRACE_LOG:1,110,6.9602,2.7047,120.0603,0.00,0.33,3,0.8010,False,True,28.5401,23,17.67,1592088245.698862,in_progress"
1592088245922,"SIM_TRACE_LOG:1,111,6.9194,2.7510,124.1506,-30.00,1.00,2,0.8010,False,True,28.8842,23,17.67,1592088245.7641044,in_progress"
1592088245922,"SIM_TRACE_LOG:1,112,6.8843,2.7902,126.5800,-30.00,0.67,1,0.6410,False,True,29.1781,23,17.67,1592088245.829817,in_progress"
1592088245922,"SIM_TRACE_LOG:1,113,6.8474,2.8355,127.4352,0.00,1.00,5,1.0010,False,True,29.3659,23,17.67,1592088245.8980594,in_progress"
1592088246961,"SIM_TRACE_LOG:1,114,6.8033,2.8895,128.2010,0.00,1.00,5,0.0010,False,False,29.4944,23,17.67,1592088245.964448,in_progress"
1592088246961,"SIM_TRACE_LOG:1,115,6.7593,2.9425,128.8008,-30.00,1.00,2,0.0010,False,False,29.8396,23,17.67,1592088246.0331266,in_progress"
1592088246961,"SIM_TRACE_LOG:1,116,6.7169,2.9960,128.6365,30.00,1.00,8,0.0010,False,False,30.1770,24,17.67,1592088246.0985038,in_progress"
1592088246961,"SIM_TRACE_LOG:1,117,6.6690,3.0578,128.3117,30.00,0.33,6,0.0010,False,False,30.5325,24,17.67,1592088246.1648908,in_progress"
1592088246961,"SIM_TRACE_LOG:1,118,6.6351,3.0965,129.2990,-30.00,0.67,1,0.0010,False,False,30.5325,24,17.67,1592088246.2304215,in_progress"
1592088246961,"SIM_TRACE_LOG:1,119,6.6039,3.1313,130.0045,30.00,0.33,6,0.0010,False,False,30.5325,24,17.67,1592088246.2962875,in_progress"
1592088246961,"SIM_TRACE_LOG:1,120,6.5764,3.1637,130.0028,-30.00,0.33,0,0.0010,True,False,30.5616,24,17.67,1592088246.368332,off_track"
1592088246961,"SIM_TRACE_LOG:2,1,4.8172,0.6839,0.0138,30.00,0.33,6,0.6410,False,True,0.7923,6,17.67,1592088246.834028,in_progress"
1592088246961,"SIM_TRACE_LOG:2,2,4.8211,0.6834,-0.1742,30.00,1.00,8,0.8010,False,True,0.8148,6,17.67,1592088246.9040215,in_progress"
1592088248001,"SIM_TRACE_LOG:2,3,4.8429,0.6819,-0.7335,0.00,0.33,3,0.8010,False,True,0.9377,6,17.67,1592088246.9690533,in_progress"
1592088248001,"SIM_TRACE_LOG:2,4,4.8677,0.6804,-1.0874,0.00,0.33,3,0.8010,False,True,1.0784,6,17.67,1592088247.0350084,in_progress"
1592088248001,"SIM_TRACE_LOG:2,5,4.8924,0.6792,-1.3690,30.00,1.00,8,0.8010,False,True,1.2178,6,17.67,1592088247.1055365,in_progress"
1592088248001,"SIM_TRACE_LOG:2,6,4.9173,0.6787,-1.3505,0.00,0.33,3,0.8010,False,True,1.3588,6,17.67,1592088247.1678958,in_progress"
1592088248001,"SIM_TRACE_LOG:2,7,4.9474,0.6785,-0.7013,0.00,0.67,4,0.8010,False,True,1.5292,7,17.67,1592088247.2370012,in_progress"
1592088248001,"SIM_TRACE_LOG:2,8,4.9785,0.6785,-0.5164,-30.00,0.33,0,0.6410,False,True,1.7050,7,17.67,1592088247.306776,in_progress"
1592088248001,"SIM_TRACE_LOG:2,9,5.0122,0.6772,-0.8424,0.00,0.67,4,0.8010,False,True,1.8956,7,17.67,1592088247.3738549,in_progress"
1592088248001,"SIM_TRACE_LOG:2,10,5.0429,0.6759,-1.2802,0.00,0.33,3,0.8010,False,True,2.0694,7,17.67,1592088247.4364202,in_progress"
1592088248001,"SIM_TRACE_LOG:2,11,5.0752,0.6739,-1.8352,0.00,0.67,4,0.8010,False,True,2.2525,7,17.67,1592088247.5064278,in_progress"
1592088248001,"SIM_TRACE_LOG:2,12,5.1145,0.6713,-2.3101,0.00,0.67,4,0.8010,False,True,2.4747,7,17.67,1592088247.5775821,in_progress"
1592088248001,"SIM_TRACE_LOG:2,13,5.1645,0.6680,-2.7364,0.00,0.67,4,0.8010,False,True,2.7574,7,17.67,1592088247.6406128,in_progress"
1592088248001,"SIM_TRACE_LOG:2,14,5.2141,0.6644,-3.1388,0.00,1.00,5,1.0010,False,True,3.0381,7,17.67,1592088247.706558,in_progress"
1592088248001,"SIM_TRACE_LOG:2,15,5.2593,0.6610,-3.4499,30.00,0.33,6,0.6410,False,True,3.2939,7,17.67,1592088247.7723455,in_progress"
1592088248001,"SIM_TRACE_LOG:2,16,5.3133,0.6587,-3.1266,30.00,0.33,6,0.6410,False,True,3.5994,7,17.67,1592088247.8384979,in_progress"
1592088248001,"SIM_TRACE_LOG:2,17,5.3602,0.6599,-1.8045,30.00,0.67,7,0.6410,False,True,3.8654,7,17.67,1592088247.9055603,in_progress"
1592088248001,"SIM_TRACE_LOG:2,18,5.3987,0.6630,-0.2233,-30.00,0.33,0,0.6410,False,True,4.0830,8,17.67,1592088247.9726672,in_progress"
1592088249052,"SIM_TRACE_LOG:2,19,5.4402,0.6671,1.3569,30.00,1.00,8,0.8010,False,True,4.3177,8,17.67,1592088248.0380366,in_progress"
1592088249052,"SIM_TRACE_LOG:2,20,5.4883,0.6723,2.8300,-30.00,0.33,0,0.6410,False,True,4.5899,8,17.67,1592088248.106119,in_progress"
1592088249052,"SIM_TRACE_LOG:2,21,5.5301,0.6776,4.2497,-30.00,1.00,2,0.8010,False,True,4.8266,8,17.67,1592088248.173284,in_progress"
1592088249052,"SIM_TRACE_LOG:2,22,5.5809,0.6818,4.3965,-30.00,0.67,1,0.6410,False,True,5.1139,8,17.67,1592088248.2364206,in_progress"
1592088249052,"SIM_TRACE_LOG:2,23,5.6096,0.6832,4.1166,-30.00,1.00,2,0.8010,False,True,5.2762,9,17.67,1592088248.3061185,in_progress"
1592088249052,"SIM_TRACE_LOG:2,24,5.6787,0.6826,2.2561,0.00,0.33,3,0.8010,False,True,5.6676,9,17.67,1592088248.3716278,in_progress"
1592088249052,"SIM_TRACE_LOG:2,25,5.7380,0.6792,0.2465,-30.00,1.00,2,0.8010,False,True,6.0028,9,17.67,1592088248.4419484,in_progress"
1592088249052,"SIM_TRACE_LOG:2,26,5.8003,0.6719,-2.3530,0.00,0.67,4,0.8010,False,True,6.3547,9,17.67,1592088248.5049582,in_progress"
1592088249052,"SIM_TRACE_LOG:2,27,5.8643,0.6609,-5.1961,-30.00,0.67,1,0.6410,False,True,6.7157,9,17.67,1592088248.575241,in_progress"
1592088249052,"SIM_TRACE_LOG:2,28,5.9044,0.6518,-7.3904,0.00,0.67,4,0.8010,False,True,6.9417,9,17.67,1592088248.7077506,in_progress"
1592088249052,"SIM_TRACE_LOG:2,29,5.9044,0.6518,-7.3904,30.00,1.00,8,0.8010,False,True,6.9417,9,17.67,1592088248.7751098,in_progress"
1592088249052,"SIM_TRACE_LOG:2,30,6.0556,0.5947,-16.8154,30.00,0.67,7,0.6410,False,True,7.7922,10,17.67,1592088248.8951836,in_progress"
1592088249052,"SIM_TRACE_LOG:2,31,6.1682,0.5533,-18.6913,30.00,0.67,7,0.6410,False,True,8.4257,10,17.67,1592088248.963805,in_progress"
1592088249052,"SIM_TRACE_LOG:2,32,6.1862,0.5478,-18.5270,30.00,1.00,8,0.8010,False,True,8.5273,10,17.67,1592088248.9938765,in_progress"
1592088249052,"SIM_TRACE_LOG:2,33,6.2007,0.5436,-18.2817,30.00,0.33,6,0.6410,False,True,8.6088,10,17.67,1592088249.0417762,in_progress"
1592088250107,"SIM_TRACE_LOG:2,34,6.2366,0.5346,-17.2955,30.00,1.00,8,0.8010,False,True,8.8108,10,17.67,1592088249.1079454,in_progress"
1592088250107,"SIM_TRACE_LOG:2,35,6.2866,0.5257,-15.0585,0.00,0.67,4,0.8010,False,True,9.0929,10,17.67,1592088249.7732847,in_progress"