@timestamp,@message
1593393759004,"SIM_TRACE_LOG:0,1,3.0500,0.6833,0.0239,-10.00,1.33,6,28.7286,False,True,0.7922,0,17.67,1593393758.5422368,in_progress"
1593393759004,"SIM_TRACE_LOG:0,2,3.0490,0.6850,0.6835,10.00,1.33,12,14.7635,False,True,0.7865,0,17.67,1593393758.5768301,in_progress"
1593393759004,"SIM_TRACE_LOG:0,3,3.0485,0.6878,1.8059,-10.00,1.33,6,10.1419,False,True,0.7836,0,17.67,1593393758.6407704,in_progress"
1593393759004,"SIM_TRACE_LOG:0,4,3.0476,0.6988,6.1519,-10.00,1.33,6,7.8151,False,True,0.7789,0,17.67,1593393758.7094638,in_progress"
1593393759004,"SIM_TRACE_LOG:0,5,3.0506,0.7161,12.7470,0.00,1.33,9,6.5700,False,True,0.7957,0,17.67,1593393758.7771225,in_progress"
1593393759004,"SIM_TRACE_LOG:0,6,3.0553,0.7321,18.4145,-30.00,1.33,0,5.7966,False,True,0.8223,0,17.67,1593393758.842623,in_progress"
1593393759004,"SIM_TRACE_LOG:0,7,3.0712,0.7734,30.8924,-30.00,1.33,0,5.5618,False,True,0.9124,0,17.67,1593393758.9096627,in_progress"
1593393759004,"SIM_TRACE_LOG:0,8,3.0877,0.8152,40.7081,-10.00,1.33,6,5.4008,False,True,1.0059,0,17.67,1593393758.9739761,in_progress"
1593393760036,"SIM_TRACE_LOG:0,9,3.1060,0.8753,52.1112,0.00,1.33,9,5.3153,False,True,1.1097,0,17.67,1593393759.0479777,in_progress"
1593393760036,"SIM_TRACE_LOG:0,10,3.1176,0.9574,65.4399,-10.00,1.33,6,-19.5659,False,False,1.1752,1,17.67,1593393759.1055195,in_progress"
1593393760036,"SIM_TRACE_LOG:0,11,3.1186,1.0275,74.7844,10.00,1.33,12,-17.7888,False,False,1.1810,1,17.67,1593393759.1741548,in_progress"
1593393760036,"SIM_TRACE_LOG:0,12,3.1115,1.1050,83.5674,20.00,1.33,15,-15.6454,False,False,1.1414,0,17.67,1593393759.2410474,in_progress"
1593393760036,"SIM_TRACE_LOG:0,13,3.0935,1.1935,92.2483,10.00,4.00,14,-12.9894,True,False,1.0392,0,17.67,1593393759.309007,off_track"
1593393760036,"SIM_TRACE_LOG:1,1,3.9336,0.6836,0.0308,0.00,1.33,9,28.7309,False,True,0.7923,4,17.67,1593393759.7776146,in_progress"
1593393760036,"SIM_TRACE_LOG:1,2,3.9401,0.6845,0.3997,-10.00,1.33,6,15.5089,False,True,0.8291,4,17.67,1593393759.8455,in_progress"
1593393760036,"SIM_TRACE_LOG:1,3,3.9593,0.6877,1.5452,-10.00,1.33,6,11.9387,False,True,0.9376,4,17.67,1593393759.908969,in_progress"
1593393760036,"SIM_TRACE_LOG:1,4,3.9895,0.6919,2.7773,-10.00,1.33,6,10.7026,False,True,1.1089,4,17.67,1593393759.978869,in_progress"
1593393761071,"SIM_TRACE_LOG:1,5,4.0481,0.6990,4.1823,-10.00,1.33,6,11.0813,False,True,1.4402,4,17.67,1593393760.044589,in_progress"
1593393761071,"SIM_TRACE_LOG:1,6,4.1013,0.7056,5.0995,-20.00,1.33,3,11.1584,False,True,1.7414,4,17.67,1593393760.1123986,in_progress"
1593393761071,"SIM_TRACE_LOG:1,7,4.1791,0.7145,5.7495,-20.00,1.33,3,11.9076,False,True,2.1815,4,17.67,1593393760.1799836,in_progress"
1593393761071,"SIM_TRACE_LOG:1,8,4.2677,0.7238,5.8579,0.00,1.33,9,12.7391,False,True,2.6832,4,17.67,1593393760.245705,in_progress"
1593393761071,"SIM_TRACE_LOG:1,9,4.3658,0.7338,5.8304,0.00,1.33,9,13.5940,False,True,3.2385,5,17.67,1593393760.3112583,in_progress"
1593393761071,"SIM_TRACE_LOG:1,10,4.4473,0.7420,5.8044,0.00,1.33,9,13.9473,False,True,3.6992,5,17.67,1593393760.376407,in_progress"
1593393761071,"SIM_TRACE_LOG:1,11,4.5497,0.7521,5.7051,0.00,1.33,9,14.6142,False,True,4.2787,6,17.67,1593393760.4434676,in_progress"
1593393761071,"SIM_TRACE_LOG:1,12,4.6409,0.7609,5.6412,0.00,1.33,9,14.9848,False,True,4.7948,6,17.67,1593393760.5088732,in_progress"
1593393761071,"SIM_TRACE_LOG:1,13,4.7209,0.7686,5.5911,0.00,1.33,9,15.1278,False,True,5.2475,6,17.67,1593393760.5789406,in_progress"
1593393761071,"SIM_TRACE_LOG:1,14,4.8345,0.7794,5.4917,-10.00,2.67,7,15.7259,False,True,5.8903,6,17.67,1593393760.6449678,in_progress"
1593393761071,"SIM_TRACE_LOG:1,15,4.9287,0.7856,4.5832,-30.00,1.33,0,15.9887,False,True,6.4237,6,17.67,1593393760.7125788,in_progress"
1593393761071,"SIM_TRACE_LOG:1,16,5.0340,0.7862,2.3520,0.00,1.33,9,16.3555,False,True,7.0197,7,17.67,1593393760.7796152,in_progress"
1593393761071,"SIM_TRACE_LOG:1,17,5.1280,0.7814,-0.2457,0.00,1.33,9,16.5472,False,True,7.5515,7,17.67,1593393760.8486366,in_progress"
1593393761071,"SIM_TRACE_LOG:1,18,5.2201,0.7747,-2.0655,0.00,1.33,9,16.6966,False,True,8.0725,7,17.67,1593393760.9133275,in_progress"
1593393761071,"SIM_TRACE_LOG:1,19,5.3103,0.7667,-3.4753,10.00,1.33,12,16.8102,False,True,8.5827,7,17.67,1593393760.977091,in_progress"
1593393761071,"SIM_TRACE_LOG:1,20,5.4102,0.7584,-4.1073,0.00,1.33,9,17.0091,False,True,9.1481,8,17.67,1593393761.0480852,in_progress"
1593393762112,"SIM_TRACE_LOG:1,21,5.5015,0.7498,-4.7210,0.00,1.33,9,17.1080,False,True,9.6648,8,17.67,1593393761.113494,in_progress"
1593393762112,"SIM_TRACE_LOG:1,22,5.5899,0.7406,-5.2980,-10.00,1.33,6,17.1715,False,True,10.1650,8,17.67,1593393761.1812625,in_progress"
1593393762112,"SIM_TRACE_LOG:1,23,5.6836,0.7288,-6.2438,10.00,1.33,12,17.2755,False,True,10.6953,9,17.67,1593393761.2472916,in_progress"
1593393762112,"SIM_TRACE_LOG:1,24,5.7843,0.7148,-7.0365,10.00,1.33,12,17.4324,False,True,11.2679,9,17.67,1593393761.3139174,in_progress"
1593393762112,"SIM_TRACE_LOG:1,25,5.8795,0.7028,-7.1042,10.00,1.33,12,17.5275,False,True,11.8054,9,17.67,1593393761.3800871,in_progress"
1593393762112,"SIM_TRACE_LOG:1,26,5.9761,0.6921,-6.7055,10.00,1.33,12,17.6266,False,True,12.3512,9,17.67,1593393761.4467902,in_progress"
1593393762112,"SIM_TRACE_LOG:1,27,6.0660,0.6839,-5.9923,10.00,1.33,12,17.6692,False,True,12.8591,10,17.67,1593393761.5164702,in_progress"
1593393762112,"SIM_TRACE_LOG:1,28,6.1605,0.6775,-4.9588,10.00,1.33,12,17.7412,False,True,13.3929,10,17.67,1593393761.5816963,in_progress"
1593393762112,"SIM_TRACE_LOG:1,29,6.2566,0.6735,-3.6816,10.00,1.33,12,17.8199,False,True,13.9365,10,17.67,1593393761.6508553,in_progress"
1593393762112,"SIM_TRACE_LOG:1,30,6.3515,0.6722,-2.2529,30.00,1.33,18,17.8694,False,True,14.4595,10,17.67,1593393761.7139676,in_progress"
1593393762112,"SIM_TRACE_LOG:1,31,6.4236,0.6738,-0.8314,20.00,1.33,15,17.7837,False,True,14.8656,11,17.67,1593393761.7821999,in_progress"
1593393762112,"SIM_TRACE_LOG:1,32,6.5333,0.6833,2.4125,20.00,2.67,16,17.8708,False,True,15.4247,12,17.67,1593393761.852683,in_progress"
1593393762112,"SIM_TRACE_LOG:1,33,6.6444,0.7024,6.7359,30.00,1.33,18,18.0199,False,True,16.0474,13,17.67,1593393761.9175367,in_progress"
1593393762112,"SIM_TRACE_LOG:1,34,6.7285,0.7262,11.5019,20.00,1.33,15,18.0251,False,True,16.5386,13,17.67,1593393761.981866,in_progress"
1593393762112,"SIM_TRACE_LOG:1,35,6.8081,0.7571,16.0540,20.00,1.33,15,17.9421,False,True,16.9421,13,17.67,1593393762.0542386,in_progress"
1593393763147,"SIM_TRACE_LOG:1,36,6.9226,0.8152,22.8160,30.00,1.33,18,18.1067,False,True,17.5955,14,17.67,1593393762.1226628,in_progress"
1593393763147,"SIM_TRACE_LOG:1,37,6.9946,0.8610,27.2746,30.00,1.33,18,18.0987,False,True,18.0757,15,17.67,1593393762.1856287,in_progress"
1593393763147,"SIM_TRACE_LOG:1,38,7.0710,0.9190,32.2795,30.00,1.33,18,18.1102,False,True,18.5767,15,17.67,1593393762.2525926,in_progress"
1593393763147,"SIM_TRACE_LOG:1,39,7.1343,0.9760,36.7587,30.00,1.33,18,17.9840,False,True,18.9250,15,17.67,1593393762.3181381,in_progress"
1593393763147,"SIM_TRACE_LOG:1,40,7.1878,1.0322,40.8774,30.00,1.33,18,17.9406,False,True,19.3607,16,17.67,1593393762.3835013,in_progress"
1593393763147,"SIM_TRACE_LOG:1,41,7.2501,1.1099,46.2678,20.00,2.67,16,17.9073,False,True,19.8057,16,17.67,1593393762.4541605,in_progress"
1593393763147,"SIM_TRACE_LOG:1,42,7.3117,1.2081,53.1766,20.00,2.67,16,17.9486,False,True,20.3384,17,17.67,1593393762.5159922,in_progress"
1593393763147,"SIM_TRACE_LOG:1,43,7.3470,1.2844,58.7377,20.00,1.33,15,17.8345,False,True,20.6824,17,17.67,1593393762.584379,in_progress"
1593393763147,"SIM_TRACE_LOG:1,44,7.3759,1.3656,65.6436,30.00,1.33,18,17.8371,False,True,21.1667,17,17.67,1593393762.6551516,in_progress"
1593393763147,"SIM_TRACE_LOG:1,45,7.4073,1.5068,75.4481,20.00,1.33,15,18.0997,False,True,21.9853,18,17.67,1593393762.7224672,in_progress"
1593393763147,"SIM_TRACE_LOG:1,46,7.4157,1.6002,80.1308,10.00,1.33,12,18.1281,False,True,22.5112,18,17.67,1593393762.783982,in_progress"
1593393763147,"SIM_TRACE_LOG:1,47,7.4166,1.6924,84.7437,20.00,2.67,16,18.1434,False,True,23.0212,18,17.67,1593393762.8543549,in_progress"
1593393763147,"SIM_TRACE_LOG:1,48,7.4080,1.7945,90.2762,30.00,1.33,18,17.9992,False,True,23.3131,18,17.67,1593393762.918433,in_progress"
1593393763147,"SIM_TRACE_LOG:1,49,7.3866,1.8955,97.4754,10.00,1.33,12,18.0039,False,True,23.8055,20,17.67,1593393762.9859526,in_progress"
1593393763147,"SIM_TRACE_LOG:1,50,7.3524,1.9971,103.6564,20.00,1.33,15,18.0473,False,True,24.3533,20,17.67,1593393763.0552344,in_progress"
1593393763147,"SIM_TRACE_LOG:1,51,7.3113,2.0891,109.0990,10.00,1.33,12,18.1035,False,True,24.9222,20,17.67,1593393763.120453,in_progress"
1593393764183,"SIM_TRACE_LOG:1,52,7.2667,2.1687,114.0152,30.00,1.33,18,18.1174,False,True,25.4316,21,17.67,1593393763.1841495,in_progress"
1593393764183,"SIM_TRACE_LOG:1,53,7.2230,2.2333,118.2102,10.00,4.00,14,18.0773,False,True,25.8599,21,17.67,1593393763.2545052,in_progress"
1593393764183,"SIM_TRACE_LOG:1,54,7.1504,2.3239,124.4201,30.00,2.67,19,18.1458,False,True,26.4535,21,17.67,1593393763.320632,in_progress"
1593393764183,"SIM_TRACE_LOG:1,55,7.0796,2.3911,131.0797,10.00,1.33,12,18.1432,False,True,26.9393,22,17.67,1593393763.3851542,in_progress"
1593393764183,"SIM_TRACE_LOG:1,56,6.9820,2.4650,140.7653,10.00,1.33,12,18.2472,False,True,27.5955,22,17.67,1593393763.4546015,in_progress"
1593393764183,"SIM_TRACE_LOG:1,57,6.8941,2.5157,148.0715,20.00,1.33,15,18.2929,False,True,28.1628,22,17.67,1593393763.5238724,in_progress"
1593393764183,"SIM_TRACE_LOG:1,58,6.7941,2.5566,153.6377,20.00,1.33,15,18.3486,False,True,28.7491,23,17.67,1593393763.5880802,in_progress"
1593393764183,"SIM_TRACE_LOG:1,59,6.7110,2.5818,157.9985,20.00,1.33,15,18.3251,False,True,29.2052,23,17.67,1593393763.6578622,in_progress"
1593393764183,"SIM_TRACE_LOG:1,60,6.6149,2.6017,163.0735,0.00,1.33,9,18.4146,False,True,29.8536,23,17.67,1593393763.7232492,in_progress"
1593393764183,"SIM_TRACE_LOG:1,61,6.5254,2.6117,168.0187,0.00,1.33,9,18.4097,False,True,30.3427,24,17.67,1593393763.787823,in_progress"
1593393764183,"SIM_TRACE_LOG:1,62,6.4481,2.6150,172.0143,-20.00,1.33,3,18.4820,False,True,30.9681,24,17.67,1593393763.8537533,in_progress"
1593393764183,"SIM_TRACE_LOG:1,63,6.3469,2.6163,175.7130,0.00,1.33,9,18.5215,False,True,31.5387,24,17.67,1593393763.9243977,in_progress"
1593393764183,"SIM_TRACE_LOG:1,64,6.2493,2.6160,177.9687,0.00,1.33,9,18.5482,False,True,32.0882,25,17.67,1593393763.9898562,in_progress"
1593393764183,"SIM_TRACE_LOG:1,65,6.1360,2.6128,179.9861,0.00,1.33,9,18.6206,False,True,32.7239,25,17.67,1593393764.0556865,in_progress"
1593393764183,"SIM_TRACE_LOG:1,66,6.0483,2.6089,-178.8178,-10.00,2.67,7,18.6690,False,True,33.3187,25,17.67,1593393764.1230395,in_progress"
1593393765359,"SIM_TRACE_LOG:1,67,5.9542,2.6044,-178.0237,-10.00,2.67,7,18.6836,False,True,33.8515,26,17.67,1593393764.1899488,in_progress"
1593393765359,"SIM_TRACE_LOG:1,68,5.8367,2.5985,-177.5172,-30.00,1.33,0,18.7659,False,True,34.5166,26,17.67,1593393764.2567046,in_progress"
1593393765359,"SIM_TRACE_LOG:1,69,5.7258,2.5982,-178.3974,-30.00,1.33,0,18.8268,False,True,35.1442,27,17.67,1593393764.323497,in_progress"
1593393765359,"SIM_TRACE_LOG:1,70,5.6418,2.6022,179.5929,-10.00,2.67,7,18.8097,False,True,35.6195,28,17.67,1593393764.39273,in_progress"
1593393765359,"SIM_TRACE_LOG:1,71,5.5228,2.6155,176.0238,0.00,1.33,9,18.8905,False,True,36.2922,28,17.67,1593393764.4580176,in_progress"
1593393765359,"SIM_TRACE_LOG:1,72,5.4066,2.6337,172.3405,0.00,1.33,9,18.9612,False,True,36.9488,29,17.67,1593393764.5254405,in_progress"
1593393765359,"SIM_TRACE_LOG:1,73,5.3062,2.6527,170.6518,-10.00,1.33,6,18.9872,False,True,37.5161,29,17.67,1593393764.5924945,in_progress"
1593393765359,"SIM_TRACE_LOG:1,74,5.2159,2.6739,168.7805,-30.00,1.33,0,18.9853,False,True,38.0261,29,17.67,1593393764.6651006,in_progress"
1593393765359,"SIM_TRACE_LOG:1,75,5.1264,2.7005,166.2015,-10.00,1.33,6,18.9812,False,True,38.5311,29,17.67,1593393764.725107,in_progress"
1593393765359,"SIM_TRACE_LOG:1,76,5.0402,2.7325,162.9811,-10.00,1.33,6,18.9602,False,True,38.9993,30,17.67,1593393764.7938297,in_progress"
1593393765359,"SIM_TRACE_LOG:1,77,4.9462,2.7736,159.5193,-10.00,1.33,6,18.9772,False,True,39.5499,32,17.67,1593393764.857161,in_progress"
1593393765359,"SIM_TRACE_LOG:1,78,4.8618,2.8160,156.4315,-10.00,1.33,6,18.9831,False,True,40.0767,32,17.67,1593393764.9236336,in_progress"
1593393765359,"SIM_TRACE_LOG:1,79,4.7771,2.8642,153.3317,-10.00,1.33,6,18.9948,False,True,40.6168,32,17.67,1593393764.9963043,in_progress"
1593393765359,"SIM_TRACE_LOG:1,80,4.6936,2.9176,150.2811,-10.00,1.33,6,19.0071,False,True,41.1590,33,17.67,1593393765.0597398,in_progress"
1593393765359,"SIM_TRACE_LOG:1,81,4.6140,2.9742,147.3530,-10.00,1.33,6,19.0126,False,True,41.6864,33,17.67,1593393765.1254766,in_progress"
1593393765359,"SIM_TRACE_LOG:1,82,4.5462,3.0273,144.8386,-10.00,1.33,6,19.0917,False,True,42.3862,33,17.67,1593393765.1889572,in_progress"
1593393765359,"SIM_TRACE_LOG:1,83,4.4809,3.0829,142.3856,-10.00,1.33,6,19.0784,False,True,42.8716,33,17.67,1593393765.2602487,in_progress"
1593393765359,"SIM_TRACE_LOG:1,84,4.3968,3.1619,139.1725,-10.00,1.33,6,19.1353,False,True,43.5247,34,17.67,1593393765.3261108,in_progress"
1593393766391,"SIM_TRACE_LOG:1,85,4.3430,3.2172,137.0532,-20.00,1.33,3,19.1012,False,True,43.9600,34,17.67,1593393765.392728,in_progress"
1593393766391,"SIM_TRACE_LOG:1,86,4.2760,3.2943,133.8638,-10.00,1.33,6,19.1613,False,True,44.6248,34,17.67,1593393765.4636776,in_progress"
1593393766391,"SIM_TRACE_LOG:1,87,4.2106,3.3796,130.3823,-10.00,1.33,6,19.1972,False,True,45.2329,35,17.67,1593393765.5266974,in_progress"
1593393766391,"SIM_TRACE_LOG:1,88,4.1620,3.4494,127.8464,10.00,1.33,12,19.1813,False,True,45.7129,35,17.67,1593393765.593927,in_progress"
1593393766391,"SIM_TRACE_LOG:1,89,4.1129,3.5238,125.7417,0.00,1.33,9,19.1743,False,True,46.2145,36,17.67,1593393765.6635938,in_progress"
1593393766391,"SIM_TRACE_LOG:1,90,4.0706,3.5890,124.5963,0.00,1.33,9,19.1424,False,True,46.6518,36,17.67,1593393765.7279685,in_progress"
1593393766391,"SIM_TRACE_LOG:1,91,4.0147,3.6787,123.1505,0.00,1.33,9,19.1711,False,True,47.2449,36,17.67,1593393765.79687,in_progress"
1593393766391,"SIM_TRACE_LOG:1,92,3.9602,3.7692,122.0482,10.00,1.33,12,19.1988,False,True,47.8368,37,17.67,1593393765.862224,in_progress"
1593393766391,"SIM_TRACE_LOG:1,93,3.9158,3.8444,121.3557,10.00,1.33,12,19.1871,False,True,48.3256,37,17.67,1593393765.9266806,in_progress"
1593393766391,"SIM_TRACE_LOG:1,94,3.8658,3.9278,121.1334,20.00,1.33,15,19.1962,False,True,48.8698,37,17.67,1593393765.9952948,in_progress"
1593393766391,"SIM_TRACE_LOG:1,95,3.8166,4.0033,122.0760,20.00,1.33,15,19.1914,False,True,49.3767,38,17.67,1593393766.0628748,in_progress"
1593393766391,"SIM_TRACE_LOG:1,96,3.7635,4.0778,123.7412,20.00,2.67,16,19.1904,False,True,49.8936,39,17.67,1593393766.130521,in_progress"
1593393766391,"SIM_TRACE_LOG:1,97,3.6876,4.1696,127.3543,20.00,1.33,15,19.2220,False,True,50.5010,39,17.67,1593393766.1939032,in_progress"
1593393766391,"SIM_TRACE_LOG:1,98,3.6184,4.2393,131.3471,20.00,1.33,15,19.2344,False,True,51.0564,39,17.67,1593393766.2648323,in_progress"
1593393766391,"SIM_TRACE_LOG:1,99,3.5404,4.3060,135.7536,20.00,1.33,15,19.2542,False,True,51.6333,40,17.67,1593393766.3251567,in_progress"
1593393767425,"SIM_TRACE_LOG:1,100,3.4693,4.3574,139.7054,10.00,4.00,14,19.2419,False,True,52.1198,40,17.67,1593393766.3948581,in_progress"
1593393767425,"SIM_TRACE_LOG:1,101,3.3762,4.4154,144.4146,10.00,4.00,14,19.2688,False,True,52.7184,40,17.67,1593393766.4633675,in_progress"
1593393767425,"SIM_TRACE_LOG:1,102,3.2743,4.4662,149.7282,20.00,1.33,15,19.2430,False,True,53.1654,41,17.67,1593393766.5268044,in_progress"
1593393767425,"SIM_TRACE_LOG:1,103,3.1697,4.5054,155.8277,10.00,1.33,12,19.2640,False,True,53.7482,42,17.67,1593393766.592576,in_progress"
1593393767425,"SIM_TRACE_LOG:1,104,3.0643,4.5330,161.6781,10.00,1.33,12,19.2683,False,True,54.2830,42,17.67,1593393766.661922,in_progress"
1593393767425,"SIM_TRACE_LOG:1,105,2.9609,4.5506,166.5021,0.00,1.33,9,19.2615,False,True,54.7846,43,17.67,1593393766.7262073,in_progress"
1593393767425,"SIM_TRACE_LOG:1,106,2.8649,4.5616,170.0167,0.00,1.33,9,19.2698,False,True,55.3314,44,17.67,1593393766.7959342,in_progress"
1593393767425,"SIM_TRACE_LOG:1,107,2.7637,4.5705,172.6048,10.00,1.33,12,19.2809,False,True,55.8872,45,17.67,1593393766.8589728,in_progress"
1593393767425,"SIM_TRACE_LOG:1,108,2.6791,4.5737,174.9412,10.00,1.33,12,19.2667,False,True,56.3658,45,17.67,1593393766.9292061,in_progress"
1593393767425,"SIM_TRACE_LOG:1,109,2.5773,4.5730,177.8054,10.00,1.33,12,19.2841,False,True,56.9418,46,17.67,1593393766.9965363,in_progress"
1593393767425,"SIM_TRACE_LOG:1,110,2.4714,4.5671,-179.2798,10.00,1.33,12,19.3054,False,True,57.5311,46,17.67,1593393767.0595896,in_progress"
1593393767425,"SIM_TRACE_LOG:1,111,2.3871,4.5586,-176.9739,-10.00,1.33,6,19.2912,False,True,58.0092,46,17.67,1593393767.127721,in_progress"
1593393767425,"SIM_TRACE_LOG:1,112,2.3016,4.5487,-175.3795,0.00,1.33,9,19.2797,False,True,58.4949,47,17.67,1593393767.195385,in_progress"
1593393767425,"SIM_TRACE_LOG:1,113,2.2010,4.5357,-173.9657,10.00,1.33,12,19.2947,False,True,59.0657,47,17.67,1593393767.262291,in_progress"
1593393767425,"SIM_TRACE_LOG:1,114,2.1112,4.5201,-172.2296,-10.00,1.33,6,19.2910,False,True,59.5765,48,17.67,1593393767.3310034,in_progress"
1593393767425,"SIM_TRACE_LOG:1,115,2.0212,4.5032,-170.9180,-10.00,1.33,6,19.2876,False,True,60.0880,48,17.67,1593393767.394275,in_progress"
1593393768462,"SIM_TRACE_LOG:1,116,1.9340,4.4872,-170.3288,-10.00,1.33,6,19.2797,False,True,60.5841,48,17.67,1593393767.4597342,in_progress"
1593393768462,"SIM_TRACE_LOG:1,117,1.8357,4.4690,-169.9368,0.00,1.33,9,19.2907,False,True,61.1432,49,17.67,1593393767.5292244,in_progress"
1593393768462,"SIM_TRACE_LOG:1,118,1.7401,4.4512,-169.7280,0.00,1.33,9,19.3021,False,True,61.7041,49,17.67,1593393767.593837,in_progress"
1593393768462,"SIM_TRACE_LOG:1,119,1.6558,4.4353,-169.5630,30.00,1.33,18,19.2911,False,True,62.1898,49,17.67,1593393767.670575,in_progress"
1593393768462,"SIM_TRACE_LOG:1,120,1.5529,4.4123,-168.3583,0.00,1.33,9,19.3123,False,True,62.7851,49,17.67,1593393767.7293625,in_progress"
1593393768462,"SIM_TRACE_LOG:1,121,1.4695,4.3908,-167.0668,30.00,1.33,18,19.3012,False,True,63.2700,50,17.67,1593393767.7984428,in_progress"
1593393768462,"SIM_TRACE_LOG:1,122,1.3766,4.3621,-164.9496,30.00,1.33,18,19.3073,False,True,63.8138,50,17.67,1593393767.8697283,in_progress"
1593393768462,"SIM_TRACE_LOG:1,123,1.2806,4.3241,-161.4830,30.00,1.33,18,19.3206,False,True,64.3838,50,17.67,1593393767.9292238,in_progress"
1593393768462,"SIM_TRACE_LOG:1,124,1.1989,4.2838,-157.7384,30.00,1.33,18,19.3802,False,True,65.1184,50,17.67,1593393767.99682,in_progress"
1593393768462,"SIM_TRACE_LOG:1,125,1.1177,4.2356,-153.5216,20.00,1.33,15,19.4339,False,True,65.8353,51,17.67,1593393768.0613453,in_progress"
1593393768462,"SIM_TRACE_LOG:1,126,1.0405,4.1808,-149.0916,20.00,1.33,15,19.4283,False,True,66.3418,51,17.67,1593393768.1303399,in_progress"
1593393768462,"SIM_TRACE_LOG:1,127,0.9736,4.1248,-144.8721,20.00,1.33,15,19.4151,False,True,66.8205,51,17.67,1593393768.1981974,in_progress"
1593393768462,"SIM_TRACE_LOG:1,128,0.9082,4.0609,-140.4382,20.00,1.33,15,19.4105,False,True,67.3299,52,17.67,1593393768.2655268,in_progress"
1593393768462,"SIM_TRACE_LOG:1,129,0.8356,3.9765,-135.0065,20.00,4.00,17,19.4381,False,True,67.9574,52,17.67,1593393768.3283722,in_progress"
1593393768462,"SIM_TRACE_LOG:1,130,0.7868,3.9112,-131.2396,20.00,1.33,15,19.4203,False,True,68.4184,52,17.67,1593393768.39647,in_progress"
1593393769494,"SIM_TRACE_LOG:1,131,0.7329,3.8188,-124.2438,20.00,1.33,15,19.4420,False,True,69.0256,52,17.67,1593393768.4691358,in_progress"
1593393769494,"SIM_TRACE_LOG:1,132,0.6885,3.7143,-117.7802,20.00,1.33,15,19.4640,False,True,69.6355,52,17.67,1593393768.5305116,in_progress"
1593393769494,"SIM_TRACE_LOG:1,133,0.6625,3.6332,-113.2095,30.00,1.33,18,19.4487,False,True,70.1049,53,17.67,1593393768.5988157,in_progress"
1593393769494,"SIM_TRACE_LOG:1,134,0.6401,3.5371,-108.0650,0.00,1.33,9,19.4552,False,True,70.6571,53,17.67,1593393768.6700222,in_progress"
1593393769494,"SIM_TRACE_LOG:1,135,0.6273,3.4486,-103.3571,0.00,1.33,9,19.4137,False,True,71.0245,53,17.67,1593393768.7309854,in_progress"
1593393769494,"SIM_TRACE_LOG:1,136,0.6215,3.3483,-98.1123,10.00,1.33,12,19.4197,False,True,71.5738,53,17.67,1593393768.7978458,in_progress"
1593393769494,"SIM_TRACE_LOG:1,137,0.6238,3.2647,-93.6847,10.00,1.33,12,19.4043,False,True,72.0396,53,17.67,1593393768.8655887,in_progress"
1593393769494,"SIM_TRACE_LOG:1,138,0.6348,3.1663,-88.4801,20.00,1.33,15,19.4124,False,True,72.5977,53,17.67,1593393768.9311903,in_progress"
1593393769494,"SIM_TRACE_LOG:1,139,0.6527,3.0759,-83.7344,10.00,1.33,12,19.4112,False,True,73.1187,54,17.67,1593393769.003121,in_progress"
1593393769494,"SIM_TRACE_LOG:1,140,0.6866,2.9601,-77.7293,0.00,1.33,9,19.4499,False,True,73.7995,54,17.67,1593393769.066462,in_progress"
1593393769494,"SIM_TRACE_LOG:1,141,0.7110,2.8895,-74.9089,0.00,1.33,9,19.4230,False,True,74.2185,54,17.67,1593393769.1335897,in_progress"
1593393769494,"SIM_TRACE_LOG:1,142,0.7456,2.7968,-72.1558,-10.00,1.33,6,19.4297,False,True,74.7720,54,17.67,1593393769.1996078,in_progress"
1593393769494,"SIM_TRACE_LOG:1,143,0.7784,2.7134,-70.4269,-10.00,1.33,6,19.4232,False,True,75.2718,54,17.67,1593393769.2687068,in_progress"
1593393769494,"SIM_TRACE_LOG:1,144,0.8098,2.6317,-69.7302,-10.00,1.33,6,19.4140,False,True,75.7604,55,17.67,1593393769.3325925,in_progress"
1593393769494,"SIM_TRACE_LOG:1,145,0.8439,2.5422,-69.4332,-10.00,1.33,6,19.4162,False,True,76.2957,56,17.67,1593393769.4001765,in_progress"
1593393769494,"SIM_TRACE_LOG:1,146,0.8823,2.4408,-69.3110,-10.00,1.33,6,19.4353,False,True,76.9017,57,17.67,1593393769.4643333,in_progress"
1593393770584,"SIM_TRACE_LOG:1,147,0.9124,2.3603,-69.3837,-10.00,1.33,6,19.4243,False,True,77.3821,57,17.67,1593393769.5329704,in_progress"
1593393770584,"SIM_TRACE_LOG:1,148,0.9410,2.2808,-69.7626,-10.00,1.33,6,19.4118,False,True,77.8555,57,17.67,1593393769.5987787,in_progress"
1593393770584,"SIM_TRACE_LOG:1,149,0.9717,2.1901,-70.5344,0.00,1.33,9,19.4146,False,True,78.3934,58,17.67,1593393769.6666105,in_progress"
1593393770584,"SIM_TRACE_LOG:1,150,1.0020,2.0958,-71.2449,0.00,1.33,9,19.4218,False,True,78.9507,58,17.67,1593393769.7373679,in_progress"
1593393770584,"SIM_TRACE_LOG:1,151,1.0321,2.0016,-71.6469,0.00,1.33,9,19.4289,False,True,79.5074,58,17.67,1593393769.802478,in_progress"
1593393770584,"SIM_TRACE_LOG:1,152,1.0577,1.9207,-71.8727,0.00,1.33,9,19.4175,False,True,79.9847,59,17.67,1593393769.868174,in_progress"
1593393770584,"SIM_TRACE_LOG:1,153,1.0883,1.8223,-72.1962,0.00,1.33,9,19.4300,False,True,80.5654,59,17.67,1593393769.9332318,in_progress"
1593393770584,"SIM_TRACE_LOG:1,154,1.1156,1.7331,-72.4549,0.00,1.33,9,19.4297,False,True,81.0908,60,17.67,1593393770.0003603,in_progress"
1593393770584,"SIM_TRACE_LOG:1,155,1.1436,1.6398,-72.7512,0.00,1.33,9,19.4372,False,True,81.6506,60,17.67,1593393770.0706182,in_progress"
1593393770584,"SIM_TRACE_LOG:1,156,1.1712,1.5462,-73.0546,10.00,2.67,13,19.4428,False,True,82.2022,60,17.67,1593393770.1329556,in_progress"
1593393770584,"SIM_TRACE_LOG:1,157,1.2008,1.4520,-72.7553,30.00,1.33,18,19.4497,False,True,82.7602,60,17.67,1593393770.201299,in_progress"
1593393770584,"SIM_TRACE_LOG:1,158,1.2311,1.3738,-70.9933,20.00,4.00,17,19.4373,False,True,83.2311,61,17.67,1593393770.2675893,in_progress"
1593393770584,"SIM_TRACE_LOG:1,159,1.2796,1.2670,-67.7321,30.00,1.33,18,19.4651,False,True,83.8841,61,17.67,1593393770.335412,in_progress"
1593393770584,"SIM_TRACE_LOG:1,160,1.3317,1.1779,-63.5087,10.00,2.67,13,19.4904,False,True,84.5275,62,17.67,1593393770.4009988,in_progress"
1593393770584,"SIM_TRACE_LOG:1,161,1.4033,1.0796,-57.6812,20.00,1.33,15,19.5739,False,True,85.4401,64,17.67,1593393770.4665854,in_progress"
1593393770584,"SIM_TRACE_LOG:1,162,1.4696,1.0054,-52.1739,20.00,1.33,15,19.5810,False,True,86.0033,65,17.67,1593393770.535618,in_progress"
1593393771620,"SIM_TRACE_LOG:1,163,1.5560,0.9290,-45.7451,20.00,1.33,15,19.6982,False,True,87.0801,67,17.67,1593393770.6037614,in_progress"