@timestamp,@message
1592172830468,"SIM_TRACE_LOG:0,1,3.0501,0.6832,0.0205,0.00,2.67,7,1.8414,False,True,0.7927,0,17.67,1592172829.9830363,in_progress"
1592172830468,"SIM_TRACE_LOG:0,2,3.0549,0.6832,0.0195,-15.00,2.67,4,0.7620,False,True,0.8202,0,17.67,1592172830.0362356,in_progress"
1592172830468,"SIM_TRACE_LOG:0,3,3.0665,0.6829,-0.0847,-15.00,2.67,4,0.5922,False,True,0.8855,0,17.67,1592172830.1007164,in_progress"
1592172830468,"SIM_TRACE_LOG:0,4,3.0950,0.6814,-0.5914,-15.00,2.67,4,0.6212,False,True,1.0472,0,17.67,1592172830.1704478,in_progress"
1592172830468,"SIM_TRACE_LOG:0,5,3.1371,0.6783,-1.5421,-15.00,2.67,4,0.7487,False,True,1.2853,1,17.67,1592172830.23876,in_progress"
1592172830468,"SIM_TRACE_LOG:0,6,3.1957,0.6722,-3.0748,-15.00,2.67,4,0.9874,False,True,1.6168,1,17.67,1592172830.313069,in_progress"
1592172830468,"SIM_TRACE_LOG:0,7,3.2700,0.6613,-5.3230,15.00,4.00,11,2.0159,False,True,2.0374,1,17.67,1592172830.3755,in_progress"
1592172830468,"SIM_TRACE_LOG:0,8,3.3570,0.6455,-7.6982,15.00,1.33,9,0.9061,False,True,2.5292,1,17.67,1592172830.4425852,in_progress"
1592172831506,"SIM_TRACE_LOG:0,9,3.4525,0.6273,-8.8649,15.00,1.33,9,1.1867,False,True,3.0700,2,17.67,1592172830.506644,in_progress"
1592172831506,"SIM_TRACE_LOG:0,10,3.5466,0.6101,-9.5965,30.00,4.00,14,0.5189,False,True,3.6021,3,17.67,1592172830.5699155,in_progress"
1592172831506,"SIM_TRACE_LOG:0,11,3.6355,0.5960,-9.2560,30.00,4.00,14,0.6125,False,True,4.1050,3,17.67,1592172830.6442716,in_progress"
1592172831506,"SIM_TRACE_LOG:0,12,3.7538,0.5873,-6.1301,30.00,4.00,14,0.7595,False,True,4.7749,3,17.67,1592172830.7062156,in_progress"
1592172831506,"SIM_TRACE_LOG:0,13,3.8712,0.5901,-1.5936,15.00,1.33,9,2.5774,False,True,5.4389,3,17.67,1592172830.773628,in_progress"
1592172831506,"SIM_TRACE_LOG:0,14,4.0021,0.6048,4.8791,-15.00,2.67,4,6.1812,False,True,6.1796,4,17.67,1592172830.8406546,in_progress"
1592172831506,"SIM_TRACE_LOG:0,15,4.1507,0.6370,10.6636,-30.00,1.33,0,0.4381,False,True,7.0208,4,17.67,1592172830.9062583,in_progress"
1592172831506,"SIM_TRACE_LOG:0,16,4.2796,0.6691,13.5739,15.00,2.67,10,8.5091,False,True,7.7503,4,17.67,1592172830.9769392,in_progress"
1592172831506,"SIM_TRACE_LOG:0,17,4.3830,0.6967,14.3890,15.00,2.67,10,9.2637,False,True,8.3356,5,17.67,1592172831.044115,in_progress"
1592172831506,"SIM_TRACE_LOG:0,18,4.5259,0.7429,16.9315,-15.00,1.33,3,5.2642,False,True,9.1441,6,17.67,1592172831.106426,in_progress"
1592172831506,"SIM_TRACE_LOG:0,19,4.6442,0.7851,19.3703,-15.00,1.33,3,5.7394,False,True,9.8135,6,17.67,1592172831.176426,in_progress"
1592172831506,"SIM_TRACE_LOG:0,20,4.7787,0.8346,19.8513,-30.00,1.33,0,0.7387,False,True,10.5746,6,17.67,1592172831.2402005,in_progress"
1592172831506,"SIM_TRACE_LOG:0,21,4.8780,0.8661,18.6007,15.00,4.00,11,19.5035,False,True,11.1367,6,17.67,1592172831.309866,in_progress"
1592172831506,"SIM_TRACE_LOG:0,22,4.9828,0.8951,16.8857,-30.00,1.33,0,0.7734,False,True,11.7298,7,17.67,1592172831.3721035,in_progress"
1592172831506,"SIM_TRACE_LOG:0,23,5.1153,0.9282,15.2114,-30.00,1.33,0,0.7284,False,False,12.4800,7,17.67,1592172831.441949,in_progress"
1592172832541,"SIM_TRACE_LOG:0,24,5.2107,0.9453,12.5405,-30.00,1.33,0,0.6403,False,False,13.0197,7,17.67,1592172831.5076535,in_progress"
1592172832541,"SIM_TRACE_LOG:0,25,5.3013,0.9542,9.0866,30.00,4.00,14,1.6963,False,False,13.5325,7,17.67,1592172831.574972,in_progress"
1592172832541,"SIM_TRACE_LOG:0,26,5.4071,0.9575,5.1662,-30.00,1.33,0,0.5447,False,False,14.1309,8,17.67,1592172831.6458824,in_progress"
1592172832541,"SIM_TRACE_LOG:0,27,5.5269,0.9570,1.1537,-30.00,1.33,0,0.5853,False,False,14.8092,8,17.67,1592172831.709222,in_progress"
1592172832541,"SIM_TRACE_LOG:0,28,5.6093,0.9486,-2.0211,-30.00,1.33,0,0.7191,False,False,15.2750,9,17.67,1592172831.7732718,in_progress"
1592172832541,"SIM_TRACE_LOG:0,29,5.6990,0.9330,-5.8549,-30.00,1.33,0,0.8923,False,False,15.7826,9,17.67,1592172831.8405588,in_progress"
1592172832541,"SIM_TRACE_LOG:0,30,5.7844,0.9115,-9.7635,15.00,4.00,11,26.5269,False,False,16.2857,9,17.67,1592172831.9099283,in_progress"
1592172832541,"SIM_TRACE_LOG:0,31,5.8862,0.8779,-14.5924,0.00,1.33,6,12.9027,False,True,16.8588,9,17.67,1592172831.9758806,in_progress"
1592172832541,"SIM_TRACE_LOG:0,32,5.9852,0.8356,-20.0233,30.00,1.33,12,1.2530,False,True,17.4151,9,17.67,1592172832.0415432,in_progress"
1592172832541,"SIM_TRACE_LOG:0,33,6.0671,0.7949,-23.2692,30.00,1.33,12,1.2894,False,True,17.8747,10,17.67,1592172832.1087453,in_progress"
1592172832541,"SIM_TRACE_LOG:0,34,6.1558,0.7514,-24.6821,15.00,1.33,9,11.2513,False,True,18.3729,10,17.67,1592172832.1764498,in_progress"
1592172832541,"SIM_TRACE_LOG:0,35,6.2434,0.7103,-24.8773,-15.00,4.00,5,34.5699,False,True,18.8647,10,17.67,1592172832.2428453,in_progress"
1592172832541,"SIM_TRACE_LOG:0,36,6.3398,0.6639,-25.3872,30.00,1.33,12,1.3922,False,True,19.3879,10,17.67,1592172832.30808,in_progress"
1592172832541,"SIM_TRACE_LOG:0,37,6.4251,0.6232,-26.0109,15.00,1.33,9,12.0543,False,True,19.8409,11,17.67,1592172832.3758862,in_progress"
1592172832541,"SIM_TRACE_LOG:0,38,6.5143,0.5828,-25.2832,15.00,2.67,10,24.3978,False,True,20.2795,12,17.67,1592172832.439969,in_progress"
1592172832541,"SIM_TRACE_LOG:0,39,6.6040,0.5445,-24.0934,0.00,4.00,8,44.9392,False,True,20.4955,12,17.67,1592172832.5104532,in_progress"
1592172833578,"SIM_TRACE_LOG:0,40,6.7290,0.4952,-22.4584,-30.00,1.33,0,0.1054,False,False,21.0430,13,17.67,1592172832.5755134,in_progress"
1592172833578,"SIM_TRACE_LOG:0,41,6.8252,0.4547,-22.0309,30.00,4.00,14,-44.9235,False,False,21.4587,13,17.67,1592172832.6441479,in_progress"
1592172833578,"SIM_TRACE_LOG:0,42,6.9478,0.4051,-21.7795,15.00,1.33,9,-125.5469,True,False,21.5702,13,17.67,1592172832.7114465,off_track"
1592172833578,"SIM_TRACE_LOG:1,1,3.9336,0.6836,0.0190,30.00,1.33,12,0.0836,False,True,0.7922,4,17.67,1592172833.1296873,in_progress"
1592172833578,"SIM_TRACE_LOG:1,2,3.9348,0.6837,0.0845,-15.00,2.67,4,0.7234,False,True,0.7991,4,17.67,1592172833.179204,in_progress"
1592172833578,"SIM_TRACE_LOG:1,3,3.9433,0.6844,0.3448,0.00,2.67,7,0.7019,False,True,0.8474,4,17.67,1592172833.2447412,in_progress"
1592172833578,"SIM_TRACE_LOG:1,4,3.9644,0.6864,1.0539,0.00,2.67,7,0.6853,False,True,0.9668,4,17.67,1592172833.3077807,in_progress"
1592172833578,"SIM_TRACE_LOG:1,5,3.9998,0.6899,2.1015,0.00,2.67,7,0.7991,False,True,1.1672,4,17.67,1592172833.378775,in_progress"
1592172833578,"SIM_TRACE_LOG:1,6,4.0502,0.6956,3.4302,-30.00,1.33,0,0.0469,False,True,1.4523,4,17.67,1592172833.4444847,in_progress"
1592172833578,"SIM_TRACE_LOG:1,7,4.1154,0.7017,4.0913,-30.00,1.33,0,0.0632,False,True,1.8214,4,17.67,1592172833.5122914,in_progress"
1592172834613,"SIM_TRACE_LOG:1,8,4.2016,0.7059,3.4503,-30.00,1.33,0,0.0888,False,True,2.3089,4,17.67,1592172833.579286,in_progress"
1592172834613,"SIM_TRACE_LOG:1,9,4.2904,0.7049,1.4815,-30.00,1.33,0,0.1171,False,True,2.8117,4,17.67,1592172833.6492138,in_progress"
1592172834613,"SIM_TRACE_LOG:1,10,4.3895,0.6970,-1.6683,0.00,2.67,7,3.3358,False,True,3.3724,5,17.67,1592172833.715142,in_progress"
1592172834613,"SIM_TRACE_LOG:1,11,4.4871,0.6829,-5.0799,0.00,1.33,6,2.0534,False,True,3.9245,5,17.67,1592172833.7807863,in_progress"
1592172834613,"SIM_TRACE_LOG:1,12,4.5879,0.6632,-8.3134,0.00,4.00,8,7.4079,False,True,4.4950,6,17.67,1592172833.8458169,in_progress"
1592172834613,"SIM_TRACE_LOG:1,13,4.6865,0.6392,-11.1738,30.00,4.00,14,0.7855,False,True,5.0528,6,17.67,1592172833.9136796,in_progress"
1592172834613,"SIM_TRACE_LOG:1,14,4.8008,0.6101,-12.8916,30.00,1.33,12,0.3093,False,True,5.6993,6,17.67,1592172833.9797945,in_progress"
1592172834613,"SIM_TRACE_LOG:1,15,4.9211,0.5855,-12.1762,-15.00,4.00,5,9.2192,False,True,6.3800,6,17.67,1592172834.0450501,in_progress"
1592172834613,"SIM_TRACE_LOG:1,16,5.0368,0.5646,-11.0666,-15.00,4.00,5,10.4924,False,True,7.0348,7,17.67,1592172834.1134472,in_progress"
1592172834613,"SIM_TRACE_LOG:1,17,5.1668,0.5392,-11.1323,30.00,1.33,12,0.4702,False,True,7.7704,7,17.67,1592172834.1805408,in_progress"
1592172834613,"SIM_TRACE_LOG:1,18,5.2950,0.5161,-11.6475,30.00,1.33,12,0.5253,False,True,8.4957,7,17.67,1592172834.2520907,in_progress"
1592172834613,"SIM_TRACE_LOG:1,19,5.4155,0.4998,-9.1648,30.00,1.33,12,0.5728,False,True,9.1777,8,17.67,1592172834.31259,in_progress"
1592172834613,"SIM_TRACE_LOG:1,20,5.5187,0.4955,-5.4014,30.00,1.33,12,0.6127,False,True,9.7619,8,17.67,1592172834.380031,in_progress"
1592172834613,"SIM_TRACE_LOG:1,21,5.6170,0.5012,-0.8783,30.00,4.00,14,1.9678,False,True,10.3177,9,17.67,1592172834.4476378,in_progress"
1592172834613,"SIM_TRACE_LOG:1,22,5.7101,0.5156,4.1543,-30.00,1.33,0,0.7000,False,True,10.8447,9,17.67,1592172834.5154164,in_progress"
1592172834613,"SIM_TRACE_LOG:1,23,5.8292,0.5454,12.4534,15.00,4.00,11,19.4599,False,True,11.5066,9,17.67,1592172834.581236,in_progress"
1592172835649,"SIM_TRACE_LOG:1,24,5.9210,0.5762,17.8142,15.00,4.00,11,20.4686,False,True,12.0288,9,17.67,1592172834.648923,in_progress"
1592172835649,"SIM_TRACE_LOG:1,25,6.0226,0.6255,23.5838,15.00,1.33,9,7.2060,False,True,12.6083,9,17.67,1592172834.7214959,in_progress"
1592172835649,"SIM_TRACE_LOG:1,26,6.1481,0.7068,32.4763,-30.00,1.33,0,0.9106,False,True,13.3256,10,17.67,1592172834.7857149,in_progress"
1592172835649,"SIM_TRACE_LOG:1,27,6.2064,0.7525,37.3782,15.00,1.33,9,7.8310,False,True,13.6593,10,17.67,1592172834.8485272,in_progress"
1592172835649,"SIM_TRACE_LOG:1,28,6.3047,0.8425,44.4307,-30.00,1.33,0,0.9669,False,True,14.3091,10,17.67,1592172834.9151306,in_progress"
1592172835649,"SIM_TRACE_LOG:1,29,6.3606,0.9047,46.6038,15.00,1.33,9,7.9097,False,True,14.6647,11,17.67,1592172834.982568,in_progress"
1592172835649,"SIM_TRACE_LOG:1,30,6.4223,0.9748,47.6137,-30.00,2.67,1,1.2191,False,False,15.0579,11,17.67,1592172835.0518425,in_progress"
1592172835649,"SIM_TRACE_LOG:1,31,6.4890,1.0506,48.1040,-30.00,2.67,1,-5.0422,False,False,15.9852,12,17.67,1592172835.1136513,in_progress"
1592172835649,"SIM_TRACE_LOG:1,32,6.5665,1.1289,46.4118,15.00,1.33,9,-101.0594,False,False,16.8924,13,17.67,1592172835.1879761,in_progress"
1592172835649,"SIM_TRACE_LOG:1,33,6.6476,1.2052,43.7463,-30.00,4.00,2,-38.2393,False,False,17.7619,14,17.67,1592172835.25257,in_progress"
1592172835649,"SIM_TRACE_LOG:1,34,6.7504,1.2946,41.7485,30.00,1.33,12,-14.2471,False,False,19.0607,15,17.67,1592172835.318021,in_progress"
1592172835649,"SIM_TRACE_LOG:1,35,6.8471,1.3717,38.5816,30.00,1.33,12,-55.2802,False,False,20.0082,16,17.67,1592172835.3812883,in_progress"
1592172835649,"SIM_TRACE_LOG:1,36,6.9216,1.4321,38.3296,30.00,4.00,14,2.3173,False,False,20.9605,17,17.67,1592172835.452692,in_progress"
1592172835649,"SIM_TRACE_LOG:1,37,7.0121,1.5097,39.8356,-30.00,1.33,0,1.5603,False,False,21.5032,17,17.67,1592172835.519192,in_progress"
1592172835649,"SIM_TRACE_LOG:1,38,7.1042,1.5969,43.3222,-15.00,4.00,5,43.4821,False,True,22.1003,18,17.67,1592172835.583336,in_progress"
1592172836701,"SIM_TRACE_LOG:1,39,7.1829,1.6749,44.5239,-15.00,4.00,5,44.6359,False,True,22.6295,18,17.67,1592172835.6536028,in_progress"
1592172836701,"SIM_TRACE_LOG:1,40,7.2756,1.7660,44.4530,15.00,1.33,9,15.3270,False,True,23.2587,18,17.67,1592172835.717128,in_progress"
1592172836701,"SIM_TRACE_LOG:1,41,7.3899,1.8802,43.9399,0.00,1.33,6,20.2140,False,True,23.8055,20,17.67,1592172835.785965,in_progress"
1592172836701,"SIM_TRACE_LOG:1,42,7.4505,1.9391,44.0546,-30.00,4.00,2,5.1502,False,True,23.8536,20,17.67,1592172835.8517628,in_progress"
1592172836701,"SIM_TRACE_LOG:1,43,7.5459,2.0286,43.2990,-30.00,2.67,1,-12.8924,False,False,24.1426,20,17.67,1592172835.9207523,in_progress"
1592172836701,"SIM_TRACE_LOG:1,44,7.6621,2.1183,39.2908,0.00,4.00,8,-594.9854,True,False,24.3926,20,17.67,1592172835.9836733,off_track"
1592172836701,"SIM_TRACE_LOG:2,1,4.8172,0.6838,0.0000,15.00,1.33,9,0.7106,False,True,0.7922,6,17.67,1592172836.382406,in_progress"
1592172836701,"SIM_TRACE_LOG:2,2,4.8207,0.6837,-0.0757,-15.00,2.67,4,0.7478,False,True,0.8125,6,17.67,1592172836.455856,in_progress"
1592172836701,"SIM_TRACE_LOG:2,3,4.8454,0.6822,-0.5941,-15.00,2.67,4,0.6843,False,True,0.9518,6,17.67,1592172836.5173032,in_progress"
1592172836701,"SIM_TRACE_LOG:2,4,4.8752,0.6796,-1.4631,-15.00,2.67,4,0.7116,False,True,1.1208,6,17.67,1592172836.5857103,in_progress"
1592172836701,"SIM_TRACE_LOG:2,5,4.9264,0.6730,-3.2742,0.00,1.33,6,0.5834,False,True,1.4104,6,17.67,1592172836.6546555,in_progress"
1592172837733,"SIM_TRACE_LOG:2,6,4.9921,0.6637,-5.0724,15.00,4.00,11,1.7990,False,True,1.7819,7,17.67,1592172836.7200768,in_progress"
1592172837733,"SIM_TRACE_LOG:2,7,5.0784,0.6521,-6.2014,0.00,4.00,8,3.2399,False,True,2.2705,7,17.67,1592172836.7896175,in_progress"
1592172837733,"SIM_TRACE_LOG:2,8,5.1640,0.6395,-7.2317,15.00,1.33,9,1.0749,False,True,2.7547,7,17.67,1592172836.8543458,in_progress"
1592172837733,"SIM_TRACE_LOG:2,9,5.2683,0.6253,-7.9773,15.00,1.33,9,1.4087,False,True,3.3449,7,17.67,1592172836.9221973,in_progress"
1592172837733,"SIM_TRACE_LOG:2,10,5.3684,0.6141,-7.0650,-30.00,1.33,0,0.2040,False,True,3.9117,7,17.67,1592172836.9861689,in_progress"
1592172837733,"SIM_TRACE_LOG:2,11,5.4515,0.6033,-7.2648,30.00,4.00,14,0.6979,False,True,4.3814,8,17.67,1592172837.0536752,in_progress"
1592172837733,"SIM_TRACE_LOG:2,12,5.5495,0.5906,-7.2523,30.00,4.00,14,0.8116,False,True,4.9359,8,17.67,1592172837.1243455,in_progress"
1592172837733,"SIM_TRACE_LOG:2,13,5.6720,0.5847,-4.3910,30.00,4.00,14,0.9743,False,True,5.6295,9,17.67,1592172837.189387,in_progress"
1592172837733,"SIM_TRACE_LOG:2,14,5.7867,0.5896,-0.3246,-30.00,1.33,0,0.3742,False,True,6.2704,9,17.67,1592172837.2591789,in_progress"
1592172837733,"SIM_TRACE_LOG:2,15,5.9280,0.6045,5.8717,0.00,1.33,6,4.8873,False,True,7.0710,9,17.67,1592172837.3219647,in_progress"
1592172837733,"SIM_TRACE_LOG:2,16,6.0516,0.6260,10.2815,0.00,1.33,6,5.5369,False,True,7.7724,10,17.67,1592172837.3898766,in_progress"
1592172837733,"SIM_TRACE_LOG:2,17,6.1465,0.6487,12.7916,0.00,1.33,6,5.9590,False,True,8.3111,10,17.67,1592172837.4590554,in_progress"
1592172837733,"SIM_TRACE_LOG:2,18,6.2402,0.6748,14.2563,0.00,1.33,6,6.3726,False,True,8.8439,10,17.67,1592172837.5218475,in_progress"
1592172837733,"SIM_TRACE_LOG:2,19,6.3385,0.7029,15.1709,0.00,1.33,6,6.8299,False,True,9.4065,10,17.67,1592172837.591372,in_progress"
1592172837733,"SIM_TRACE_LOG:2,20,6.4297,0.7300,15.8455,0.00,1.33,6,7.2415,False,True,9.9375,11,17.67,1592172837.6557431,in_progress"
1592172837733,"SIM_TRACE_LOG:2,21,6.5128,0.7553,16.3435,30.00,1.33,12,0.6964,False,True,10.4730,12,17.67,1592172837.7209945,in_progress"
1592172838766,"SIM_TRACE_LOG:2,22,6.5923,0.7825,17.4717,30.00,1.33,12,0.7263,False,True,10.9474,12,17.67,1592172837.7889078,in_progress"
1592172838766,"SIM_TRACE_LOG:2,23,6.6697,0.8153,19.8824,30.00,1.33,12,0.7564,False,True,11.4231,13,17.67,1592172837.8570952,in_progress"
1592172838766,"SIM_TRACE_LOG:2,24,6.7585,0.8621,23.9451,30.00,4.00,14,2.4068,False,True,12.0172,14,17.67,1592172837.924427,in_progress"
1592172838766,"SIM_TRACE_LOG:2,25,6.8403,0.9161,29.0006,30.00,4.00,14,2.5358,False,True,12.5895,14,17.67,1592172837.9923108,in_progress"
1592172838766,"SIM_TRACE_LOG:2,26,6.9182,0.9831,35.4907,30.00,4.00,14,2.6685,False,True,13.1704,15,17.67,1592172838.058116,in_progress"
1592172838766,"SIM_TRACE_LOG:2,27,7.0006,1.0740,43.6634,30.00,1.33,12,0.9559,False,True,13.9135,15,17.67,1592172838.1264534,in_progress"
1592172838766,"SIM_TRACE_LOG:2,28,7.0739,1.1757,54.4392,30.00,1.33,12,1.0181,False,True,14.6226,16,17.67,1592172838.1923716,in_progress"
1592172838766,"SIM_TRACE_LOG:2,29,7.1328,1.2788,63.8095,30.00,1.33,12,1.0878,False,True,15.3817,17,17.67,1592172838.2572012,in_progress"
1592172838766,"SIM_TRACE_LOG:2,30,7.1706,1.3675,68.9228,30.00,1.33,12,1.1262,False,True,15.9184,17,17.67,1592172838.322204,in_progress"
1592172838766,"SIM_TRACE_LOG:2,31,7.1948,1.4468,71.3697,30.00,1.33,12,1.1549,False,True,16.3864,17,17.67,1592172838.3913212,in_progress"
1592172838766,"SIM_TRACE_LOG:2,32,7.2196,1.5574,74.7346,30.00,1.33,12,1.2081,False,True,17.0278,18,17.67,1592172838.459356,in_progress"
1592172838766,"SIM_TRACE_LOG:2,33,7.2330,1.6508,78.2626,30.00,1.33,12,1.2458,False,True,17.5598,18,17.67,1592172838.5224762,in_progress"
1592172838766,"SIM_TRACE_LOG:2,34,7.2391,1.7398,82.0191,30.00,4.00,14,3.8365,False,True,18.0586,18,17.67,1592172838.5903447,in_progress"
1592172838766,"SIM_TRACE_LOG:2,35,7.2382,1.8314,86.4432,30.00,4.00,14,3.9770,False,True,18.6546,19,17.67,1592172838.6560812,in_progress"
1592172838766,"SIM_TRACE_LOG:2,36,7.2246,1.9295,92.5369,30.00,4.00,14,4.1144,False,True,19.2434,20,17.67,1592172838.7246184,in_progress"
1592172839807,"SIM_TRACE_LOG:2,37,7.1858,2.0639,101.9713,30.00,4.00,14,4.3386,False,True,20.0333,20,17.67,1592172838.792804,in_progress"
1592172839807,"SIM_TRACE_LOG:2,38,7.1364,2.1759,110.2637,30.00,1.33,12,1.5070,False,True,20.7245,21,17.67,1592172838.8586395,in_progress"
1592172839807,"SIM_TRACE_LOG:2,39,7.0749,2.2866,119.7454,30.00,1.33,12,1.5790,False,True,21.4913,21,17.67,1592172838.9249158,in_progress"
1592172839807,"SIM_TRACE_LOG:2,40,7.0054,2.3916,128.3656,30.00,1.33,12,1.6429,False,True,22.2013,22,17.67,1592172838.9937027,in_progress"
1592172839807,"SIM_TRACE_LOG:2,41,6.9427,2.4674,132.4525,30.00,1.33,12,1.6871,False,True,22.7772,22,17.67,1592172839.0616553,in_progress"
1592172839807,"SIM_TRACE_LOG:2,42,6.8688,2.5377,134.8628,30.00,4.00,14,5.1936,False,True,23.3525,23,17.67,1592172839.1257684,in_progress"
1592172839807,"SIM_TRACE_LOG:2,43,6.7922,2.5979,138.5636,15.00,1.33,9,15.0593,False,True,23.9036,23,17.67,1592172839.1922944,in_progress"
1592172839807,"SIM_TRACE_LOG:2,44,6.6910,2.6589,145.7382,30.00,1.33,12,1.8309,False,True,24.5804,23,17.67,1592172839.262423,in_progress"
1592172839807,"SIM_TRACE_LOG:2,45,6.5972,2.7013,151.0863,30.00,1.33,12,1.8759,False,True,25.1622,24,17.67,1592172839.3273413,in_progress"
1592172839807,"SIM_TRACE_LOG:2,46,6.5187,2.7281,155.7135,30.00,1.33,12,1.9049,False,True,25.6358,24,17.67,1592172839.3930602,in_progress"
1592172839807,"SIM_TRACE_LOG:2,47,6.4380,2.7467,160.9297,30.00,4.00,14,5.7979,False,True,26.1011,24,17.67,1592172839.4593976,in_progress"
1592172839807,"SIM_TRACE_LOG:2,48,6.3476,2.7566,167.3985,0.00,4.00,8,64.9349,False,True,26.6157,24,17.67,1592172839.5265548,in_progress"
1592172839807,"SIM_TRACE_LOG:2,49,6.2415,2.7526,175.6617,15.00,4.00,11,51.3744,False,True,27.2105,25,17.67,1592172839.5960197,in_progress"
1592172839807,"SIM_TRACE_LOG:2,50,6.1093,2.7284,-173.8436,-30.00,1.33,0,2.0817,False,True,27.9405,25,17.67,1592172839.6618545,in_progress"
1592172839807,"SIM_TRACE_LOG:2,51,5.9832,2.6876,-160.7947,-15.00,1.33,3,18.2781,False,True,28.6832,26,17.67,1592172839.7283072,in_progress"
1592172839807,"SIM_TRACE_LOG:2,52,5.8955,2.6492,-150.9290,-30.00,1.33,0,2.1788,False,True,29.1815,26,17.67,1592172839.7969353,in_progress"
1592172840843,"SIM_TRACE_LOG:2,53,5.8166,2.6029,-143.6620,-15.00,2.67,4,37.0089,False,True,29.6304,27,17.67,1592172839.8627853,in_progress"
1592172840843,"SIM_TRACE_LOG:2,54,5.7242,2.5282,-137.3932,-30.00,1.33,0,1.9215,False,False,30.1567,27,17.67,1592172839.9298575,in_progress"
1592172840843,"SIM_TRACE_LOG:2,55,5.6494,2.4589,-132.1999,30.00,4.00,14,-1.9836,False,False,30.5830,28,17.67,1592172840.000817,in_progress"
1592172840843,"SIM_TRACE_LOG:2,56,5.5664,2.3685,-130.0143,30.00,1.33,12,-22.9647,False,False,31.0570,28,17.67,1592172840.0671706,in_progress"
1592172840843,"SIM_TRACE_LOG:2,57,5.5091,2.2894,-126.9641,30.00,2.67,13,-46.0832,True,False,31.3854,28,17.67,1592172840.1322606,off_track"
1592172840843,"SIM_TRACE_LOG:3,1,5.7007,0.6842,0.0127,0.00,4.00,8,2.7585,False,True,0.7922,9,17.67,1592172840.4713843,in_progress"
1592172840843,"SIM_TRACE_LOG:3,2,5.7036,0.6844,0.1124,15.00,4.00,11,1.1107,False,True,0.8085,9,17.67,1592172840.533465,in_progress"
1592172840843,"SIM_TRACE_LOG:3,3,5.7163,0.6872,1.0360,15.00,1.33,9,0.2926,False,True,0.8802,9,17.67,1592172840.5985823,in_progress"
1592172840843,"SIM_TRACE_LOG:3,4,5.7456,0.6947,3.1534,15.00,1.33,9,0.3101,False,True,1.0463,9,17.67,1592172840.6652064,in_progress"
1592172840843,"SIM_TRACE_LOG:3,5,5.7959,0.7093,7.2236,-15.00,2.67,4,0.8050,False,True,1.3327,9,17.67,1592172840.7329981,in_progress"
1592172840843,"SIM_TRACE_LOG:3,6,5.8497,0.7278,11.1452,15.00,4.00,11,1.5223,False,True,1.6392,9,17.67,1592172840.7965915,in_progress"
1592172841878,"SIM_TRACE_LOG:3,7,5.9175,0.7541,15.2822,-30.00,1.33,0,0.0781,False,True,2.0247,9,17.67,1592172840.8643339,in_progress"
1592172841878,"SIM_TRACE_LOG:3,8,5.9890,0.7831,18.2235,-30.00,1.33,0,0.0985,False,True,2.4317,9,17.67,1592172840.9330847,in_progress"
1592172841878,"SIM_TRACE_LOG:3,9,6.0922,0.8249,20.3180,-30.00,1.33,0,0.1344,False,True,3.0193,10,17.67,1592172840.997104,in_progress"
1592172841878,"SIM_TRACE_LOG:3,10,6.1701,0.8567,21.1994,15.00,4.00,11,4.0054,False,True,3.4628,10,17.67,1592172841.0665433,in_progress"
1592172841878,"SIM_TRACE_LOG:3,11,6.2532,0.8910,21.7715,-15.00,2.67,4,3.0192,False,True,3.9361,10,17.67,1592172841.1363764,in_progress"
1592172841878,"SIM_TRACE_LOG:3,12,6.3837,0.9462,22.5583,30.00,2.67,13,0.4198,False,False,4.8218,11,17.67,1592172841.209142,in_progress"
1592172841878,"SIM_TRACE_LOG:3,13,6.5064,0.9996,23.1900,30.00,4.00,14,0.7322,False,False,5.9661,12,17.67,1592172841.2860193,in_progress"
1592172841878,"SIM_TRACE_LOG:3,14,6.6419,1.0642,24.9242,30.00,1.33,12,0.3273,False,False,7.0615,14,17.67,1592172841.3614585,in_progress"
1592172841878,"SIM_TRACE_LOG:3,15,6.7800,1.1431,29.6014,30.00,1.33,12,0.4807,False,False,8.1265,15,17.67,1592172841.4314294,in_progress"
1592172841878,"SIM_TRACE_LOG:3,16,6.8696,1.2055,33.2646,30.00,4.00,14,1.8787,False,False,9.0632,15,17.67,1592172841.4932551,in_progress"
1592172841878,"SIM_TRACE_LOG:3,17,6.9748,1.2941,37.9311,30.00,1.33,12,0.7581,False,True,9.9707,16,17.67,1592172841.5750422,in_progress"
1592172841878,"SIM_TRACE_LOG:3,18,7.0702,1.3924,44.7258,30.00,1.33,12,0.8824,False,True,10.9291,17,17.67,1592172841.6314511,in_progress"
1592172841878,"SIM_TRACE_LOG:3,19,7.1392,1.4799,49.2643,15.00,1.33,9,7.8853,False,True,11.4987,17,17.67,1592172841.6962085,in_progress"
1592172841878,"SIM_TRACE_LOG:3,20,7.1998,1.5732,53.7576,-15.00,4.00,5,24.8481,False,True,12.0902,18,17.67,1592172841.7585223,in_progress"
1592172841878,"SIM_TRACE_LOG:3,21,7.2472,1.6626,58.2423,-15.00,4.00,5,25.8780,False,True,12.6429,18,17.67,1592172841.8251755,in_progress"
1592172842911,"SIM_TRACE_LOG:3,22,7.2767,1.7299,61.6318,-15.00,2.67,4,17.5492,False,True,13.0514,18,17.67,1592172841.889531,in_progress"
1592172842911,"SIM_TRACE_LOG:3,23,7.3294,1.8638,66.3382,-30.00,4.00,2,3.2943,False,True,13.7638,20,17.67,1592172841.957896,in_progress"
1592172842911,"SIM_TRACE_LOG:3,24,7.3883,2.0213,68.4876,-15.00,2.67,4,19.2449,False,True,14.4117,20,17.67,1592172842.022304,in_progress"
1592172842911,"SIM_TRACE_LOG:3,25,7.4460,2.1665,68.3747,30.00,4.00,14,1.7559,False,False,15.0705,20,17.67,1592172842.0879753,in_progress"
1592172842911,"SIM_TRACE_LOG:3,26,7.5118,2.3348,68.6753,30.00,1.33,12,-12.8596,False,False,15.8358,21,17.67,1592172842.1545,in_progress"
1592172842911,"SIM_TRACE_LOG:3,27,7.5641,2.4993,71.4406,0.00,2.67,7,-294.1022,True,False,16.4535,21,17.67,1592172842.2246418,off_track"
1592172842911,"SIM_TRACE_LOG:4,1,6.5823,0.7266,6.7199,-30.00,1.33,0,0.0799,False,True,0.7744,12,17.67,1592172842.55264,in_progress"
1592172842911,"SIM_TRACE_LOG:4,2,6.5907,0.7273,6.5858,-15.00,4.00,5,1.1416,False,True,0.8197,12,17.67,1592172842.6217713,in_progress"
1592172842911,"SIM_TRACE_LOG:4,3,6.6129,0.7287,6.1690,-15.00,4.00,5,0.9993,False,True,0.9391,12,17.67,1592172842.6848993,in_progress"
1592172842911,"SIM_TRACE_LOG:4,4,6.6452,0.7302,5.4404,-15.00,4.00,5,1.0494,False,True,1.1113,13,17.67,1592172842.750176,in_progress"
1592172842911,"SIM_TRACE_LOG:4,5,6.6905,0.7311,4.2787,30.00,1.33,12,0.0486,False,True,1.3503,13,17.67,1592172842.8167002,in_progress"
1592172842911,"SIM_TRACE_LOG:4,6,6.7542,0.7317,2.7947,0.00,4.00,8,1.8925,False,True,1.6068,13,17.67,1592172842.885791,in_progress"
1592172843945,"SIM_TRACE_LOG:4,7,6.8417,0.7321,1.5977,30.00,2.67,13,0.1561,False,True,2.0286,14,17.67,1592172842.9512248,in_progress"
1592172843945,"SIM_TRACE_LOG:4,8,6.9138,0.7333,1.3580,-30.00,4.00,2,0.2779,False,True,2.3786,14,17.67,1592172843.0187802,in_progress"
1592172843945,"SIM_TRACE_LOG:4,9,7.0552,0.7396,2.1404,-30.00,2.67,1,0.1942,False,False,2.9137,14,17.67,1592172843.0887866,in_progress"
1592172843945,"SIM_TRACE_LOG:4,10,7.1768,0.7411,1.1633,15.00,1.33,9,-17.9821,False,False,3.4559,15,17.67,1592172843.1515603,in_progress"
1592172843945,"SIM_TRACE_LOG:4,11,7.2745,0.7406,-0.3505,15.00,2.67,10,-26.3592,False,False,3.5767,15,17.67,1592172843.215873,in_progress"
1592172843945,"SIM_TRACE_LOG:4,12,7.4021,0.7378,-1.0451,15.00,2.67,10,-26.6673,True,False,3.7575,15,17.67,1592172843.2826643,off_track"
1592172843945,"SIM_TRACE_LOG:5,1,7.2044,1.3338,61.2823,-30.00,4.00,2,0.2402,False,True,0.7753,17,17.67,1592172843.6174498,in_progress"
1592172843945,"SIM_TRACE_LOG:5,2,7.2066,1.3377,61.2711,15.00,1.33,9,0.3619,False,True,0.7994,17,17.67,1592172843.6862023,in_progress"
1592172843945,"SIM_TRACE_LOG:5,3,7.2155,1.3556,61.5018,15.00,1.33,9,0.3124,False,True,0.9095,17,17.67,1592172843.7516665,in_progress"
1592172843945,"SIM_TRACE_LOG:5,4,7.2297,1.3858,62.2278,0.00,4.00,8,1.3158,False,True,1.0938,17,17.67,1592172843.8212461,in_progress"
1592172843945,"SIM_TRACE_LOG:5,5,7.2469,1.4223,62.8550,0.00,4.00,8,1.5258,False,True,1.3169,17,17.67,1592172843.8928287,in_progress"
1592172844978,"SIM_TRACE_LOG:5,6,7.2734,1.4795,63.6814,0.00,1.33,6,0.6786,False,True,1.6663,17,17.67,1592172843.9556422,in_progress"
1592172844978,"SIM_TRACE_LOG:5,7,7.3089,1.5570,64.4633,-15.00,4.00,5,2.2206,False,True,2.1385,18,17.67,1592172844.022431,in_progress"
1592172844978,"SIM_TRACE_LOG:5,8,7.3461,1.6384,64.8875,15.00,1.33,9,0.9822,False,True,2.6340,18,17.67,1592172844.0911088,in_progress"
1592172844978,"SIM_TRACE_LOG:5,9,7.3869,1.7281,65.1225,-30.00,1.33,0,0.1496,False,True,3.1807,18,17.67,1592172844.1506135,in_progress"
1592172844978,"SIM_TRACE_LOG:5,10,7.4170,1.7934,65.2132,15.00,1.33,9,1.2264,False,True,3.2999,18,17.67,1592172844.22148,in_progress"
1592172844978,"SIM_TRACE_LOG:5,11,7.4641,1.8916,64.7528,0.00,4.00,8,5.5026,False,True,3.8055,20,17.67,1592172844.2861824,in_progress"
1592172844978,"SIM_TRACE_LOG:5,12,7.4996,1.9655,64.5860,30.00,1.33,12,0.1252,False,False,3.8981,20,17.67,1592172844.3524477,in_progress"
1592172844978,"SIM_TRACE_LOG:5,13,7.5515,2.0810,65.0973,30.00,1.33,12,-1.9947,False,False,4.4102,20,17.67,1592172844.4204001,in_progress"
1592172844978,"SIM_TRACE_LOG:5,14,7.5800,2.1577,66.7454,30.00,1.33,12,-2.1596,False,False,4.7620,20,17.67,1592172844.4873934,in_progress"
1592172844978,"SIM_TRACE_LOG:5,15,7.6069,2.2471,69.7816,0.00,2.67,7,-52.5534,True,False,5.1842,21,17.67,1592172844.5600617,off_track"
1592172846015,"SIM_TRACE_LOG:6,1,7.1449,2.1918,110.1549,30.00,4.00,14,0.2510,False,True,0.7925,21,17.67,1592172845.023057,in_progress"
1592172846015,"SIM_TRACE_LOG:6,2,7.1417,2.1995,110.2759,30.00,4.00,14,0.1408,False,True,0.8392,21,17.67,1592172845.0881228,in_progress"
1592172846015,"SIM_TRACE_LOG:6,3,7.1306,2.2216,111.2938,30.00,4.00,14,0.1276,False,True,0.9784,21,17.67,1592172845.1566513,in_progress"
1592172846015,"SIM_TRACE_LOG:6,4,7.1125,2.2539,113.1252,30.00,4.00,14,0.1405,False,True,1.1853,21,17.67,1592172845.2227132,in_progress"
1592172846015,"SIM_TRACE_LOG:6,5,7.0835,2.2990,116.2203,30.00,4.00,14,0.1840,False,True,1.5165,21,17.67,1592172845.2896395,in_progress"
1592172846015,"SIM_TRACE_LOG:6,6,7.0512,2.3414,119.7419,30.00,4.00,14,0.2203,False,True,1.8179,21,17.67,1592172845.3562534,in_progress"
1592172846015,"SIM_TRACE_LOG:6,7,6.9859,2.4106,126.7003,30.00,1.33,12,0.1084,False,True,2.3858,22,17.67,1592172845.4225752,in_progress"
1592172846015,"SIM_TRACE_LOG:6,8,6.9247,2.4604,132.1073,30.00,1.33,12,0.1336,False,True,2.8319,22,17.67,1592172845.4899302,in_progress"
1592172846015,"SIM_TRACE_LOG:6,9,6.8474,2.5137,138.7485,30.00,1.33,12,0.1674,False,True,3.3620,23,17.67,1592172845.5549858,in_progress"
1592172846015,"SIM_TRACE_LOG:6,10,6.7726,2.5558,144.2749,30.00,1.33,12,0.1967,False,True,3.8412,23,17.67,1592172845.624335,in_progress"
1592172846015,"SIM_TRACE_LOG:6,11,6.7000,2.5892,149.1069,30.00,1.33,12,0.2220,False,True,4.2798,23,17.67,1592172845.6937702,in_progress"
1592172846015,"SIM_TRACE_LOG:6,12,6.5935,2.6274,155.5306,0.00,1.33,6,3.0812,False,True,5.0214,24,17.67,1592172845.7591348,in_progress"
1592172846015,"SIM_TRACE_LOG:6,13,6.5218,2.6463,159.5583,0.00,1.33,6,3.3341,False,True,5.4369,24,17.67,1592172845.8280928,in_progress"
1592172846015,"SIM_TRACE_LOG:6,14,6.4180,2.6653,165.0458,0.00,1.33,6,3.9833,False,True,6.1668,24,17.67,1592172845.8938177,in_progress"
1592172846015,"SIM_TRACE_LOG:6,15,6.3344,2.6733,169.3544,15.00,4.00,11,9.9971,False,True,6.6418,24,17.67,1592172845.9617898,in_progress"
1592172847048,"SIM_TRACE_LOG:6,16,6.2364,2.6755,174.2995,-15.00,2.67,4,7.3313,False,True,7.1947,25,17.67,1592172846.0243032,in_progress"
1592172847048,"SIM_TRACE_LOG:6,17,6.1406,2.6669,179.8995,-30.00,1.33,0,0.4682,False,True,7.7293,25,17.67,1592172846.0912135,in_progress"
1592172847048,"SIM_TRACE_LOG:6,18,6.0096,2.6506,-173.7145,0.00,4.00,8,17.7728,False,True,8.5359,25,17.67,1592172846.1562634,in_progress"
1592172847048,"SIM_TRACE_LOG:6,19,5.8996,2.6295,-171.0494,-15.00,1.33,3,4.9780,False,True,9.1595,26,17.67,1592172846.2255824,in_progress"
1592172847048,"SIM_TRACE_LOG:6,20,5.7894,2.6079,-169.0222,-15.00,1.33,3,5.3598,False,True,9.7839,27,17.67,1592172846.2912512,in_progress"
1592172847048,"SIM_TRACE_LOG:6,21,5.7027,2.5907,-168.9516,-30.00,1.33,0,0.6560,False,True,10.2753,27,17.67,1592172846.359786,in_progress"
1592172847048,"SIM_TRACE_LOG:6,22,5.5863,2.5730,-170.4689,-30.00,1.33,0,0.6978,False,True,10.9347,28,17.67,1592172846.4253955,in_progress"
1592172847048,"SIM_TRACE_LOG:6,23,5.4961,2.5665,-172.8671,-30.00,1.33,0,0.7258,False,True,11.4453,28,17.67,1592172846.490289,in_progress"
1592172847048,"SIM_TRACE_LOG:6,24,5.4022,2.5666,-176.1514,0.00,4.00,8,25.1637,False,True,11.9770,29,17.67,1592172846.5566063,in_progress"
1592172847048,"SIM_TRACE_LOG:6,25,5.3152,2.5708,-179.3590,-30.00,1.33,0,0.7986,False,True,12.4690,29,17.67,1592172846.6264338,in_progress"
1592172847048,"SIM_TRACE_LOG:6,26,5.1951,2.5890,174.8029,-30.00,1.33,0,0.8691,False,True,13.1478,29,17.67,1592172846.6918359,in_progress"
1592172847048,"SIM_TRACE_LOG:6,27,5.1097,2.6117,170.2357,15.00,1.33,9,7.7320,False,True,13.6296,30,17.67,1592172846.7596855,in_progress"
1592172847048,"SIM_TRACE_LOG:6,28,5.0176,2.6425,165.8874,0.00,1.33,6,10.3595,False,True,14.0804,30,17.67,1592172846.8258832,in_progress"
1592172847048,"SIM_TRACE_LOG:6,29,4.9336,2.6749,162.5494,0.00,1.33,6,10.7147,False,True,14.5611,32,17.67,1592172846.8932858,in_progress"
1592172847048,"SIM_TRACE_LOG:6,30,4.8444,2.7140,159.4279,30.00,1.33,12,0.9987,False,True,14.9935,32,17.67,1592172846.9606307,in_progress"
1592172847048,"SIM_TRACE_LOG:6,31,4.7522,2.7561,157.4096,15.00,2.67,10,17.7062,False,True,15.5629,32,17.67,1592172847.0312355,in_progress"
1592172848081,"SIM_TRACE_LOG:6,32,4.6607,2.7967,156.7270,-30.00,1.33,0,1.0835,False,True,16.1264,33,17.67,1592172847.0981252,in_progress"
1592172848081,"SIM_TRACE_LOG:6,33,4.5666,2.8409,155.7590,-30.00,1.33,0,1.1281,False,True,16.7098,33,17.67,1592172847.165015,in_progress"
1592172848081,"SIM_TRACE_LOG:6,34,4.4940,2.8801,153.8923,-30.00,1.33,0,1.1406,False,True,17.0549,33,17.67,1592172847.2287588,in_progress"
1592172848081,"SIM_TRACE_LOG:6,35,4.4004,2.9402,150.2456,-30.00,1.33,0,1.1901,False,True,17.6764,33,17.67,1592172847.2980306,in_progress"
1592172848081,"SIM_TRACE_LOG:6,36,4.3243,2.9983,146.4228,-30.00,1.33,0,1.2288,False,True,18.2168,34,17.67,1592172847.361263,in_progress"
1592172848081,"SIM_TRACE_LOG:6,37,4.2610,3.0545,142.7410,-15.00,1.33,3,10.7038,False,True,18.6958,34,17.67,1592172847.426549,in_progress"
1592172848081,"SIM_TRACE_LOG:6,38,4.1932,3.1245,138.2770,-15.00,1.33,3,10.9652,False,True,19.1760,34,17.67,1592172847.4966998,in_progress"
1592172848081,"SIM_TRACE_LOG:6,39,4.1325,3.1988,133.7085,15.00,1.33,9,11.2977,False,True,19.7190,34,17.67,1592172847.560144,in_progress"
1592172848081,"SIM_TRACE_LOG:6,40,4.0599,3.2990,129.1325,-30.00,1.33,0,1.3895,False,True,20.4178,35,17.67,1592172847.6334264,in_progress"
1592172848081,"SIM_TRACE_LOG:6,41,4.0205,3.3586,126.8715,15.00,1.33,9,11.9814,False,True,20.8201,35,17.67,1592172847.6988814,in_progress"
1592172848081,"SIM_TRACE_LOG:6,42,3.9672,3.4479,123.7167,0.00,2.67,7,31.9907,False,True,21.4024,36,17.67,1592172847.7631886,in_progress"
1592172848081,"SIM_TRACE_LOG:6,43,3.9065,3.5601,120.3045,15.00,4.00,11,38.6579,False,True,22.1115,36,17.67,1592172847.8264735,in_progress"
1592172848081,"SIM_TRACE_LOG:6,44,3.8686,3.6359,118.5974,0.00,1.33,6,16.9945,False,True,22.5798,37,17.67,1592172847.8948426,in_progress"
1592172848081,"SIM_TRACE_LOG:6,45,3.8206,3.7369,116.3808,0.00,1.33,6,17.5335,False,True,23.1942,37,17.67,1592172847.9624474,in_progress"
1592172848081,"SIM_TRACE_LOG:6,46,3.7840,3.8205,115.0376,30.00,1.33,12,1.6269,False,True,23.6917,37,17.67,1592172848.0297737,in_progress"
1592172849118,"SIM_TRACE_LOG:6,47,3.7434,3.9130,114.3618,30.00,1.33,12,1.6671,False,True,24.2428,38,17.67,1592172848.098588,in_progress"
1592172849118,"SIM_TRACE_LOG:6,48,3.7006,4.0006,115.2108,0.00,4.00,8,56.2605,False,True,24.7799,38,17.67,1592172848.161831,in_progress"
1592172849118,"SIM_TRACE_LOG:6,49,3.6526,4.0896,116.8700,-15.00,4.00,5,44.5000,False,True,25.3418,39,17.67,1592172848.234517,in_progress"
1592172849118,"SIM_TRACE_LOG:6,50,3.5890,4.2071,117.7971,-15.00,4.00,5,45.8054,False,True,26.0353,39,17.67,1592172848.2973735,in_progress"
1592172849118,"SIM_TRACE_LOG:6,51,3.5383,4.3067,117.2742,-15.00,4.00,5,46.3445,False,True,26.6441,40,17.67,1592172848.3616958,in_progress"
1592172849118,"SIM_TRACE_LOG:6,52,3.4772,4.4440,114.8851,-15.00,1.33,3,14.7406,False,True,27.4496,40,17.67,1592172848.4314575,in_progress"
1592172849118,"SIM_TRACE_LOG:6,53,3.4262,4.5834,110.6032,30.00,4.00,14,1.0226,False,False,27.7829,40,17.67,1592172848.4966912,in_progress"
1592172849118,"SIM_TRACE_LOG:6,54,3.3926,4.6910,108.7368,-30.00,1.33,0,-19.7261,False,False,28.2652,41,17.67,1592172848.5617452,in_progress"
1592172849118,"SIM_TRACE_LOG:6,55,3.3436,4.8539,107.4063,-15.00,2.67,4,-341.6746,True,False,28.7937,42,17.67,1592172848.6287074,off_track"
1592172849118,"SIM_TRACE_LOG:7,1,6.4945,2.7443,157.4352,-30.00,1.33,0,0.0813,False,True,0.7813,24,17.67,1592172848.9637623,in_progress"
1592172849118,"SIM_TRACE_LOG:7,2,6.4914,2.7460,157.2790,30.00,1.33,12,0.0427,False,True,0.8000,24,17.67,1592172849.0321214,in_progress"
1592172849118,"SIM_TRACE_LOG:7,3,6.4754,2.7541,156.7611,30.00,1.33,12,0.0356,False,True,0.8947,24,17.67,1592172849.0977216,in_progress"
1592172850155,"SIM_TRACE_LOG:7,4,6.4447,2.7684,156.3871,30.00,1.33,12,0.0385,False,True,1.0754,24,17.67,1592172849.1634533,in_progress"
1592172850155,"SIM_TRACE_LOG:7,5,6.4023,2.7860,156.7123,30.00,1.33,12,0.0468,False,True,1.3244,24,17.67,1592172849.230815,in_progress"
1592172850155,"SIM_TRACE_LOG:7,6,6.3449,2.8057,158.2615,30.00,1.33,12,0.0611,False,True,1.6589,24,17.67,1592172849.300001,in_progress"
1592172850155,"SIM_TRACE_LOG:7,7,6.2702,2.8242,161.7127,30.00,1.33,12,0.0832,False,True,2.0901,25,17.67,1592172849.365638,in_progress"
1592172850155,"SIM_TRACE_LOG:7,8,6.1837,2.8361,166.6636,30.00,1.33,12,0.1113,False,True,2.5841,25,17.67,1592172849.4325833,in_progress"
1592172850155,"SIM_TRACE_LOG:7,9,6.0966,2.8399,171.7641,30.00,4.00,14,0.4205,False,True,3.0763,25,17.67,1592172849.4987133,in_progress"
1592172850155,"SIM_TRACE_LOG:7,10,6.0021,2.8347,177.5975,-30.00,1.33,0,0.1698,False,True,3.5692,25,17.67,1592172849.5670688,in_progress"
1592172850155,"SIM_TRACE_LOG:7,11,5.8906,2.8161,-174.6549,-15.00,2.67,4,3.6372,False,True,4.2015,26,17.67,1592172849.6297877,in_progress"
1592172850155,"SIM_TRACE_LOG:7,12,5.8057,2.7961,-170.8187,0.00,4.00,8,8.0384,False,True,4.6824,27,17.67,1592172849.701039,in_progress"
1592172850155,"SIM_TRACE_LOG:7,13,5.6878,2.7594,-165.8178,-15.00,1.33,3,2.4965,False,True,5.3515,28,17.67,1592172849.7688105,in_progress"
1592172850155,"SIM_TRACE_LOG:7,14,5.5983,2.7274,-161.8459,15.00,1.33,9,2.7794,False,True,5.8598,28,17.67,1592172849.8353748,in_progress"
1592172850155,"SIM_TRACE_LOG:7,15,5.4872,2.6788,-157.5685,-30.00,1.33,0,0.3743,False,True,6.4906,28,17.67,1592172849.9006221,in_progress"
1592172850155,"SIM_TRACE_LOG:7,16,5.3879,2.6285,-155.0782,-30.00,1.33,0,0.4129,False,True,7.0550,29,17.67,1592172849.971505,in_progress"
1592172850155,"SIM_TRACE_LOG:7,17,5.2948,2.5842,-154.8067,0.00,4.00,8,14.5308,False,True,7.5835,29,17.67,1592172850.0387557,in_progress"
1592172850155,"SIM_TRACE_LOG:7,18,5.2048,2.5430,-155.1653,-15.00,4.00,5,11.3471,False,True,8.0951,29,17.67,1592172850.1066272,in_progress"
1592172851189,"SIM_TRACE_LOG:7,19,5.0893,2.4958,-156.8713,0.00,1.33,6,4.0135,False,False,8.7507,30,17.67,1592172850.172882,in_progress"
1592172851189,"SIM_TRACE_LOG:7,20,4.9984,2.4611,-159.1061,15.00,4.00,11,-2.5781,False,False,9.0958,30,17.67,1592172850.2385378,in_progress"
1592172851189,"SIM_TRACE_LOG:7,21,4.8808,2.4183,-159.6503,-30.00,1.33,0,-5.8152,False,False,9.5705,32,17.67,1592172850.3077967,in_progress"
1592172851189,"SIM_TRACE_LOG:7,22,4.7625,2.3767,-159.8021,-30.00,1.33,0,-5.8780,False,False,9.8484,32,17.67,1592172850.375702,in_progress"
1592172851189,"SIM_TRACE_LOG:7,23,4.6569,2.3456,-161.9409,15.00,1.33,9,-52.9197,True,False,10.3634,32,17.67,1592172850.4366677,off_track"
1592172851189,"SIM_TRACE_LOG:8,1,5.6098,2.7694,-179.5149,15.00,1.33,9,0.7106,False,True,0.7922,28,17.67,1592172850.7856295,in_progress"
1592172851189,"SIM_TRACE_LOG:8,2,5.6087,2.7693,-179.4712,0.00,2.67,7,0.9348,False,True,0.7985,28,17.67,1592172850.843025,in_progress"
1592172851189,"SIM_TRACE_LOG:8,3,5.5985,2.7688,-179.3106,30.00,4.00,14,0.0978,False,True,0.8566,28,17.67,1592172850.9097779,in_progress"
1592172851189,"SIM_TRACE_LOG:8,4,5.5725,2.7664,-178.5255,30.00,4.00,14,0.1007,False,True,1.0035,28,17.67,1592172850.9748366,in_progress"
1592172851189,"SIM_TRACE_LOG:8,5,5.5417,2.7618,-177.1259,-15.00,2.67,4,0.6294,False,True,1.1784,28,17.67,1592172851.0439732,in_progress"
1592172851189,"SIM_TRACE_LOG:8,6,5.4757,2.7504,-174.4995,15.00,1.33,9,0.4549,False,True,1.5520,28,17.67,1592172851.1112344,in_progress"
1592172851189,"SIM_TRACE_LOG:8,7,5.4127,2.7377,-172.2566,-15.00,1.33,3,0.5902,False,True,1.9094,29,17.67,1592172851.174321,in_progress"
1592172852228,"SIM_TRACE_LOG:8,8,5.3301,2.7176,-169.5475,-30.00,4.00,2,0.2826,False,True,2.3775,29,17.67,1592172851.2402465,in_progress"
1592172852228,"SIM_TRACE_LOG:8,9,5.2309,2.6954,-168.4801,-30.00,1.33,0,0.1280,False,True,2.9400,29,17.67,1592172851.3072195,in_progress"
1592172852228,"SIM_TRACE_LOG:8,10,5.1371,2.6794,-168.8590,-30.00,1.33,0,0.1606,False,True,3.4713,29,17.67,1592172851.3744211,in_progress"
1592172852228,"SIM_TRACE_LOG:8,11,5.0330,2.6683,-171.1412,-30.00,1.33,0,0.1945,False,True,4.0066,30,17.67,1592172851.440581,in_progress"
1592172852228,"SIM_TRACE_LOG:8,12,4.9552,2.6655,-173.9242,-30.00,1.33,0,0.2182,False,True,4.4343,32,17.67,1592172851.5076954,in_progress"
1592172852228,"SIM_TRACE_LOG:8,13,4.8558,2.6702,-178.5506,-30.00,1.33,0,0.2411,False,True,4.8562,32,17.67,1592172851.5740376,in_progress"
1592172852228,"SIM_TRACE_LOG:8,14,4.7716,2.6828,176.8096,-30.00,1.33,0,0.2691,False,True,5.3315,32,17.67,1592172851.6430905,in_progress"
1592172852228,"SIM_TRACE_LOG:8,15,4.6909,2.7031,171.8158,-30.00,1.33,0,0.2969,False,True,5.8013,33,17.67,1592172851.7071466,in_progress"
1592172852228,"SIM_TRACE_LOG:8,16,4.6046,2.7348,165.8888,-30.00,1.33,0,0.3308,False,True,6.3209,33,17.67,1592172851.7766066,in_progress"
1592172852228,"SIM_TRACE_LOG:8,17,4.5321,2.7709,160.3524,-30.00,1.33,0,0.3585,False,True,6.7740,33,17.67,1592172851.8445766,in_progress"
1592172852228,"SIM_TRACE_LOG:8,18,4.4525,2.8228,153.5752,15.00,4.00,11,9.2644,False,True,7.0150,33,17.67,1592172851.9103966,in_progress"
1592172852228,"SIM_TRACE_LOG:8,19,4.3788,2.8829,146.8842,-30.00,1.33,0,0.3987,False,True,7.5529,33,17.67,1592172851.9800134,in_progress"
1592172852228,"SIM_TRACE_LOG:8,20,4.3180,2.9433,140.8276,-15.00,1.33,3,3.6489,False,True,8.0371,34,17.67,1592172852.0438764,in_progress"
1592172852228,"SIM_TRACE_LOG:8,21,4.2536,3.0237,134.3350,15.00,1.33,9,3.9969,False,True,8.6116,34,17.67,1592172852.1077743,in_progress"
1592172852228,"SIM_TRACE_LOG:8,22,4.2016,3.0992,129.6306,-30.00,1.33,0,0.5034,False,True,9.1150,34,17.67,1592172852.1759155,in_progress"
1592172853260,"SIM_TRACE_LOG:8,23,4.1601,3.1671,125.9996,-15.00,2.67,4,8.8579,False,True,9.4814,34,17.67,1592172852.2419953,in_progress"
1592172853260,"SIM_TRACE_LOG:8,24,4.1117,3.2676,120.0047,0.00,1.33,6,6.2276,False,True,10.0951,35,17.67,1592172852.3134909,in_progress"
1592172853260,"SIM_TRACE_LOG:8,25,4.0768,3.3546,114.8107,0.00,1.33,6,6.5932,False,True,10.6014,35,17.67,1592172852.3748796,in_progress"
1592172853260,"SIM_TRACE_LOG:8,26,4.0479,3.4424,111.5555,30.00,4.00,14,1.8921,False,True,11.0902,36,17.67,1592172852.4417646,in_progress"
1592172853260,"SIM_TRACE_LOG:8,27,4.0163,3.5396,109.7492,30.00,1.33,12,0.6678,False,True,11.6291,36,17.67,1592172852.508051,in_progress"
1592172853260,"SIM_TRACE_LOG:8,28,3.9845,3.6249,109.7875,30.00,1.33,12,0.6990,False,True,12.1170,36,17.67,1592172852.5726562,in_progress"
1592172853260,"SIM_TRACE_LOG:8,29,3.9456,3.7166,111.3703,30.00,1.33,12,0.7360,False,True,12.6580,37,17.67,1592172852.6419153,in_progress"
1592172853260,"SIM_TRACE_LOG:8,30,3.9026,3.8016,113.8461,30.00,1.33,12,0.7707,False,True,13.1848,37,17.67,1592172852.7074106,in_progress"
1592172853260,"SIM_TRACE_LOG:8,31,3.8525,3.8838,117.2372,30.00,1.33,12,0.8065,False,True,13.7246,37,17.67,1592172852.774438,in_progress"
1592172853260,"SIM_TRACE_LOG:8,32,3.8024,3.9528,121.0331,30.00,1.33,12,0.8362,False,True,14.2062,38,17.67,1592172852.8419452,in_progress"
1592172853260,"SIM_TRACE_LOG:8,33,3.7467,4.0178,125.3431,30.00,1.33,12,0.8676,False,True,14.6906,38,17.67,1592172852.9120662,in_progress"
1592172853260,"SIM_TRACE_LOG:8,34,3.6623,4.0988,131.6436,30.00,1.33,12,0.9212,False,True,15.3476,39,17.67,1592172852.9800587,in_progress"
1592172853260,"SIM_TRACE_LOG:8,35,3.5885,4.1565,136.7916,30.00,1.33,12,0.9531,False,True,15.8266,39,17.67,1592172853.0441284,in_progress"
1592172853260,"SIM_TRACE_LOG:8,36,3.5184,4.2023,141.3844,30.00,1.33,12,0.9820,False,True,16.2866,39,17.67,1592172853.1106205,in_progress"
1592172853260,"SIM_TRACE_LOG:8,37,3.4325,4.2488,146.6390,0.00,1.33,6,11.1998,False,True,16.8094,40,17.67,1592172853.1764193,in_progress"
1592172853260,"SIM_TRACE_LOG:8,38,3.3444,4.2869,151.7211,0.00,1.33,6,11.5596,False,True,17.3062,40,17.67,1592172853.2450964,in_progress"
1592172854299,"SIM_TRACE_LOG:8,39,3.2483,4.3184,157.0482,0.00,1.33,6,11.9825,False,True,17.8503,40,17.67,1592172853.3118556,in_progress"
1592172854300,"SIM_TRACE_LOG:8,40,3.1574,4.3415,161.3741,0.00,1.33,6,12.3846,False,True,18.3787,41,17.67,1592172853.3787317,in_progress"
1592172854300,"SIM_TRACE_LOG:8,41,3.0622,4.3609,164.9788,0.00,4.00,8,38.6375,False,True,18.9767,42,17.67,1592172853.4445486,in_progress"
1592172854300,"SIM_TRACE_LOG:8,42,2.9666,4.3763,167.9823,15.00,4.00,11,30.8153,False,True,19.5165,43,17.67,1592172853.5137608,in_progress"
1592172854300,"SIM_TRACE_LOG:8,43,2.8600,4.3855,171.9637,-15.00,2.67,4,21.5979,False,True,20.2530,44,17.67,1592172853.5811892,in_progress"
1592172854300,"SIM_TRACE_LOG:8,44,2.7246,4.3859,177.4142,-15.00,2.67,4,22.9275,False,True,21.1118,45,17.67,1592172853.6493723,in_progress"
1592172854300,"SIM_TRACE_LOG:8,45,2.5708,4.3791,-178.9620,-30.00,1.33,0,1.4290,False,True,21.9824,46,17.67,1592172853.7102644,in_progress"
1592172854300,"SIM_TRACE_LOG:8,46,2.4258,4.3734,-177.5077,15.00,4.00,11,38.4079,False,True,22.8208,46,17.67,1592172853.7789934,in_progress"
1592172854300,"SIM_TRACE_LOG:8,47,2.2748,4.3672,-177.5020,15.00,1.33,9,13.4843,False,True,23.6760,47,17.67,1592172853.8485138,in_progress"
1592172854300,"SIM_TRACE_LOG:8,48,2.1687,4.3600,-176.5086,15.00,2.67,10,27.7513,False,True,24.2776,47,17.67,1592172853.9137955,in_progress"
1592172854300,"SIM_TRACE_LOG:8,49,1.9915,4.3387,-173.6717,-30.00,1.33,0,1.7291,False,True,25.2833,48,17.67,1592172853.977751,in_progress"
1592172854300,"SIM_TRACE_LOG:8,50,1.8575,4.3183,-171.0867,15.00,1.33,9,15.2005,False,True,26.0445,49,17.67,1592172854.0463326,in_progress"
1592172854300,"SIM_TRACE_LOG:8,51,1.7096,4.2939,-170.4731,-15.00,1.33,3,15.8805,False,True,27.0100,49,17.67,1592172854.1148515,in_progress"
1592172854300,"SIM_TRACE_LOG:8,52,1.6183,4.2776,-170.1641,15.00,1.33,9,16.1416,False,True,27.5346,49,17.67,1592172854.1803954,in_progress"
1592172854300,"SIM_TRACE_LOG:8,53,1.4926,4.2563,-170.2890,30.00,1.33,12,1.9558,False,True,28.2559,49,17.67,1592172854.243006,in_progress"
1592172855341,"SIM_TRACE_LOG:8,54,1.4102,4.2386,-169.1776,30.00,1.33,12,1.9723,False,True,28.7321,50,17.67,1592172854.313224,in_progress"
1592172855341,"SIM_TRACE_LOG:8,55,1.3225,4.2139,-166.9215,30.00,1.33,12,1.9723,False,True,29.2441,50,17.67,1592172854.3788042,in_progress"
1592172855341,"SIM_TRACE_LOG:8,56,1.2241,4.1782,-163.5457,30.00,4.00,14,6.4230,False,True,30.7480,51,17.67,1592172854.446515,in_progress"
1592172855341,"SIM_TRACE_LOG:8,57,1.1397,4.1409,-159.8299,30.00,1.33,12,2.2558,False,True,31.1979,51,17.67,1592172854.5122833,in_progress"
1592172855341,"SIM_TRACE_LOG:8,58,1.0495,4.0876,-153.5117,30.00,1.33,12,2.3132,False,True,31.7407,51,17.67,1592172854.5809228,in_progress"
1592172855341,"SIM_TRACE_LOG:8,59,0.9680,4.0244,-147.4955,30.00,4.00,14,7.0718,False,True,32.3001,52,17.67,1592172854.6471963,in_progress"
1592172855341,"SIM_TRACE_LOG:8,60,0.9061,3.9673,-142.7200,15.00,1.33,9,20.2797,False,True,32.7672,52,17.67,1592172854.7147229,in_progress"
1592172855341,"SIM_TRACE_LOG:8,61,0.8253,3.8695,-133.3853,15.00,1.33,9,20.8291,False,True,33.4833,52,17.67,1592172854.7784066,in_progress"
1592172855341,"SIM_TRACE_LOG:8,62,0.7753,3.7901,-127.3956,-15.00,4.00,5,64.0202,False,True,34.1681,52,17.67,1592172854.8481278,in_progress"
1592172855341,"SIM_TRACE_LOG:8,63,0.7289,3.7023,-122.3053,-15.00,4.00,5,64.9236,False,True,34.6845,52,17.67,1592172854.9175265,in_progress"
1592172855341,"SIM_TRACE_LOG:8,64,0.6750,3.5789,-116.6841,-15.00,4.00,5,66.5946,False,True,35.4058,53,17.67,1592172854.9812274,in_progress"
1592172855341,"SIM_TRACE_LOG:8,65,0.6290,3.4599,-113.2629,-15.00,4.00,5,67.6200,False,True,35.9639,53,17.67,1592172855.0491505,in_progress"
1592172855341,"SIM_TRACE_LOG:8,66,0.5767,3.3146,-110.8848,-30.00,4.00,2,7.9843,False,True,36.7087,53,17.67,1592172855.1137698,in_progress"
1592172855341,"SIM_TRACE_LOG:8,67,0.5251,3.1774,-110.8668,-30.00,2.67,1,4.1319,False,False,37.4100,53,17.67,1592172855.1801775,in_progress"
1592172855341,"SIM_TRACE_LOG:8,68,0.4602,3.0320,-113.2980,30.00,2.67,13,-57.0475,False,False,38.1410,54,17.67,1592172855.249464,in_progress"
1592172855341,"SIM_TRACE_LOG:8,69,0.3694,2.8575,-116.6120,30.00,4.00,14,-88.1895,True,False,39.0037,54,17.67,1592172855.3185716,off_track"
1592172856378,"SIM_TRACE_LOG:9,1,4.7372,2.8416,162.1303,30.00,4.00,14,0.2508,False,True,0.7922,33,17.67,1592172855.715765,in_progress"
1592172856378,"SIM_TRACE_LOG:9,2,4.7297,2.8426,162.5730,-30.00,1.33,0,0.0464,False,True,0.8345,33,17.67,1592172855.7863052,in_progress"
1592172856378,"SIM_TRACE_LOG:9,3,4.7023,2.8460,163.9388,-30.00,1.33,0,0.0434,False,True,0.9881,33,17.67,1592172855.853481,in_progress"
1592172856378,"SIM_TRACE_LOG:9,4,4.6605,2.8523,165.8883,0.00,4.00,8,1.6473,False,True,1.2239,33,17.67,1592172855.922892,in_progress"
1592172856378,"SIM_TRACE_LOG:9,5,4.6067,2.8610,167.4825,-15.00,1.33,3,0.5295,False,True,1.5286,33,17.67,1592172855.9824162,in_progress"
1592172856378,"SIM_TRACE_LOG:9,6,4.5509,2.8685,169.4685,-30.00,1.33,0,0.0751,False,True,1.8380,33,17.67,1592172856.0525508,in_progress"
1592172856378,"SIM_TRACE_LOG:9,7,4.4709,2.8794,170.7357,-30.00,1.33,0,0.0880,False,True,2.1496,33,17.67,1592172856.1206708,in_progress"
1592172856378,"SIM_TRACE_LOG:9,8,4.3704,2.8965,170.4538,-15.00,2.67,4,1.9677,False,True,2.6396,33,17.67,1592172856.1860585,in_progress"
1592172856378,"SIM_TRACE_LOG:9,9,4.2714,2.9177,169.0762,-15.00,1.33,3,1.2118,False,True,3.1384,34,17.67,1592172856.251659,in_progress"
1592172856378,"SIM_TRACE_LOG:9,10,4.1713,2.9430,166.9593,30.00,4.00,14,0.4808,False,True,3.6567,34,17.67,1592172856.3191125,in_progress"
1592172857415,"SIM_TRACE_LOG:9,11,4.0820,2.9686,165.5318,-30.00,1.33,0,0.1415,False,False,4.1286,34,17.67,1592172856.387524,in_progress"
1592172857415,"SIM_TRACE_LOG:9,12,3.9723,3.0012,164.5478,30.00,1.33,12,-0.5561,False,False,4.4247,34,17.67,1592172856.455561,in_progress"
1592172857415,"SIM_TRACE_LOG:9,13,3.8693,3.0343,163.2519,0.00,4.00,8,-82.5375,False,False,4.9384,35,17.67,1592172856.5194924,in_progress"
1592172857415,"SIM_TRACE_LOG:9,14,3.7875,3.0606,162.7206,30.00,4.00,14,-8.1658,True,False,5.3462,35,17.67,1592172856.587118,off_track"
1592172857415,"SIM_TRACE_LOG:10,1,4.0728,3.3948,129.1975,-30.00,1.33,0,0.0836,False,True,0.7922,35,17.67,1592172857.1856132,in_progress"
1592172857415,"SIM_TRACE_LOG:10,2,4.0702,3.3969,129.4737,0.00,2.67,7,0.9629,False,True,0.8105,35,17.67,1592172857.2549407,in_progress"
1592172857415,"SIM_TRACE_LOG:10,3,4.0587,3.4065,130.5010,0.00,2.67,7,0.7807,False,True,0.8937,35,17.67,1592172857.3267205,in_progress"
1592172857415,"SIM_TRACE_LOG:10,4,4.0334,3.4276,132.5100,-15.00,2.67,4,0.6566,False,True,1.0766,36,17.67,1592172857.393595,in_progress"
1592172858454,"SIM_TRACE_LOG:10,5,3.9940,3.4602,134.9237,15.00,1.33,9,0.4196,False,True,1.3606,36,17.67,1592172857.4570704,in_progress"
1592172858454,"SIM_TRACE_LOG:10,6,3.9694,3.4808,135.7314,15.00,1.33,9,0.4472,False,True,1.5388,36,17.67,1592172857.525984,in_progress"
1592172858454,"SIM_TRACE_LOG:10,7,3.8857,3.5445,139.5955,0.00,4.00,8,2.8180,False,True,2.1175,36,17.67,1592172857.5912127,in_progress"
1592172858454,"SIM_TRACE_LOG:10,8,3.8171,3.5929,141.9397,15.00,1.33,9,0.9394,False,True,2.5754,37,17.67,1592172857.6589398,in_progress"
1592172858454,"SIM_TRACE_LOG:10,9,3.7377,3.6436,144.3658,-30.00,1.33,0,0.1405,False,True,3.0814,37,17.67,1592172857.7226124,in_progress"
1592172858454,"SIM_TRACE_LOG:10,10,3.6769,3.6795,146.3657,0.00,4.00,8,5.2416,False,True,3.4563,37,17.67,1592172857.795437,in_progress"
1592172858454,"SIM_TRACE_LOG:10,11,3.5638,3.7465,148.2770,-30.00,1.33,0,0.2056,False,True,4.1542,38,17.67,1592172857.860846,in_progress"
1592172858454,"SIM_TRACE_LOG:10,12,3.4777,3.7957,149.4536,-30.00,1.33,0,0.2298,False,True,4.6783,38,17.67,1592172857.9265997,in_progress"
1592172858454,"SIM_TRACE_LOG:10,13,3.3828,3.8534,149.1651,15.00,1.33,9,2.0289,False,False,5.2708,39,17.67,1592172857.9894803,in_progress"
1592172858454,"SIM_TRACE_LOG:10,14,3.3160,3.8957,148.5462,15.00,1.33,9,1.8368,False,False,5.7886,39,17.67,1592172858.0554206,in_progress"
1592172858454,"SIM_TRACE_LOG:10,15,3.2480,3.9388,148.1646,30.00,1.33,12,0.1197,False,False,6.2287,39,17.67,1592172858.1278286,in_progress"
1592172858454,"SIM_TRACE_LOG:10,16,3.1576,3.9903,149.1455,30.00,1.33,12,-0.8852,False,False,6.7899,40,17.67,1592172858.1908731,in_progress"
1592172858454,"SIM_TRACE_LOG:10,17,3.0804,4.0272,151.2446,30.00,1.33,12,-4.1106,False,False,7.2397,40,17.67,1592172858.260058,in_progress"
1592172858454,"SIM_TRACE_LOG:10,18,2.9865,4.0639,154.8668,15.00,4.00,11,-136.6058,False,False,8.5044,41,17.67,1592172858.32768,in_progress"
1592172858454,"SIM_TRACE_LOG:10,19,2.8978,4.0925,158.5592,-30.00,1.33,0,-6.1482,True,False,9.3604,43,17.67,1592172858.3943057,off_track"
1592172859489,"SIM_TRACE_LOG:11,1,3.5146,4.0797,129.1727,15.00,4.00,11,2.1286,False,True,0.7916,39,17.67,1592172858.7268274,in_progress"
1592172859489,"SIM_TRACE_LOG:11,2,3.5130,4.0819,129.0971,30.00,1.33,12,0.0434,False,True,0.8068,39,17.67,1592172858.792896,in_progress"
1592172859489,"SIM_TRACE_LOG:11,3,3.5043,4.0929,129.5570,0.00,4.00,8,1.1499,False,True,0.8856,39,17.67,1592172858.863449,in_progress"
1592172859489,"SIM_TRACE_LOG:11,4,3.4809,4.1206,129.7116,30.00,1.33,12,0.0396,False,True,1.0907,39,17.67,1592172858.932437,in_progress"
1592172859489,"SIM_TRACE_LOG:11,5,3.4465,4.1579,130.4483,30.00,1.33,12,0.0506,False,True,1.3779,39,17.67,1592172858.9914863,in_progress"
1592172859489,"SIM_TRACE_LOG:11,6,3.4021,4.2010,132.4396,30.00,1.33,12,0.0663,False,True,1.7272,40,17.67,1592172859.0589447,in_progress"
1592172859489,"SIM_TRACE_LOG:11,7,3.3473,4.2469,135.5620,30.00,1.33,12,0.0863,False,True,2.1287,40,17.67,1592172859.126903,in_progress"
1592172859489,"SIM_TRACE_LOG:11,8,3.2676,4.3025,140.4868,30.00,1.33,12,0.1185,False,True,2.6661,40,17.67,1592172859.1925442,in_progress"
1592172859489,"SIM_TRACE_LOG:11,9,3.1983,4.3426,144.6131,30.00,1.33,12,0.1482,False,True,3.1632,41,17.67,1592172859.2570653,in_progress"
1592172859489,"SIM_TRACE_LOG:11,10,3.1130,4.3836,149.3458,30.00,1.33,12,0.1837,False,True,3.7116,42,17.67,1592172859.3255732,in_progress"
1592172859489,"SIM_TRACE_LOG:11,11,3.0243,4.4178,153.9962,30.00,1.33,12,0.2225,False,True,4.2847,42,17.67,1592172859.3943756,in_progress"
1592172859489,"SIM_TRACE_LOG:11,12,2.9529,4.4394,157.5853,30.00,1.33,12,0.2461,False,True,4.7062,43,17.67,1592172859.4618666,in_progress"
1592172860537,"SIM_TRACE_LOG:11,13,2.8420,4.4641,163.0824,30.00,4.00,14,0.8978,False,True,5.4019,44,17.67,1592172859.5286973,in_progress"
1592172860537,"SIM_TRACE_LOG:11,14,2.7416,4.4780,167.9751,0.00,4.00,8,11.3657,False,True,6.0138,45,17.67,1592172859.5953512,in_progress"
1592172860537,"SIM_TRACE_LOG:11,15,2.6263,4.4791,174.7832,15.00,4.00,11,10.0725,False,True,6.6664,46,17.67,1592172859.6593523,in_progress"
1592172860537,"SIM_TRACE_LOG:11,16,2.5159,4.4672,-178.2937,0.00,2.67,7,9.7452,False,True,7.2910,46,17.67,1592172859.7268367,in_progress"
1592172860537,"SIM_TRACE_LOG:11,17,2.3835,4.4382,-169.0310,0.00,4.00,8,16.7691,False,True,8.0495,46,17.67,1592172859.7915704,in_progress"
1592172860537,"SIM_TRACE_LOG:11,18,2.2534,4.3945,-160.0634,15.00,1.33,9,4.8646,False,True,8.7924,47,17.67,1592172859.8617773,in_progress"
1592172860537,"SIM_TRACE_LOG:11,19,2.0889,4.3216,-146.4095,-30.00,1.33,0,0.6565,False,True,9.7351,48,17.67,1592172859.9277823,in_progress"
1592172860537,"SIM_TRACE_LOG:11,20,1.9748,4.2598,-136.0487,15.00,1.33,9,5.5973,False,True,10.3905,48,17.67,1592172859.9931974,in_progress"
1592172860537,"SIM_TRACE_LOG:11,21,1.8924,4.2065,-128.8891,30.00,1.33,12,0.4751,False,False,10.8655,48,17.67,1592172860.0626442,in_progress"
1592172860537,"SIM_TRACE_LOG:11,22,1.8043,4.1350,-123.4343,30.00,1.33,12,-7.8421,False,False,11.3755,49,17.67,1592172860.1277945,in_progress"
1592172860537,"SIM_TRACE_LOG:11,23,1.7355,4.0625,-121.8414,30.00,1.33,12,-8.4369,False,False,12.0641,49,17.67,1592172860.194085,in_progress"
1592172860537,"SIM_TRACE_LOG:11,24,1.6737,3.9779,-122.4975,30.00,1.33,12,-8.6557,True,False,12.4824,49,17.67,1592172860.26307,off_track"
1592172861570,"SIM_TRACE_LOG:12,1,2.7768,4.5034,173.9081,0.00,4.00,8,2.9134,False,True,0.8141,45,17.67,1592172860.5972376,in_progress"
1592172861570,"SIM_TRACE_LOG:12,2,2.7750,4.5035,173.9701,15.00,4.00,11,1.1543,False,True,0.8242,45,17.67,1592172860.6623397,in_progress"
1592172861570,"SIM_TRACE_LOG:12,3,2.7529,4.5010,175.6215,15.00,4.00,11,1.0212,False,True,0.9494,45,17.67,1592172860.7338157,in_progress"
1592172861570,"SIM_TRACE_LOG:12,4,2.7216,4.4958,178.4054,0.00,1.33,6,0.4654,False,True,1.1268,45,17.67,1592172860.7969308,in_progress"
1592172861570,"SIM_TRACE_LOG:12,5,2.6725,4.4865,-178.1400,-15.00,2.67,4,0.8941,False,True,1.4046,45,17.67,1592172860.8640046,in_progress"
1592172861570,"SIM_TRACE_LOG:12,6,2.6081,4.4730,-174.3878,-30.00,1.33,0,0.0696,False,True,1.7693,46,17.67,1592172860.928938,in_progress"
1592172861570,"SIM_TRACE_LOG:12,7,2.5243,4.4565,-171.8258,15.00,4.00,11,2.4449,False,True,2.2437,46,17.67,1592172860.9963636,in_progress"
1592172861570,"SIM_TRACE_LOG:12,8,2.4262,4.4369,-170.1545,0.00,4.00,8,4.3367,False,True,2.8082,46,17.67,1592172861.0608754,in_progress"
1592172861570,"SIM_TRACE_LOG:12,9,2.3150,4.4120,-168.5515,-30.00,1.33,0,0.1754,False,True,3.4411,47,17.67,1592172861.1321423,in_progress"
1592172861570,"SIM_TRACE_LOG:12,10,2.2096,4.3893,-167.5091,-30.00,1.33,0,0.2176,False,True,4.0413,47,17.67,1592172861.1959877,in_progress"
1592172861570,"SIM_TRACE_LOG:12,11,2.1226,4.3737,-168.6720,-30.00,1.33,0,0.2490,False,True,4.5361,48,17.67,1592172861.2650204,in_progress"
1592172861570,"SIM_TRACE_LOG:12,12,2.0213,4.3629,-171.4217,-30.00,1.33,0,0.2896,False,True,5.1108,48,17.67,1592172861.3318372,in_progress"
1592172861570,"SIM_TRACE_LOG:12,13,1.9345,4.3603,-174.4963,15.00,1.33,9,2.7301,False,True,5.6020,48,17.67,1592172861.4008434,in_progress"
1592172861570,"SIM_TRACE_LOG:12,14,1.8318,4.3623,-177.8337,0.00,1.33,6,3.9977,False,True,6.1825,49,17.67,1592172861.4700172,in_progress"
1592172861570,"SIM_TRACE_LOG:12,15,1.7266,4.3675,179.5700,0.00,1.33,6,4.5855,False,True,6.8516,49,17.67,1592172861.5339446,in_progress"
1592172862614,"SIM_TRACE_LOG:12,16,1.6415,4.3743,177.6936,30.00,1.33,12,0.4466,False,True,7.3218,49,17.67,1592172861.6001055,in_progress"
1592172862614,"SIM_TRACE_LOG:12,17,1.5385,4.3817,176.8131,-30.00,1.33,0,0.4884,False,True,7.8918,49,17.67,1592172861.6639652,in_progress"
1592172862614,"SIM_TRACE_LOG:12,18,1.4511,4.3882,176.3738,30.00,1.33,12,0.5195,False,True,8.3750,50,17.67,1592172861.7319665,in_progress"
1592172862614,"SIM_TRACE_LOG:12,19,1.3639,4.3954,175.8891,0.00,4.00,8,18.1644,False,True,8.8567,50,17.67,1592172861.8002167,in_progress"
1592172862614,"SIM_TRACE_LOG:12,20,1.2699,4.4018,176.0123,-15.00,4.00,5,14.9460,False,True,9.3767,50,17.67,1592172861.8671424,in_progress"
1592172862614,"SIM_TRACE_LOG:12,21,1.1408,4.4148,174.7565,30.00,1.33,12,0.6349,False,True,10.0005,50,17.67,1592172861.9375103,in_progress"
1592172862614,"SIM_TRACE_LOG:12,22,1.0170,4.4274,173.1296,15.00,1.33,9,5.5482,False,True,10.3950,51,17.67,1592172862.00356,in_progress"
1592172862614,"SIM_TRACE_LOG:12,23,0.9313,4.4362,172.9843,15.00,1.33,9,5.1475,False,False,10.5289,51,17.67,1592172862.0658414,in_progress"
1592172862614,"SIM_TRACE_LOG:12,24,0.8264,4.4463,173.8293,15.00,1.33,9,-1.5500,False,False,10.8284,51,17.67,1592172862.133988,in_progress"
1592172862614,"SIM_TRACE_LOG:12,25,0.7304,4.4523,175.1032,-30.00,1.33,0,-6.5919,False,False,11.1177,51,17.67,1592172862.1991496,in_progress"
1592172862614,"SIM_TRACE_LOG:12,26,0.6388,4.4565,176.1884,-30.00,1.33,0,-6.6654,True,False,11.4009,51,17.67,1592172862.2671206,off_track"
1592172862614,"SIM_TRACE_LOG:13,1,1.8973,4.4812,-178.3524,30.00,1.33,12,0.0836,False,True,0.7923,48,17.67,1592172862.604038,in_progress"
1592172863655,"SIM_TRACE_LOG:13,2,1.8941,4.4815,-178.4976,0.00,1.33,6,0.4814,False,True,0.8104,48,17.67,1592172862.6695504,in_progress"
1592172863655,"SIM_TRACE_LOG:13,3,1.8750,4.4827,-179.1349,0.00,1.33,6,0.4123,False,True,0.9185,48,17.67,1592172862.7367404,in_progress"
1592172863655,"SIM_TRACE_LOG:13,4,1.8456,4.4849,179.9324,0.00,1.33,6,0.4311,False,True,1.0845,49,17.67,1592172862.8041677,in_progress"
1592172863655,"SIM_TRACE_LOG:13,5,1.7989,4.4888,178.5870,0.00,1.33,6,0.5329,False,True,1.3479,49,17.67,1592172862.8684454,in_progress"
1592172863655,"SIM_TRACE_LOG:13,6,1.7426,4.4944,177.1748,30.00,1.33,12,0.0616,False,True,1.6656,49,17.67,1592172862.936883,in_progress"
1592172863655,"SIM_TRACE_LOG:13,7,1.6667,4.4997,176.7307,30.00,1.33,12,0.0819,False,True,2.0732,49,17.67,1592172863.0049818,in_progress"
1592172863655,"SIM_TRACE_LOG:13,8,1.5770,4.5003,178.1705,30.00,4.00,14,0.3313,False,True,2.5744,49,17.67,1592172863.072677,in_progress"
1592172863655,"SIM_TRACE_LOG:13,9,1.3290,4.4669,-172.2292,0.00,4.00,8,7.7824,False,True,3.9901,50,17.67,1592172863.18556,in_progress"
1592172863655,"SIM_TRACE_LOG:13,10,1.3290,4.4669,-172.2292,0.00,4.00,8,7.0043,False,True,3.9901,50,17.67,1592172863.245012,in_progress"
1592172863655,"SIM_TRACE_LOG:13,11,1.1861,4.4233,-165.8231,0.00,4.00,8,9.3189,False,True,4.8270,50,17.67,1592172863.2734895,in_progress"
1592172863655,"SIM_TRACE_LOG:13,12,1.1106,4.3944,-162.7393,-15.00,4.00,5,7.6800,False,True,5.2065,51,17.67,1592172863.4481459,in_progress"
1592172863655,"SIM_TRACE_LOG:13,13,0.7277,4.2218,-155.4809,15.00,1.33,9,3.3150,False,False,7.1862,51,17.67,1592172863.481133,in_progress"
1592172863655,"SIM_TRACE_LOG:13,14,0.6551,4.1870,-155.1153,0.00,1.33,6,-1.1606,False,False,7.5855,52,17.67,1592172863.5386157,in_progress"
1592172863655,"SIM_TRACE_LOG:13,15,0.4906,4.1074,-154.3343,-30.00,1.33,0,-6.4136,False,False,8.4946,52,17.67,1592172863.6034305,in_progress"
1592172864789,"SIM_TRACE_LOG:13,16,0.3510,4.0428,-154.8882,-30.00,1.33,0,-6.7820,True,False,9.0216,52,17.67,1592172863.6687908,off_track"