@timestamp,@message
1594075638073,"SIM_TRACE_LOG:0,1,3.0500,0.6833,0.0279,-10.00,1.33,6,2.5334,False,True,0.7922,0,17.67,1594075637.5135176,in_progress"
1594075638073,"SIM_TRACE_LOG:0,2,3.0505,0.6845,0.4733,-10.00,1.33,6,2.3669,False,True,0.7949,0,17.67,1594075637.552509,in_progress"
1594075638073,"SIM_TRACE_LOG:0,3,3.0511,0.6872,1.3007,-10.00,1.33,6,2.2838,False,True,0.7987,0,17.67,1594075637.7284453,in_progress"
1594075638073,"SIM_TRACE_LOG:0,4,3.0760,0.7127,9.9219,-10.00,1.33,6,2.2385,False,True,0.9394,0,17.67,1594075637.7601407,in_progress"
1594075638073,"SIM_TRACE_LOG:0,5,3.0861,0.7223,12.8788,-20.00,1.33,3,2.0392,False,True,0.9965,0,17.67,1594075637.8182914,in_progress"
1594075638073,"SIM_TRACE_LOG:0,6,3.1074,0.7405,17.7446,-20.00,1.33,3,1.7669,False,True,1.1171,0,17.67,1594075637.8869007,in_progress"
1594075638073,"SIM_TRACE_LOG:0,7,3.1412,0.7699,23.9955,-20.00,4.00,5,0.0002,False,True,1.3086,1,17.67,1594075637.9502478,in_progress"
1594075638073,"SIM_TRACE_LOG:0,8,3.1785,0.8045,29.6730,-20.00,4.00,5,0.0002,False,True,1.5196,1,17.67,1594075638.021712,in_progress"
1594075639102,"SIM_TRACE_LOG:0,9,3.2287,0.8536,35.4829,-30.00,4.00,2,0.0001,False,True,1.8038,1,17.67,1594075638.0872672,in_progress"
1594075639102,"SIM_TRACE_LOG:0,10,3.2901,0.9176,40.5633,30.00,1.33,18,-0.1000,False,False,2.1515,1,17.67,1594075638.1511784,in_progress"
1594075639102,"SIM_TRACE_LOG:0,11,3.3451,0.9774,43.3952,-10.00,1.33,6,-0.1000,False,False,2.4630,1,17.67,1594075638.2215238,in_progress"
1594075639102,"SIM_TRACE_LOG:0,12,3.4212,1.0686,47.3121,-30.00,1.33,0,-0.1000,False,False,2.8935,2,17.67,1594075638.2880578,in_progress"
1594075639102,"SIM_TRACE_LOG:0,13,3.4777,1.1390,49.2305,-30.00,4.00,2,-0.0000,True,False,3.2132,2,17.67,1594075638.3544474,off_track"
1594075639102,"SIM_TRACE_LOG:1,1,3.9336,0.6835,0.0143,-20.00,1.33,3,2.3668,False,True,0.7924,4,17.67,1594075638.754742,in_progress"
1594075639102,"SIM_TRACE_LOG:1,2,3.9364,0.6832,-0.1183,10.00,4.00,14,0.0002,False,True,0.8080,4,17.67,1594075638.8217862,in_progress"
1594075639102,"SIM_TRACE_LOG:1,3,3.9498,0.6809,-0.9646,-10.00,1.33,6,2.2885,False,True,0.8842,4,17.67,1594075638.8895419,in_progress"
1594075639102,"SIM_TRACE_LOG:1,4,3.9796,0.6764,-2.0921,-30.00,4.00,2,0.0001,False,True,1.0527,4,17.67,1594075638.9541504,in_progress"
1594075639102,"SIM_TRACE_LOG:1,5,4.0247,0.6673,-4.7255,10.00,1.33,12,1.9436,False,True,1.3081,4,17.67,1594075639.0206873,in_progress"
1594075639102,"SIM_TRACE_LOG:1,6,4.0762,0.6563,-6.7035,10.00,1.33,12,1.9420,False,True,1.5993,4,17.67,1594075639.085698,in_progress"
1594075640140,"SIM_TRACE_LOG:1,7,4.1565,0.6381,-9.4191,-30.00,1.33,0,1.4931,False,True,2.0534,4,17.67,1594075639.1526604,in_progress"
1594075640140,"SIM_TRACE_LOG:1,8,4.2317,0.6180,-11.8770,0.00,1.33,9,1.9858,False,True,2.4790,4,17.67,1594075639.227164,in_progress"
1594075640140,"SIM_TRACE_LOG:1,9,4.3248,0.5893,-14.4315,20.00,1.33,15,1.7486,False,True,3.0057,4,17.67,1594075639.2946274,in_progress"
1594075640140,"SIM_TRACE_LOG:1,10,4.4189,0.5592,-16.1066,-10.00,1.33,6,1.8942,False,True,3.5385,5,17.67,1594075639.3543124,in_progress"
1594075640140,"SIM_TRACE_LOG:1,11,4.4991,0.5327,-17.0494,20.00,1.33,15,1.7047,False,True,3.9923,5,17.67,1594075639.4247582,in_progress"
1594075640140,"SIM_TRACE_LOG:1,12,4.5954,0.4997,-18.0321,20.00,1.33,15,1.6713,False,True,4.5367,6,17.67,1594075639.4907198,in_progress"
1594075640140,"SIM_TRACE_LOG:1,13,4.6783,0.4713,-18.4488,-10.00,1.33,6,1.8050,False,True,5.0061,6,17.67,1594075639.5609806,in_progress"
1594075640140,"SIM_TRACE_LOG:1,14,4.7828,0.4367,-18.3638,-10.00,2.67,7,-0.0000,False,False,5.5975,6,17.67,1594075639.6236222,in_progress"
1594075640140,"SIM_TRACE_LOG:1,15,4.8723,0.4055,-18.8628,10.00,4.00,14,-0.0000,False,False,6.1034,6,17.67,1594075639.6926348,in_progress"
1594075640140,"SIM_TRACE_LOG:1,16,4.9836,0.3654,-19.3775,-20.00,1.33,3,-0.1000,False,False,6.7336,7,17.67,1594075639.760931,in_progress"
1594075640140,"SIM_TRACE_LOG:1,17,5.0885,0.3265,-19.5859,-20.00,1.33,3,-0.1000,False,False,7.3272,7,17.67,1594075639.8267746,in_progress"
1594075640140,"SIM_TRACE_LOG:1,18,5.1839,0.2869,-21.2508,-10.00,2.67,7,-0.0000,False,False,7.8666,7,17.67,1594075639.8927658,in_progress"
1594075640140,"SIM_TRACE_LOG:1,19,5.2733,0.2454,-23.1655,0.00,1.33,9,-0.1000,True,False,8.3724,7,17.67,1594075639.9583359,off_track"
1594075641175,"SIM_TRACE_LOG:2,1,4.8172,0.6838,-0.0023,10.00,2.67,13,0.0003,False,True,0.7924,6,17.67,1594075640.2994905,in_progress"
1594075641175,"SIM_TRACE_LOG:2,2,4.8182,0.6838,-0.0289,-10.00,1.33,6,2.3671,False,True,0.7983,6,17.67,1594075640.3646123,in_progress"
1594075641175,"SIM_TRACE_LOG:2,3,4.8331,0.6835,-0.4179,-10.00,1.33,6,2.2884,False,True,0.8824,6,17.67,1594075640.4281693,in_progress"
1594075641175,"SIM_TRACE_LOG:2,4,4.8624,0.6821,-0.8323,-10.00,1.33,6,1.9444,False,True,1.0481,6,17.67,1594075640.4968157,in_progress"
1594075641175,"SIM_TRACE_LOG:2,5,4.9055,0.6791,-1.6845,10.00,2.67,13,0.0002,False,True,1.2920,6,17.67,1594075640.563417,in_progress"
1594075641175,"SIM_TRACE_LOG:2,6,4.9635,0.6757,-2.2224,-30.00,2.67,1,0.0001,False,True,1.6206,7,17.67,1594075640.629589,in_progress"
1594075641175,"SIM_TRACE_LOG:2,7,5.0412,0.6702,-3.0416,10.00,4.00,14,0.0002,False,True,2.0602,7,17.67,1594075640.7019088,in_progress"
1594075641175,"SIM_TRACE_LOG:2,8,5.1332,0.6610,-4.3364,10.00,1.33,12,1.9427,False,True,2.5805,7,17.67,1594075640.766216,in_progress"
1594075641175,"SIM_TRACE_LOG:2,9,5.2197,0.6528,-5.1238,30.00,1.33,18,1.4968,False,True,3.0698,7,17.67,1594075640.8271916,in_progress"
1594075641175,"SIM_TRACE_LOG:2,10,5.3162,0.6440,-5.0790,-10.00,1.33,6,1.9391,False,True,3.6159,7,17.67,1594075640.8993862,in_progress"
1594075641175,"SIM_TRACE_LOG:2,11,5.4233,0.6371,-4.2952,-30.00,1.33,0,1.4927,False,True,4.2219,8,17.67,1594075640.9684203,in_progress"
1594075641175,"SIM_TRACE_LOG:2,12,5.4935,0.6303,-4.8067,30.00,2.67,19,0.0001,False,True,4.6195,8,17.67,1594075641.0337255,in_progress"
1594075641175,"SIM_TRACE_LOG:2,13,5.5944,0.6185,-5.6559,0.00,1.33,9,1.9858,False,True,5.1906,8,17.67,1594075641.0977175,in_progress"
1594075641175,"SIM_TRACE_LOG:2,14,5.6932,0.6091,-5.6697,10.00,1.33,12,1.9258,False,True,5.7491,9,17.67,1594075641.1644168,in_progress"
1594075642214,"SIM_TRACE_LOG:2,15,5.7865,0.6017,-5.2061,0.00,1.33,9,1.9775,False,True,6.2702,9,17.67,1594075641.230482,in_progress"
1594075642214,"SIM_TRACE_LOG:2,16,5.8766,0.5947,-4.8427,30.00,2.67,19,0.0001,False,True,6.7796,9,17.67,1594075641.2995894,in_progress"
1594075642214,"SIM_TRACE_LOG:2,17,5.9870,0.5890,-3.6151,20.00,4.00,17,0.0002,False,True,7.4037,9,17.67,1594075641.369222,in_progress"
1594075642214,"SIM_TRACE_LOG:2,18,6.1059,0.5916,-0.7161,20.00,1.33,15,1.7463,False,True,8.0763,10,17.67,1594075641.4312186,in_progress"
1594075642214,"SIM_TRACE_LOG:2,19,6.2268,0.6037,4.3169,20.00,4.00,17,0.0002,False,True,8.7615,10,17.67,1594075641.4993215,in_progress"
1594075642214,"SIM_TRACE_LOG:2,20,6.3293,0.6245,8.3319,20.00,1.33,15,1.7606,False,True,9.3031,10,17.67,1594075641.5695443,in_progress"
1594075642214,"SIM_TRACE_LOG:2,21,6.4530,0.6635,15.4397,30.00,4.00,20,0.0002,False,True,10.0239,11,17.67,1594075641.6340373,in_progress"
1594075642214,"SIM_TRACE_LOG:2,22,6.5553,0.7087,20.5430,0.00,1.33,9,2.3230,False,True,10.5947,12,17.67,1594075641.6999917,in_progress"
1594075642214,"SIM_TRACE_LOG:2,23,6.6559,0.7669,27.0587,10.00,4.00,14,0.0002,False,True,11.2466,13,17.67,1594075641.7704558,in_progress"
1594075642214,"SIM_TRACE_LOG:2,24,6.7536,0.8391,34.4850,30.00,2.67,19,0.0001,False,True,11.9255,13,17.67,1594075641.8344905,in_progress"
1594075642214,"SIM_TRACE_LOG:2,25,6.8570,0.9386,44.2694,10.00,4.00,14,0.0002,False,True,12.7427,14,17.67,1594075641.9011807,in_progress"
1594075642214,"SIM_TRACE_LOG:2,26,6.9442,1.0459,53.7248,-20.00,2.67,4,0.0002,False,True,13.5074,15,17.67,1594075641.9676468,in_progress"
1594075642214,"SIM_TRACE_LOG:2,27,7.0359,1.1906,66.2294,30.00,2.67,19,0.0001,False,True,14.5612,16,17.67,1594075642.035609,in_progress"
1594075642214,"SIM_TRACE_LOG:2,28,7.1074,1.3369,78.5256,0.00,1.33,9,1.9823,False,True,15.6698,17,17.67,1594075642.1027727,in_progress"
1594075642214,"SIM_TRACE_LOG:2,29,7.1665,1.4844,92.0706,-10.00,1.33,6,1.9366,False,True,16.5582,17,17.67,1594075642.1698625,in_progress"
1594075643251,"SIM_TRACE_LOG:2,30,7.2161,1.6241,105.1240,20.00,1.33,15,1.7744,False,True,17.3916,18,17.67,1594075642.2367442,in_progress"
1594075643251,"SIM_TRACE_LOG:2,31,7.2485,1.7354,113.9359,-30.00,4.00,2,0.0001,False,True,18.0463,18,17.67,1594075642.3068373,in_progress"
1594075643251,"SIM_TRACE_LOG:2,32,7.2696,1.8831,121.7101,30.00,1.33,18,1.4996,False,True,18.9093,20,17.67,1594075642.3692489,in_progress"
1594075643251,"SIM_TRACE_LOG:2,33,7.2719,1.9960,127.8053,-10.00,1.33,6,1.9356,False,True,19.5041,20,17.67,1594075642.437275,in_progress"
1594075643251,"SIM_TRACE_LOG:2,34,7.2642,2.1103,132.2518,20.00,2.67,16,0.0002,False,True,20.1263,20,17.67,1594075642.5039423,in_progress"
1594075643251,"SIM_TRACE_LOG:2,35,7.2423,2.2119,135.0357,0.00,4.00,11,0.0002,False,True,20.7088,21,17.67,1594075642.5770714,in_progress"
1594075643251,"SIM_TRACE_LOG:2,36,7.2008,2.3173,138.3077,30.00,2.67,19,0.0001,False,True,21.3498,21,17.67,1594075642.6369736,in_progress"
1594075643251,"SIM_TRACE_LOG:2,37,7.1440,2.4141,142.2564,-20.00,4.00,5,0.0002,False,True,21.8158,21,17.67,1594075642.7046301,in_progress"
1594075643251,"SIM_TRACE_LOG:2,38,7.0485,2.5293,147.9557,20.00,1.33,15,1.7396,False,True,22.5296,22,17.67,1594075642.77083,in_progress"
1594075643251,"SIM_TRACE_LOG:2,39,6.9538,2.6193,154.2182,-20.00,4.00,5,0.0002,False,True,23.2664,22,17.67,1594075642.8404005,in_progress"
1594075643251,"SIM_TRACE_LOG:2,40,6.8612,2.6913,160.3949,-30.00,4.00,2,0.0001,False,True,23.9299,23,17.67,1594075642.9070315,in_progress"
1594075643251,"SIM_TRACE_LOG:2,41,6.7281,2.7678,168.8385,-20.00,1.33,3,1.7386,False,True,24.6228,23,17.67,1594075642.972495,in_progress"
1594075643251,"SIM_TRACE_LOG:2,42,6.5916,2.8269,177.8720,10.00,1.33,12,1.9027,False,True,25.4645,24,17.67,1594075643.041639,in_progress"
1594075643251,"SIM_TRACE_LOG:2,43,6.4833,2.8640,-174.1499,10.00,4.00,14,0.0002,False,True,25.9131,24,17.67,1594075643.1082184,in_progress"
1594075643251,"SIM_TRACE_LOG:2,44,6.3712,2.8889,-166.4491,-30.00,4.00,2,0.0001,False,True,26.5587,24,17.67,1594075643.1727219,in_progress"
1594075643251,"SIM_TRACE_LOG:2,45,6.2642,2.8969,-159.0194,-20.00,1.33,3,1.7141,False,True,27.1655,25,17.67,1594075643.2409613,in_progress"
1594075644289,"SIM_TRACE_LOG:2,46,6.1189,2.8901,-146.9762,-20.00,1.33,3,1.7321,False,True,27.9795,25,17.67,1594075643.3099208,in_progress"
1594075644289,"SIM_TRACE_LOG:2,47,6.0140,2.8728,-139.4123,-30.00,1.33,0,1.4684,False,True,28.5001,25,17.67,1594075643.3777707,in_progress"
1594075644289,"SIM_TRACE_LOG:2,48,5.9258,2.8466,-134.7374,-30.00,1.33,0,1.4823,False,True,29.0005,26,17.67,1594075643.4420683,in_progress"
1594075644290,"SIM_TRACE_LOG:2,49,5.8246,2.8004,-131.3892,10.00,2.67,13,0.0002,False,True,29.5752,26,17.67,1594075643.511973,in_progress"
1594075644290,"SIM_TRACE_LOG:2,50,5.7486,2.7497,-131.3550,-20.00,1.33,3,2.3242,False,True,30.0082,27,17.67,1594075643.579521,in_progress"
1594075644290,"SIM_TRACE_LOG:2,51,5.6768,2.6946,-131.6993,30.00,1.33,18,2.0334,False,True,30.4168,28,17.67,1594075643.6448658,in_progress"
1594075644290,"SIM_TRACE_LOG:2,52,5.5927,2.6269,-134.6343,-30.00,1.33,0,1.9927,False,True,30.8963,28,17.67,1594075643.7085097,in_progress"
1594075644290,"SIM_TRACE_LOG:2,53,5.5032,2.5555,-138.5286,-10.00,4.00,8,0.0002,False,True,31.4059,28,17.67,1594075643.7773,in_progress"
1594075644290,"SIM_TRACE_LOG:2,54,5.4347,2.5080,-141.6535,-10.00,2.67,7,-0.0000,False,False,31.7959,29,17.67,1594075643.8434296,in_progress"
1594075644290,"SIM_TRACE_LOG:2,55,5.3232,2.4446,-147.2519,-30.00,1.33,0,-0.1000,False,False,32.4298,29,17.67,1594075643.9096987,in_progress"
1594075644290,"SIM_TRACE_LOG:2,56,5.2060,2.3934,-153.3947,-30.00,2.67,1,-0.0000,False,False,33.0951,29,17.67,1594075643.978852,in_progress"
1594075644290,"SIM_TRACE_LOG:2,57,5.1055,2.3616,-158.5253,20.00,2.67,16,-0.0000,False,False,33.6656,30,17.67,1594075644.0437522,in_progress"
1594075644290,"SIM_TRACE_LOG:2,58,4.9708,2.3351,-165.6595,30.00,1.33,18,-0.1000,True,False,34.1870,31,17.67,1594075644.1103508,off_track"
1594075645326,"SIM_TRACE_LOG:3,1,5.7007,0.6842,0.0177,-20.00,1.33,3,2.3668,False,True,0.7919,9,17.67,1594075644.5279167,in_progress"
1594075645326,"SIM_TRACE_LOG:3,2,5.7011,0.6842,0.0505,30.00,1.33,18,1.9225,False,True,0.7942,9,17.67,1594075644.5766435,in_progress"
1594075645326,"SIM_TRACE_LOG:3,3,5.7055,0.6847,0.2360,-10.00,1.33,6,2.2849,False,True,0.8191,9,17.67,1594075644.6487339,in_progress"
1594075645326,"SIM_TRACE_LOG:3,4,5.7386,0.6883,1.4869,0.00,1.33,9,1.9999,False,True,1.0062,9,17.67,1594075644.7113662,in_progress"
1594075645326,"SIM_TRACE_LOG:3,5,5.7706,0.6924,2.6787,20.00,2.67,16,0.0002,False,True,1.1875,9,17.67,1594075644.7777483,in_progress"
1594075645326,"SIM_TRACE_LOG:3,6,5.8306,0.7030,5.3610,-30.00,4.00,2,0.0001,False,True,1.5286,9,17.67,1594075644.8446288,in_progress"
1594075645326,"SIM_TRACE_LOG:3,7,5.8860,0.7141,7.3518,20.00,1.33,15,1.7751,False,True,1.8433,9,17.67,1594075644.9156015,in_progress"
1594075645326,"SIM_TRACE_LOG:3,8,5.9757,0.7333,9.6928,20.00,4.00,17,0.0002,False,True,2.3522,9,17.67,1594075644.9821887,in_progress"
1594075645326,"SIM_TRACE_LOG:3,9,6.0725,0.7609,13.0434,-20.00,4.00,5,0.0002,False,True,2.9025,10,17.67,1594075645.0488389,in_progress"
1594075645326,"SIM_TRACE_LOG:3,10,6.1699,0.7947,16.2684,10.00,2.67,13,0.0002,False,True,3.4565,10,17.67,1594075645.1144989,in_progress"
1594075645326,"SIM_TRACE_LOG:3,11,6.2854,0.8383,19.0155,-30.00,2.67,1,0.0001,False,True,4.1979,10,17.67,1594075645.1823652,in_progress"
1594075645326,"SIM_TRACE_LOG:3,12,6.4249,0.8965,21.5129,20.00,4.00,17,0.0002,False,True,5.0204,11,17.67,1594075645.2473464,in_progress"
1594075645326,"SIM_TRACE_LOG:3,13,6.5503,0.9504,22.5954,-10.00,1.33,6,1.8214,False,True,6.0896,13,17.67,1594075645.3156848,in_progress"
1594075646471,"SIM_TRACE_LOG:3,14,6.6970,1.0134,23.8493,30.00,1.33,18,1.3912,False,True,7.1741,14,17.67,1594075645.3809803,in_progress"
1594075646471,"SIM_TRACE_LOG:3,15,6.8256,1.0761,25.4682,-10.00,1.33,6,1.8636,False,True,8.0908,15,17.67,1594075645.4552007,in_progress"
1594075646471,"SIM_TRACE_LOG:3,16,6.9368,1.1379,27.6724,0.00,1.33,9,1.9511,False,True,8.9854,15,17.67,1594075645.514764,in_progress"
1594075646471,"SIM_TRACE_LOG:3,17,7.0189,1.1871,29.3346,-10.00,1.33,6,1.9199,False,True,9.4872,16,17.67,1594075645.5814288,in_progress"
1594075646471,"SIM_TRACE_LOG:3,18,7.1055,1.2395,30.3274,-10.00,2.67,7,0.0002,False,True,10.0555,17,17.67,1594075645.6469493,in_progress"
1594075646471,"SIM_TRACE_LOG:3,19,7.1904,1.2894,30.3988,0.00,1.33,9,2.3231,False,True,10.5124,17,17.67,1594075645.7173617,in_progress"
1594075646471,"SIM_TRACE_LOG:3,20,7.2807,1.3433,30.5253,20.00,1.33,15,2.0791,False,True,10.9238,17,17.67,1594075645.7837074,in_progress"
1594075646471,"SIM_TRACE_LOG:3,21,7.3506,1.3867,31.1214,-20.00,4.00,5,0.0002,False,True,11.2512,17,17.67,1594075645.8455498,in_progress"
1594075646471,"SIM_TRACE_LOG:3,22,7.4290,1.4385,32.2316,-20.00,4.00,5,-0.0000,False,False,11.6360,17,17.67,1594075645.917078,in_progress"
1594075646471,"SIM_TRACE_LOG:3,23,7.5522,1.5144,31.6618,-30.00,2.67,1,-0.0000,False,False,12.2100,18,17.67,1594075645.9811943,in_progress"
1594075646471,"SIM_TRACE_LOG:3,24,7.6650,1.5722,28.7226,0.00,4.00,11,-0.0000,False,False,12.6710,18,17.67,1594075646.0474374,in_progress"
1594075646471,"SIM_TRACE_LOG:3,25,7.8044,1.6296,24.2237,20.00,1.33,15,-0.1000,True,False,13.1635,18,17.67,1594075646.1180367,off_track"
1594075647502,"SIM_TRACE_LOG:4,1,6.5823,0.7266,6.7296,-30.00,4.00,2,0.0002,False,True,0.7744,12,17.67,1594075646.5342717,in_progress"
1594075647502,"SIM_TRACE_LOG:4,2,6.5833,0.7268,6.7608,0.00,2.67,10,0.0002,False,True,0.7805,12,17.67,1594075646.584594,in_progress"
1594075647502,"SIM_TRACE_LOG:4,3,6.5898,0.7276,6.6936,10.00,2.67,13,0.0002,False,True,0.8161,12,17.67,1594075646.6505861,in_progress"
1594075647502,"SIM_TRACE_LOG:4,4,6.6099,0.7311,7.1032,10.00,4.00,14,0.0002,False,True,0.9285,12,17.67,1594075646.7205205,in_progress"
1594075647502,"SIM_TRACE_LOG:4,5,6.6530,0.7399,8.2880,10.00,1.33,12,1.9402,False,True,1.1732,13,17.67,1594075646.789081,in_progress"
1594075647502,"SIM_TRACE_LOG:4,6,6.7079,0.7529,10.0103,10.00,4.00,14,0.0002,False,True,1.4881,13,17.67,1594075646.8501956,in_progress"
1594075647502,"SIM_TRACE_LOG:4,7,6.7767,0.7722,12.2904,20.00,1.33,15,1.7651,False,True,1.8360,13,17.67,1594075646.9210334,in_progress"
1594075647502,"SIM_TRACE_LOG:4,8,6.8414,0.7955,15.1323,10.00,1.33,12,1.9253,False,True,2.2167,14,17.67,1594075646.9875753,in_progress"
1594075647502,"SIM_TRACE_LOG:4,9,6.9164,0.8263,18.3190,-30.00,4.00,2,0.0001,False,True,2.6075,14,17.67,1594075647.0523953,in_progress"
1594075647502,"SIM_TRACE_LOG:4,10,7.0194,0.8719,21.3676,-30.00,1.33,0,1.4509,False,True,3.2235,15,17.67,1594075647.1203957,in_progress"
1594075647502,"SIM_TRACE_LOG:4,11,7.1034,0.9054,22.0187,-20.00,4.00,5,0.0002,False,True,3.5767,15,17.67,1594075647.186804,in_progress"
1594075647502,"SIM_TRACE_LOG:4,12,7.2106,0.9453,21.2136,10.00,1.33,12,1.8065,False,True,4.0451,15,17.67,1594075647.2546287,in_progress"
1594075647502,"SIM_TRACE_LOG:4,13,7.3033,0.9791,20.1681,10.00,1.33,12,-0.1000,False,False,4.5133,16,17.67,1594075647.3180344,in_progress"
1594075647502,"SIM_TRACE_LOG:4,14,7.3970,1.0138,20.1180,20.00,1.33,15,-0.1000,False,False,4.7310,16,17.67,1594075647.3905895,in_progress"
1594075647502,"SIM_TRACE_LOG:4,15,7.5070,1.0589,21.3832,-10.00,1.33,6,-0.1000,False,False,5.2520,17,17.67,1594075647.4587376,in_progress"
1594075648536,"SIM_TRACE_LOG:4,16,7.5877,1.0940,22.3376,10.00,4.00,14,-0.0000,True,False,5.3384,17,17.67,1594075647.5194955,off_track"
1594075648536,"SIM_TRACE_LOG:5,1,7.2044,1.3337,61.2539,20.00,1.33,15,2.3642,False,True,0.7749,17,17.67,1594075647.8509157,in_progress"
1594075648536,"SIM_TRACE_LOG:5,2,7.2063,1.3378,61.3540,10.00,1.33,12,2.3654,False,True,0.7996,17,17.67,1594075647.920822,in_progress"
1594075648536,"SIM_TRACE_LOG:5,3,7.2152,1.3549,61.5475,0.00,1.33,9,2.3426,False,True,0.9053,17,17.67,1594075647.9918654,in_progress"
1594075648536,"SIM_TRACE_LOG:5,4,7.2324,1.3880,61.8071,-10.00,4.00,8,0.0002,False,True,1.1097,17,17.67,1594075648.0571213,in_progress"
1594075648536,"SIM_TRACE_LOG:5,5,7.2517,1.4243,61.8359,-30.00,1.33,0,1.4924,False,True,1.3344,17,17.67,1594075648.1202633,in_progress"
1594075648536,"SIM_TRACE_LOG:5,6,7.2789,1.4684,61.1509,10.00,2.67,13,0.0002,False,True,1.6115,17,17.67,1594075648.1900773,in_progress"
1594075648536,"SIM_TRACE_LOG:5,7,7.3231,1.5338,58.8811,-10.00,2.67,7,0.0002,False,True,2.0280,18,17.67,1594075648.2584393,in_progress"
1594075648536,"SIM_TRACE_LOG:5,8,7.3797,1.6111,56.2400,10.00,1.33,12,1.8879,False,True,2.5262,18,17.67,1594075648.3226268,in_progress"
1594075648536,"SIM_TRACE_LOG:5,9,7.4357,1.6844,54.3855,-30.00,1.33,0,1.4074,False,True,3.0009,18,17.67,1594075648.3912134,in_progress"
1594075648536,"SIM_TRACE_LOG:5,10,7.4937,1.7546,52.4678,-10.00,2.67,7,0.0002,False,True,3.2373,18,17.67,1594075648.4607265,in_progress"
1594075648536,"SIM_TRACE_LOG:5,11,7.5671,1.8339,49.5023,-30.00,4.00,2,-0.0000,False,False,3.4078,19,17.67,1594075648.5263798,in_progress"
1594075649569,"SIM_TRACE_LOG:5,12,7.6410,1.9025,45.9344,-20.00,4.00,5,-0.0000,False,False,3.7337,20,17.67,1594075648.593707,in_progress"
1594075649569,"SIM_TRACE_LOG:5,13,7.7513,1.9852,39.8988,-10.00,1.33,6,-0.1000,True,False,3.8055,20,17.67,1594075648.65715,off_track"
1594075649569,"SIM_TRACE_LOG:6,1,7.1449,2.1918,110.1641,30.00,4.00,20,0.0002,False,True,0.7921,21,17.67,1594075649.0865161,in_progress"
1594075649569,"SIM_TRACE_LOG:6,2,7.1446,2.1934,110.0545,-30.00,1.33,0,1.9228,False,True,0.8011,21,17.67,1594075649.1326115,in_progress"
1594075649569,"SIM_TRACE_LOG:6,3,7.1427,2.2016,110.0139,-20.00,1.33,3,2.1199,False,True,0.8487,21,17.67,1594075649.194973,in_progress"
1594075649569,"SIM_TRACE_LOG:6,4,7.1391,2.2161,109.4450,0.00,1.33,9,2.2965,False,True,0.9326,21,17.67,1594075649.262955,in_progress"
1594075649569,"SIM_TRACE_LOG:6,5,7.1283,2.2601,107.8514,30.00,1.33,18,1.4998,False,True,1.1871,21,17.67,1594075649.3296704,in_progress"
1594075649569,"SIM_TRACE_LOG:6,6,7.1192,2.2936,107.2844,-10.00,4.00,8,0.0002,False,True,1.3832,21,17.67,1594075649.396931,in_progress"
1594075649569,"SIM_TRACE_LOG:6,7,7.0957,2.3753,106.6639,10.00,1.33,12,1.9396,False,True,1.8130,21,17.67,1594075649.4598231,in_progress"
1594075649569,"SIM_TRACE_LOG:6,8,7.0743,2.4502,106.3799,-10.00,1.33,6,1.9294,False,True,2.2204,22,17.67,1594075649.5274253,in_progress"
1594075650608,"SIM_TRACE_LOG:6,9,7.0523,2.5313,105.7858,10.00,1.33,12,1.9035,False,True,2.5199,22,17.67,1594075649.5944908,in_progress"
1594075650608,"SIM_TRACE_LOG:6,10,7.0287,2.6205,105.2848,-10.00,1.33,6,1.8559,False,True,2.9401,22,17.67,1594075649.6620493,in_progress"
1594075650608,"SIM_TRACE_LOG:6,11,7.0052,2.7099,104.9636,10.00,4.00,14,0.0002,False,True,3.3600,23,17.67,1594075649.7351782,in_progress"
1594075650608,"SIM_TRACE_LOG:6,12,6.9764,2.8142,105.3072,-20.00,2.67,4,-0.0000,False,False,3.8565,23,17.67,1594075649.7981277,in_progress"
1594075650608,"SIM_TRACE_LOG:6,13,6.9477,2.9171,105.4512,-10.00,1.33,6,-0.1000,False,False,4.3477,23,17.67,1594075649.8631775,in_progress"
1594075650608,"SIM_TRACE_LOG:6,14,6.9188,3.0265,104.5924,-10.00,1.33,6,-0.1000,False,False,4.3659,23,17.67,1594075649.9311912,in_progress"
1594075650608,"SIM_TRACE_LOG:6,15,6.8954,3.1287,103.6400,20.00,2.67,16,-0.0000,True,False,4.5330,23,17.67,1594075649.998842,off_track"
1594075650608,"SIM_TRACE_LOG:7,1,6.4943,2.7443,157.4231,20.00,2.67,16,0.0002,False,True,0.7824,24,17.67,1594075650.3383744,in_progress"
1594075650608,"SIM_TRACE_LOG:7,2,6.4889,2.7458,157.6871,30.00,1.33,18,1.9229,False,True,0.8136,24,17.67,1594075650.4003842,in_progress"
1594075650608,"SIM_TRACE_LOG:7,3,6.4659,2.7503,158.9660,20.00,2.67,16,0.0002,False,True,0.9457,24,17.67,1594075650.467206,in_progress"
1594075650608,"SIM_TRACE_LOG:7,4,6.4336,2.7558,161.3350,0.00,2.67,10,0.0002,False,True,1.1311,24,17.67,1594075650.5307295,in_progress"
1594075650608,"SIM_TRACE_LOG:7,5,6.3894,2.7630,163.8725,10.00,2.67,13,0.0002,False,True,1.3839,24,17.67,1594075650.5972335,in_progress"
1594075651644,"SIM_TRACE_LOG:7,6,6.3379,2.7703,166.3904,10.00,2.67,13,0.0002,False,True,1.6777,24,17.67,1594075650.6672895,in_progress"
1594075651644,"SIM_TRACE_LOG:7,7,6.2649,2.7773,169.7606,20.00,2.67,16,0.0002,False,True,2.0928,25,17.67,1594075650.7298179,in_progress"
1594075651644,"SIM_TRACE_LOG:7,8,6.1470,2.7782,175.6819,0.00,1.33,9,1.9996,False,True,2.7570,25,17.67,1594075650.7970047,in_progress"
1594075651644,"SIM_TRACE_LOG:7,9,6.0387,2.7701,-179.2866,-30.00,1.33,0,1.5000,False,True,3.3652,25,17.67,1594075650.8682861,in_progress"
1594075651644,"SIM_TRACE_LOG:7,10,5.9773,2.7645,-177.6475,10.00,2.67,13,0.0002,False,True,3.7130,26,17.67,1594075650.9323187,in_progress"
1594075651644,"SIM_TRACE_LOG:7,11,5.8583,2.7507,-175.0521,-30.00,4.00,2,0.0001,False,True,4.3874,26,17.67,1594075651.0072725,in_progress"
1594075651644,"SIM_TRACE_LOG:7,12,5.7348,2.7331,-173.1183,-20.00,1.33,3,1.7733,False,True,5.0869,27,17.67,1594075651.0701547,in_progress"
1594075651644,"SIM_TRACE_LOG:7,13,5.6099,2.7143,-172.1504,-20.00,1.33,3,1.7681,False,True,5.7945,28,17.67,1594075651.139897,in_progress"
1594075651644,"SIM_TRACE_LOG:7,14,5.5070,2.7020,-172.6193,-20.00,1.33,3,1.7637,False,True,6.3774,28,17.67,1594075651.2018788,in_progress"
1594075651644,"SIM_TRACE_LOG:7,15,5.4473,2.6972,-173.5691,-30.00,1.33,0,1.4840,False,True,6.7155,28,17.67,1594075651.2697027,in_progress"
1594075651644,"SIM_TRACE_LOG:7,16,5.3443,2.6946,-176.0899,20.00,1.33,15,1.7610,False,True,7.2982,29,17.67,1594075651.340258,in_progress"
1594075651644,"SIM_TRACE_LOG:7,17,5.2342,2.6984,-179.2231,10.00,4.00,14,0.0002,False,True,7.9209,29,17.67,1594075651.405848,in_progress"
1594075651644,"SIM_TRACE_LOG:7,18,5.1345,2.7031,178.9084,20.00,1.33,15,1.7653,False,True,8.4850,29,17.67,1594075651.469659,in_progress"
1594075651644,"SIM_TRACE_LOG:7,19,5.0255,2.7065,177.5492,20.00,1.33,15,1.7662,False,True,9.0684,30,17.67,1594075651.5384326,in_progress"
1594075651644,"SIM_TRACE_LOG:7,20,4.9456,2.7081,178.1632,-30.00,1.33,0,1.4856,False,True,9.5139,32,17.67,1594075651.6064706,in_progress"
1594075652685,"SIM_TRACE_LOG:7,21,4.8731,2.7094,178.4463,20.00,1.33,15,1.7546,False,True,9.8307,32,17.67,1594075651.6689157,in_progress"
1594075652685,"SIM_TRACE_LOG:7,22,4.7569,2.7132,178.3388,-20.00,4.00,5,0.0002,False,True,10.4635,32,17.67,1594075651.74245,in_progress"
1594075652685,"SIM_TRACE_LOG:7,23,4.6622,2.7164,178.1408,-20.00,1.33,3,2.0441,False,True,10.9787,33,17.67,1594075651.8052003,in_progress"
1594075652685,"SIM_TRACE_LOG:7,24,4.5576,2.7256,175.7897,-30.00,4.00,2,0.0001,False,True,11.5583,33,17.67,1594075651.8763943,in_progress"
1594075652685,"SIM_TRACE_LOG:7,25,4.4393,2.7462,172.0577,20.00,1.33,15,1.6594,False,True,11.8380,33,17.67,1594075651.9409468,in_progress"
1594075652685,"SIM_TRACE_LOG:7,26,4.3410,2.7706,167.8472,-20.00,1.33,3,-0.1000,False,False,12.2911,33,17.67,1594075652.0115583,in_progress"
1594075652685,"SIM_TRACE_LOG:7,27,4.2403,2.8038,164.3533,0.00,4.00,11,-0.0000,False,False,12.8419,33,17.67,1594075652.0745802,in_progress"
1594075652685,"SIM_TRACE_LOG:7,28,4.1427,2.8416,161.3982,-20.00,4.00,5,-0.0000,False,False,13.3973,34,17.67,1594075652.1394591,in_progress"
1594075652685,"SIM_TRACE_LOG:7,29,4.0396,2.8891,157.8150,-30.00,4.00,2,-0.0000,False,False,14.0118,34,17.67,1594075652.2056057,in_progress"
1594075652685,"SIM_TRACE_LOG:7,30,3.9253,2.9566,152.2416,-10.00,4.00,8,-0.0000,False,False,14.3971,34,17.67,1594075652.277209,in_progress"
1594075652685,"SIM_TRACE_LOG:7,31,3.8017,3.0488,145.6306,-30.00,2.67,1,-0.0000,True,False,15.2436,35,17.67,1594075652.3469193,off_track"
1594075653733,"SIM_TRACE_LOG:8,1,5.6098,2.7694,-179.5285,0.00,1.33,9,2.5890,False,True,0.7923,28,17.67,1594075652.8250809,in_progress"
1594075653733,"SIM_TRACE_LOG:8,2,5.6081,2.7697,-179.5972,-30.00,1.33,0,1.9229,False,True,0.8020,28,17.67,1594075652.8789656,in_progress"
1594075653733,"SIM_TRACE_LOG:8,3,5.5995,2.7728,179.1497,-10.00,4.00,8,0.0002,False,True,0.8505,28,17.67,1594075652.9425848,in_progress"
1594075653733,"SIM_TRACE_LOG:8,4,5.5773,2.7790,177.0053,-10.00,1.33,6,2.2429,False,True,0.9757,28,17.67,1594075653.0103922,in_progress"
1594075653733,"SIM_TRACE_LOG:8,5,5.5461,2.7894,173.8918,10.00,4.00,14,0.0002,False,True,1.1517,28,17.67,1594075653.0769165,in_progress"
1594075653733,"SIM_TRACE_LOG:8,6,5.4959,2.8057,170.1822,-10.00,1.33,6,1.9400,False,True,1.4350,28,17.67,1594075653.1450274,in_progress"
1594075653733,"SIM_TRACE_LOG:8,7,5.4376,2.8273,166.7026,-20.00,1.33,3,1.7665,False,True,1.7643,28,17.67,1594075653.2099235,in_progress"
1594075653733,"SIM_TRACE_LOG:8,8,5.3700,2.8591,161.6843,-20.00,1.33,3,1.7510,False,True,2.1450,29,17.67,1594075653.2767482,in_progress"
1594075653733,"SIM_TRACE_LOG:8,9,5.2903,2.9073,155.3171,-30.00,4.00,2,0.0001,False,True,2.5935,29,17.67,1594075653.3424637,in_progress"
1594075653733,"SIM_TRACE_LOG:8,10,5.2272,2.9549,149.8136,-30.00,4.00,2,0.0001,False,True,2.9484,29,17.67,1594075653.412724,in_progress"
1594075653733,"SIM_TRACE_LOG:8,11,5.1457,3.0380,140.6154,30.00,2.67,19,-0.0000,False,False,3.4059,29,17.67,1594075653.4775808,in_progress"
1594075653733,"SIM_TRACE_LOG:8,12,5.0784,3.1272,131.3234,20.00,2.67,16,-0.0000,False,False,3.7823,30,17.67,1594075653.5412295,in_progress"
1594075653733,"SIM_TRACE_LOG:8,13,5.0086,3.2444,121.0478,20.00,4.00,17,-0.0000,True,False,5.0301,32,17.67,1594075653.6098049,off_track"
1594075654772,"SIM_TRACE_LOG:9,1,4.7372,2.8416,162.1326,-10.00,2.67,7,0.0003,False,True,0.7924,33,17.67,1594075653.9531083,in_progress"
1594075654772,"SIM_TRACE_LOG:9,2,4.7340,2.8429,161.9920,10.00,2.67,13,0.0002,False,True,0.8119,33,17.67,1594075654.0139973,in_progress"
1594075654772,"SIM_TRACE_LOG:9,3,4.7210,2.8470,162.0683,-20.00,2.67,4,0.0002,False,True,0.8888,33,17.67,1594075654.0828154,in_progress"
1594075654772,"SIM_TRACE_LOG:9,4,4.6931,2.8564,161.9376,-20.00,4.00,5,0.0002,False,True,1.0558,33,17.67,1594075654.1477947,in_progress"
1594075654772,"SIM_TRACE_LOG:9,5,4.6564,2.8693,161.6197,-30.00,1.33,0,1.5000,False,True,1.2760,33,17.67,1594075654.2150476,in_progress"
1594075654772,"SIM_TRACE_LOG:9,6,4.5933,2.8967,159.6031,30.00,4.00,20,0.0001,False,True,1.6633,33,17.67,1594075654.2802503,in_progress"
1594075654772,"SIM_TRACE_LOG:9,7,4.5426,2.9220,157.5314,20.00,1.33,15,1.7777,False,True,2.0062,33,17.67,1594075654.3467853,in_progress"
1594075654772,"SIM_TRACE_LOG:9,8,4.4578,2.9630,156.1495,-30.00,1.33,0,1.4986,False,True,2.5191,33,17.67,1594075654.415126,in_progress"
1594075654772,"SIM_TRACE_LOG:9,9,4.3780,3.0017,155.2325,-30.00,1.33,0,1.4936,False,True,3.0023,34,17.67,1594075654.478103,in_progress"
1594075654772,"SIM_TRACE_LOG:9,10,4.2944,3.0484,153.1149,-20.00,4.00,5,0.0002,False,True,3.5314,34,17.67,1594075654.5483608,in_progress"
1594075654772,"SIM_TRACE_LOG:9,11,4.2230,3.0930,150.7111,-30.00,1.33,0,1.4798,False,True,4.0016,34,17.67,1594075654.6157796,in_progress"
1594075654772,"SIM_TRACE_LOG:9,12,4.1275,3.1657,145.5644,30.00,4.00,20,0.0001,False,True,4.5917,34,17.67,1594075654.6807847,in_progress"
1594075654772,"SIM_TRACE_LOG:9,13,4.0497,3.2385,140.7201,-20.00,2.67,4,0.0002,False,True,5.1891,35,17.67,1594075654.7509074,in_progress"
1594075655927,"SIM_TRACE_LOG:9,14,3.9592,3.3335,136.0386,-30.00,1.33,0,1.4493,False,True,5.9292,35,17.67,1594075654.814845,in_progress"
1594075655927,"SIM_TRACE_LOG:9,15,3.8947,3.4150,131.0441,-10.00,2.67,7,0.0002,False,True,6.5174,36,17.67,1594075654.8771954,in_progress"
1594075655927,"SIM_TRACE_LOG:9,16,3.8320,3.5118,126.1907,-20.00,1.33,3,1.7375,False,True,7.1662,36,17.67,1594075654.9498963,in_progress"
1594075655927,"SIM_TRACE_LOG:9,17,3.7752,3.6226,118.7240,30.00,1.33,18,1.4759,False,True,7.8551,37,17.67,1594075655.0201354,in_progress"
1594075655927,"SIM_TRACE_LOG:9,18,3.7304,3.7410,111.5165,20.00,2.67,16,0.0002,False,True,8.5347,37,17.67,1594075655.0809338,in_progress"
1594075655927,"SIM_TRACE_LOG:9,19,3.7059,3.8320,108.1629,20.00,4.00,17,0.0002,False,True,9.0218,38,17.67,1594075655.1506464,in_progress"
1594075655927,"SIM_TRACE_LOG:9,20,3.6735,3.9674,105.1295,0.00,1.33,9,1.9912,False,True,9.7311,38,17.67,1594075655.2140894,in_progress"
1594075655927,"SIM_TRACE_LOG:9,21,3.6490,4.0807,103.8521,10.00,2.67,13,0.0002,False,True,10.3158,39,17.67,1594075655.2822597,in_progress"
1594075655927,"SIM_TRACE_LOG:9,22,3.6209,4.2094,102.9401,20.00,1.33,15,2.0189,False,True,10.9229,39,17.67,1594075655.3511732,in_progress"
1594075655927,"SIM_TRACE_LOG:9,23,3.5875,4.3335,104.1161,20.00,2.67,16,-0.0000,False,False,11.5670,39,17.67,1594075655.415638,in_progress"
1594075655927,"SIM_TRACE_LOG:9,24,3.5486,4.4527,106.6286,-10.00,4.00,8,-0.0000,False,False,12.2115,40,17.67,1594075655.48324,in_progress"
1594075655927,"SIM_TRACE_LOG:9,25,3.4930,4.5980,109.6025,-20.00,1.33,3,-0.1000,False,False,12.7622,40,17.67,1594075655.5511372,in_progress"
1594075655927,"SIM_TRACE_LOG:9,26,3.4368,4.7511,111.6079,-30.00,4.00,2,-0.0000,False,False,13.2313,41,17.67,1594075655.6131217,in_progress"
1594075655927,"SIM_TRACE_LOG:9,27,3.3947,4.8694,110.3736,-30.00,2.67,1,-0.0000,True,False,13.5790,41,17.67,1594075655.680944,off_track"
1594075656965,"SIM_TRACE_LOG:10,1,4.0728,3.3949,129.1840,-20.00,1.33,3,2.3668,False,True,0.7924,35,17.67,1594075656.2841356,in_progress"
1594075656965,"SIM_TRACE_LOG:10,2,4.0708,3.3992,128.7195,-30.00,1.33,0,1.9238,False,True,0.8187,35,17.67,1594075656.3496416,in_progress"
1594075656965,"SIM_TRACE_LOG:10,3,4.0642,3.4164,126.6305,-20.00,1.33,3,2.1234,False,True,0.9177,35,17.67,1594075656.4164255,in_progress"
1594075656965,"SIM_TRACE_LOG:10,4,4.0523,3.4506,122.6630,0.00,1.33,9,1.9988,False,True,1.1098,36,17.67,1594075656.4843717,in_progress"
1594075656965,"SIM_TRACE_LOG:10,5,4.0378,3.4962,118.3538,20.00,4.00,17,0.0002,False,True,1.3617,36,17.67,1594075656.548749,in_progress"
1594075656965,"SIM_TRACE_LOG:10,6,4.0209,3.5549,114.0246,0.00,1.33,9,1.9881,False,True,1.6800,36,17.67,1594075656.6182563,in_progress"
1594075656965,"SIM_TRACE_LOG:10,7,4.0021,3.6246,110.3215,-10.00,1.33,6,1.9184,False,True,2.0529,36,17.67,1594075656.687244,in_progress"
1594075656965,"SIM_TRACE_LOG:10,8,3.9851,3.7115,105.8984,-20.00,2.67,4,0.0002,False,True,2.4948,37,17.67,1594075656.75732,in_progress"
1594075656965,"SIM_TRACE_LOG:10,9,3.9749,3.8145,100.1757,-10.00,1.33,6,1.8351,False,True,2.9828,37,17.67,1594075656.8202004,in_progress"
1594075656965,"SIM_TRACE_LOG:10,10,3.9744,3.9021,94.9051,10.00,1.33,12,-0.1000,False,False,3.3688,37,17.67,1594075656.8837144,in_progress"
1594075656965,"SIM_TRACE_LOG:10,11,3.9791,3.9972,90.9614,-30.00,2.67,1,-0.0000,False,False,3.7696,37,17.67,1594075656.9540298,in_progress"
1594075658006,"SIM_TRACE_LOG:10,12,3.9904,4.0978,86.9156,-10.00,1.33,6,-0.1000,False,False,4.1702,38,17.67,1594075657.0201893,in_progress"
1594075658006,"SIM_TRACE_LOG:10,13,4.0128,4.2044,80.7169,30.00,4.00,20,-0.0000,True,False,4.5575,38,17.67,1594075657.0884404,off_track"
1594075658006,"SIM_TRACE_LOG:11,1,3.5145,4.0798,129.1636,20.00,2.67,16,0.0002,False,True,0.7923,39,17.67,1594075657.6883717,in_progress"
1594075658006,"SIM_TRACE_LOG:11,2,3.5084,4.0853,129.7207,30.00,2.67,19,0.0002,False,True,0.8385,39,17.67,1594075657.754637,in_progress"
1594075658006,"SIM_TRACE_LOG:11,3,3.4938,4.0957,131.4418,-30.00,4.00,2,0.0002,False,True,0.9380,39,17.67,1594075657.8265977,in_progress"
1594075658006,"SIM_TRACE_LOG:11,4,3.4581,4.1216,134.8141,-20.00,1.33,3,1.7775,False,True,1.1824,39,17.67,1594075657.8887708,in_progress"
1594075658006,"SIM_TRACE_LOG:11,5,3.4166,4.1511,137.6455,-10.00,1.33,6,1.9431,False,True,1.4641,39,17.67,1594075657.9547498,in_progress"
1594075659041,"SIM_TRACE_LOG:11,6,3.3656,4.1848,140.7785,20.00,1.33,15,1.7738,False,True,1.8003,40,17.67,1594075658.02327,in_progress"
1594075659041,"SIM_TRACE_LOG:11,7,3.3068,4.2189,144.3718,0.00,2.67,10,0.0002,False,True,2.1676,40,17.67,1594075658.089612,in_progress"
1594075659041,"SIM_TRACE_LOG:11,8,3.2270,4.2586,148.7704,30.00,2.67,19,0.0001,False,True,2.6390,40,17.67,1594075658.15514,in_progress"
1594075659041,"SIM_TRACE_LOG:11,9,3.1190,4.3022,154.2651,30.00,1.33,18,1.4631,False,True,3.4676,41,17.67,1594075658.228165,in_progress"
1594075659041,"SIM_TRACE_LOG:11,10,3.0051,4.3315,161.2328,30.00,1.33,18,1.4482,False,True,4.2282,42,17.67,1594075658.2902045,in_progress"
1594075659041,"SIM_TRACE_LOG:11,11,2.9338,4.3419,165.4299,-20.00,4.00,5,0.0002,False,True,4.6283,43,17.67,1594075658.3572218,in_progress"
1594075659041,"SIM_TRACE_LOG:11,12,2.8375,4.3492,170.7659,30.00,1.33,18,1.4322,False,True,5.3580,44,17.67,1594075658.4277725,in_progress"
1594075659041,"SIM_TRACE_LOG:11,13,2.7241,4.3472,177.4669,0.00,1.33,9,1.9274,False,True,6.1157,45,17.67,1594075658.4948943,in_progress"
1594075659041,"SIM_TRACE_LOG:11,14,2.6403,4.3364,-178.0158,-20.00,1.33,3,1.6955,False,True,6.5899,46,17.67,1594075658.557072,in_progress"
1594075659041,"SIM_TRACE_LOG:11,15,2.5491,4.3218,-174.6041,0.00,4.00,11,0.0002,False,True,7.1061,46,17.67,1594075658.6280663,in_progress"
1594075659041,"SIM_TRACE_LOG:11,16,2.4296,4.2991,-171.2656,-10.00,1.33,6,1.8264,False,True,7.8116,46,17.67,1594075658.694622,in_progress"
1594075659041,"SIM_TRACE_LOG:11,17,2.3336,4.2795,-168.6437,20.00,1.33,15,1.6403,False,True,8.3576,47,17.67,1594075658.75863,in_progress"
1594075659041,"SIM_TRACE_LOG:11,18,2.2568,4.2588,-167.0023,30.00,2.67,19,0.0001,False,True,8.7954,47,17.67,1594075658.825942,in_progress"
1594075659041,"SIM_TRACE_LOG:11,19,2.1522,4.2233,-163.5623,-10.00,1.33,6,-0.1000,False,False,9.3934,47,17.67,1594075658.8965847,in_progress"
1594075659041,"SIM_TRACE_LOG:11,20,2.0577,4.1814,-158.3510,0.00,4.00,11,-0.0000,False,False,9.9348,48,17.67,1594075658.9625235,in_progress"
1594075659041,"SIM_TRACE_LOG:11,21,1.9535,4.1256,-154.3398,-20.00,1.33,3,-0.1000,False,False,10.5331,48,17.67,1594075659.0267081,in_progress"
1594075660072,"SIM_TRACE_LOG:11,22,1.8554,4.0693,-150.3481,30.00,4.00,20,-0.0000,False,False,11.0974,49,17.67,1594075659.093284,in_progress"
1594075660072,"SIM_TRACE_LOG:11,23,1.7802,4.0190,-148.2304,10.00,2.67,13,-0.0000,True,False,11.8516,49,17.67,1594075659.1638708,off_track"
1594075660072,"SIM_TRACE_LOG:12,1,2.7768,4.5035,173.8881,30.00,1.33,18,2.0902,False,True,0.8140,45,17.67,1594075659.4928331,in_progress"
1594075660072,"SIM_TRACE_LOG:12,2,2.7764,4.5035,173.9589,10.00,1.33,12,2.3681,False,True,0.8167,45,17.67,1594075659.56596,in_progress"
1594075660072,"SIM_TRACE_LOG:12,3,2.7598,4.5034,174.6733,10.00,1.33,12,2.2898,False,True,0.9102,45,17.67,1594075659.6282935,in_progress"
1594075660072,"SIM_TRACE_LOG:12,4,2.7314,4.5028,175.8757,0.00,1.33,9,2.0000,False,True,1.0710,45,17.67,1594075659.6955001,in_progress"
1594075660072,"SIM_TRACE_LOG:12,5,2.6865,4.5018,177.3960,30.00,1.33,18,1.5000,False,True,1.3251,45,17.67,1594075659.7637954,in_progress"
1594075660072,"SIM_TRACE_LOG:12,6,2.6230,4.4983,179.5289,0.00,1.33,9,2.0000,False,True,1.6844,46,17.67,1594075659.8273013,in_progress"
1594075660072,"SIM_TRACE_LOG:12,7,2.5567,4.4912,-177.9076,30.00,4.00,20,0.0001,False,True,2.0598,46,17.67,1594075659.8954117,in_progress"
1594075660072,"SIM_TRACE_LOG:12,8,2.4694,4.4772,-174.5144,-10.00,1.33,6,1.9431,False,True,2.5572,46,17.67,1594075659.9621205,in_progress"
1594075660072,"SIM_TRACE_LOG:12,9,2.3897,4.4597,-171.3359,-20.00,1.33,3,1.7737,False,True,3.0107,46,17.67,1594075660.0308728,in_progress"
1594075661247,"SIM_TRACE_LOG:12,10,2.2961,4.4391,-169.5026,20.00,2.67,16,0.0002,False,True,3.5440,47,17.67,1594075660.1000893,in_progress"
1594075661247,"SIM_TRACE_LOG:12,11,2.1936,4.4143,-167.7188,-20.00,2.67,4,0.0002,False,True,4.1275,47,17.67,1594075660.162983,in_progress"
1594075661247,"SIM_TRACE_LOG:12,12,2.0897,4.3843,-165.5964,20.00,4.00,17,0.0002,False,True,4.7203,48,17.67,1594075660.231472,in_progress"
1594075661247,"SIM_TRACE_LOG:12,13,1.9621,4.3450,-163.8499,-30.00,1.33,0,1.4405,False,True,5.4486,48,17.67,1594075660.292989,in_progress"
1594075661247,"SIM_TRACE_LOG:12,14,1.8523,4.3087,-162.1091,-30.00,1.33,0,1.4101,False,True,6.0753,49,17.67,1594075660.36664,in_progress"
1594075661247,"SIM_TRACE_LOG:12,15,1.7413,4.2727,-161.6021,20.00,2.67,16,0.0002,False,True,6.8510,49,17.67,1594075660.4275987,in_progress"
1594075661247,"SIM_TRACE_LOG:12,16,1.6164,4.2357,-162.7389,-20.00,2.67,4,0.0002,False,True,7.5817,49,17.67,1594075660.4978843,in_progress"
1594075661247,"SIM_TRACE_LOG:12,17,1.4830,4.1975,-163.6527,20.00,4.00,17,-0.0000,False,False,8.3603,50,17.67,1594075660.5627272,in_progress"
1594075661247,"SIM_TRACE_LOG:12,18,1.3482,4.1623,-164.7363,30.00,4.00,20,-0.0000,False,False,9.1443,50,17.67,1594075660.6299891,in_progress"
1594075661247,"SIM_TRACE_LOG:12,19,1.2047,4.1208,-163.9887,-10.00,1.33,6,-0.1000,False,False,11.0760,51,17.67,1594075660.6998775,in_progress"
1594075661247,"SIM_TRACE_LOG:12,20,1.0279,4.0604,-160.7439,20.00,1.33,15,1.7428,False,True,11.9370,51,17.67,1594075660.763606,in_progress"
1594075661247,"SIM_TRACE_LOG:12,21,0.8868,4.0019,-158.3034,20.00,1.33,15,1.7764,False,True,12.6720,52,17.67,1594075660.8321185,in_progress"
1594075661247,"SIM_TRACE_LOG:12,22,0.7699,3.9406,-154.3781,-30.00,1.33,0,1.4943,False,True,13.3395,52,17.67,1594075660.898746,in_progress"
1594075661247,"SIM_TRACE_LOG:12,23,0.6890,3.8938,-151.8091,0.00,4.00,11,0.0002,False,True,13.8214,52,17.67,1594075660.963702,in_progress"
1594075661247,"SIM_TRACE_LOG:12,24,0.5712,3.8234,-149.9528,20.00,4.00,17,0.0002,False,True,14.0740,52,17.67,1594075661.0351229,in_progress"
1594075661247,"SIM_TRACE_LOG:12,25,0.4598,3.7456,-146.6288,0.00,4.00,11,-0.0000,False,False,14.5638,52,17.67,1594075661.0982058,in_progress"
1594075661247,"SIM_TRACE_LOG:12,26,0.3479,3.6550,-142.7936,20.00,4.00,17,-0.0000,False,False,15.1263,53,17.67,1594075661.1675842,in_progress"
1594075661247,"SIM_TRACE_LOG:12,27,0.2499,3.5657,-139.4042,-30.00,4.00,2,-0.0000,True,False,15.6684,53,17.67,1594075661.2335339,off_track"
1594075662279,"SIM_TRACE_LOG:13,1,1.8974,4.4812,-178.3352,-30.00,1.33,0,2.0890,False,True,0.7922,48,17.67,1594075661.571438,in_progress"
1594075662279,"SIM_TRACE_LOG:13,2,1.8957,4.4814,-178.4846,30.00,2.67,19,0.0002,False,True,0.8017,48,17.67,1594075661.6338296,in_progress"
1594075662279,"SIM_TRACE_LOG:13,3,1.8832,4.4834,-179.3838,-10.00,1.33,6,2.2878,False,True,0.8720,48,17.67,1594075661.7006443,in_progress"
1594075662279,"SIM_TRACE_LOG:13,4,1.8523,4.4889,178.8287,30.00,2.67,19,0.0001,False,True,1.0458,49,17.67,1594075661.7699277,in_progress"
1594075662279,"SIM_TRACE_LOG:13,5,1.8126,4.4951,176.9217,-10.00,1.33,6,1.9436,False,True,1.2693,49,17.67,1594075661.8398862,in_progress"
1594075662279,"SIM_TRACE_LOG:13,6,1.7497,4.5055,174.8201,10.00,4.00,14,0.0002,False,True,1.6235,49,17.67,1594075661.904004,in_progress"
1594075662279,"SIM_TRACE_LOG:13,7,1.6818,4.5173,173.0175,0.00,1.33,9,1.9922,False,True,1.9737,49,17.67,1594075661.9718063,in_progress"
1594075662279,"SIM_TRACE_LOG:13,8,1.5961,4.5344,170.8661,20.00,4.00,17,0.0002,False,True,2.4385,49,17.67,1594075662.0380957,in_progress"
1594075662279,"SIM_TRACE_LOG:13,9,1.4953,4.5555,169.4467,-10.00,1.33,6,1.9017,False,True,2.9842,49,17.67,1594075662.1002228,in_progress"
1594075662279,"SIM_TRACE_LOG:13,10,1.4090,4.5739,168.0143,10.00,1.33,12,1.8758,False,True,3.4507,50,17.67,1594075662.1713505,in_progress"
1594075662279,"SIM_TRACE_LOG:13,11,1.3012,4.5994,167.1608,30.00,1.33,18,1.3885,False,True,4.0319,50,17.67,1594075662.2393804,in_progress"
1594075663317,"SIM_TRACE_LOG:13,12,1.2210,4.6158,167.7707,0.00,1.33,9,1.8546,False,True,4.4665,50,17.67,1594075662.3016572,in_progress"
1594075663317,"SIM_TRACE_LOG:13,13,1.1275,4.6315,169.0724,10.00,4.00,14,-0.0000,False,False,4.8484,50,17.67,1594075662.3712823,in_progress"
1594075663317,"SIM_TRACE_LOG:13,14,1.0143,4.6470,170.9945,0.00,1.33,9,-0.1000,False,False,4.9044,50,17.67,1594075662.4398324,in_progress"
1594075663317,"SIM_TRACE_LOG:13,15,0.9251,4.6571,173.2965,10.00,4.00,14,-0.0000,False,False,5.3009,51,17.67,1594075662.5028613,in_progress"
1594075663317,"SIM_TRACE_LOG:13,16,0.8208,4.6632,175.3025,-10.00,2.67,7,-0.0000,False,False,5.3950,51,17.67,1594075662.568855,in_progress"
1594075663317,"SIM_TRACE_LOG:13,17,0.7014,4.6666,177.0619,30.00,4.00,20,-0.0000,True,False,5.3950,51,17.67,1594075662.6357784,off_track"
1594075663317,"SIM_TRACE_LOG:14,1,1.0460,4.3028,-147.7666,10.00,4.00,14,0.0003,False,True,0.7631,51,17.67,1594075663.0412269,in_progress"
1594075663317,"SIM_TRACE_LOG:14,2,1.0448,4.3020,-147.7470,0.00,1.33,9,2.4186,False,True,0.7709,51,17.67,1594075663.1076488,in_progress"
1594075663317,"SIM_TRACE_LOG:14,3,1.0344,4.2927,-146.5737,20.00,4.00,17,0.0002,False,True,0.8477,51,17.67,1594075663.1751275,in_progress"
1594075663317,"SIM_TRACE_LOG:14,4,1.0117,4.2708,-144.4487,20.00,1.33,15,1.7734,False,True,1.0235,51,17.67,1594075663.2397473,in_progress"
1594075663317,"SIM_TRACE_LOG:14,5,0.9804,4.2361,-141.3476,0.00,2.67,10,0.0002,False,True,1.2860,51,17.67,1594075663.3065271,in_progress"
1594075664354,"SIM_TRACE_LOG:14,6,0.9401,4.1879,-137.1327,-20.00,1.33,3,1.7705,False,True,1.6410,51,17.67,1594075663.3755095,in_progress"
1594075664354,"SIM_TRACE_LOG:14,7,0.8991,4.1384,-134.2389,20.00,1.33,15,1.7690,False,True,2.0036,51,17.67,1594075663.4430673,in_progress"
1594075664354,"SIM_TRACE_LOG:14,8,0.8369,4.0556,-130.3493,-10.00,1.33,6,1.9347,False,True,2.5893,52,17.67,1594075663.5065918,in_progress"
1594075664354,"SIM_TRACE_LOG:14,9,0.7869,3.9850,-128.2228,30.00,1.33,18,1.4904,False,True,3.0790,52,17.67,1594075663.571877,in_progress"
1594075664354,"SIM_TRACE_LOG:14,10,0.7424,3.9166,-126.2968,20.00,1.33,15,1.7695,False,True,3.5407,52,17.67,1594075663.6423752,in_progress"
1594075664354,"SIM_TRACE_LOG:14,11,0.6909,3.8249,-123.0973,30.00,4.00,20,0.0001,False,True,4.0216,52,17.67,1594075663.7072356,in_progress"
1594075664354,"SIM_TRACE_LOG:14,12,0.6504,3.7429,-119.6813,20.00,1.33,15,1.7588,False,True,4.4919,52,17.67,1594075663.7733057,in_progress"
1594075664354,"SIM_TRACE_LOG:14,13,0.6155,3.6478,-114.4783,-10.00,1.33,6,1.9089,False,True,5.0442,53,17.67,1594075663.842041,in_progress"
1594075664354,"SIM_TRACE_LOG:14,14,0.5850,3.5434,-110.0495,20.00,1.33,15,1.7260,False,True,5.6469,53,17.67,1594075663.9074142,in_progress"
1594075664354,"SIM_TRACE_LOG:14,15,0.5667,3.4621,-107.0509,0.00,1.33,9,1.9246,False,True,5.8803,53,17.67,1594075663.9761188,in_progress"
1594075664354,"SIM_TRACE_LOG:14,16,0.5494,3.3705,-103.9235,30.00,2.67,19,0.0001,False,True,6.3679,53,17.67,1594075664.0450144,in_progress"
1594075664354,"SIM_TRACE_LOG:14,17,0.5376,3.2779,-100.5155,-10.00,1.33,6,1.7963,False,True,6.8677,53,17.67,1594075664.1071358,in_progress"
1594075664354,"SIM_TRACE_LOG:14,18,0.5330,3.1791,-96.0287,-20.00,1.33,3,-0.1000,False,False,7.4097,53,17.67,1594075664.1750584,in_progress"
1594075664354,"SIM_TRACE_LOG:14,19,0.5289,3.0758,-94.0920,20.00,2.67,16,-0.0000,False,False,7.9773,53,17.67,1594075664.2433906,in_progress"
1594075664354,"SIM_TRACE_LOG:14,20,0.5286,2.9715,-91.8843,20.00,4.00,17,-0.0000,False,False,8.5549,54,17.67,1594075664.3086457,in_progress"
1594075665388,"SIM_TRACE_LOG:14,21,0.5348,2.8836,-89.0074,30.00,2.67,19,-0.0000,False,False,9.0492,54,17.67,1594075664.3796194,in_progress"
1594075665388,"SIM_TRACE_LOG:14,22,0.5616,2.7330,-82.3931,20.00,4.00,17,-0.0000,False,False,9.9145,54,17.67,1594075664.4424274,in_progress"
1594075665388,"SIM_TRACE_LOG:14,23,0.6067,2.5840,-75.1591,-20.00,1.33,3,-0.1000,False,False,10.7916,55,17.67,1594075664.5128314,in_progress"
1594075665388,"SIM_TRACE_LOG:14,24,0.6626,2.4482,-66.3856,20.00,2.67,16,-0.0000,False,False,11.6084,56,17.67,1594075664.5797126,in_progress"
1594075665388,"SIM_TRACE_LOG:14,25,0.7120,2.3568,-60.9979,0.00,4.00,11,-0.0000,False,False,12.1715,57,17.67,1594075664.6474352,in_progress"
1594075665388,"SIM_TRACE_LOG:14,26,0.8092,2.2142,-51.9884,-10.00,1.33,6,1.8551,False,True,13.0732,57,17.67,1594075664.7126818,in_progress"
1594075665388,"SIM_TRACE_LOG:14,27,0.8999,2.1066,-42.5820,20.00,1.33,15,1.7446,False,True,13.7735,58,17.67,1594075664.7822998,in_progress"
1594075665388,"SIM_TRACE_LOG:14,28,1.0050,2.0015,-32.0691,30.00,1.33,18,1.4988,False,True,14.4767,58,17.67,1594075664.8515463,in_progress"
1594075665388,"SIM_TRACE_LOG:14,29,1.0913,1.9296,-24.5108,-10.00,1.33,6,1.9360,False,True,14.9743,59,17.67,1594075664.9125881,in_progress"
1594075665388,"SIM_TRACE_LOG:14,30,1.1776,1.8707,-18.5050,-10.00,1.33,6,1.8955,False,True,15.3994,59,17.67,1594075664.9821687,in_progress"
1594075665388,"SIM_TRACE_LOG:14,31,1.2771,1.8207,-14.5697,30.00,4.00,20,0.0001,False,True,15.7910,60,17.67,1594075665.0473816,in_progress"
1594075665388,"SIM_TRACE_LOG:14,32,1.3529,1.7956,-14.4598,-20.00,1.33,3,-0.1000,False,False,16.0170,60,17.67,1594075665.1143198,in_progress"
1594075665388,"SIM_TRACE_LOG:14,33,1.4688,1.7718,-12.6275,-10.00,1.33,6,-0.1000,False,False,16.2818,60,17.67,1594075665.1819687,in_progress"
1594075665388,"SIM_TRACE_LOG:14,34,1.5758,1.7554,-10.4702,-20.00,2.67,4,-0.0000,True,False,16.6156,60,17.67,1594075665.2457607,off_track"
1594075666421,"SIM_TRACE_LOG:15,1,0.7062,3.5078,-94.6608,-10.00,2.67,7,0.0003,False,True,0.7872,53,17.67,1594075665.5977414,in_progress"
1594075666421,"SIM_TRACE_LOG:15,2,0.7059,3.5064,-94.7326,-20.00,2.67,4,0.0002,False,True,0.7948,53,17.67,1594075665.6479628,in_progress"
1594075666421,"SIM_TRACE_LOG:15,3,0.7042,3.4992,-95.1240,20.00,4.00,17,0.0002,False,True,0.8323,53,17.67,1594075665.713374,in_progress"
1594075666421,"SIM_TRACE_LOG:15,4,0.6979,3.4704,-96.4695,10.00,4.00,14,0.0002,False,True,0.9848,53,17.67,1594075665.7794113,in_progress"
1594075666421,"SIM_TRACE_LOG:15,5,0.6901,3.4369,-97.8838,-20.00,1.33,3,1.7733,False,True,1.1617,53,17.67,1594075665.8485856,in_progress"
1594075666421,"SIM_TRACE_LOG:15,6,0.6753,3.3782,-99.9209,20.00,1.33,15,1.7645,False,True,1.4699,53,17.67,1594075665.9163742,in_progress"
1594075666421,"SIM_TRACE_LOG:15,7,0.6559,3.3097,-102.2658,10.00,4.00,14,0.0002,False,True,1.8270,53,17.67,1594075665.9817557,in_progress"
1594075666421,"SIM_TRACE_LOG:15,8,0.6326,3.2319,-104.2125,10.00,1.33,12,1.8854,False,True,2.2312,53,17.67,1594075666.0491993,in_progress"
1594075666421,"SIM_TRACE_LOG:15,9,0.6048,3.1399,-105.3694,20.00,1.33,15,1.6742,False,True,2.7094,53,17.67,1594075666.11388,in_progress"
1594075666421,"SIM_TRACE_LOG:15,10,0.5828,3.0661,-105.8971,-30.00,2.67,1,-0.0000,False,False,3.0932,54,17.67,1594075666.1847525,in_progress"
1594075666421,"SIM_TRACE_LOG:15,11,0.5521,2.9637,-106.3474,30.00,4.00,20,-0.0000,False,False,3.6250,54,17.67,1594075666.2503088,in_progress"
1594075666421,"SIM_TRACE_LOG:15,12,0.5178,2.8575,-107.2224,0.00,2.67,10,-0.0000,False,False,4.1741,54,17.67,1594075666.3160276,in_progress"
1594075666421,"SIM_TRACE_LOG:15,13,0.4745,2.7253,-107.7997,30.00,2.67,19,-0.0000,False,False,4.8569,54,17.67,1594075666.3838766,in_progress"
1594075667467,"SIM_TRACE_LOG:15,14,0.4324,2.5921,-107.5321,20.00,4.00,17,-0.0000,True,False,5.5465,55,17.67,1594075666.4509537,off_track"
1594075667467,"SIM_TRACE_LOG:16,1,0.8918,2.6430,-78.2791,-10.00,4.00,8,0.0003,False,True,0.7923,55,17.67,1594075666.7975593,in_progress"
1594075667467,"SIM_TRACE_LOG:16,2,0.8922,2.6413,-78.2669,30.00,1.33,18,1.9229,False,True,0.8022,55,17.67,1594075666.8541899,in_progress"
1594075667467,"SIM_TRACE_LOG:16,3,0.8948,2.6343,-78.1599,30.00,1.33,18,1.8418,False,True,0.8437,55,17.67,1594075666.9176817,in_progress"
1594075667467,"SIM_TRACE_LOG:16,4,0.9035,2.6115,-76.7336,20.00,4.00,17,0.0002,False,True,0.9802,55,17.67,1594075666.9893453,in_progress"
1594075667467,"SIM_TRACE_LOG:16,5,0.9199,2.5725,-74.2367,-10.00,1.33,6,1.9439,False,True,1.2151,56,17.67,1594075667.053463,in_progress"
1594075667467,"SIM_TRACE_LOG:16,6,0.9408,2.5266,-71.4636,-20.00,1.33,3,1.7758,False,True,1.4932,56,17.67,1594075667.12322,in_progress"
1594075667467,"SIM_TRACE_LOG:16,7,0.9697,2.4647,-68.9413,20.00,1.33,15,1.7724,False,True,1.8693,57,17.67,1594075667.1871657,in_progress"
1594075667467,"SIM_TRACE_LOG:16,8,1.0002,2.4017,-67.0533,-30.00,1.33,0,1.4891,False,True,2.2537,57,17.67,1594075667.2535741,in_progress"
1594075667467,"SIM_TRACE_LOG:16,9,1.0452,2.3100,-65.3535,-30.00,1.33,0,1.4775,False,True,2.8133,57,17.67,1594075667.319935,in_progress"
1594075667467,"SIM_TRACE_LOG:16,10,1.0867,2.2261,-64.5073,-30.00,2.67,1,0.0001,False,True,3.3260,58,17.67,1594075667.3874981,in_progress"
1594075667467,"SIM_TRACE_LOG:16,11,1.1277,2.1356,-65.1636,-20.00,4.00,5,0.0002,False,True,3.8743,58,17.67,1594075667.4561381,in_progress"
1594075668502,"SIM_TRACE_LOG:16,12,1.1731,2.0220,-67.0211,-10.00,1.33,6,1.8731,False,True,4.5558,58,17.67,1594075667.5214057,in_progress"
1594075668502,"SIM_TRACE_LOG:16,13,1.2092,1.9220,-68.6572,-30.00,1.33,0,1.4144,False,True,5.1515,59,17.67,1594075667.5932717,in_progress"
1594075668502,"SIM_TRACE_LOG:16,14,1.2398,1.8200,-71.2493,20.00,4.00,17,0.0002,False,True,5.7519,60,17.67,1594075667.6572304,in_progress"
1594075668502,"SIM_TRACE_LOG:16,15,1.2652,1.7108,-74.4235,30.00,4.00,20,0.0001,False,True,6.3859,60,17.67,1594075667.7251654,in_progress"
1594075668502,"SIM_TRACE_LOG:16,16,1.2960,1.5840,-75.4874,20.00,4.00,17,0.0002,False,True,7.1678,60,17.67,1594075667.7901542,in_progress"
1594075668502,"SIM_TRACE_LOG:16,17,1.3264,1.4704,-75.2211,20.00,1.33,15,1.6786,False,True,7.8330,60,17.67,1594075667.8612897,in_progress"
1594075668502,"SIM_TRACE_LOG:16,18,1.3688,1.3298,-74.0900,20.00,4.00,17,0.0002,False,True,8.6632,61,17.67,1594075667.9273155,in_progress"
1594075668502,"SIM_TRACE_LOG:16,19,1.4171,1.1977,-71.1695,20.00,1.33,15,1.6594,False,True,9.6989,62,17.67,1594075667.989979,in_progress"
1594075668502,"SIM_TRACE_LOG:16,20,1.4654,1.0907,-67.2853,-30.00,1.33,0,1.7270,False,True,10.6252,64,17.67,1594075668.0589993,in_progress"
1594075668502,"SIM_TRACE_LOG:16,21,1.5312,0.9670,-63.1780,20.00,4.00,17,0.0002,False,True,11.4506,66,17.67,1594075668.127781,in_progress"
1594075668502,"SIM_TRACE_LOG:16,22,1.6001,0.8495,-60.6211,20.00,4.00,17,0.0002,False,True,12.4326,67,17.67,1594075668.1962423,in_progress"
1594075668502,"SIM_TRACE_LOG:16,23,1.6853,0.7321,-55.9498,0.00,1.33,9,1.9947,False,True,13.0626,67,17.67,1594075668.2551303,in_progress"
1594075668502,"SIM_TRACE_LOG:16,24,1.7536,0.6488,-52.1967,30.00,4.00,20,0.0001,False,True,13.5527,68,17.67,1594075668.3259156,in_progress"
1594075668502,"SIM_TRACE_LOG:16,25,1.8597,0.5376,-46.7739,20.00,4.00,17,0.0002,False,True,14.2890,68,17.67,1594075668.389119,in_progress"
1594075668502,"SIM_TRACE_LOG:16,26,1.9679,0.4454,-41.3806,10.00,4.00,14,-0.0000,False,False,15.0104,68,17.67,1594075668.4598503,in_progress"
1594075669542,"SIM_TRACE_LOG:16,27,2.1449,0.3230,-32.6214,0.00,2.67,10,-0.0000,False,False,15.6697,68,17.67,1594075668.5253701,in_progress"
1594075669542,"SIM_TRACE_LOG:16,28,2.2945,0.2385,-26.6034,-10.00,2.67,7,-0.0000,True,False,16.5160,68,17.67,1594075668.5915709,off_track"
1594075669542,"SIM_TRACE_LOG:17,1,1.0711,1.7777,-78.2688,0.00,1.33,9,2.5890,False,True,0.7923,60,17.67,1594075668.9381652,in_progress"
1594075669542,"SIM_TRACE_LOG:17,2,1.0713,1.7766,-78.2887,20.00,4.00,17,0.0002,False,True,0.7991,60,17.67,1594075668.9950552,in_progress"
1594075669542,"SIM_TRACE_LOG:17,3,1.0738,1.7639,-78.3769,20.00,1.33,15,2.1212,False,True,0.8723,60,17.67,1594075669.0604935,in_progress"
1594075669542,"SIM_TRACE_LOG:17,4,1.0796,1.7422,-78.1355,-10.00,1.33,6,2.2444,False,True,0.9989,60,17.67,1594075669.1300828,in_progress"
1594075669542,"SIM_TRACE_LOG:17,5,1.0912,1.6986,-77.2600,-10.00,1.33,6,1.9444,False,True,1.2538,60,17.67,1594075669.1966066,in_progress"
1594075669542,"SIM_TRACE_LOG:17,6,1.1081,1.6348,-76.4174,10.00,2.67,13,0.0002,False,True,1.6285,60,17.67,1594075669.2658918,in_progress"
1594075669542,"SIM_TRACE_LOG:17,7,1.1289,1.5601,-75.5299,30.00,2.67,19,0.0001,False,True,2.0671,60,17.67,1594075669.3279455,in_progress"
1594075669542,"SIM_TRACE_LOG:17,8,1.1528,1.4819,-74.3763,-20.00,1.33,3,1.7773,False,True,2.5294,60,17.67,1594075669.3989244,in_progress"
1594075669542,"SIM_TRACE_LOG:17,9,1.1817,1.3946,-72.9411,30.00,2.67,19,0.0001,False,True,3.0484,61,17.67,1594075669.4621274,in_progress"
1594075669542,"SIM_TRACE_LOG:17,10,1.2163,1.2981,-71.3964,10.00,4.00,14,0.0002,False,True,3.6257,61,17.67,1594075669.5321174,in_progress"
1594075670579,"SIM_TRACE_LOG:17,11,1.2632,1.1861,-68.9230,30.00,4.00,20,0.0001,False,True,4.3051,61,17.67,1594075669.595425,in_progress"
1594075670579,"SIM_TRACE_LOG:17,12,1.3216,1.0667,-65.5309,0.00,1.33,9,1.9918,False,True,5.1166,63,17.67,1594075669.662036,in_progress"
1594075670579,"SIM_TRACE_LOG:17,13,1.3799,0.9674,-60.4017,30.00,2.67,19,0.0001,False,True,5.8291,65,17.67,1594075669.7321026,in_progress"
1594075670579,"SIM_TRACE_LOG:17,14,1.4674,0.8466,-54.0301,30.00,1.33,18,1.4998,False,True,6.6886,66,17.67,1594075669.7999117,in_progress"
1594075670579,"SIM_TRACE_LOG:17,15,1.5496,0.7571,-47.3435,30.00,1.33,18,1.4920,False,True,7.2833,67,17.67,1594075669.8672428,in_progress"
1594075670579,"SIM_TRACE_LOG:17,16,1.6282,0.6851,-41.4922,0.00,2.67,10,0.0002,False,True,7.8148,67,17.67,1594075669.9311402,in_progress"
1594075670579,"SIM_TRACE_LOG:17,17,1.7256,0.6153,-36.3467,-10.00,1.33,6,1.8767,False,True,8.4453,67,17.67,1594075669.998315,in_progress"
1594075670579,"SIM_TRACE_LOG:17,18,1.8226,0.5634,-30.3670,-10.00,2.67,7,0.0002,False,True,9.0498,68,17.67,1594075670.0719512,in_progress"
1594075670579,"SIM_TRACE_LOG:17,19,1.9171,0.5222,-26.6658,20.00,1.33,15,1.6659,False,True,9.6252,68,17.67,1594075670.1339278,in_progress"
1594075670579,"SIM_TRACE_LOG:17,20,2.0364,0.4791,-21.8395,20.00,2.67,16,0.0002,False,True,10.0769,68,17.67,1594075670.2008822,in_progress"
1594075670579,"SIM_TRACE_LOG:17,21,2.1476,0.4517,-17.1271,-30.00,1.33,0,-0.1000,False,False,10.6854,68,17.67,1594075670.2668054,in_progress"
1594075670579,"SIM_TRACE_LOG:17,22,2.2728,0.4290,-11.0428,-10.00,1.33,6,-0.1000,False,False,11.3936,68,17.67,1594075670.3346865,in_progress"
1594075670579,"SIM_TRACE_LOG:17,23,2.3835,0.4156,-7.0394,20.00,1.33,15,-0.1000,False,False,12.0202,68,17.67,1594075670.4003181,in_progress"
1594075670579,"SIM_TRACE_LOG:17,24,2.4645,0.4120,-4.6428,10.00,4.00,14,-0.0000,False,False,12.4784,69,17.67,1594075670.4662626,in_progress"
1594075670579,"SIM_TRACE_LOG:17,25,2.5650,0.4132,-1.8577,10.00,4.00,14,-0.0000,False,False,13.0473,69,17.67,1594075670.5335803,in_progress"
1594075671614,"SIM_TRACE_LOG:17,26,2.6919,0.4223,1.9158,0.00,1.33,9,-0.1000,False,False,13.7652,69,17.67,1594075670.6031919,in_progress"
1594075671614,"SIM_TRACE_LOG:17,27,2.8134,0.4359,5.8409,10.00,2.67,13,-0.0000,False,False,14.4530,69,17.67,1594075670.6677964,in_progress"
1594075671614,"SIM_TRACE_LOG:17,28,2.9009,0.4516,7.9943,-30.00,1.33,0,-0.1000,False,False,14.9480,70,17.67,1594075670.732723,in_progress"
1594075671614,"SIM_TRACE_LOG:17,29,3.0211,0.4768,11.2388,-10.00,4.00,8,0.0002,False,True,15.6284,0,17.67,1594075670.7997282,in_progress"
1594075671614,"SIM_TRACE_LOG:17,30,3.1383,0.5037,12.2977,20.00,2.67,16,0.0002,False,True,16.2918,1,17.67,1594075670.8706768,in_progress"
1594075671614,"SIM_TRACE_LOG:17,31,3.2707,0.5392,14.2289,-10.00,1.33,6,1.8777,False,True,17.0409,1,17.67,1594075670.9317997,in_progress"
1594075671614,"SIM_TRACE_LOG:17,32,3.3869,0.5764,17.6125,-20.00,1.33,3,1.7404,False,True,17.6986,2,17.67,1594075671.003378,in_progress"
1594075671614,"SIM_TRACE_LOG:17,33,3.5185,0.6199,18.8146,-20.00,1.33,3,1.7645,False,True,18.4434,2,17.67,1594075671.0670145,in_progress"
1594075671614,"SIM_TRACE_LOG:17,34,3.6151,0.6492,17.8758,-20.00,2.67,4,0.0002,False,True,18.9902,3,17.67,1594075671.134733,in_progress"
1594075671614,"SIM_TRACE_LOG:17,35,3.7339,0.6782,15.2016,10.00,4.00,14,0.0002,False,True,19.6620,3,17.67,1594075671.2050865,in_progress"
1594075671614,"SIM_TRACE_LOG:17,36,3.8605,0.7021,12.3893,-20.00,1.33,3,2.2551,False,True,20.3788,3,17.67,1594075671.272073,in_progress"
1594075671614,"SIM_TRACE_LOG:17,37,3.9838,0.7198,9.1786,-20.00,1.33,3,1.7734,False,True,21.0765,4,17.67,1594075671.3370545,in_progress"
1594075671614,"SIM_TRACE_LOG:17,38,4.1245,0.7269,4.8149,-20.00,1.33,3,1.7716,False,True,21.8729,4,17.67,1594075671.404799,in_progress"
1594075671614,"SIM_TRACE_LOG:17,39,4.2172,0.7240,1.5177,-10.00,1.33,6,1.9391,False,True,22.3974,4,17.67,1594075671.4766624,in_progress"
1594075671614,"SIM_TRACE_LOG:17,40,4.3444,0.7114,-2.8804,-30.00,2.67,1,0.0001,False,True,23.1171,4,17.67,1594075671.5406044,in_progress"
1594075671614,"SIM_TRACE_LOG:17,41,4.4466,0.6944,-6.6245,0.00,1.33,9,1.9996,False,True,23.6951,5,17.67,1594075671.6037505,in_progress"
1594075672650,"SIM_TRACE_LOG:17,42,4.5234,0.6740,-11.6088,10.00,1.33,12,1.9441,False,True,24.1302,5,17.67,1594075671.6746154,in_progress"
1594075672650,"SIM_TRACE_LOG:17,43,4.6298,0.6397,-16.6417,30.00,4.00,20,0.0001,False,True,24.7318,6,17.67,1594075671.7368667,in_progress"
1594075672650,"SIM_TRACE_LOG:17,44,4.7249,0.6072,-17.8232,30.00,1.33,18,1.4807,False,True,25.2701,6,17.67,1594075671.8024957,in_progress"
1594075672650,"SIM_TRACE_LOG:17,45,4.8199,0.5797,-16.7238,30.00,1.33,18,1.4646,False,True,25.8073,6,17.67,1594075671.8725655,in_progress"
1594075672650,"SIM_TRACE_LOG:17,46,4.9272,0.5564,-14.3110,10.00,4.00,14,0.0002,False,True,26.4149,6,17.67,1594075671.9367676,in_progress"
1594075672650,"SIM_TRACE_LOG:17,47,5.0151,0.5419,-11.8896,0.00,4.00,11,0.0002,False,True,26.9122,7,17.67,1594075672.0051622,in_progress"
1594075672650,"SIM_TRACE_LOG:17,48,5.1258,0.5265,-9.6489,0.00,2.67,10,0.0002,False,True,27.5386,7,17.67,1594075672.0712264,in_progress"
1594075672650,"SIM_TRACE_LOG:17,49,5.2656,0.5115,-7.2769,-20.00,4.00,5,0.0002,False,True,28.3295,7,17.67,1594075672.1389337,in_progress"
1594075672650,"SIM_TRACE_LOG:17,50,5.3993,0.4973,-6.6224,10.00,1.33,12,1.8350,False,True,29.0862,8,17.67,1594075672.2050955,in_progress"
1594075672650,"SIM_TRACE_LOG:17,51,5.5676,0.4791,-6.3323,20.00,1.33,15,2.1954,False,True,30.0385,8,17.67,1594075672.271471,in_progress"
1594075672650,"SIM_TRACE_LOG:17,52,5.6645,0.4728,-4.9441,20.00,1.33,15,2.1928,False,True,30.5868,9,17.67,1594075672.3402016,in_progress"
1594075672650,"SIM_TRACE_LOG:17,53,5.7965,0.4727,-1.6992,-10.00,1.33,6,1.8058,False,True,31.3153,9,17.67,1594075672.4058137,in_progress"
1594075672650,"SIM_TRACE_LOG:17,54,5.8999,0.4780,0.9846,20.00,1.33,15,1.6433,False,True,31.9012,9,17.67,1594075672.472915,in_progress"
1594075672650,"SIM_TRACE_LOG:17,55,6.0207,0.4883,3.4426,30.00,4.00,20,0.0001,False,True,32.5854,9,17.67,1594075672.5376878,in_progress"
1594075672650,"SIM_TRACE_LOG:17,56,6.1155,0.5027,6.1915,20.00,1.33,15,1.6675,False,True,33.1230,10,17.67,1594075672.605662,in_progress"
1594075673686,"SIM_TRACE_LOG:17,57,6.2253,0.5310,11.8572,20.00,4.00,17,0.0002,False,True,33.7465,10,17.67,1594075672.6726234,in_progress"
1594075673686,"SIM_TRACE_LOG:17,58,6.3248,0.5676,16.4889,10.00,4.00,14,0.0002,False,True,34.2400,10,17.67,1594075672.7362297,in_progress"
1594075673686,"SIM_TRACE_LOG:17,59,6.4438,0.6273,23.3684,0.00,1.33,9,1.9775,False,True,34.9486,11,17.67,1594075672.8093503,in_progress"
1594075673686,"SIM_TRACE_LOG:17,60,6.5495,0.6905,31.0643,20.00,2.67,16,0.0002,False,True,35.5251,12,17.67,1594075672.874991,in_progress"
1594075673686,"SIM_TRACE_LOG:17,61,6.6472,0.7648,36.7507,0.00,1.33,9,1.9996,False,True,36.1964,13,17.67,1594075672.9380445,in_progress"
1594075673686,"SIM_TRACE_LOG:17,62,6.7416,0.8544,44.5721,0.00,1.33,9,1.9976,False,True,36.9132,13,17.67,1594075673.0077848,in_progress"
1594075673686,"SIM_TRACE_LOG:17,63,6.8162,0.9436,51.3774,10.00,2.67,13,0.0002,False,True,37.5805,14,17.67,1594075673.0728261,in_progress"
1594075673686,"SIM_TRACE_LOG:17,64,6.8825,1.0472,56.5864,0.00,1.33,9,1.9667,False,True,38.2397,15,17.67,1594075673.1390908,in_progress"
1594075673686,"SIM_TRACE_LOG:17,65,6.9367,1.1514,63.1349,-10.00,2.67,7,0.0002,False,True,39.0465,15,17.67,1594075673.2050364,in_progress"
1594075673686,"SIM_TRACE_LOG:17,66,6.9790,1.2474,66.9203,-20.00,2.67,4,0.0002,False,True,39.6243,16,17.67,1594075673.2744513,in_progress"
1594075673686,"SIM_TRACE_LOG:17,67,7.0394,1.3959,68.5342,-10.00,1.33,6,2.5238,False,True,40.9097,17,17.67,1594075673.3392224,in_progress"
1594075673686,"SIM_TRACE_LOG:17,68,7.0955,1.5332,68.0756,-30.00,4.00,2,0.0001,False,True,41.7378,17,17.67,1594075673.4097898,in_progress"
1594075673686,"SIM_TRACE_LOG:17,69,7.1445,1.6443,66.8887,30.00,1.33,18,1.4628,False,True,42.4127,18,17.67,1594075673.474211,in_progress"
1594075673686,"SIM_TRACE_LOG:17,70,7.2089,1.7709,63.1820,0.00,2.67,10,0.0002,False,True,43.3388,18,17.67,1594075673.53816,in_progress"
1594075673686,"SIM_TRACE_LOG:17,71,7.2705,1.8830,61.5137,20.00,1.33,15,1.7773,False,True,43.9070,20,17.67,1594075673.6079106,in_progress"
1594075673686,"SIM_TRACE_LOG:17,72,7.3489,2.0219,60.2565,10.00,4.00,14,0.0002,False,True,44.4915,20,17.67,1594075673.6753085,in_progress"
1594075674720,"SIM_TRACE_LOG:17,73,7.4144,2.1402,60.7303,30.00,4.00,20,-0.0000,False,False,44.9921,20,17.67,1594075673.7441695,in_progress"
1594075674720,"SIM_TRACE_LOG:17,74,7.4910,2.2929,62.9515,30.00,2.67,19,-0.0000,False,False,45.6537,21,17.67,1594075673.8074958,in_progress"
1594075674720,"SIM_TRACE_LOG:17,75,7.5384,2.4105,66.2854,-30.00,4.00,2,-0.0000,True,False,46.1859,21,17.67,1594075673.8720353,off_track"
1594075674720,"SIM_TRACE_LOG:18,1,1.3317,0.9380,-63.1554,-10.00,2.67,7,0.0003,False,True,0.7741,64,17.67,1594075674.274729,in_progress"
1594075674720,"SIM_TRACE_LOG:18,2,1.3331,0.9345,-63.3480,0.00,4.00,11,0.0002,False,True,0.7943,64,17.67,1594075674.341024,in_progress"
1594075674720,"SIM_TRACE_LOG:18,3,1.3398,0.9164,-64.1949,-10.00,2.67,7,0.0002,False,True,0.8963,65,17.67,1594075674.4124403,in_progress"
1594075674720,"SIM_TRACE_LOG:18,4,1.3520,0.8791,-66.0661,20.00,1.33,15,1.7699,False,True,1.1002,65,17.67,1594075674.4775662,in_progress"
1594075674720,"SIM_TRACE_LOG:18,5,1.3674,0.8339,-67.9289,0.00,1.33,9,1.9837,False,True,1.3240,65,17.67,1594075674.542197,in_progress"
1594075674720,"SIM_TRACE_LOG:18,6,1.3827,0.7848,-69.3663,-10.00,1.33,6,1.9151,False,True,1.5810,66,17.67,1594075674.6097047,in_progress"
1594075674720,"SIM_TRACE_LOG:18,7,1.4026,0.7124,-71.5765,20.00,1.33,15,1.7129,False,True,1.7389,66,17.67,1594075674.6775718,in_progress"
1594075675896,"SIM_TRACE_LOG:18,8,1.4237,0.6197,-74.3529,-30.00,1.33,0,-0.1000,False,False,1.9231,67,17.67,1594075674.7437778,in_progress"
1594075675896,"SIM_TRACE_LOG:18,9,1.4434,0.5305,-75.8925,-30.00,4.00,2,-0.0000,False,False,2.0148,67,17.67,1594075674.8084989,in_progress"
1594075675896,"SIM_TRACE_LOG:18,10,1.4592,0.4200,-79.3773,-30.00,4.00,2,-0.0000,False,False,2.2545,67,17.67,1594075674.8799553,in_progress"
1594075675896,"SIM_TRACE_LOG:18,11,1.4631,0.3278,-83.4974,30.00,2.67,19,-0.0000,True,False,2.4038,67,17.67,1594075674.943538,off_track"
1594075675896,"SIM_TRACE_LOG:19,1,2.1626,0.6519,-14.1540,-20.00,4.00,5,0.0002,False,True,0.7707,68,17.67,1594075675.2908773,in_progress"
1594075675896,"SIM_TRACE_LOG:19,2,2.1652,0.6511,-14.2578,30.00,4.00,20,0.0002,False,True,0.7854,68,17.67,1594075675.3443441,in_progress"
1594075675896,"SIM_TRACE_LOG:19,3,2.1717,0.6498,-14.1582,30.00,1.33,18,1.8370,False,True,0.8218,68,17.67,1594075675.411512,in_progress"
1594075675896,"SIM_TRACE_LOG:19,4,2.2018,0.6457,-12.9560,10.00,4.00,14,0.0002,False,True,0.9922,68,17.67,1594075675.4776115,in_progress"
1594075675896,"SIM_TRACE_LOG:19,5,2.2415,0.6413,-11.3466,20.00,2.67,16,0.0002,False,True,1.2173,68,17.67,1594075675.5473354,in_progress"
1594075675896,"SIM_TRACE_LOG:19,6,2.2878,0.6391,-8.9415,0.00,1.33,9,1.9936,False,True,1.4789,68,17.67,1594075675.6128802,in_progress"
1594075675896,"SIM_TRACE_LOG:19,7,2.3604,0.6385,-5.3955,-30.00,1.33,0,1.4934,False,True,1.8900,68,17.67,1594075675.6804235,in_progress"
1594075675896,"SIM_TRACE_LOG:19,8,2.4415,0.6376,-3.3179,10.00,1.33,12,1.9376,False,True,2.3487,69,17.67,1594075675.7463877,in_progress"
1594075675896,"SIM_TRACE_LOG:19,9,2.5416,0.6367,-1.9006,10.00,1.33,12,1.9373,False,True,2.9152,69,17.67,1594075675.811011,in_progress"
1594075675896,"SIM_TRACE_LOG:19,10,2.6247,0.6393,-0.2568,-10.00,2.67,7,0.0002,False,True,3.3854,69,17.67,1594075675.879993,in_progress"
1594075676934,"SIM_TRACE_LOG:19,11,2.7272,0.6429,0.9052,30.00,1.33,18,1.4946,False,True,3.9655,69,17.67,1594075675.9443605,in_progress"
1594075676934,"SIM_TRACE_LOG:19,12,2.8361,0.6502,2.4157,-10.00,1.33,6,1.9408,False,True,4.5820,70,17.67,1594075676.0130596,in_progress"
1594075676934,"SIM_TRACE_LOG:19,13,2.9336,0.6594,3.9093,-10.00,1.33,6,1.9426,False,True,5.1333,0,17.67,1594075676.081745,in_progress"
1594075676934,"SIM_TRACE_LOG:19,14,3.0277,0.6678,4.4663,-10.00,1.33,6,1.9437,False,True,5.6661,0,17.67,1594075676.14794,in_progress"
1594075676934,"SIM_TRACE_LOG:19,15,3.1064,0.6744,4.5764,-10.00,1.33,6,1.9442,False,True,6.1115,0,17.67,1594075676.213439,in_progress"
1594075676934,"SIM_TRACE_LOG:19,16,3.2049,0.6815,4.3022,-10.00,1.33,6,1.9444,False,True,6.6687,1,17.67,1594075676.2812173,in_progress"
1594075676934,"SIM_TRACE_LOG:19,17,3.2963,0.6865,3.7145,-10.00,1.33,6,1.9444,False,True,7.1863,1,17.67,1594075676.3469658,in_progress"
1594075676934,"SIM_TRACE_LOG:19,18,3.4006,0.6899,2.7009,-10.00,1.33,6,1.9443,False,True,7.7763,2,17.67,1594075676.414935,in_progress"
1594075676934,"SIM_TRACE_LOG:19,19,3.5022,0.6903,1.4034,-10.00,1.33,6,1.9443,False,True,8.3512,2,17.67,1594075676.4825075,in_progress"
1594075676934,"SIM_TRACE_LOG:19,20,3.5996,0.6878,-0.0702,-10.00,1.33,6,1.9444,False,True,8.9025,3,17.67,1594075676.545829,in_progress"
1594075676934,"SIM_TRACE_LOG:19,21,3.6759,0.6836,-1.3614,30.00,2.67,19,0.0001,False,True,9.3344,3,17.67,1594075676.6167777,in_progress"
1594075676934,"SIM_TRACE_LOG:19,22,3.7852,0.6784,-1.9790,20.00,2.67,16,0.0002,False,True,9.9524,3,17.67,1594075676.679943,in_progress"
1594075676934,"SIM_TRACE_LOG:19,23,3.8873,0.6774,-1.2229,10.00,2.67,13,0.0002,False,True,10.5303,3,17.67,1594075676.7483475,in_progress"
1594075676934,"SIM_TRACE_LOG:19,24,4.0396,0.6789,0.0197,30.00,1.33,18,1.4999,False,True,11.3920,4,17.67,1594075676.8138988,in_progress"
1594075676934,"SIM_TRACE_LOG:19,25,4.1494,0.6847,1.6729,-10.00,1.33,6,1.9444,False,True,12.0136,4,17.67,1594075676.8836117,in_progress"
1594075677966,"SIM_TRACE_LOG:19,26,4.2929,0.7006,4.7817,-10.00,1.33,6,1.9435,False,True,12.8255,4,17.67,1594075676.9506154,in_progress"
1594075677966,"SIM_TRACE_LOG:19,27,4.3944,0.7128,5.8728,-20.00,1.33,3,1.7750,False,True,13.3997,5,17.67,1594075677.013851,in_progress"
1594075677966,"SIM_TRACE_LOG:19,28,4.4557,0.7195,5.9682,-20.00,1.33,3,1.7735,False,True,13.7471,5,17.67,1594075677.0851092,in_progress"
1594075677966,"SIM_TRACE_LOG:19,29,4.5952,0.7286,4.4168,-20.00,1.33,3,1.7711,False,True,14.5365,6,17.67,1594075677.1477628,in_progress"
1594075677966,"SIM_TRACE_LOG:19,30,4.6686,0.7297,3.0505,-20.00,1.33,3,1.7708,False,True,14.9514,6,17.67,1594075677.2136176,in_progress"
1594075677966,"SIM_TRACE_LOG:19,31,4.7599,0.7270,0.9055,-10.00,1.33,6,1.9383,False,True,15.4683,6,17.67,1594075677.2847323,in_progress"
1594075677966,"SIM_TRACE_LOG:19,32,4.8808,0.7184,-1.9002,-10.00,1.33,6,1.9405,False,True,16.1522,6,17.67,1594075677.3482294,in_progress"
1594075677966,"SIM_TRACE_LOG:19,33,4.9596,0.7101,-3.6576,0.00,1.33,9,1.9977,False,True,16.5981,7,17.67,1594075677.415855,in_progress"
1594075677966,"SIM_TRACE_LOG:19,34,5.0551,0.6990,-5.1061,30.00,1.33,18,1.4993,False,True,17.1389,7,17.67,1594075677.4867187,in_progress"
1594075677966,"SIM_TRACE_LOG:19,35,5.1561,0.6885,-5.4976,10.00,1.33,12,1.9444,False,True,17.7100,7,17.67,1594075677.549147,in_progress"
1594075677966,"SIM_TRACE_LOG:19,36,5.2391,0.6812,-5.2518,10.00,1.33,12,1.9444,False,True,18.1796,7,17.67,1594075677.6152198,in_progress"
1594075677966,"SIM_TRACE_LOG:19,37,5.3289,0.6740,-4.9266,10.00,1.33,12,1.9441,False,True,18.6883,7,17.67,1594075677.6814222,in_progress"
1594075677966,"SIM_TRACE_LOG:19,38,5.4105,0.6688,-4.3740,10.00,1.33,12,1.9437,False,True,19.1497,8,17.67,1594075677.748274,in_progress"
1594075677966,"SIM_TRACE_LOG:19,39,5.5161,0.6643,-3.3123,10.00,1.33,12,1.9431,False,True,19.7475,8,17.67,1594075677.814905,in_progress"
1594075677966,"SIM_TRACE_LOG:19,40,5.5922,0.6629,-2.3534,30.00,1.33,18,1.9721,False,True,20.1781,8,17.67,1594075677.8834062,in_progress"
1594075677966,"SIM_TRACE_LOG:19,41,5.7035,0.6655,-0.3097,10.00,1.33,12,2.4232,False,True,20.8076,9,17.67,1594075677.948287,in_progress"
1594075679031,"SIM_TRACE_LOG:19,42,5.7948,0.6737,2.3246,-10.00,1.33,6,1.9441,False,True,21.3237,9,17.67,1594075678.0155761,in_progress"
1594075679031,"SIM_TRACE_LOG:19,43,5.8977,0.6856,4.5338,-20.00,2.67,4,0.0002,False,True,21.9068,9,17.67,1594075678.0859873,in_progress"
1594075679031,"SIM_TRACE_LOG:19,44,6.0137,0.6968,4.9659,0.00,1.33,9,1.9997,False,True,22.5642,9,17.67,1594075678.1496599,in_progress"
1594075679031,"SIM_TRACE_LOG:19,45,6.0967,0.7029,4.4006,-10.00,1.33,6,1.9438,False,True,23.0345,10,17.67,1594075678.2162921,in_progress"
1594075679031,"SIM_TRACE_LOG:19,46,6.1937,0.7081,3.7084,30.00,2.67,19,0.0001,False,True,23.5835,10,17.67,1594075678.2817209,in_progress"
1594075679031,"SIM_TRACE_LOG:19,47,6.3004,0.7141,3.5021,-20.00,1.33,3,1.7764,False,True,24.2001,10,17.67,1594075678.3506336,in_progress"
1594075679031,"SIM_TRACE_LOG:19,48,6.4071,0.7222,4.2055,0.00,1.33,9,1.9991,False,True,24.8048,11,17.67,1594075678.4167273,in_progress"
1594075679031,"SIM_TRACE_LOG:19,49,6.5113,0.7288,3.8635,20.00,4.00,17,0.0002,False,True,25.3976,12,17.67,1594075678.4839854,in_progress"
1594075679031,"SIM_TRACE_LOG:19,50,6.6118,0.7373,4.4420,30.00,1.33,18,1.4983,False,True,25.9520,12,17.67,1594075678.5514772,in_progress"
1594075679031,"SIM_TRACE_LOG:19,51,6.7114,0.7555,8.0665,30.00,1.33,18,1.4937,False,True,26.5124,13,17.67,1594075678.618055,in_progress"
1594075679031,"SIM_TRACE_LOG:19,52,6.8018,0.7809,11.8923,20.00,1.33,15,1.7626,False,True,26.9829,13,17.67,1594075678.6834428,in_progress"
1594075679031,"SIM_TRACE_LOG:19,53,6.8896,0.8128,15.8954,20.00,2.67,16,0.0002,False,True,27.4498,14,17.67,1594075678.7579474,in_progress"
1594075679031,"SIM_TRACE_LOG:19,54,7.0045,0.8686,22.3563,20.00,1.33,15,1.7339,False,True,28.1465,15,17.67,1594075678.8185766,in_progress"
1594075679031,"SIM_TRACE_LOG:19,55,7.0760,0.9138,28.1527,-10.00,1.33,6,1.8931,False,True,28.5767,15,17.67,1594075678.8837054,in_progress"
1594075679031,"SIM_TRACE_LOG:19,56,7.1549,0.9738,33.3721,10.00,1.33,12,1.8726,False,True,28.9847,15,17.67,1594075678.9526772,in_progress"
1594075679031,"SIM_TRACE_LOG:19,57,7.2335,1.0423,37.5245,30.00,4.00,20,0.0001,False,True,29.5617,16,17.67,1594075679.019956,in_progress"
1594075680065,"SIM_TRACE_LOG:19,58,7.2964,1.1070,41.6588,-20.00,1.33,3,1.6656,False,True,29.9176,16,17.67,1594075679.0873609,in_progress"
1594075680065,"SIM_TRACE_LOG:19,59,7.3637,1.1916,48.3849,-10.00,2.67,7,0.0002,False,True,30.3384,17,17.67,1594075679.1493251,in_progress"
1594075680065,"SIM_TRACE_LOG:19,60,7.4221,1.2793,53.4799,20.00,4.00,17,-0.0000,False,False,30.7491,17,17.67,1594075679.2200913,in_progress"
1594075680065,"SIM_TRACE_LOG:19,61,7.4848,1.3953,58.8038,30.00,4.00,20,-0.0000,False,False,31.4682,17,17.67,1594075679.2901654,in_progress"
1594075680065,"SIM_TRACE_LOG:19,62,7.5345,1.5195,64.9574,-20.00,1.33,3,-0.1000,False,False,32.2159,18,17.67,1594075679.3532658,in_progress"
1594075680065,"SIM_TRACE_LOG:19,63,7.5711,1.6470,73.2404,30.00,1.33,18,-0.1000,False,False,32.9657,18,17.67,1594075679.4198413,in_progress"
1594075680065,"SIM_TRACE_LOG:19,64,7.5928,1.7650,80.9731,-20.00,4.00,5,-0.0000,False,False,33.2373,18,17.67,1594075679.4876533,in_progress"
1594075680065,"SIM_TRACE_LOG:19,65,7.6008,1.8940,87.4902,-10.00,2.67,7,-0.0000,False,False,33.7182,20,17.67,1594075679.5544786,in_progress"
1594075680065,"SIM_TRACE_LOG:19,66,7.5954,1.9988,93.2235,10.00,2.67,13,-0.0000,False,False,33.8880,20,17.67,1594075679.6232414,in_progress"
1594075680065,"SIM_TRACE_LOG:19,67,7.5729,2.1442,101.3653,30.00,4.00,20,-0.0000,True,False,34.7039,20,17.67,1594075679.6924927,off_track"
1594075720403,"SIM_TRACE_LOG:20,1,3.0500,0.6832,-0.0009,20.00,2.67,16,0.0002,False,True,0.7924,0,17.67,1594075719.5237806,in_progress"
1594075720403,"SIM_TRACE_LOG:20,2,3.0509,0.6832,-0.0375,0.00,1.33,9,2.4226,False,True,0.7972,0,17.67,1594075719.577564,in_progress"
1594075720403,"SIM_TRACE_LOG:20,3,3.0599,0.6827,0.4046,-10.00,1.33,6,2.2866,False,True,0.8485,0,17.67,1594075719.6464791,in_progress"
1594075720403,"SIM_TRACE_LOG:20,4,3.0851,0.6814,-0.1171,-10.00,1.33,6,2.2440,False,True,0.9912,0,17.67,1594075719.7157753,in_progress"
1594075720403,"SIM_TRACE_LOG:20,5,3.1252,0.6784,-1.1591,30.00,1.33,18,1.4999,False,True,1.2179,1,17.67,1594075719.7793703,in_progress"
1594075720403,"SIM_TRACE_LOG:20,6,3.1803,0.6755,-1.7742,30.00,1.33,18,1.4998,False,True,1.5295,1,17.67,1594075719.8512754,in_progress"
1594075720403,"SIM_TRACE_LOG:20,7,3.2504,0.6755,-1.0075,30.00,1.33,18,1.4998,False,True,1.9260,1,17.67,1594075719.9115503,in_progress"
1594075720403,"SIM_TRACE_LOG:20,8,3.3171,0.6790,0.5848,-10.00,1.33,6,1.9444,False,True,2.3039,1,17.67,1594075719.981278,in_progress"
1594075720403,"SIM_TRACE_LOG:20,9,3.4240,0.6889,3.0772,-10.00,1.33,6,1.9443,False,True,2.9088,2,17.67,1594075720.0488029,in_progress"
1594075720403,"SIM_TRACE_LOG:20,10,3.5294,0.6988,4.2855,-10.00,1.33,6,1.9437,False,True,3.5050,3,17.67,1594075720.113366,in_progress"
1594075720403,"SIM_TRACE_LOG:20,11,3.6123,0.7064,4.7217,-10.00,1.33,6,1.9427,False,True,3.9741,3,17.67,1594075720.1817775,in_progress"
1594075720403,"SIM_TRACE_LOG:20,12,3.7107,0.7145,4.6984,-10.00,1.33,6,1.9413,False,True,4.5310,3,17.67,1594075720.250112,in_progress"
1594075720403,"SIM_TRACE_LOG:20,13,3.8035,0.7207,4.2582,-10.00,1.33,6,1.9399,False,True,5.0564,3,17.67,1594075720.3144946,in_progress"
1594075720403,"SIM_TRACE_LOG:20,14,3.8796,0.7243,3.5915,-20.00,1.33,3,1.7723,False,True,5.4871,3,17.67,1594075720.3819058,in_progress"
1594075721436,"SIM_TRACE_LOG:20,15,3.9783,0.7256,2.1459,-30.00,4.00,2,0.0001,False,True,6.0452,4,17.67,1594075720.4505043,in_progress"
1594075721436,"SIM_TRACE_LOG:20,16,4.0802,0.7196,-0.8998,-10.00,1.33,6,1.9402,False,True,6.6220,4,17.67,1594075720.5146124,in_progress"
1594075721436,"SIM_TRACE_LOG:20,17,4.1883,0.7020,-5.9999,10.00,1.33,12,1.9433,False,True,7.2337,4,17.67,1594075720.5861971,in_progress"
1594075721436,"SIM_TRACE_LOG:20,18,4.2906,0.6816,-8.8115,10.00,1.33,12,1.9444,False,True,7.8123,4,17.67,1594075720.6466823,in_progress"
1594075721436,"SIM_TRACE_LOG:20,19,4.3615,0.6667,-10.0250,20.00,1.33,15,1.7768,False,True,8.2134,5,17.67,1594075720.713068,in_progress"
1594075721436,"SIM_TRACE_LOG:20,20,4.4656,0.6470,-10.3146,0.00,1.33,9,1.9955,False,True,8.8026,5,17.67,1594075720.7864614,in_progress"
1594075721436,"SIM_TRACE_LOG:20,21,4.5709,0.6277,-10.3498,30.00,4.00,20,0.0001,False,True,9.3988,6,17.67,1594075720.8512328,in_progress"
1594075721436,"SIM_TRACE_LOG:20,22,4.6515,0.6147,-9.7376,30.00,4.00,20,0.0001,False,True,9.8548,6,17.67,1594075720.9221373,in_progress"
1594075721436,"SIM_TRACE_LOG:20,23,4.7880,0.6068,-5.3438,0.00,1.33,9,2.3064,False,True,10.6271,6,17.67,1594075720.9854157,in_progress"
1594075721436,"SIM_TRACE_LOG:20,24,4.8893,0.6081,-0.8491,10.00,1.33,12,1.9255,False,True,11.2002,6,17.67,1594075721.0506332,in_progress"
1594075721436,"SIM_TRACE_LOG:20,25,4.9818,0.6167,2.8060,30.00,1.33,18,1.4851,False,True,11.7235,7,17.67,1594075721.1193733,in_progress"
1594075721436,"SIM_TRACE_LOG:20,26,5.0963,0.6387,7.5750,-10.00,1.33,6,1.9377,False,True,12.3715,7,17.67,1594075721.1863353,in_progress"
1594075721436,"SIM_TRACE_LOG:20,27,5.1889,0.6641,11.5088,-20.00,1.33,3,1.7765,False,True,12.8956,7,17.67,1594075721.2517037,in_progress"
1594075721436,"SIM_TRACE_LOG:20,28,5.2704,0.6875,13.5850,-20.00,1.33,3,1.7777,False,True,13.3568,7,17.67,1594075721.316858,in_progress"
1594075721436,"SIM_TRACE_LOG:20,29,5.3686,0.7151,14.6593,-30.00,1.33,0,1.4968,False,True,13.9130,7,17.67,1594075721.3878992,in_progress"
1594075722475,"SIM_TRACE_LOG:20,30,5.4590,0.7367,14.0393,-30.00,1.33,0,1.4908,False,True,14.4243,8,17.67,1594075721.4530559,in_progress"
1594075722475,"SIM_TRACE_LOG:20,31,5.5601,0.7540,11.9167,-10.00,2.67,7,0.0002,False,True,14.9964,8,17.67,1594075721.5184047,in_progress"
1594075722475,"SIM_TRACE_LOG:20,32,5.6487,0.7649,9.5207,-30.00,1.33,0,1.4785,False,True,15.4981,9,17.67,1594075721.5884993,in_progress"
1594075722475,"SIM_TRACE_LOG:20,33,5.7636,0.7683,4.5253,0.00,1.33,9,1.9768,False,True,16.1478,9,17.67,1594075721.6516898,in_progress"
1594075722475,"SIM_TRACE_LOG:20,34,5.8366,0.7648,1.4972,20.00,1.33,15,1.7568,False,True,16.5678,9,17.67,1594075721.719072,in_progress"
1594075722475,"SIM_TRACE_LOG:20,35,5.9407,0.7574,-1.4617,20.00,1.33,15,1.7612,False,True,17.1562,9,17.67,1594075721.789138,in_progress"
1594075722475,"SIM_TRACE_LOG:20,36,6.0436,0.7505,-2.6829,0.00,2.67,10,0.0002,False,True,17.7378,10,17.67,1594075721.8510234,in_progress"
1594075722475,"SIM_TRACE_LOG:20,37,6.1284,0.7452,-3.1438,10.00,4.00,14,0.0002,False,True,18.2172,10,17.67,1594075721.9218416,in_progress"
1594075722475,"SIM_TRACE_LOG:20,38,6.2552,0.7377,-3.2198,10.00,4.00,14,0.0002,False,True,18.9341,10,17.67,1594075721.985856,in_progress"
1594075722475,"SIM_TRACE_LOG:20,39,6.3978,0.7341,-1.9439,20.00,2.67,16,0.0002,False,True,19.7604,11,17.67,1594075722.0552523,in_progress"
1594075722475,"SIM_TRACE_LOG:20,40,6.5553,0.7405,1.2665,0.00,1.33,9,2.4789,False,True,20.6631,12,17.67,1594075722.1248655,in_progress"
1594075722475,"SIM_TRACE_LOG:20,41,6.6843,0.7536,5.2569,-10.00,2.67,7,0.0002,False,True,21.3665,13,17.67,1594075722.188441,in_progress"
1594075722475,"SIM_TRACE_LOG:20,42,6.8278,0.7747,7.7740,-10.00,1.33,6,1.9197,False,True,22.0892,14,17.67,1594075722.250515,in_progress"
1594075722475,"SIM_TRACE_LOG:20,43,6.9420,0.7913,8.4125,-10.00,1.33,6,1.8841,False,True,22.5964,14,17.67,1594075722.3227293,in_progress"
1594075722475,"SIM_TRACE_LOG:20,44,7.1147,0.8147,7.8209,0.00,4.00,11,-0.0000,False,False,23.4416,15,17.67,1594075722.3885028,in_progress"
1594075722475,"SIM_TRACE_LOG:20,45,7.2541,0.8324,7.5155,-10.00,1.33,6,-0.1000,False,False,23.6823,15,17.67,1594075722.4539883,in_progress"
1594075723511,"SIM_TRACE_LOG:20,46,7.3877,0.8464,6.4259,-20.00,1.33,3,-0.1000,False,False,24.2001,16,17.67,1594075722.5219977,in_progress"
1594075723511,"SIM_TRACE_LOG:20,47,7.4890,0.8516,4.5580,-30.00,2.67,1,-0.0000,True,False,24.5681,16,17.67,1594075722.5872452,off_track"
1594075723511,"SIM_TRACE_LOG:21,1,3.9336,0.6835,0.0123,30.00,2.67,19,0.0002,False,True,0.7923,4,17.67,1594075722.923023,in_progress"
1594075723511,"SIM_TRACE_LOG:21,2,3.9354,0.6834,-0.0344,-10.00,1.33,6,2.3674,False,True,0.8024,4,17.67,1594075722.9943168,in_progress"
1594075723511,"SIM_TRACE_LOG:21,3,3.9503,0.6808,-1.1179,-20.00,4.00,5,0.0002,False,True,0.8867,4,17.67,1594075723.0548713,in_progress"
1594075723511,"SIM_TRACE_LOG:21,4,3.9747,0.6758,-2.8150,30.00,1.33,18,1.4998,False,True,1.0247,4,17.67,1594075723.127898,in_progress"
1594075723511,"SIM_TRACE_LOG:21,5,4.0161,0.6665,-5.6562,10.00,1.33,12,1.9435,False,True,1.2590,4,17.67,1594075723.1932104,in_progress"
1594075723511,"SIM_TRACE_LOG:21,6,4.0678,0.6539,-8.2535,0.00,1.33,9,1.9971,False,True,1.5515,4,17.67,1594075723.2617261,in_progress"
1594075723511,"SIM_TRACE_LOG:21,7,4.1410,0.6337,-11.3441,10.00,2.67,13,0.0002,False,True,1.9660,4,17.67,1594075723.3236992,in_progress"
1594075723511,"SIM_TRACE_LOG:21,8,4.2028,0.6154,-13.2521,30.00,4.00,20,0.0001,False,True,2.3157,4,17.67,1594075723.3937619,in_progress"
1594075723511,"SIM_TRACE_LOG:21,9,4.2974,0.5891,-14.3288,30.00,1.33,18,1.4707,False,True,2.8508,4,17.67,1594075723.456241,in_progress"
1594075724724,"SIM_TRACE_LOG:21,10,4.3966,0.5672,-13.6276,10.00,4.00,14,0.0002,False,True,3.4124,5,17.67,1594075723.5243084,in_progress"
1594075724724,"SIM_TRACE_LOG:21,11,4.4831,0.5507,-12.2740,0.00,4.00,11,0.0002,False,True,3.9018,5,17.67,1594075723.589905,in_progress"
1594075724724,"SIM_TRACE_LOG:21,12,4.6089,0.5298,-10.5712,0.00,4.00,11,0.0002,False,True,4.6134,6,17.67,1594075723.6573036,in_progress"
1594075724724,"SIM_TRACE_LOG:21,13,4.7613,0.5069,-9.1241,30.00,1.33,18,1.4011,False,True,5.4755,6,17.67,1594075723.7254658,in_progress"
1594075724724,"SIM_TRACE_LOG:21,14,4.8818,0.4951,-7.0268,0.00,2.67,10,0.0002,False,True,6.1576,6,17.67,1594075723.7940803,in_progress"
1594075724724,"SIM_TRACE_LOG:21,15,5.0395,0.4902,-3.3071,30.00,4.00,20,0.0001,False,True,7.0500,7,17.67,1594075723.855037,in_progress"
1594075724724,"SIM_TRACE_LOG:21,16,5.1797,0.4942,0.1109,0.00,1.33,9,1.8871,False,True,7.8434,7,17.67,1594075723.9225438,in_progress"
1594075724724,"SIM_TRACE_LOG:21,17,5.3162,0.5104,6.2124,30.00,1.33,18,1.4046,False,True,8.6158,7,17.67,1594075723.991816,in_progress"
1594075724724,"SIM_TRACE_LOG:21,18,5.4612,0.5411,13.4328,20.00,4.00,17,0.0002,False,True,9.4364,8,17.67,1594075724.0569937,in_progress"
1594075724724,"SIM_TRACE_LOG:21,19,5.5635,0.5724,17.8196,0.00,1.33,9,2.2758,False,True,10.0152,8,17.67,1594075724.1280997,in_progress"
1594075724724,"SIM_TRACE_LOG:21,20,5.7046,0.6334,26.0696,-20.00,1.33,3,2.0981,False,True,10.8139,9,17.67,1594075724.1965275,in_progress"
1594075724724,"SIM_TRACE_LOG:21,21,5.8243,0.7011,31.5057,-30.00,1.33,0,1.4991,False,True,11.4928,9,17.67,1594075724.2586455,in_progress"
1594075724724,"SIM_TRACE_LOG:21,22,5.8895,0.7403,32.7877,-10.00,2.67,7,0.0002,False,True,11.8650,9,17.67,1594075724.327216,in_progress"
1594075724724,"SIM_TRACE_LOG:21,23,5.9832,0.7981,32.4673,-10.00,1.33,6,1.9043,False,True,12.4004,9,17.67,1594075724.3938751,in_progress"
1594075724724,"SIM_TRACE_LOG:21,24,6.0552,0.8409,31.4917,-10.00,1.33,6,1.8696,False,True,12.8113,10,17.67,1594075724.4621391,in_progress"
1594075724724,"SIM_TRACE_LOG:21,25,6.1607,0.9003,30.2077,-30.00,1.33,0,1.3622,False,True,13.4140,10,17.67,1594075724.5231698,in_progress"
1594075724724,"SIM_TRACE_LOG:21,26,6.2154,0.9283,29.2095,-10.00,1.33,6,-0.1000,False,False,13.7255,10,17.67,1594075724.5933604,in_progress"
1594075724724,"SIM_TRACE_LOG:21,27,6.3363,0.9823,25.9945,30.00,1.33,18,-0.1000,False,False,14.5795,10,17.67,1594075724.658857,in_progress"
1594075725761,"SIM_TRACE_LOG:21,28,6.4167,1.0150,24.2338,20.00,1.33,15,-0.1000,False,False,15.0526,11,17.67,1594075724.727877,in_progress"
1594075725761,"SIM_TRACE_LOG:21,29,6.5186,1.0573,23.3451,30.00,1.33,18,-0.1000,False,False,16.1544,13,17.67,1594075724.7930698,in_progress"
1594075725761,"SIM_TRACE_LOG:21,30,6.5979,1.0939,23.9505,30.00,2.67,19,-0.0000,False,False,16.9385,13,17.67,1594075724.8606346,in_progress"
1594075725761,"SIM_TRACE_LOG:21,31,6.6830,1.1401,26.4178,0.00,1.33,9,-0.1000,False,False,17.6875,14,17.67,1594075724.9312856,in_progress"
1594075725761,"SIM_TRACE_LOG:21,32,6.7791,1.1999,30.1372,20.00,1.33,15,-0.1000,False,False,18.3236,15,17.67,1594075724.99414,in_progress"
1594075725761,"SIM_TRACE_LOG:21,33,6.8426,1.2452,32.3768,30.00,2.67,19,-0.0000,False,False,19.1509,15,17.67,1594075725.0615697,in_progress"
1594075725761,"SIM_TRACE_LOG:21,34,6.9331,1.3205,36.9864,-30.00,1.33,0,-0.1000,False,False,19.9883,16,17.67,1594075725.1337063,in_progress"
1594075725761,"SIM_TRACE_LOG:21,35,7.0164,1.4044,42.8446,30.00,2.67,19,-0.0000,False,False,20.9278,17,17.67,1594075725.1930492,in_progress"
1594075725761,"SIM_TRACE_LOG:21,36,7.0733,1.4725,46.4738,30.00,4.00,20,0.0001,False,True,21.3749,17,17.67,1594075725.2603078,in_progress"
1594075725761,"SIM_TRACE_LOG:21,37,7.1345,1.5623,51.8533,-20.00,1.33,3,1.7464,False,True,21.9476,18,17.67,1594075725.325404,in_progress"
1594075725761,"SIM_TRACE_LOG:21,38,7.1922,1.6671,59.2463,20.00,1.33,15,1.7638,False,True,22.5981,18,17.67,1594075725.3938859,in_progress"
1594075725761,"SIM_TRACE_LOG:21,39,7.2351,1.7654,64.9856,30.00,4.00,20,0.0001,False,True,23.2875,18,17.67,1594075725.4628549,in_progress"
1594075725761,"SIM_TRACE_LOG:21,40,7.2699,1.8882,71.0644,10.00,2.67,13,0.0002,False,True,23.9355,20,17.67,1594075725.5277524,in_progress"
1594075725761,"SIM_TRACE_LOG:21,41,7.2874,2.0027,77.3425,-20.00,2.67,4,0.0002,False,True,24.5093,20,17.67,1594075725.5947025,in_progress"
1594075725761,"SIM_TRACE_LOG:21,42,7.2943,2.1261,83.6851,-30.00,1.33,0,1.4546,False,True,25.1515,21,17.67,1594075725.6587317,in_progress"
1594075725761,"SIM_TRACE_LOG:21,43,7.2969,2.2809,90.0517,0.00,1.33,9,1.9033,False,True,25.9685,21,17.67,1594075725.7282555,in_progress"
1594075726806,"SIM_TRACE_LOG:21,44,7.2918,2.4149,94.4154,30.00,1.33,18,1.3522,False,True,26.4535,21,17.67,1594075725.7972999,in_progress"
1594075726806,"SIM_TRACE_LOG:21,45,7.2779,2.5189,97.3787,-30.00,2.67,1,-0.0000,False,False,26.8128,21,17.67,1594075725.8593583,in_progress"
1594075726806,"SIM_TRACE_LOG:21,46,7.2553,2.6262,99.8854,20.00,1.33,15,-0.1000,False,False,27.3021,22,17.67,1594075725.9315326,in_progress"
1594075726806,"SIM_TRACE_LOG:21,47,7.2231,2.7633,102.1272,-20.00,1.33,3,-0.1000,False,False,27.5875,22,17.67,1594075725.9971108,in_progress"
1594075726806,"SIM_TRACE_LOG:21,48,7.1997,2.8493,103.6432,30.00,2.67,19,-0.0000,True,False,27.9955,22,17.67,1594075726.0638425,off_track"
1594075726806,"SIM_TRACE_LOG:22,1,4.8172,0.6839,0.0409,-20.00,1.33,3,2.3668,False,True,0.7923,6,17.67,1594075726.4637125,in_progress"
1594075726806,"SIM_TRACE_LOG:22,2,4.8192,0.6843,0.1888,-10.00,1.33,6,2.3674,False,True,0.8037,6,17.67,1594075726.528417,in_progress"
1594075726806,"SIM_TRACE_LOG:22,3,4.8350,0.6869,1.1522,-10.00,1.33,6,2.2889,False,True,0.8931,6,17.67,1594075726.5957596,in_progress"
1594075726806,"SIM_TRACE_LOG:22,4,4.8674,0.6920,2.7557,-10.00,1.33,6,1.9442,False,True,1.0762,6,17.67,1594075726.6680908,in_progress"
1594075726806,"SIM_TRACE_LOG:22,5,4.9120,0.6992,4.5000,-10.00,1.33,6,1.9437,False,True,1.3291,6,17.67,1594075726.734657,in_progress"
1594075726806,"SIM_TRACE_LOG:22,6,4.9759,0.7101,6.4125,-20.00,1.33,3,1.7755,False,True,1.6904,7,17.67,1594075726.7958167,in_progress"
1594075727837,"SIM_TRACE_LOG:22,7,5.0443,0.7212,7.4691,-20.00,1.33,3,1.7732,False,True,2.0776,7,17.67,1594075726.863853,in_progress"
1594075727837,"SIM_TRACE_LOG:22,8,5.1397,0.7354,7.9147,-20.00,1.33,3,1.7690,False,True,2.6175,7,17.67,1594075726.9335635,in_progress"
1594075727837,"SIM_TRACE_LOG:22,9,5.2307,0.7461,7.4547,-20.00,1.33,3,1.7650,False,True,3.1322,7,17.67,1594075726.9988968,in_progress"
1594075727837,"SIM_TRACE_LOG:22,10,5.3192,0.7531,6.1940,-20.00,1.33,3,1.7621,False,True,3.6333,7,17.67,1594075727.0643036,in_progress"
1594075727837,"SIM_TRACE_LOG:22,11,5.4189,0.7558,3.9264,20.00,1.33,15,1.7608,False,True,4.1972,8,17.67,1594075727.127726,in_progress"
1594075727837,"SIM_TRACE_LOG:22,12,5.5036,0.7558,2.1812,0.00,1.33,9,1.9830,False,True,4.6767,8,17.67,1594075727.1946523,in_progress"
1594075727837,"SIM_TRACE_LOG:22,13,5.5868,0.7553,1.0193,-20.00,2.67,4,0.0002,False,True,5.1477,8,17.67,1594075727.2654052,in_progress"
1594075727837,"SIM_TRACE_LOG:22,14,5.7070,0.7491,-1.5209,-10.00,1.33,6,1.9305,False,True,5.8276,9,17.67,1594075727.333338,in_progress"
1594075727837,"SIM_TRACE_LOG:22,15,5.8008,0.7386,-4.0061,-10.00,1.33,6,1.9348,False,True,6.3631,9,17.67,1594075727.3974931,in_progress"
1594075727837,"SIM_TRACE_LOG:22,16,5.8933,0.7235,-6.6703,-10.00,1.33,6,1.9398,False,True,6.8853,9,17.67,1594075727.4646802,in_progress"
1594075727837,"SIM_TRACE_LOG:22,17,6.0008,0.7003,-9.7599,0.00,2.67,10,0.0002,False,True,7.4914,9,17.67,1594075727.5294914,in_progress"
1594075727837,"SIM_TRACE_LOG:22,18,6.0879,0.6790,-11.6681,20.00,4.00,17,0.0002,False,True,7.9826,10,17.67,1594075727.598557,in_progress"
1594075727837,"SIM_TRACE_LOG:22,19,6.1971,0.6539,-12.2616,20.00,1.33,15,1.7733,False,True,8.5982,10,17.67,1594075727.6651225,in_progress"
1594075727837,"SIM_TRACE_LOG:22,20,6.3314,0.6301,-11.0934,0.00,1.33,9,1.9853,False,True,9.3184,10,17.67,1594075727.736432,in_progress"
1594075727837,"SIM_TRACE_LOG:22,21,6.4198,0.6156,-10.2518,10.00,1.33,12,1.9169,False,True,9.8057,11,17.67,1594075727.8017483,in_progress"
1594075728883,"SIM_TRACE_LOG:22,22,6.5463,0.5990,-8.4942,0.00,4.00,11,0.0002,False,True,10.4036,12,17.67,1594075727.8675592,in_progress"
1594075728883,"SIM_TRACE_LOG:22,23,6.6478,0.5881,-7.3656,20.00,1.33,15,2.0101,False,True,10.8184,12,17.67,1594075727.9388082,in_progress"
1594075728883,"SIM_TRACE_LOG:22,24,6.7434,0.5821,-6.0691,20.00,4.00,17,-0.0000,False,False,11.3059,13,17.67,1594075728.0053308,in_progress"
1594075728883,"SIM_TRACE_LOG:22,25,6.8597,0.5806,-2.7971,-30.00,2.67,1,-0.0000,False,False,11.6624,13,17.67,1594075728.0679317,in_progress"
1594075728883,"SIM_TRACE_LOG:22,26,6.9728,0.5834,-0.4017,-10.00,2.67,7,-0.0000,False,False,12.2144,14,17.67,1594075728.1337774,in_progress"
1594075728883,"SIM_TRACE_LOG:22,27,7.0944,0.5878,1.1452,-10.00,2.67,7,-0.0000,False,False,12.5490,14,17.67,1594075728.200222,in_progress"
1594075728883,"SIM_TRACE_LOG:22,28,7.2539,0.5957,2.3273,10.00,1.33,12,-0.1000,True,False,13.2812,15,17.67,1594075728.2706523,off_track"
1594075728883,"SIM_TRACE_LOG:23,1,5.7008,0.6842,-0.0023,30.00,1.33,18,2.0890,False,True,0.7923,9,17.67,1594075728.6219268,in_progress"
1594075728883,"SIM_TRACE_LOG:23,2,5.7009,0.6842,-0.0206,30.00,1.33,18,1.9224,False,True,0.7933,9,17.67,1594075728.7072794,in_progress"
1594075728883,"SIM_TRACE_LOG:23,3,5.7009,0.6842,-0.0206,30.00,1.33,18,1.8391,False,True,0.7933,9,17.67,1594075728.7738569,in_progress"
1594075728883,"SIM_TRACE_LOG:23,4,5.7448,0.6837,-0.1969,20.00,1.33,15,1.7778,False,True,1.0415,9,17.67,1594075728.8164585,in_progress"
1594075728883,"SIM_TRACE_LOG:23,5,5.7703,0.6839,-0.0812,-10.00,1.33,6,1.9444,False,True,1.1860,9,17.67,1594075728.8718069,in_progress"
1594075730012,"SIM_TRACE_LOG:23,6,5.8181,0.6851,0.3055,10.00,1.33,12,1.9444,False,True,1.4563,9,17.67,1594075728.9385974,in_progress"
1594075730012,"SIM_TRACE_LOG:23,7,5.8752,0.6869,0.7972,-10.00,1.33,6,1.9444,False,True,1.7795,9,17.67,1594075729.0061207,in_progress"